[2022-12-11 19:23:59] [INFO   ] cannot read configuration file config.properties trying from resources.
[2022-12-11 19:23:59] [INFO   ] configuration file was loaded from resources directory.
[2022-12-11 19:24:00] [INFO   ] Thread dealer starting.
[2022-12-11 19:24:00] [SEVERE ] placing card 38 in slot 0
[2022-12-11 19:24:00] [SEVERE ] placing card 26 in slot 1
[2022-12-11 19:24:01] [SEVERE ] placing card 10 in slot 2
[2022-12-11 19:24:01] [SEVERE ] placing card 72 in slot 3
[2022-12-11 19:24:01] [SEVERE ] placing card 66 in slot 4
[2022-12-11 19:24:01] [SEVERE ] placing card 25 in slot 5
[2022-12-11 19:24:01] [SEVERE ] placing card 32 in slot 6
[2022-12-11 19:24:01] [SEVERE ] placing card 41 in slot 7
[2022-12-11 19:24:01] [SEVERE ] placing card 27 in slot 8
[2022-12-11 19:24:01] [SEVERE ] placing card 63 in slot 9
[2022-12-11 19:24:01] [SEVERE ] placing card 28 in slot 10
[2022-12-11 19:24:01] [SEVERE ] placing card 48 in slot 11
[2022-12-11 19:24:01] [INFO   ] Thread Thread-0starting.
[2022-12-11 19:24:01] [INFO   ] Thread Thread-1starting.
[2022-12-11 19:24:06] [SEVERE ] Key 81 was pressed by player 0
[2022-12-11 19:24:06] [SEVERE ] player 0 placing token on slot 0
[2022-12-11 19:24:06] [SEVERE ] Key 87 was pressed by player 0
[2022-12-11 19:24:06] [SEVERE ] player 0 placing token on slot 1
[2022-12-11 19:24:07] [SEVERE ] Key 69 was pressed by player 0
[2022-12-11 19:24:07] [SEVERE ] player 0 placing token on slot 2
[2022-12-11 19:24:07] [SEVERE ] removing all tokens
[2022-12-11 19:24:07] [INFO   ] Thread Thread-0 terminated.
[2022-12-11 19:24:07] [SEVERE ] removing tokens from slot 0
[2022-12-11 19:24:07] [SEVERE ] removing tokens from slot 1
[2022-12-11 19:24:07] [SEVERE ] removing tokens from slot 2
[2022-12-11 19:24:07] [SEVERE ] removing tokens from slot 3
[2022-12-11 19:24:07] [SEVERE ] removing tokens from slot 4
[2022-12-11 19:24:07] [SEVERE ] removing tokens from slot 5
[2022-12-11 19:24:07] [SEVERE ] removing tokens from slot 6
[2022-12-11 19:24:07] [SEVERE ] removing tokens from slot 7
[2022-12-11 19:24:07] [SEVERE ] removing tokens from slot 8
[2022-12-11 19:24:07] [SEVERE ] removing tokens from slot 9
[2022-12-11 19:24:07] [SEVERE ] removing tokens from slot 10
[2022-12-11 19:24:07] [SEVERE ] removing tokens from slot 11
[2022-12-11 19:24:07] [SEVERE ] removing card from slot 0
[2022-12-11 19:24:07] [SEVERE ] removing card from slot 1
[2022-12-11 19:24:07] [SEVERE ] removing card from slot 2
[2022-12-11 19:24:07] [SEVERE ] setting player 0 score to 1
[2022-12-11 19:24:07] [SEVERE ] placing card 18 in slot 0
[2022-12-11 19:24:07] [SEVERE ] placing card 42 in slot 1
[2022-12-11 19:24:07] [SEVERE ] placing card 62 in slot 2
