[2022-12-11 16:37:06] [INFO   ] cannot read configuration file config.properties trying from resources.
[2022-12-11 16:37:06] [INFO   ] configuration file was loaded from resources directory.
[2022-12-11 16:37:07] [INFO   ] Thread dealer starting.
[2022-12-11 16:37:08] [SEVERE ] placing card 12 in slot 0
[2022-12-11 16:37:08] [SEVERE ] placing card 53 in slot 1
[2022-12-11 16:37:08] [SEVERE ] placing card 43 in slot 2
[2022-12-11 16:37:08] [SEVERE ] placing card 75 in slot 3
[2022-12-11 16:37:08] [SEVERE ] placing card 31 in slot 4
[2022-12-11 16:37:08] [SEVERE ] placing card 39 in slot 5
[2022-12-11 16:37:08] [SEVERE ] placing card 35 in slot 6
[2022-12-11 16:37:08] [SEVERE ] placing card 1 in slot 7
[2022-12-11 16:37:08] [SEVERE ] Key 81 was pressed by player 0
[2022-12-11 16:37:08] [SEVERE ] player 0 placing token on slot 0
[2022-12-11 16:37:08] [SEVERE ] Key 87 was pressed by player 0
[2022-12-11 16:37:08] [SEVERE ] player 0 placing token on slot 1
[2022-12-11 16:37:08] [SEVERE ] placing card 47 in slot 8
[2022-12-11 16:37:08] [SEVERE ] Key 69 was pressed by player 0
[2022-12-11 16:37:08] [SEVERE ] player 0 placing token on slot 2
[2022-12-11 16:37:08] [SEVERE ] placing card 27 in slot 9
[2022-12-11 16:37:09] [SEVERE ] placing card 61 in slot 10
[2022-12-11 16:37:09] [SEVERE ] placing card 20 in slot 11
[2022-12-11 16:37:09] [INFO   ] Thread dealerstarting.
[2022-12-11 16:37:09] [INFO   ] Thread dealer terminated.
[2022-12-11 16:37:09] [SEVERE ] removing all tokens
[2022-12-11 16:37:09] [SEVERE ] removing tokens from slot 0
[2022-12-11 16:37:09] [SEVERE ] removing tokens from slot 1
[2022-12-11 16:37:09] [SEVERE ] removing tokens from slot 2
[2022-12-11 16:37:09] [SEVERE ] removing tokens from slot 3
[2022-12-11 16:37:09] [SEVERE ] removing tokens from slot 4
[2022-12-11 16:37:09] [SEVERE ] removing tokens from slot 5
[2022-12-11 16:37:09] [SEVERE ] removing tokens from slot 6
[2022-12-11 16:37:09] [SEVERE ] removing tokens from slot 7
[2022-12-11 16:37:09] [SEVERE ] removing tokens from slot 8
[2022-12-11 16:37:09] [SEVERE ] removing tokens from slot 9
[2022-12-11 16:37:09] [SEVERE ] removing tokens from slot 10
[2022-12-11 16:37:09] [SEVERE ] removing tokens from slot 11
[2022-12-11 16:37:09] [SEVERE ] removing card from slot 0
[2022-12-11 16:37:09] [SEVERE ] removing card from slot 1
[2022-12-11 16:37:09] [SEVERE ] Key 65 was pressed by player 0
[2022-12-11 16:37:09] [SEVERE ] player 0 placing token on slot 4
[2022-12-11 16:37:09] [SEVERE ] removing card from slot 2
[2022-12-11 16:37:09] [SEVERE ] setting player 0 score to 1
[2022-12-11 16:37:09] [SEVERE ] Key 83 was pressed by player 0
[2022-12-11 16:37:09] [SEVERE ] player 0 placing token on slot 5
[2022-12-11 16:37:09] [SEVERE ] placing card 58 in slot 0
[2022-12-11 16:37:09] [SEVERE ] Key 68 was pressed by player 0
[2022-12-11 16:37:09] [SEVERE ] player 0 placing token on slot 6
[2022-12-11 16:37:09] [SEVERE ] placing card 37 in slot 1
[2022-12-11 16:37:09] [SEVERE ] placing card 30 in slot 2
[2022-12-11 16:37:09] [INFO   ] Thread dealerstarting.
[2022-12-11 16:37:09] [INFO   ] Thread dealer terminated.
[2022-12-11 16:37:09] [SEVERE ] removing all tokens
[2022-12-11 16:37:09] [SEVERE ] removing tokens from slot 0
[2022-12-11 16:37:09] [SEVERE ] removing tokens from slot 1
[2022-12-11 16:37:09] [SEVERE ] removing tokens from slot 2
[2022-12-11 16:37:09] [SEVERE ] removing tokens from slot 3
[2022-12-11 16:37:09] [SEVERE ] removing tokens from slot 4
[2022-12-11 16:37:09] [SEVERE ] removing tokens from slot 5
[2022-12-11 16:37:09] [SEVERE ] removing tokens from slot 6
[2022-12-11 16:37:09] [SEVERE ] removing tokens from slot 7
[2022-12-11 16:37:09] [SEVERE ] removing tokens from slot 8
[2022-12-11 16:37:09] [SEVERE ] removing tokens from slot 9
[2022-12-11 16:37:09] [SEVERE ] removing tokens from slot 10
[2022-12-11 16:37:09] [SEVERE ] removing tokens from slot 11
[2022-12-11 16:37:09] [SEVERE ] removing card from slot 4
[2022-12-11 16:37:09] [SEVERE ] Key 81 was pressed by player 0
[2022-12-11 16:37:09] [SEVERE ] player 0 placing token on slot 0
[2022-12-11 16:37:09] [SEVERE ] Key 87 was pressed by player 0
[2022-12-11 16:37:09] [SEVERE ] player 0 placing token on slot 1
[2022-12-11 16:37:09] [SEVERE ] removing card from slot 5
[2022-12-11 16:37:10] [SEVERE ] Key 69 was pressed by player 0
[2022-12-11 16:37:10] [SEVERE ] player 0 placing token on slot 2
[2022-12-11 16:37:10] [SEVERE ] removing card from slot 6
[2022-12-11 16:37:10] [SEVERE ] setting player 0 score to 2
[2022-12-11 16:37:10] [SEVERE ] placing card 0 in slot 4
[2022-12-11 16:37:10] [SEVERE ] placing card 33 in slot 5
[2022-12-11 16:37:10] [SEVERE ] Key 87 was pressed by player 0
[2022-12-11 16:37:10] [SEVERE ] removing player 0 token from slot 1
[2022-12-11 16:37:10] [SEVERE ] Key 81 was pressed by player 0
[2022-12-11 16:37:10] [SEVERE ] removing player 0 token from slot 0
[2022-12-11 16:37:10] [SEVERE ] placing card 8 in slot 6
[2022-12-11 16:37:10] [INFO   ] Thread dealerstarting.
[2022-12-11 16:37:10] [SEVERE ] Key 69 was pressed by player 0
[2022-12-11 16:37:10] [SEVERE ] removing player 0 token from slot 2
[2022-12-11 16:37:10] [SEVERE ] Key 81 was pressed by player 0
[2022-12-11 16:37:10] [SEVERE ] player 0 placing token on slot 0
[2022-12-11 16:37:10] [SEVERE ] Key 87 was pressed by player 0
[2022-12-11 16:37:10] [SEVERE ] player 0 placing token on slot 1
[2022-12-11 16:37:10] [SEVERE ] Key 69 was pressed by player 0
[2022-12-11 16:37:10] [SEVERE ] player 0 placing token on slot 2
[2022-12-11 16:37:10] [INFO   ] Thread dealer terminated.
[2022-12-11 16:37:10] [SEVERE ] removing all tokens
[2022-12-11 16:37:10] [SEVERE ] removing tokens from slot 0
[2022-12-11 16:37:10] [SEVERE ] removing tokens from slot 1
[2022-12-11 16:37:10] [SEVERE ] removing tokens from slot 2
[2022-12-11 16:37:10] [SEVERE ] removing tokens from slot 3
[2022-12-11 16:37:10] [SEVERE ] removing tokens from slot 4
[2022-12-11 16:37:10] [SEVERE ] removing tokens from slot 5
[2022-12-11 16:37:10] [SEVERE ] removing tokens from slot 6
[2022-12-11 16:37:10] [SEVERE ] removing tokens from slot 7
[2022-12-11 16:37:10] [SEVERE ] removing tokens from slot 8
[2022-12-11 16:37:10] [SEVERE ] removing tokens from slot 9
[2022-12-11 16:37:10] [SEVERE ] removing tokens from slot 10
[2022-12-11 16:37:10] [SEVERE ] removing tokens from slot 11
[2022-12-11 16:37:10] [SEVERE ] removing card from slot 0
[2022-12-11 16:37:10] [SEVERE ] removing card from slot 1
[2022-12-11 16:37:10] [SEVERE ] Key 81 was pressed by player 0
[2022-12-11 16:37:10] [SEVERE ] Key 87 was pressed by player 0
[2022-12-11 16:37:10] [SEVERE ] removing card from slot 2
[2022-12-11 16:37:10] [SEVERE ] setting player 0 score to 3
[2022-12-11 16:37:10] [SEVERE ] placing card 66 in slot 0
[2022-12-11 16:37:10] [SEVERE ] Key 65 was pressed by player 0
[2022-12-11 16:37:10] [SEVERE ] player 0 placing token on slot 4
[2022-12-11 16:37:10] [SEVERE ] Key 83 was pressed by player 0
[2022-12-11 16:37:10] [SEVERE ] player 0 placing token on slot 5
[2022-12-11 16:37:10] [SEVERE ] placing card 4 in slot 1
[2022-12-11 16:37:11] [SEVERE ] Key 68 was pressed by player 0
[2022-12-11 16:37:11] [SEVERE ] player 0 placing token on slot 6
[2022-12-11 16:37:11] [SEVERE ] placing card 32 in slot 2
[2022-12-11 16:37:11] [INFO   ] Thread dealerstarting.
[2022-12-11 16:37:11] [INFO   ] Thread dealer terminated.
[2022-12-11 16:37:11] [SEVERE ] removing all tokens
[2022-12-11 16:37:11] [SEVERE ] removing tokens from slot 0
[2022-12-11 16:37:11] [SEVERE ] removing tokens from slot 1
[2022-12-11 16:37:11] [SEVERE ] removing tokens from slot 2
[2022-12-11 16:37:11] [SEVERE ] removing tokens from slot 3
[2022-12-11 16:37:11] [SEVERE ] removing tokens from slot 4
[2022-12-11 16:37:11] [SEVERE ] removing tokens from slot 5
[2022-12-11 16:37:11] [SEVERE ] removing tokens from slot 6
[2022-12-11 16:37:11] [SEVERE ] removing tokens from slot 7
[2022-12-11 16:37:11] [SEVERE ] removing tokens from slot 8
[2022-12-11 16:37:11] [SEVERE ] removing tokens from slot 9
[2022-12-11 16:37:11] [SEVERE ] removing tokens from slot 10
[2022-12-11 16:37:11] [SEVERE ] removing tokens from slot 11
[2022-12-11 16:37:11] [SEVERE ] removing card from slot 4
[2022-12-11 16:37:11] [SEVERE ] Key 81 was pressed by player 0
[2022-12-11 16:37:11] [SEVERE ] player 0 placing token on slot 0
[2022-12-11 16:37:11] [SEVERE ] Key 87 was pressed by player 0
[2022-12-11 16:37:11] [SEVERE ] player 0 placing token on slot 1
[2022-12-11 16:37:11] [SEVERE ] removing card from slot 5
[2022-12-11 16:37:11] [SEVERE ] removing card from slot 6
[2022-12-11 16:37:11] [SEVERE ] setting player 0 score to 4
[2022-12-11 16:37:11] [SEVERE ] Key 68 was pressed by player 0
[2022-12-11 16:37:11] [SEVERE ] placing card 67 in slot 4
[2022-12-11 16:37:11] [SEVERE ] Key 87 was pressed by player 0
[2022-12-11 16:37:11] [SEVERE ] removing player 0 token from slot 1
[2022-12-11 16:37:11] [SEVERE ] Key 69 was pressed by player 0
[2022-12-11 16:37:11] [SEVERE ] player 0 placing token on slot 2
[2022-12-11 16:37:11] [SEVERE ] Key 65 was pressed by player 0
[2022-12-11 16:37:11] [SEVERE ] placing card 49 in slot 5
[2022-12-11 16:37:11] [SEVERE ] player 0 placing token on slot 4
[2022-12-11 16:37:11] [SEVERE ] placing card 76 in slot 6
[2022-12-11 16:37:11] [INFO   ] Thread dealerstarting.
[2022-12-11 16:37:11] [INFO   ] Thread dealer terminated.
[2022-12-11 16:37:11] [SEVERE ] removing all tokens
[2022-12-11 16:37:11] [SEVERE ] removing tokens from slot 0
[2022-12-11 16:37:11] [SEVERE ] removing tokens from slot 1
[2022-12-11 16:37:11] [SEVERE ] removing tokens from slot 2
[2022-12-11 16:37:11] [SEVERE ] removing tokens from slot 3
[2022-12-11 16:37:11] [SEVERE ] removing tokens from slot 4
[2022-12-11 16:37:11] [SEVERE ] removing tokens from slot 5
[2022-12-11 16:37:11] [SEVERE ] removing tokens from slot 6
[2022-12-11 16:37:11] [SEVERE ] removing tokens from slot 7
[2022-12-11 16:37:11] [SEVERE ] removing tokens from slot 8
[2022-12-11 16:37:11] [SEVERE ] removing tokens from slot 9
[2022-12-11 16:37:11] [SEVERE ] removing tokens from slot 10
[2022-12-11 16:37:11] [SEVERE ] removing tokens from slot 11
[2022-12-11 16:37:11] [SEVERE ] removing card from slot 0
[2022-12-11 16:37:11] [SEVERE ] removing card from slot 2
[2022-12-11 16:37:11] [SEVERE ] removing card from slot 4
[2022-12-11 16:37:11] [SEVERE ] setting player 0 score to 5
[2022-12-11 16:37:11] [SEVERE ] Key 68 was pressed by player 0
[2022-12-11 16:37:11] [SEVERE ] player 0 placing token on slot 6
[2022-12-11 16:37:12] [SEVERE ] placing card 64 in slot 0
[2022-12-11 16:37:12] [SEVERE ] placing card 44 in slot 2
[2022-12-11 16:37:12] [SEVERE ] placing card 54 in slot 4
[2022-12-11 16:37:12] [INFO   ] Thread dealerstarting.
[2022-12-11 16:37:13] [SEVERE ] Key 65 was pressed by player 0
[2022-12-11 16:37:13] [SEVERE ] player 0 placing token on slot 4
[2022-12-11 16:37:13] [SEVERE ] Key 83 was pressed by player 0
[2022-12-11 16:37:13] [SEVERE ] player 0 placing token on slot 5
[2022-12-11 16:37:13] [INFO   ] Thread dealer terminated.
[2022-12-11 16:37:13] [SEVERE ] removing all tokens
[2022-12-11 16:37:13] [SEVERE ] removing tokens from slot 0
[2022-12-11 16:37:13] [SEVERE ] removing tokens from slot 1
[2022-12-11 16:37:13] [SEVERE ] removing tokens from slot 2
[2022-12-11 16:37:13] [SEVERE ] removing tokens from slot 3
[2022-12-11 16:37:13] [SEVERE ] removing tokens from slot 4
[2022-12-11 16:37:13] [SEVERE ] removing tokens from slot 5
[2022-12-11 16:37:13] [SEVERE ] removing tokens from slot 6
[2022-12-11 16:37:13] [SEVERE ] removing tokens from slot 7
[2022-12-11 16:37:13] [SEVERE ] removing tokens from slot 8
[2022-12-11 16:37:13] [SEVERE ] removing tokens from slot 9
[2022-12-11 16:37:13] [SEVERE ] removing tokens from slot 10
[2022-12-11 16:37:13] [SEVERE ] removing tokens from slot 11
[2022-12-11 16:37:13] [SEVERE ] removing card from slot 6
[2022-12-11 16:37:13] [SEVERE ] Key 68 was pressed by player 0
[2022-12-11 16:37:13] [SEVERE ] removing card from slot 4
[2022-12-11 16:37:13] [SEVERE ] Key 70 was pressed by player 0
[2022-12-11 16:37:13] [SEVERE ] player 0 placing token on slot 7
[2022-12-11 16:37:13] [SEVERE ] removing card from slot 5
[2022-12-11 16:37:13] [SEVERE ] setting player 0 score to 6
[2022-12-11 16:37:13] [SEVERE ] placing card 78 in slot 4
[2022-12-11 16:37:13] [SEVERE ] placing card 46 in slot 5
[2022-12-11 16:37:13] [SEVERE ] placing card 18 in slot 6
[2022-12-11 16:37:13] [INFO   ] Thread dealerstarting.
[2022-12-11 16:37:13] [SEVERE ] Key 65 was pressed by player 0
[2022-12-11 16:37:13] [SEVERE ] player 0 placing token on slot 4
[2022-12-11 16:37:13] [SEVERE ] Key 83 was pressed by player 0
[2022-12-11 16:37:13] [SEVERE ] player 0 placing token on slot 5
[2022-12-11 16:37:13] [INFO   ] Thread dealer terminated.
[2022-12-11 16:37:13] [SEVERE ] removing all tokens
[2022-12-11 16:37:13] [SEVERE ] removing tokens from slot 0
[2022-12-11 16:37:13] [SEVERE ] removing tokens from slot 1
[2022-12-11 16:37:13] [SEVERE ] removing tokens from slot 2
[2022-12-11 16:37:13] [SEVERE ] removing tokens from slot 3
[2022-12-11 16:37:13] [SEVERE ] removing tokens from slot 4
[2022-12-11 16:37:13] [SEVERE ] removing tokens from slot 5
[2022-12-11 16:37:13] [SEVERE ] removing tokens from slot 6
[2022-12-11 16:37:13] [SEVERE ] removing tokens from slot 7
[2022-12-11 16:37:13] [SEVERE ] removing tokens from slot 8
[2022-12-11 16:37:13] [SEVERE ] removing tokens from slot 9
[2022-12-11 16:37:13] [SEVERE ] removing tokens from slot 10
[2022-12-11 16:37:13] [SEVERE ] removing tokens from slot 11
[2022-12-11 16:37:13] [SEVERE ] removing card from slot 7
[2022-12-11 16:37:14] [SEVERE ] removing card from slot 4
[2022-12-11 16:37:14] [SEVERE ] Key 68 was pressed by player 0
[2022-12-11 16:37:14] [SEVERE ] player 0 placing token on slot 6
[2022-12-11 16:37:14] [SEVERE ] removing card from slot 5
[2022-12-11 16:37:14] [SEVERE ] setting player 0 score to 7
[2022-12-11 16:37:14] [SEVERE ] placing card 19 in slot 4
[2022-12-11 16:37:14] [SEVERE ] placing card 60 in slot 5
[2022-12-11 16:37:14] [SEVERE ] placing card 70 in slot 7
[2022-12-11 16:37:14] [INFO   ] Thread dealerstarting.
[2022-12-11 16:37:14] [SEVERE ] Key 65 was pressed by player 0
[2022-12-11 16:37:14] [SEVERE ] player 0 placing token on slot 4
[2022-12-11 16:37:14] [SEVERE ] Key 83 was pressed by player 0
[2022-12-11 16:37:14] [SEVERE ] player 0 placing token on slot 5
[2022-12-11 16:37:14] [INFO   ] Thread dealer terminated.
[2022-12-11 16:37:14] [SEVERE ] removing all tokens
[2022-12-11 16:37:14] [SEVERE ] removing tokens from slot 0
[2022-12-11 16:37:14] [SEVERE ] removing tokens from slot 1
[2022-12-11 16:37:14] [SEVERE ] removing tokens from slot 2
[2022-12-11 16:37:14] [SEVERE ] removing tokens from slot 3
[2022-12-11 16:37:14] [SEVERE ] removing tokens from slot 4
[2022-12-11 16:37:14] [SEVERE ] removing tokens from slot 5
[2022-12-11 16:37:14] [SEVERE ] removing tokens from slot 6
[2022-12-11 16:37:14] [SEVERE ] removing tokens from slot 7
[2022-12-11 16:37:14] [SEVERE ] removing tokens from slot 8
[2022-12-11 16:37:14] [SEVERE ] removing tokens from slot 9
[2022-12-11 16:37:14] [SEVERE ] removing tokens from slot 10
[2022-12-11 16:37:14] [SEVERE ] removing tokens from slot 11
[2022-12-11 16:37:14] [SEVERE ] removing card from slot 6
[2022-12-11 16:37:14] [SEVERE ] removing card from slot 4
[2022-12-11 16:37:14] [SEVERE ] Key 70 was pressed by player 0
[2022-12-11 16:37:14] [SEVERE ] player 0 placing token on slot 7
[2022-12-11 16:37:14] [SEVERE ] Key 68 was pressed by player 0
[2022-12-11 16:37:14] [SEVERE ] removing card from slot 5
[2022-12-11 16:37:14] [SEVERE ] setting player 0 score to 8
[2022-12-11 16:37:15] [SEVERE ] placing card 62 in slot 4
[2022-12-11 16:37:15] [SEVERE ] placing card 55 in slot 5
[2022-12-11 16:37:15] [SEVERE ] placing card 45 in slot 6
[2022-12-11 16:37:15] [INFO   ] Thread dealerstarting.
[2022-12-11 16:37:19] [SEVERE ] Key 65 was pressed by player 0
[2022-12-11 16:37:19] [SEVERE ] player 0 placing token on slot 4
[2022-12-11 16:37:19] [SEVERE ] Key 83 was pressed by player 0
[2022-12-11 16:37:19] [SEVERE ] player 0 placing token on slot 5
[2022-12-11 16:37:19] [INFO   ] Thread dealer terminated.
[2022-12-11 16:37:19] [SEVERE ] removing all tokens
[2022-12-11 16:37:19] [SEVERE ] removing tokens from slot 0
[2022-12-11 16:37:19] [SEVERE ] removing tokens from slot 1
[2022-12-11 16:37:19] [SEVERE ] removing tokens from slot 2
[2022-12-11 16:37:19] [SEVERE ] removing tokens from slot 3
[2022-12-11 16:37:19] [SEVERE ] removing tokens from slot 4
[2022-12-11 16:37:19] [SEVERE ] removing tokens from slot 5
[2022-12-11 16:37:19] [SEVERE ] removing tokens from slot 6
[2022-12-11 16:37:19] [SEVERE ] removing tokens from slot 7
[2022-12-11 16:37:19] [SEVERE ] removing tokens from slot 8
[2022-12-11 16:37:19] [SEVERE ] removing tokens from slot 9
[2022-12-11 16:37:19] [SEVERE ] removing tokens from slot 10
[2022-12-11 16:37:19] [SEVERE ] removing tokens from slot 11
[2022-12-11 16:37:19] [SEVERE ] removing card from slot 7
[2022-12-11 16:37:19] [SEVERE ] Key 68 was pressed by player 0
[2022-12-11 16:37:19] [SEVERE ] player 0 placing token on slot 6
[2022-12-11 16:37:19] [SEVERE ] Key 70 was pressed by player 0
[2022-12-11 16:37:19] [SEVERE ] removing card from slot 4
[2022-12-11 16:37:20] [SEVERE ] removing card from slot 5
[2022-12-11 16:37:20] [SEVERE ] setting player 0 score to 9
[2022-12-11 16:37:20] [SEVERE ] placing card 50 in slot 4
[2022-12-11 16:37:20] [SEVERE ] Key 65 was pressed by player 0
[2022-12-11 16:37:20] [SEVERE ] player 0 placing token on slot 4
[2022-12-11 16:37:20] [SEVERE ] placing card 36 in slot 5
[2022-12-11 16:37:20] [SEVERE ] Key 83 was pressed by player 0
[2022-12-11 16:37:20] [SEVERE ] player 0 placing token on slot 5
[2022-12-11 16:37:20] [SEVERE ] placing card 9 in slot 7
[2022-12-11 16:37:20] [INFO   ] Thread dealerstarting.
[2022-12-11 16:37:20] [INFO   ] Thread dealer terminated.
[2022-12-11 16:37:20] [SEVERE ] removing all tokens
[2022-12-11 16:37:20] [SEVERE ] removing tokens from slot 0
[2022-12-11 16:37:20] [SEVERE ] removing tokens from slot 1
[2022-12-11 16:37:20] [SEVERE ] removing tokens from slot 2
[2022-12-11 16:37:20] [SEVERE ] removing tokens from slot 3
[2022-12-11 16:37:20] [SEVERE ] removing tokens from slot 4
[2022-12-11 16:37:20] [SEVERE ] removing tokens from slot 5
[2022-12-11 16:37:20] [SEVERE ] removing tokens from slot 6
[2022-12-11 16:37:20] [SEVERE ] removing tokens from slot 7
[2022-12-11 16:37:20] [SEVERE ] removing tokens from slot 8
[2022-12-11 16:37:20] [SEVERE ] removing tokens from slot 9
[2022-12-11 16:37:20] [SEVERE ] removing tokens from slot 10
[2022-12-11 16:37:20] [SEVERE ] removing tokens from slot 11
[2022-12-11 16:37:20] [SEVERE ] Key 68 was pressed by player 0
[2022-12-11 16:37:20] [SEVERE ] player 0 placing token on slot 6
[2022-12-11 16:37:20] [SEVERE ] Key 70 was pressed by player 0
[2022-12-11 16:37:20] [SEVERE ] player 0 placing token on slot 7
[2022-12-11 16:37:20] [SEVERE ] removing card from slot 6
[2022-12-11 16:37:20] [SEVERE ] removing card from slot 4
[2022-12-11 16:37:20] [SEVERE ] removing card from slot 5
[2022-12-11 16:37:20] [SEVERE ] setting player 0 score to 10
[2022-12-11 16:37:20] [SEVERE ] Key 65 was pressed by player 0
[2022-12-11 16:37:20] [SEVERE ] Key 83 was pressed by player 0
[2022-12-11 16:37:20] [SEVERE ] placing card 69 in slot 4
[2022-12-11 16:37:20] [SEVERE ] Key 68 was pressed by player 0
[2022-12-11 16:37:20] [SEVERE ] Key 70 was pressed by player 0
[2022-12-11 16:37:20] [SEVERE ] removing player 0 token from slot 7
[2022-12-11 16:37:20] [SEVERE ] placing card 77 in slot 5
[2022-12-11 16:37:20] [SEVERE ] placing card 48 in slot 6
[2022-12-11 16:37:20] [INFO   ] Thread dealerstarting.
[2022-12-11 16:37:21] [SEVERE ] Key 65 was pressed by player 0
[2022-12-11 16:37:21] [SEVERE ] player 0 placing token on slot 4
[2022-12-11 16:37:21] [SEVERE ] Key 83 was pressed by player 0
[2022-12-11 16:37:21] [SEVERE ] player 0 placing token on slot 5
[2022-12-11 16:37:21] [INFO   ] Thread dealer terminated.
[2022-12-11 16:37:21] [SEVERE ] removing all tokens
[2022-12-11 16:37:21] [SEVERE ] removing tokens from slot 0
[2022-12-11 16:37:21] [SEVERE ] removing tokens from slot 1
[2022-12-11 16:37:21] [SEVERE ] removing tokens from slot 2
[2022-12-11 16:37:21] [SEVERE ] removing tokens from slot 3
[2022-12-11 16:37:21] [SEVERE ] removing tokens from slot 4
[2022-12-11 16:37:21] [SEVERE ] removing tokens from slot 5
[2022-12-11 16:37:21] [SEVERE ] removing tokens from slot 6
[2022-12-11 16:37:21] [SEVERE ] removing tokens from slot 7
[2022-12-11 16:37:21] [SEVERE ] removing tokens from slot 8
[2022-12-11 16:37:21] [SEVERE ] removing tokens from slot 9
[2022-12-11 16:37:21] [SEVERE ] removing tokens from slot 10
[2022-12-11 16:37:21] [SEVERE ] removing tokens from slot 11
[2022-12-11 16:37:21] [SEVERE ] removing card from slot 6
[2022-12-11 16:37:21] [SEVERE ] Key 68 was pressed by player 0
[2022-12-11 16:37:21] [SEVERE ] Key 70 was pressed by player 0
[2022-12-11 16:37:21] [SEVERE ] player 0 placing token on slot 7
[2022-12-11 16:37:21] [SEVERE ] removing card from slot 4
[2022-12-11 16:37:21] [SEVERE ] removing card from slot 5
[2022-12-11 16:37:21] [SEVERE ] setting player 0 score to 11
[2022-12-11 16:37:21] [SEVERE ] placing card 57 in slot 4
[2022-12-11 16:37:21] [SEVERE ] Key 65 was pressed by player 0
[2022-12-11 16:37:21] [SEVERE ] player 0 placing token on slot 4
[2022-12-11 16:37:21] [SEVERE ] Key 83 was pressed by player 0
[2022-12-11 16:37:21] [SEVERE ] placing card 7 in slot 5
[2022-12-11 16:37:21] [SEVERE ] Key 68 was pressed by player 0
[2022-12-11 16:37:21] [SEVERE ] Key 70 was pressed by player 0
[2022-12-11 16:37:21] [SEVERE ] removing player 0 token from slot 7
[2022-12-11 16:37:21] [SEVERE ] placing card 42 in slot 6
[2022-12-11 16:37:21] [INFO   ] Thread dealerstarting.
[2022-12-11 16:37:21] [SEVERE ] Key 65 was pressed by player 0
[2022-12-11 16:37:21] [SEVERE ] removing player 0 token from slot 4
[2022-12-11 16:37:22] [SEVERE ] Key 83 was pressed by player 0
[2022-12-11 16:37:22] [SEVERE ] player 0 placing token on slot 5
[2022-12-11 16:37:22] [SEVERE ] Key 68 was pressed by player 0
[2022-12-11 16:37:22] [SEVERE ] player 0 placing token on slot 6
[2022-12-11 16:37:22] [SEVERE ] Key 70 was pressed by player 0
[2022-12-11 16:37:22] [SEVERE ] player 0 placing token on slot 7
[2022-12-11 16:37:22] [INFO   ] Thread dealer terminated.
[2022-12-11 16:37:22] [SEVERE ] removing all tokens
[2022-12-11 16:37:22] [SEVERE ] removing tokens from slot 0
[2022-12-11 16:37:22] [SEVERE ] removing tokens from slot 1
[2022-12-11 16:37:22] [SEVERE ] removing tokens from slot 2
[2022-12-11 16:37:22] [SEVERE ] removing tokens from slot 3
[2022-12-11 16:37:22] [SEVERE ] removing tokens from slot 4
[2022-12-11 16:37:22] [SEVERE ] removing tokens from slot 5
[2022-12-11 16:37:22] [SEVERE ] removing tokens from slot 6
[2022-12-11 16:37:22] [SEVERE ] removing tokens from slot 7
[2022-12-11 16:37:22] [SEVERE ] removing tokens from slot 8
[2022-12-11 16:37:22] [SEVERE ] removing tokens from slot 9
[2022-12-11 16:37:22] [SEVERE ] removing tokens from slot 10
[2022-12-11 16:37:22] [SEVERE ] removing tokens from slot 11
[2022-12-11 16:37:22] [SEVERE ] removing card from slot 5
[2022-12-11 16:37:22] [SEVERE ] removing card from slot 6
[2022-12-11 16:37:22] [SEVERE ] removing card from slot 7
[2022-12-11 16:37:22] [SEVERE ] setting player 0 score to 12
[2022-12-11 16:37:22] [SEVERE ] Key 65 was pressed by player 0
[2022-12-11 16:37:22] [SEVERE ] player 0 placing token on slot 4
[2022-12-11 16:37:22] [SEVERE ] Key 83 was pressed by player 0
[2022-12-11 16:37:22] [SEVERE ] placing card 2 in slot 5
[2022-12-11 16:37:22] [SEVERE ] Key 68 was pressed by player 0
[2022-12-11 16:37:22] [SEVERE ] Key 70 was pressed by player 0
[2022-12-11 16:37:22] [SEVERE ] placing card 68 in slot 6
[2022-12-11 16:37:22] [SEVERE ] placing card 28 in slot 7
[2022-12-11 16:37:22] [INFO   ] Thread dealerstarting.
[2022-12-11 16:37:22] [SEVERE ] Key 65 was pressed by player 0
[2022-12-11 16:37:22] [SEVERE ] removing player 0 token from slot 4
[2022-12-11 16:37:22] [SEVERE ] Key 83 was pressed by player 0
[2022-12-11 16:37:22] [SEVERE ] player 0 placing token on slot 5
[2022-12-11 16:37:22] [SEVERE ] Key 68 was pressed by player 0
[2022-12-11 16:37:22] [SEVERE ] player 0 placing token on slot 6
[2022-12-11 16:37:23] [SEVERE ] Key 70 was pressed by player 0
[2022-12-11 16:37:23] [SEVERE ] player 0 placing token on slot 7
[2022-12-11 16:37:23] [INFO   ] Thread dealer terminated.
[2022-12-11 16:37:23] [SEVERE ] removing all tokens
[2022-12-11 16:37:23] [SEVERE ] removing tokens from slot 0
[2022-12-11 16:37:23] [SEVERE ] removing tokens from slot 1
[2022-12-11 16:37:23] [SEVERE ] removing tokens from slot 2
[2022-12-11 16:37:23] [SEVERE ] removing tokens from slot 3
[2022-12-11 16:37:23] [SEVERE ] removing tokens from slot 4
[2022-12-11 16:37:23] [SEVERE ] removing tokens from slot 5
[2022-12-11 16:37:23] [SEVERE ] removing tokens from slot 6
[2022-12-11 16:37:23] [SEVERE ] removing tokens from slot 7
[2022-12-11 16:37:23] [SEVERE ] removing tokens from slot 8
[2022-12-11 16:37:23] [SEVERE ] removing tokens from slot 9
[2022-12-11 16:37:23] [SEVERE ] removing tokens from slot 10
[2022-12-11 16:37:23] [SEVERE ] removing tokens from slot 11
[2022-12-11 16:37:23] [SEVERE ] removing card from slot 5
[2022-12-11 16:37:23] [SEVERE ] removing card from slot 6
[2022-12-11 16:37:23] [SEVERE ] removing card from slot 7
[2022-12-11 16:37:23] [SEVERE ] setting player 0 score to 13
[2022-12-11 16:37:23] [SEVERE ] placing card 16 in slot 5
[2022-12-11 16:37:23] [SEVERE ] placing card 21 in slot 6
[2022-12-11 16:37:23] [SEVERE ] placing card 63 in slot 7
[2022-12-11 16:37:23] [INFO   ] Thread dealerstarting.
[2022-12-11 16:37:23] [SEVERE ] Key 65 was pressed by player 0
[2022-12-11 16:37:23] [SEVERE ] player 0 placing token on slot 4
[2022-12-11 16:37:23] [SEVERE ] Key 83 was pressed by player 0
[2022-12-11 16:37:23] [SEVERE ] player 0 placing token on slot 5
[2022-12-11 16:37:23] [SEVERE ] Key 68 was pressed by player 0
[2022-12-11 16:37:23] [SEVERE ] player 0 placing token on slot 6
[2022-12-11 16:37:23] [INFO   ] Thread dealer terminated.
[2022-12-11 16:37:23] [SEVERE ] removing all tokens
[2022-12-11 16:37:23] [SEVERE ] removing tokens from slot 0
[2022-12-11 16:37:23] [SEVERE ] removing tokens from slot 1
[2022-12-11 16:37:23] [SEVERE ] removing tokens from slot 2
[2022-12-11 16:37:23] [SEVERE ] removing tokens from slot 3
[2022-12-11 16:37:23] [SEVERE ] removing tokens from slot 4
[2022-12-11 16:37:23] [SEVERE ] removing tokens from slot 5
[2022-12-11 16:37:23] [SEVERE ] removing tokens from slot 6
[2022-12-11 16:37:23] [SEVERE ] removing tokens from slot 7
[2022-12-11 16:37:23] [SEVERE ] removing tokens from slot 8
[2022-12-11 16:37:23] [SEVERE ] removing tokens from slot 9
[2022-12-11 16:37:23] [SEVERE ] removing tokens from slot 10
[2022-12-11 16:37:23] [SEVERE ] removing tokens from slot 11
[2022-12-11 16:37:23] [SEVERE ] removing card from slot 4
[2022-12-11 16:37:23] [SEVERE ] Key 70 was pressed by player 0
[2022-12-11 16:37:23] [SEVERE ] player 0 placing token on slot 7
[2022-12-11 16:37:23] [SEVERE ] removing card from slot 5
[2022-12-11 16:37:24] [SEVERE ] removing card from slot 6
[2022-12-11 16:37:24] [SEVERE ] setting player 0 score to 14
[2022-12-11 16:37:24] [SEVERE ] placing card 3 in slot 4
[2022-12-11 16:37:24] [SEVERE ] placing card 73 in slot 5
[2022-12-11 16:37:24] [SEVERE ] Key 65 was pressed by player 0
[2022-12-11 16:37:24] [SEVERE ] player 0 placing token on slot 4
[2022-12-11 16:37:24] [SEVERE ] placing card 23 in slot 6
[2022-12-11 16:37:24] [INFO   ] Thread dealerstarting.
[2022-12-11 16:37:24] [SEVERE ] Key 83 was pressed by player 0
[2022-12-11 16:37:24] [SEVERE ] player 0 placing token on slot 5
[2022-12-11 16:37:24] [INFO   ] Thread dealer terminated.
[2022-12-11 16:37:24] [SEVERE ] removing all tokens
[2022-12-11 16:37:24] [SEVERE ] removing tokens from slot 0
[2022-12-11 16:37:24] [SEVERE ] removing tokens from slot 1
[2022-12-11 16:37:24] [SEVERE ] removing tokens from slot 2
[2022-12-11 16:37:24] [SEVERE ] removing tokens from slot 3
[2022-12-11 16:37:24] [SEVERE ] removing tokens from slot 4
[2022-12-11 16:37:24] [SEVERE ] removing tokens from slot 5
[2022-12-11 16:37:24] [SEVERE ] removing tokens from slot 6
[2022-12-11 16:37:24] [SEVERE ] removing tokens from slot 7
[2022-12-11 16:37:24] [SEVERE ] removing tokens from slot 8
[2022-12-11 16:37:24] [SEVERE ] removing tokens from slot 9
[2022-12-11 16:37:24] [SEVERE ] removing tokens from slot 10
[2022-12-11 16:37:24] [SEVERE ] removing tokens from slot 11
[2022-12-11 16:37:24] [SEVERE ] removing card from slot 7
[2022-12-11 16:37:24] [SEVERE ] Key 68 was pressed by player 0
[2022-12-11 16:37:24] [SEVERE ] player 0 placing token on slot 6
[2022-12-11 16:37:24] [SEVERE ] Key 70 was pressed by player 0
[2022-12-11 16:37:24] [SEVERE ] removing card from slot 4
[2022-12-11 16:37:24] [SEVERE ] removing card from slot 5
[2022-12-11 16:37:24] [SEVERE ] setting player 0 score to 15
[2022-12-11 16:37:24] [SEVERE ] placing card 38 in slot 4
[2022-12-11 16:37:24] [SEVERE ] Key 65 was pressed by player 0
[2022-12-11 16:37:24] [SEVERE ] player 0 placing token on slot 4
[2022-12-11 16:37:24] [SEVERE ] placing card 59 in slot 5
[2022-12-11 16:37:24] [SEVERE ] Key 83 was pressed by player 0
[2022-12-11 16:37:24] [SEVERE ] player 0 placing token on slot 5
[2022-12-11 16:37:24] [SEVERE ] placing card 11 in slot 7
[2022-12-11 16:37:24] [INFO   ] Thread dealerstarting.
[2022-12-11 16:37:24] [INFO   ] Thread dealer terminated.
[2022-12-11 16:37:24] [SEVERE ] removing all tokens
[2022-12-11 16:37:24] [SEVERE ] removing tokens from slot 0
[2022-12-11 16:37:24] [SEVERE ] removing tokens from slot 1
[2022-12-11 16:37:24] [SEVERE ] removing tokens from slot 2
[2022-12-11 16:37:24] [SEVERE ] removing tokens from slot 3
[2022-12-11 16:37:24] [SEVERE ] removing tokens from slot 4
[2022-12-11 16:37:24] [SEVERE ] removing tokens from slot 5
[2022-12-11 16:37:24] [SEVERE ] removing tokens from slot 6
[2022-12-11 16:37:24] [SEVERE ] removing tokens from slot 7
[2022-12-11 16:37:24] [SEVERE ] removing tokens from slot 8
[2022-12-11 16:37:24] [SEVERE ] removing tokens from slot 9
[2022-12-11 16:37:24] [SEVERE ] removing tokens from slot 10
[2022-12-11 16:37:24] [SEVERE ] removing tokens from slot 11
[2022-12-11 16:37:24] [SEVERE ] Key 68 was pressed by player 0
[2022-12-11 16:37:24] [SEVERE ] player 0 placing token on slot 6
[2022-12-11 16:37:24] [SEVERE ] Key 70 was pressed by player 0
[2022-12-11 16:37:24] [SEVERE ] player 0 placing token on slot 7
[2022-12-11 16:37:24] [SEVERE ] removing card from slot 6
[2022-12-11 16:37:25] [SEVERE ] removing card from slot 4
[2022-12-11 16:37:25] [SEVERE ] removing card from slot 5
[2022-12-11 16:37:25] [SEVERE ] setting player 0 score to 16
[2022-12-11 16:37:25] [SEVERE ] Key 65 was pressed by player 0
[2022-12-11 16:37:25] [SEVERE ] Key 83 was pressed by player 0
[2022-12-11 16:37:25] [SEVERE ] placing card 79 in slot 4
[2022-12-11 16:37:25] [SEVERE ] Key 68 was pressed by player 0
[2022-12-11 16:37:25] [SEVERE ] Key 70 was pressed by player 0
[2022-12-11 16:37:25] [SEVERE ] removing player 0 token from slot 7
[2022-12-11 16:37:25] [SEVERE ] placing card 10 in slot 5
[2022-12-11 16:37:25] [SEVERE ] placing card 22 in slot 6
[2022-12-11 16:37:25] [INFO   ] Thread dealerstarting.
[2022-12-11 16:37:25] [SEVERE ] Key 65 was pressed by player 0
[2022-12-11 16:37:25] [SEVERE ] player 0 placing token on slot 4
[2022-12-11 16:37:25] [SEVERE ] Key 83 was pressed by player 0
[2022-12-11 16:37:25] [SEVERE ] player 0 placing token on slot 5
[2022-12-11 16:37:25] [INFO   ] Thread dealer terminated.
[2022-12-11 16:37:25] [SEVERE ] removing all tokens
[2022-12-11 16:37:25] [SEVERE ] removing tokens from slot 0
[2022-12-11 16:37:25] [SEVERE ] removing tokens from slot 1
[2022-12-11 16:37:25] [SEVERE ] removing tokens from slot 2
[2022-12-11 16:37:25] [SEVERE ] removing tokens from slot 3
[2022-12-11 16:37:25] [SEVERE ] removing tokens from slot 4
[2022-12-11 16:37:25] [SEVERE ] removing tokens from slot 5
[2022-12-11 16:37:25] [SEVERE ] removing tokens from slot 6
[2022-12-11 16:37:25] [SEVERE ] removing tokens from slot 7
[2022-12-11 16:37:25] [SEVERE ] removing tokens from slot 8
[2022-12-11 16:37:25] [SEVERE ] removing tokens from slot 9
[2022-12-11 16:37:25] [SEVERE ] removing tokens from slot 10
[2022-12-11 16:37:25] [SEVERE ] removing tokens from slot 11
[2022-12-11 16:37:25] [SEVERE ] removing card from slot 6
[2022-12-11 16:37:25] [SEVERE ] Key 68 was pressed by player 0
[2022-12-11 16:37:25] [SEVERE ] Key 70 was pressed by player 0
[2022-12-11 16:37:25] [SEVERE ] player 0 placing token on slot 7
[2022-12-11 16:37:25] [SEVERE ] removing card from slot 4
[2022-12-11 16:37:25] [SEVERE ] removing card from slot 5
[2022-12-11 16:37:25] [SEVERE ] setting player 0 score to 17
[2022-12-11 16:37:26] [SEVERE ] placing card 52 in slot 4
[2022-12-11 16:37:26] [SEVERE ] Key 65 was pressed by player 0
[2022-12-11 16:37:26] [SEVERE ] player 0 placing token on slot 4
[2022-12-11 16:37:26] [SEVERE ] Key 83 was pressed by player 0
[2022-12-11 16:37:26] [SEVERE ] placing card 72 in slot 5
[2022-12-11 16:37:26] [SEVERE ] Key 68 was pressed by player 0
[2022-12-11 16:37:26] [SEVERE ] Key 70 was pressed by player 0
[2022-12-11 16:37:26] [SEVERE ] removing player 0 token from slot 7
[2022-12-11 16:37:26] [SEVERE ] placing card 24 in slot 6
[2022-12-11 16:37:26] [INFO   ] Thread dealerstarting.
[2022-12-11 16:37:26] [SEVERE ] Key 65 was pressed by player 0
[2022-12-11 16:37:26] [SEVERE ] removing player 0 token from slot 4
[2022-12-11 16:37:26] [SEVERE ] Key 83 was pressed by player 0
[2022-12-11 16:37:26] [SEVERE ] player 0 placing token on slot 5
[2022-12-11 16:37:26] [SEVERE ] Key 68 was pressed by player 0
[2022-12-11 16:37:26] [SEVERE ] player 0 placing token on slot 6
[2022-12-11 16:37:26] [SEVERE ] Key 70 was pressed by player 0
[2022-12-11 16:37:26] [SEVERE ] player 0 placing token on slot 7
[2022-12-11 16:37:26] [INFO   ] Thread dealer terminated.
[2022-12-11 16:37:26] [SEVERE ] removing all tokens
[2022-12-11 16:37:26] [SEVERE ] removing tokens from slot 0
[2022-12-11 16:37:26] [SEVERE ] removing tokens from slot 1
[2022-12-11 16:37:26] [SEVERE ] removing tokens from slot 2
[2022-12-11 16:37:26] [SEVERE ] removing tokens from slot 3
[2022-12-11 16:37:26] [SEVERE ] removing tokens from slot 4
[2022-12-11 16:37:26] [SEVERE ] removing tokens from slot 5
[2022-12-11 16:37:26] [SEVERE ] removing tokens from slot 6
[2022-12-11 16:37:26] [SEVERE ] removing tokens from slot 7
[2022-12-11 16:37:26] [SEVERE ] removing tokens from slot 8
[2022-12-11 16:37:26] [SEVERE ] removing tokens from slot 9
[2022-12-11 16:37:26] [SEVERE ] removing tokens from slot 10
[2022-12-11 16:37:26] [SEVERE ] removing tokens from slot 11
[2022-12-11 16:37:26] [SEVERE ] removing card from slot 5
[2022-12-11 16:37:26] [SEVERE ] removing card from slot 6
[2022-12-11 16:37:26] [SEVERE ] removing card from slot 7
[2022-12-11 16:37:26] [SEVERE ] setting player 0 score to 18
[2022-12-11 16:37:27] [SEVERE ] placing card 17 in slot 5
[2022-12-11 16:37:27] [SEVERE ] Key 65 was pressed by player 0
[2022-12-11 16:37:27] [SEVERE ] player 0 placing token on slot 4
[2022-12-11 16:37:27] [SEVERE ] Key 83 was pressed by player 0
[2022-12-11 16:37:27] [SEVERE ] player 0 placing token on slot 5
[2022-12-11 16:37:27] [SEVERE ] Key 68 was pressed by player 0
[2022-12-11 16:37:27] [SEVERE ] placing card 41 in slot 6
[2022-12-11 16:37:27] [SEVERE ] Key 70 was pressed by player 0
[2022-12-11 16:37:27] [SEVERE ] placing card 40 in slot 7
[2022-12-11 16:37:27] [INFO   ] Thread dealerstarting.
[2022-12-11 16:37:27] [SEVERE ] Key 65 was pressed by player 0
[2022-12-11 16:37:27] [SEVERE ] removing player 0 token from slot 4
[2022-12-11 16:37:27] [SEVERE ] Key 83 was pressed by player 0
[2022-12-11 16:37:27] [SEVERE ] removing player 0 token from slot 5
[2022-12-11 16:37:27] [SEVERE ] Key 68 was pressed by player 0
[2022-12-11 16:37:27] [SEVERE ] player 0 placing token on slot 6
[2022-12-11 16:37:27] [SEVERE ] Key 70 was pressed by player 0
[2022-12-11 16:37:27] [SEVERE ] player 0 placing token on slot 7
[2022-12-11 16:37:28] [SEVERE ] Key 65 was pressed by player 0
[2022-12-11 16:37:28] [SEVERE ] player 0 placing token on slot 4
[2022-12-11 16:37:28] [INFO   ] Thread dealer terminated.
[2022-12-11 16:37:28] [SEVERE ] removing all tokens
[2022-12-11 16:37:28] [SEVERE ] removing tokens from slot 0
[2022-12-11 16:37:28] [SEVERE ] removing tokens from slot 1
[2022-12-11 16:37:28] [SEVERE ] removing tokens from slot 2
[2022-12-11 16:37:28] [SEVERE ] removing tokens from slot 3
[2022-12-11 16:37:28] [SEVERE ] removing tokens from slot 4
[2022-12-11 16:37:28] [SEVERE ] removing tokens from slot 5
[2022-12-11 16:37:28] [SEVERE ] removing tokens from slot 6
[2022-12-11 16:37:28] [SEVERE ] removing tokens from slot 7
[2022-12-11 16:37:28] [SEVERE ] removing tokens from slot 8
[2022-12-11 16:37:28] [SEVERE ] removing tokens from slot 9
[2022-12-11 16:37:28] [SEVERE ] removing tokens from slot 10
[2022-12-11 16:37:28] [SEVERE ] removing tokens from slot 11
[2022-12-11 16:37:28] [SEVERE ] removing card from slot 6
[2022-12-11 16:37:28] [SEVERE ] Key 83 was pressed by player 0
[2022-12-11 16:37:28] [SEVERE ] player 0 placing token on slot 5
[2022-12-11 16:37:28] [SEVERE ] Key 68 was pressed by player 0
[2022-12-11 16:37:28] [SEVERE ] removing card from slot 7
[2022-12-11 16:37:28] [SEVERE ] Key 70 was pressed by player 0
[2022-12-11 16:37:28] [SEVERE ] removing card from slot 4
[2022-12-11 16:37:28] [SEVERE ] setting player 0 score to 19
[2022-12-11 16:37:28] [SEVERE ] placing card 34 in slot 4
[2022-12-11 16:37:28] [SEVERE ] placing card 14 in slot 6
[2022-12-11 16:37:28] [SEVERE ] placing card 26 in slot 7
[2022-12-11 16:37:28] [INFO   ] Thread dealerstarting.
[2022-12-11 16:37:28] [SEVERE ] Key 65 was pressed by player 0
[2022-12-11 16:37:28] [SEVERE ] player 0 placing token on slot 4
[2022-12-11 16:37:28] [SEVERE ] Key 83 was pressed by player 0
[2022-12-11 16:37:28] [SEVERE ] removing player 0 token from slot 5
[2022-12-11 16:37:28] [SEVERE ] Key 68 was pressed by player 0
[2022-12-11 16:37:28] [SEVERE ] player 0 placing token on slot 6
[2022-12-11 16:37:28] [SEVERE ] Key 70 was pressed by player 0
[2022-12-11 16:37:28] [SEVERE ] player 0 placing token on slot 7
[2022-12-11 16:37:28] [INFO   ] Thread dealer terminated.
[2022-12-11 16:37:28] [SEVERE ] removing all tokens
[2022-12-11 16:37:28] [SEVERE ] removing tokens from slot 0
[2022-12-11 16:37:28] [SEVERE ] removing tokens from slot 1
[2022-12-11 16:37:28] [SEVERE ] removing tokens from slot 2
[2022-12-11 16:37:28] [SEVERE ] removing tokens from slot 3
[2022-12-11 16:37:28] [SEVERE ] removing tokens from slot 4
[2022-12-11 16:37:28] [SEVERE ] removing tokens from slot 5
[2022-12-11 16:37:28] [SEVERE ] removing tokens from slot 6
[2022-12-11 16:37:28] [SEVERE ] removing tokens from slot 7
[2022-12-11 16:37:28] [SEVERE ] removing tokens from slot 8
[2022-12-11 16:37:28] [SEVERE ] removing tokens from slot 9
[2022-12-11 16:37:28] [SEVERE ] removing tokens from slot 10
[2022-12-11 16:37:28] [SEVERE ] removing tokens from slot 11
[2022-12-11 16:37:28] [SEVERE ] removing card from slot 4
[2022-12-11 16:37:28] [SEVERE ] removing card from slot 6
[2022-12-11 16:37:29] [SEVERE ] removing card from slot 7
[2022-12-11 16:37:29] [SEVERE ] setting player 0 score to 20
[2022-12-11 16:37:29] [SEVERE ] placing card 5 in slot 4
[2022-12-11 16:37:29] [SEVERE ] Key 65 was pressed by player 0
[2022-12-11 16:37:29] [SEVERE ] player 0 placing token on slot 4
[2022-12-11 16:37:29] [SEVERE ] placing card 65 in slot 6
[2022-12-11 16:37:29] [SEVERE ] Key 83 was pressed by player 0
[2022-12-11 16:37:29] [SEVERE ] player 0 placing token on slot 5
[2022-12-11 16:37:29] [SEVERE ] Key 68 was pressed by player 0
[2022-12-11 16:37:29] [SEVERE ] player 0 placing token on slot 6
[2022-12-11 16:37:29] [SEVERE ] placing card 29 in slot 7
[2022-12-11 16:37:29] [INFO   ] Thread dealerstarting.
[2022-12-11 16:37:29] [INFO   ] Thread dealer terminated.
[2022-12-11 16:37:29] [SEVERE ] removing all tokens
[2022-12-11 16:37:29] [SEVERE ] removing tokens from slot 0
[2022-12-11 16:37:29] [SEVERE ] removing tokens from slot 1
[2022-12-11 16:37:29] [SEVERE ] removing tokens from slot 2
[2022-12-11 16:37:29] [SEVERE ] removing tokens from slot 3
[2022-12-11 16:37:29] [SEVERE ] removing tokens from slot 4
[2022-12-11 16:37:29] [SEVERE ] removing tokens from slot 5
[2022-12-11 16:37:29] [SEVERE ] removing tokens from slot 6
[2022-12-11 16:37:29] [SEVERE ] removing tokens from slot 7
[2022-12-11 16:37:29] [SEVERE ] removing tokens from slot 8
[2022-12-11 16:37:29] [SEVERE ] removing tokens from slot 9
[2022-12-11 16:37:29] [SEVERE ] removing tokens from slot 10
[2022-12-11 16:37:29] [SEVERE ] removing tokens from slot 11
[2022-12-11 16:37:29] [SEVERE ] Key 70 was pressed by player 0
[2022-12-11 16:37:29] [SEVERE ] player 0 placing token on slot 7
[2022-12-11 16:37:29] [SEVERE ] removing card from slot 4
[2022-12-11 16:37:29] [SEVERE ] removing card from slot 5
[2022-12-11 16:37:29] [SEVERE ] removing card from slot 6
[2022-12-11 16:37:29] [SEVERE ] setting player 0 score to 21
[2022-12-11 16:37:29] [SEVERE ] placing card 25 in slot 4
[2022-12-11 16:37:29] [SEVERE ] Key 65 was pressed by player 0
[2022-12-11 16:37:29] [SEVERE ] player 0 placing token on slot 4
[2022-12-11 16:37:29] [SEVERE ] Key 83 was pressed by player 0
[2022-12-11 16:37:29] [SEVERE ] Key 68 was pressed by player 0
[2022-12-11 16:37:29] [SEVERE ] placing card 6 in slot 5
[2022-12-11 16:37:29] [SEVERE ] Key 70 was pressed by player 0
[2022-12-11 16:37:29] [SEVERE ] removing player 0 token from slot 7
[2022-12-11 16:37:30] [SEVERE ] placing card 15 in slot 6
[2022-12-11 16:37:30] [INFO   ] Thread dealerstarting.
[2022-12-11 16:37:30] [SEVERE ] Key 65 was pressed by player 0
[2022-12-11 16:37:30] [SEVERE ] removing player 0 token from slot 4
[2022-12-11 16:37:30] [SEVERE ] Key 83 was pressed by player 0
[2022-12-11 16:37:30] [SEVERE ] player 0 placing token on slot 5
[2022-12-11 16:37:30] [SEVERE ] Key 68 was pressed by player 0
[2022-12-11 16:37:30] [SEVERE ] player 0 placing token on slot 6
[2022-12-11 16:37:30] [SEVERE ] Key 70 was pressed by player 0
[2022-12-11 16:37:30] [SEVERE ] player 0 placing token on slot 7
[2022-12-11 16:37:30] [INFO   ] Thread dealer terminated.
[2022-12-11 16:37:30] [SEVERE ] removing all tokens
[2022-12-11 16:37:30] [SEVERE ] removing tokens from slot 0
[2022-12-11 16:37:30] [SEVERE ] removing tokens from slot 1
[2022-12-11 16:37:30] [SEVERE ] removing tokens from slot 2
[2022-12-11 16:37:30] [SEVERE ] removing tokens from slot 3
[2022-12-11 16:37:30] [SEVERE ] removing tokens from slot 4
[2022-12-11 16:37:30] [SEVERE ] removing tokens from slot 5
[2022-12-11 16:37:30] [SEVERE ] removing tokens from slot 6
[2022-12-11 16:37:30] [SEVERE ] removing tokens from slot 7
[2022-12-11 16:37:30] [SEVERE ] removing tokens from slot 8
[2022-12-11 16:37:30] [SEVERE ] removing tokens from slot 9
[2022-12-11 16:37:30] [SEVERE ] removing tokens from slot 10
[2022-12-11 16:37:30] [SEVERE ] removing tokens from slot 11
[2022-12-11 16:37:30] [SEVERE ] removing card from slot 5
[2022-12-11 16:37:30] [SEVERE ] removing card from slot 6
[2022-12-11 16:37:30] [SEVERE ] removing card from slot 7
[2022-12-11 16:37:30] [SEVERE ] setting player 0 score to 22
[2022-12-11 16:37:30] [SEVERE ] placing card 56 in slot 5
[2022-12-11 16:37:30] [SEVERE ] placing card 13 in slot 6
[2022-12-11 16:37:30] [SEVERE ] Key 65 was pressed by player 0
[2022-12-11 16:37:30] [SEVERE ] player 0 placing token on slot 4
[2022-12-11 16:37:31] [SEVERE ] Key 83 was pressed by player 0
[2022-12-11 16:37:31] [SEVERE ] player 0 placing token on slot 5
[2022-12-11 16:37:31] [SEVERE ] Key 68 was pressed by player 0
[2022-12-11 16:37:31] [SEVERE ] player 0 placing token on slot 6
[2022-12-11 16:37:31] [SEVERE ] placing card 51 in slot 7
[2022-12-11 16:37:31] [INFO   ] Thread dealerstarting.
[2022-12-11 16:37:31] [INFO   ] Thread dealer terminated.
[2022-12-11 16:37:31] [SEVERE ] removing all tokens
[2022-12-11 16:37:31] [SEVERE ] removing tokens from slot 0
[2022-12-11 16:37:31] [SEVERE ] removing tokens from slot 1
[2022-12-11 16:37:31] [SEVERE ] removing tokens from slot 2
[2022-12-11 16:37:31] [SEVERE ] removing tokens from slot 3
[2022-12-11 16:37:31] [SEVERE ] removing tokens from slot 4
[2022-12-11 16:37:31] [SEVERE ] removing tokens from slot 5
[2022-12-11 16:37:31] [SEVERE ] removing tokens from slot 6
[2022-12-11 16:37:31] [SEVERE ] removing tokens from slot 7
[2022-12-11 16:37:31] [SEVERE ] removing tokens from slot 8
[2022-12-11 16:37:31] [SEVERE ] removing tokens from slot 9
[2022-12-11 16:37:31] [SEVERE ] removing tokens from slot 10
[2022-12-11 16:37:31] [SEVERE ] removing tokens from slot 11
[2022-12-11 16:37:31] [SEVERE ] Key 70 was pressed by player 0
[2022-12-11 16:37:31] [SEVERE ] player 0 placing token on slot 7
[2022-12-11 16:37:31] [SEVERE ] removing card from slot 4
[2022-12-11 16:37:31] [SEVERE ] removing card from slot 5
[2022-12-11 16:37:31] [SEVERE ] removing card from slot 6
[2022-12-11 16:37:31] [SEVERE ] setting player 0 score to 23
[2022-12-11 16:37:31] [SEVERE ] placing card 71 in slot 4
[2022-12-11 16:37:31] [SEVERE ] Key 65 was pressed by player 0
[2022-12-11 16:37:31] [SEVERE ] player 0 placing token on slot 4
[2022-12-11 16:37:31] [SEVERE ] placing card 74 in slot 5
[2022-12-11 16:37:31] [SEVERE ] Key 83 was pressed by player 0
[2022-12-11 16:37:31] [SEVERE ] player 0 placing token on slot 5
[2022-12-11 16:37:31] [SEVERE ] placing card 80 in slot 6
[2022-12-11 16:37:31] [INFO   ] Thread dealerstarting.
[2022-12-11 16:37:31] [INFO   ] Thread dealer terminated.
[2022-12-11 16:37:31] [SEVERE ] removing all tokens
[2022-12-11 16:37:31] [SEVERE ] removing tokens from slot 0
[2022-12-11 16:37:31] [SEVERE ] removing tokens from slot 1
[2022-12-11 16:37:31] [SEVERE ] removing tokens from slot 2
[2022-12-11 16:37:31] [SEVERE ] removing tokens from slot 3
[2022-12-11 16:37:31] [SEVERE ] removing tokens from slot 4
[2022-12-11 16:37:31] [SEVERE ] removing tokens from slot 5
[2022-12-11 16:37:31] [SEVERE ] removing tokens from slot 6
[2022-12-11 16:37:31] [SEVERE ] removing tokens from slot 7
[2022-12-11 16:37:31] [SEVERE ] removing tokens from slot 8
[2022-12-11 16:37:31] [SEVERE ] removing tokens from slot 9
[2022-12-11 16:37:31] [SEVERE ] removing tokens from slot 10
[2022-12-11 16:37:31] [SEVERE ] removing tokens from slot 11
[2022-12-11 16:37:31] [SEVERE ] Key 68 was pressed by player 0
[2022-12-11 16:37:31] [SEVERE ] player 0 placing token on slot 6
[2022-12-11 16:37:31] [SEVERE ] removing card from slot 7
[2022-12-11 16:37:31] [SEVERE ] Key 70 was pressed by player 0
[2022-12-11 16:37:31] [SEVERE ] removing card from slot 4
[2022-12-11 16:37:31] [SEVERE ] removing card from slot 5
[2022-12-11 16:37:31] [SEVERE ] setting player 0 score to 24
[2022-12-11 16:37:31] [INFO   ] Thread dealerstarting.
[2022-12-11 16:37:32] [SEVERE ] Key 65 was pressed by player 0
[2022-12-11 16:37:32] [SEVERE ] Key 83 was pressed by player 0
[2022-12-11 16:37:32] [SEVERE ] Key 68 was pressed by player 0
[2022-12-11 16:37:32] [SEVERE ] removing player 0 token from slot 6
[2022-12-11 16:37:32] [SEVERE ] Key 70 was pressed by player 0
[2022-12-11 16:37:33] [SEVERE ] Key 87 was pressed by player 0
[2022-12-11 16:37:33] [SEVERE ] player 0 placing token on slot 1
[2022-12-11 16:37:33] [SEVERE ] Key 69 was pressed by player 0
[2022-12-11 16:37:33] [SEVERE ] player 0 placing token on slot 2
[2022-12-11 16:37:33] [SEVERE ] Key 81 was pressed by player 0
[2022-12-11 16:37:33] [SEVERE ] player 0 placing token on slot 0
[2022-12-11 16:37:33] [INFO   ] Thread dealer terminated.
[2022-12-11 16:37:33] [SEVERE ] removing all tokens
[2022-12-11 16:37:33] [SEVERE ] removing tokens from slot 0
[2022-12-11 16:37:33] [SEVERE ] removing tokens from slot 1
[2022-12-11 16:37:33] [SEVERE ] removing tokens from slot 2
[2022-12-11 16:37:33] [SEVERE ] removing tokens from slot 3
[2022-12-11 16:37:33] [SEVERE ] removing tokens from slot 4
[2022-12-11 16:37:33] [SEVERE ] removing tokens from slot 5
[2022-12-11 16:37:33] [SEVERE ] removing tokens from slot 6
[2022-12-11 16:37:33] [SEVERE ] removing tokens from slot 7
[2022-12-11 16:37:33] [SEVERE ] removing tokens from slot 8
[2022-12-11 16:37:33] [SEVERE ] removing tokens from slot 9
[2022-12-11 16:37:33] [SEVERE ] removing tokens from slot 10
[2022-12-11 16:37:33] [SEVERE ] removing tokens from slot 11
[2022-12-11 16:37:33] [SEVERE ] removing card from slot 1
[2022-12-11 16:37:33] [SEVERE ] Key 82 was pressed by player 0
[2022-12-11 16:37:33] [SEVERE ] player 0 placing token on slot 3
[2022-12-11 16:37:33] [SEVERE ] removing card from slot 2
[2022-12-11 16:37:33] [SEVERE ] removing card from slot 0
[2022-12-11 16:37:33] [SEVERE ] setting player 0 score to 25
[2022-12-11 16:37:33] [INFO   ] Thread dealerstarting.
[2022-12-11 16:37:34] [SEVERE ] Key 81 was pressed by player 0
[2022-12-11 16:37:34] [SEVERE ] Key 87 was pressed by player 0
[2022-12-11 16:37:34] [SEVERE ] Key 69 was pressed by player 0
[2022-12-11 16:37:34] [SEVERE ] Key 82 was pressed by player 0
[2022-12-11 16:37:34] [SEVERE ] removing player 0 token from slot 3
[2022-12-11 16:37:35] [SEVERE ] Key 82 was pressed by player 0
[2022-12-11 16:37:35] [SEVERE ] player 0 placing token on slot 3
[2022-12-11 16:37:35] [SEVERE ] Key 68 was pressed by player 0
[2022-12-11 16:37:35] [SEVERE ] player 0 placing token on slot 6
[2022-12-11 16:37:36] [SEVERE ] Key 67 was pressed by player 0
[2022-12-11 16:37:36] [SEVERE ] player 0 placing token on slot 10
[2022-12-11 16:37:36] [INFO   ] Thread dealer terminated.
[2022-12-11 16:37:36] [SEVERE ] removing all tokens
[2022-12-11 16:37:36] [SEVERE ] removing tokens from slot 0
[2022-12-11 16:37:36] [SEVERE ] removing tokens from slot 1
[2022-12-11 16:37:36] [SEVERE ] removing tokens from slot 2
[2022-12-11 16:37:36] [SEVERE ] removing tokens from slot 3
[2022-12-11 16:37:36] [SEVERE ] removing tokens from slot 4
[2022-12-11 16:37:36] [SEVERE ] removing tokens from slot 5
[2022-12-11 16:37:36] [SEVERE ] removing tokens from slot 6
[2022-12-11 16:37:36] [SEVERE ] removing tokens from slot 7
[2022-12-11 16:37:36] [SEVERE ] removing tokens from slot 8
[2022-12-11 16:37:36] [SEVERE ] removing tokens from slot 9
[2022-12-11 16:37:36] [SEVERE ] removing tokens from slot 10
[2022-12-11 16:37:36] [SEVERE ] removing tokens from slot 11
[2022-12-11 16:37:36] [SEVERE ] removing card from slot 3
[2022-12-11 16:37:36] [SEVERE ] removing card from slot 6
[2022-12-11 16:37:36] [SEVERE ] removing card from slot 10
[2022-12-11 16:37:36] [SEVERE ] setting player 0 score to 26
[2022-12-11 16:37:36] [INFO   ] Thread dealerstarting.
[2022-12-11 16:37:37] [SEVERE ] Key 86 was pressed by player 0
[2022-12-11 16:37:37] [SEVERE ] player 0 placing token on slot 11
[2022-12-11 16:37:38] [SEVERE ] Key 88 was pressed by player 0
[2022-12-11 16:37:38] [SEVERE ] player 0 placing token on slot 9
[2022-12-11 16:37:38] [SEVERE ] Key 90 was pressed by player 0
[2022-12-11 16:37:38] [SEVERE ] player 0 placing token on slot 8
[2022-12-11 16:37:38] [INFO   ] Thread dealer terminated.
[2022-12-11 16:37:38] [SEVERE ] removing all tokens
[2022-12-11 16:37:38] [SEVERE ] removing tokens from slot 0
[2022-12-11 16:37:38] [SEVERE ] removing tokens from slot 1
[2022-12-11 16:37:38] [SEVERE ] removing tokens from slot 2
[2022-12-11 16:37:38] [SEVERE ] removing tokens from slot 3
[2022-12-11 16:37:38] [SEVERE ] removing tokens from slot 4
[2022-12-11 16:37:38] [SEVERE ] removing tokens from slot 5
[2022-12-11 16:37:38] [SEVERE ] removing tokens from slot 6
[2022-12-11 16:37:38] [SEVERE ] removing tokens from slot 7
[2022-12-11 16:37:38] [SEVERE ] removing tokens from slot 8
[2022-12-11 16:37:38] [SEVERE ] removing tokens from slot 9
[2022-12-11 16:37:38] [SEVERE ] removing tokens from slot 10
[2022-12-11 16:37:38] [SEVERE ] removing tokens from slot 11
[2022-12-11 16:37:38] [SEVERE ] removing card from slot 11
[2022-12-11 16:37:38] [SEVERE ] removing card from slot 9
[2022-12-11 16:37:39] [SEVERE ] removing card from slot 8
[2022-12-11 16:37:39] [SEVERE ] setting player 0 score to 27
[2022-12-11 16:37:39] [INFO   ] Thread dealerstarting.
[2022-12-11 16:37:41] [SEVERE ] Key 90 was pressed by player 0
[2022-12-11 16:37:41] [SEVERE ] Key 65 was pressed by player 0
[2022-12-11 16:37:41] [SEVERE ] Key 65 was pressed by player 0
[2022-12-11 16:37:41] [SEVERE ] Key 83 was pressed by player 0
