[2022-12-11 19:27:11] [INFO   ] cannot read configuration file config.properties trying from resources.
[2022-12-11 19:27:11] [INFO   ] configuration file was loaded from resources directory.
[2022-12-11 19:27:13] [INFO   ] Thread dealer starting.
[2022-12-11 19:27:13] [SEVERE ] placing card 39 in slot 0
[2022-12-11 19:27:13] [SEVERE ] placing card 73 in slot 1
[2022-12-11 19:27:13] [SEVERE ] placing card 35 in slot 2
[2022-12-11 19:27:13] [SEVERE ] placing card 29 in slot 3
[2022-12-11 19:27:13] [SEVERE ] placing card 70 in slot 4
[2022-12-11 19:27:13] [SEVERE ] placing card 78 in slot 5
[2022-12-11 19:27:14] [SEVERE ] placing card 43 in slot 6
[2022-12-11 19:27:14] [SEVERE ] placing card 30 in slot 7
[2022-12-11 19:27:14] [SEVERE ] placing card 64 in slot 8
[2022-12-11 19:27:14] [SEVERE ] placing card 24 in slot 9
[2022-12-11 19:27:14] [SEVERE ] placing card 74 in slot 10
[2022-12-11 19:27:14] [SEVERE ] placing card 51 in slot 11
[2022-12-11 19:27:14] [INFO   ] Thread Thread-1starting.
[2022-12-11 19:27:14] [INFO   ] Thread Thread-0starting.
[2022-12-11 19:27:24] [SEVERE ] Key 81 was pressed by player 0
[2022-12-11 19:27:24] [SEVERE ] player 0 placing token on slot 0
[2022-12-11 19:27:25] [SEVERE ] Key 87 was pressed by player 0
[2022-12-11 19:27:25] [SEVERE ] player 0 placing token on slot 1
[2022-12-11 19:27:27] [SEVERE ] Key 69 was pressed by player 0
[2022-12-11 19:27:27] [SEVERE ] player 0 placing token on slot 2
[2022-12-11 19:27:27] [SEVERE ] removing all tokens
[2022-12-11 19:27:27] [SEVERE ] removing tokens from slot 0
[2022-12-11 19:27:27] [SEVERE ] removing tokens from slot 1
[2022-12-11 19:27:27] [SEVERE ] removing tokens from slot 2
[2022-12-11 19:27:27] [SEVERE ] removing tokens from slot 3
[2022-12-11 19:27:27] [SEVERE ] removing tokens from slot 4
[2022-12-11 19:27:27] [SEVERE ] removing tokens from slot 5
[2022-12-11 19:27:27] [SEVERE ] removing tokens from slot 6
[2022-12-11 19:27:27] [SEVERE ] removing tokens from slot 7
[2022-12-11 19:27:27] [SEVERE ] removing tokens from slot 8
[2022-12-11 19:27:27] [SEVERE ] removing tokens from slot 9
[2022-12-11 19:27:27] [SEVERE ] removing tokens from slot 10
[2022-12-11 19:27:27] [SEVERE ] removing tokens from slot 11
[2022-12-11 19:27:27] [SEVERE ] removing card from slot 0
[2022-12-11 19:27:28] [SEVERE ] removing card from slot 1
[2022-12-11 19:27:28] [SEVERE ] removing card from slot 2
[2022-12-11 19:27:28] [SEVERE ] setting player 0 score to 1
[2022-12-11 19:27:28] [SEVERE ] placing card 23 in slot 0
[2022-12-11 19:27:28] [SEVERE ] placing card 46 in slot 1
[2022-12-11 19:27:28] [SEVERE ] placing card 26 in slot 2
[2022-12-11 19:27:29] [SEVERE ] Key 81 was pressed by player 0
[2022-12-11 19:27:29] [SEVERE ] player 0 placing token on slot 0
[2022-12-11 19:27:29] [SEVERE ] Key 87 was pressed by player 0
[2022-12-11 19:27:29] [SEVERE ] player 0 placing token on slot 1
[2022-12-11 19:27:29] [SEVERE ] Key 69 was pressed by player 0
[2022-12-11 19:27:29] [SEVERE ] player 0 placing token on slot 2
[2022-12-11 19:27:29] [SEVERE ] removing all tokens
[2022-12-11 19:27:29] [SEVERE ] removing tokens from slot 0
[2022-12-11 19:27:29] [SEVERE ] removing tokens from slot 1
[2022-12-11 19:27:29] [SEVERE ] removing tokens from slot 2
[2022-12-11 19:27:29] [SEVERE ] removing tokens from slot 3
[2022-12-11 19:27:29] [SEVERE ] removing tokens from slot 4
[2022-12-11 19:27:29] [SEVERE ] removing tokens from slot 5
[2022-12-11 19:27:29] [SEVERE ] removing tokens from slot 6
[2022-12-11 19:27:29] [SEVERE ] removing tokens from slot 7
[2022-12-11 19:27:29] [SEVERE ] removing tokens from slot 8
[2022-12-11 19:27:29] [SEVERE ] removing tokens from slot 9
[2022-12-11 19:27:29] [SEVERE ] removing tokens from slot 10
[2022-12-11 19:27:29] [SEVERE ] removing tokens from slot 11
[2022-12-11 19:27:29] [SEVERE ] removing card from slot 0
[2022-12-11 19:27:29] [SEVERE ] removing card from slot 1
[2022-12-11 19:27:29] [SEVERE ] removing card from slot 2
[2022-12-11 19:27:29] [SEVERE ] setting player 0 score to 2
[2022-12-11 19:27:30] [SEVERE ] placing card 11 in slot 0
[2022-12-11 19:27:30] [SEVERE ] placing card 47 in slot 1
[2022-12-11 19:27:30] [SEVERE ] placing card 61 in slot 2
[2022-12-11 19:27:31] [SEVERE ] Key 81 was pressed by player 0
[2022-12-11 19:27:31] [SEVERE ] player 0 placing token on slot 0
[2022-12-11 19:27:32] [SEVERE ] Key 87 was pressed by player 0
[2022-12-11 19:27:32] [SEVERE ] player 0 placing token on slot 1
[2022-12-11 19:27:32] [SEVERE ] Key 69 was pressed by player 0
[2022-12-11 19:27:32] [SEVERE ] player 0 placing token on slot 2
[2022-12-11 19:27:32] [SEVERE ] removing all tokens
[2022-12-11 19:27:32] [SEVERE ] removing tokens from slot 0
[2022-12-11 19:27:32] [SEVERE ] removing tokens from slot 1
[2022-12-11 19:27:32] [SEVERE ] removing tokens from slot 2
[2022-12-11 19:27:32] [SEVERE ] removing tokens from slot 3
[2022-12-11 19:27:32] [SEVERE ] removing tokens from slot 4
[2022-12-11 19:27:32] [SEVERE ] removing tokens from slot 5
[2022-12-11 19:27:32] [SEVERE ] removing tokens from slot 6
[2022-12-11 19:27:32] [SEVERE ] removing tokens from slot 7
[2022-12-11 19:27:32] [SEVERE ] removing tokens from slot 8
[2022-12-11 19:27:32] [SEVERE ] removing tokens from slot 9
[2022-12-11 19:27:32] [SEVERE ] removing tokens from slot 10
[2022-12-11 19:27:32] [SEVERE ] removing tokens from slot 11
[2022-12-11 19:27:32] [SEVERE ] removing card from slot 0
[2022-12-11 19:27:32] [SEVERE ] removing card from slot 1
[2022-12-11 19:27:32] [SEVERE ] removing card from slot 2
[2022-12-11 19:27:32] [SEVERE ] setting player 0 score to 3
[2022-12-11 19:27:32] [SEVERE ] placing card 4 in slot 0
[2022-12-11 19:27:32] [SEVERE ] placing card 6 in slot 1
[2022-12-11 19:27:32] [SEVERE ] placing card 69 in slot 2
[2022-12-11 19:27:33] [SEVERE ] Key 81 was pressed by player 0
[2022-12-11 19:27:33] [SEVERE ] player 0 placing token on slot 0
[2022-12-11 19:27:33] [SEVERE ] Key 87 was pressed by player 0
[2022-12-11 19:27:33] [SEVERE ] player 0 placing token on slot 1
[2022-12-11 19:27:33] [SEVERE ] Key 69 was pressed by player 0
[2022-12-11 19:27:33] [SEVERE ] player 0 placing token on slot 2
[2022-12-11 19:27:33] [SEVERE ] removing all tokens
[2022-12-11 19:27:33] [SEVERE ] removing tokens from slot 0
[2022-12-11 19:27:33] [SEVERE ] removing tokens from slot 1
[2022-12-11 19:27:33] [SEVERE ] removing tokens from slot 2
[2022-12-11 19:27:33] [SEVERE ] removing tokens from slot 3
[2022-12-11 19:27:33] [SEVERE ] removing tokens from slot 4
[2022-12-11 19:27:33] [SEVERE ] removing tokens from slot 5
[2022-12-11 19:27:33] [SEVERE ] removing tokens from slot 6
[2022-12-11 19:27:33] [SEVERE ] removing tokens from slot 7
[2022-12-11 19:27:33] [SEVERE ] removing tokens from slot 8
[2022-12-11 19:27:33] [SEVERE ] removing tokens from slot 9
[2022-12-11 19:27:33] [SEVERE ] removing tokens from slot 10
[2022-12-11 19:27:33] [SEVERE ] removing tokens from slot 11
[2022-12-11 19:27:33] [SEVERE ] removing card from slot 0
[2022-12-11 19:27:33] [SEVERE ] removing card from slot 1
[2022-12-11 19:27:33] [SEVERE ] removing card from slot 2
[2022-12-11 19:27:33] [SEVERE ] setting player 0 score to 4
[2022-12-11 19:27:33] [SEVERE ] placing card 50 in slot 0
[2022-12-11 19:27:34] [SEVERE ] placing card 58 in slot 1
[2022-12-11 19:27:34] [SEVERE ] placing card 77 in slot 2
[2022-12-11 19:27:34] [SEVERE ] Key 81 was pressed by player 0
[2022-12-11 19:27:34] [SEVERE ] player 0 placing token on slot 0
[2022-12-11 19:27:34] [SEVERE ] Key 87 was pressed by player 0
[2022-12-11 19:27:34] [SEVERE ] player 0 placing token on slot 1
[2022-12-11 19:27:34] [SEVERE ] Key 69 was pressed by player 0
[2022-12-11 19:27:34] [SEVERE ] player 0 placing token on slot 2
[2022-12-11 19:27:34] [SEVERE ] removing all tokens
[2022-12-11 19:27:34] [SEVERE ] removing tokens from slot 0
[2022-12-11 19:27:34] [SEVERE ] removing tokens from slot 1
[2022-12-11 19:27:34] [SEVERE ] removing tokens from slot 2
[2022-12-11 19:27:34] [SEVERE ] removing tokens from slot 3
[2022-12-11 19:27:34] [SEVERE ] removing tokens from slot 4
[2022-12-11 19:27:34] [SEVERE ] removing tokens from slot 5
[2022-12-11 19:27:34] [SEVERE ] removing tokens from slot 6
[2022-12-11 19:27:34] [SEVERE ] removing tokens from slot 7
[2022-12-11 19:27:34] [SEVERE ] removing tokens from slot 8
[2022-12-11 19:27:34] [SEVERE ] removing tokens from slot 9
[2022-12-11 19:27:34] [SEVERE ] removing tokens from slot 10
[2022-12-11 19:27:34] [SEVERE ] removing tokens from slot 11
[2022-12-11 19:27:34] [SEVERE ] removing card from slot 0
[2022-12-11 19:27:34] [SEVERE ] removing card from slot 1
[2022-12-11 19:27:34] [SEVERE ] removing card from slot 2
[2022-12-11 19:27:34] [SEVERE ] setting player 0 score to 5
[2022-12-11 19:27:34] [SEVERE ] placing card 75 in slot 0
[2022-12-11 19:27:35] [SEVERE ] placing card 33 in slot 1
[2022-12-11 19:27:35] [SEVERE ] placing card 52 in slot 2
[2022-12-11 19:27:35] [SEVERE ] Key 81 was pressed by player 0
[2022-12-11 19:27:35] [SEVERE ] player 0 placing token on slot 0
[2022-12-11 19:27:35] [SEVERE ] Key 87 was pressed by player 0
[2022-12-11 19:27:35] [SEVERE ] player 0 placing token on slot 1
[2022-12-11 19:27:35] [SEVERE ] Key 69 was pressed by player 0
[2022-12-11 19:27:35] [SEVERE ] player 0 placing token on slot 2
[2022-12-11 19:27:35] [SEVERE ] removing all tokens
[2022-12-11 19:27:35] [SEVERE ] removing tokens from slot 0
[2022-12-11 19:27:35] [SEVERE ] removing tokens from slot 1
[2022-12-11 19:27:35] [SEVERE ] removing tokens from slot 2
[2022-12-11 19:27:35] [SEVERE ] removing tokens from slot 3
[2022-12-11 19:27:35] [SEVERE ] removing tokens from slot 4
[2022-12-11 19:27:35] [SEVERE ] removing tokens from slot 5
[2022-12-11 19:27:35] [SEVERE ] removing tokens from slot 6
[2022-12-11 19:27:35] [SEVERE ] removing tokens from slot 7
[2022-12-11 19:27:35] [SEVERE ] removing tokens from slot 8
[2022-12-11 19:27:35] [SEVERE ] removing tokens from slot 9
[2022-12-11 19:27:35] [SEVERE ] removing tokens from slot 10
[2022-12-11 19:27:35] [SEVERE ] removing tokens from slot 11
[2022-12-11 19:27:35] [SEVERE ] removing card from slot 0
[2022-12-11 19:27:35] [SEVERE ] removing card from slot 1
[2022-12-11 19:27:35] [SEVERE ] removing card from slot 2
[2022-12-11 19:27:35] [SEVERE ] setting player 0 score to 6
[2022-12-11 19:27:36] [SEVERE ] placing card 22 in slot 0
[2022-12-11 19:27:36] [SEVERE ] placing card 76 in slot 1
[2022-12-11 19:27:36] [SEVERE ] placing card 34 in slot 2
[2022-12-11 19:27:36] [SEVERE ] Key 81 was pressed by player 0
[2022-12-11 19:27:36] [SEVERE ] player 0 placing token on slot 0
[2022-12-11 19:27:36] [SEVERE ] Key 87 was pressed by player 0
[2022-12-11 19:27:36] [SEVERE ] player 0 placing token on slot 1
[2022-12-11 19:27:36] [SEVERE ] Key 69 was pressed by player 0
[2022-12-11 19:27:36] [SEVERE ] player 0 placing token on slot 2
[2022-12-11 19:27:36] [SEVERE ] removing all tokens
[2022-12-11 19:27:36] [SEVERE ] removing tokens from slot 0
[2022-12-11 19:27:36] [SEVERE ] removing tokens from slot 1
[2022-12-11 19:27:36] [SEVERE ] removing tokens from slot 2
[2022-12-11 19:27:36] [SEVERE ] removing tokens from slot 3
[2022-12-11 19:27:36] [SEVERE ] removing tokens from slot 4
[2022-12-11 19:27:36] [SEVERE ] removing tokens from slot 5
[2022-12-11 19:27:36] [SEVERE ] removing tokens from slot 6
[2022-12-11 19:27:36] [SEVERE ] removing tokens from slot 7
[2022-12-11 19:27:36] [SEVERE ] removing tokens from slot 8
[2022-12-11 19:27:36] [SEVERE ] removing tokens from slot 9
[2022-12-11 19:27:36] [SEVERE ] removing tokens from slot 10
[2022-12-11 19:27:36] [SEVERE ] removing tokens from slot 11
[2022-12-11 19:27:36] [SEVERE ] removing card from slot 0
[2022-12-11 19:27:36] [SEVERE ] removing card from slot 1
[2022-12-11 19:27:36] [SEVERE ] removing card from slot 2
[2022-12-11 19:27:36] [SEVERE ] setting player 0 score to 7
[2022-12-11 19:27:36] [SEVERE ] placing card 32 in slot 0
[2022-12-11 19:27:36] [SEVERE ] placing card 71 in slot 1
[2022-12-11 19:27:37] [SEVERE ] placing card 49 in slot 2
[2022-12-11 19:27:37] [SEVERE ] Key 81 was pressed by player 0
[2022-12-11 19:27:37] [SEVERE ] player 0 placing token on slot 0
[2022-12-11 19:27:37] [SEVERE ] Key 87 was pressed by player 0
[2022-12-11 19:27:37] [SEVERE ] player 0 placing token on slot 1
[2022-12-11 19:27:37] [SEVERE ] Key 69 was pressed by player 0
[2022-12-11 19:27:37] [SEVERE ] player 0 placing token on slot 2
[2022-12-11 19:27:37] [SEVERE ] removing all tokens
[2022-12-11 19:27:37] [SEVERE ] removing tokens from slot 0
[2022-12-11 19:27:37] [SEVERE ] removing tokens from slot 1
[2022-12-11 19:27:37] [SEVERE ] removing tokens from slot 2
[2022-12-11 19:27:37] [SEVERE ] removing tokens from slot 3
[2022-12-11 19:27:37] [SEVERE ] removing tokens from slot 4
[2022-12-11 19:27:37] [SEVERE ] removing tokens from slot 5
[2022-12-11 19:27:37] [SEVERE ] removing tokens from slot 6
[2022-12-11 19:27:37] [SEVERE ] removing tokens from slot 7
[2022-12-11 19:27:37] [SEVERE ] removing tokens from slot 8
[2022-12-11 19:27:37] [SEVERE ] removing tokens from slot 9
[2022-12-11 19:27:37] [SEVERE ] removing tokens from slot 10
[2022-12-11 19:27:37] [SEVERE ] removing tokens from slot 11
[2022-12-11 19:27:37] [SEVERE ] removing card from slot 0
[2022-12-11 19:27:37] [SEVERE ] removing card from slot 1
[2022-12-11 19:27:37] [SEVERE ] removing card from slot 2
[2022-12-11 19:27:37] [SEVERE ] setting player 0 score to 8
[2022-12-11 19:27:37] [SEVERE ] placing card 9 in slot 0
[2022-12-11 19:27:37] [SEVERE ] placing card 54 in slot 1
[2022-12-11 19:27:38] [SEVERE ] placing card 60 in slot 2
[2022-12-11 19:27:38] [SEVERE ] Key 81 was pressed by player 0
[2022-12-11 19:27:38] [SEVERE ] player 0 placing token on slot 0
[2022-12-11 19:27:38] [SEVERE ] Key 87 was pressed by player 0
[2022-12-11 19:27:38] [SEVERE ] player 0 placing token on slot 1
[2022-12-11 19:27:38] [SEVERE ] Key 69 was pressed by player 0
[2022-12-11 19:27:38] [SEVERE ] player 0 placing token on slot 2
[2022-12-11 19:27:38] [SEVERE ] removing all tokens
[2022-12-11 19:27:38] [SEVERE ] removing tokens from slot 0
[2022-12-11 19:27:38] [SEVERE ] removing tokens from slot 1
[2022-12-11 19:27:38] [SEVERE ] removing tokens from slot 2
[2022-12-11 19:27:38] [SEVERE ] removing tokens from slot 3
[2022-12-11 19:27:38] [SEVERE ] removing tokens from slot 4
[2022-12-11 19:27:38] [SEVERE ] removing tokens from slot 5
[2022-12-11 19:27:38] [SEVERE ] removing tokens from slot 6
[2022-12-11 19:27:38] [SEVERE ] removing tokens from slot 7
[2022-12-11 19:27:38] [SEVERE ] removing tokens from slot 8
[2022-12-11 19:27:38] [SEVERE ] removing tokens from slot 9
[2022-12-11 19:27:38] [SEVERE ] removing tokens from slot 10
[2022-12-11 19:27:38] [SEVERE ] removing tokens from slot 11
[2022-12-11 19:27:38] [SEVERE ] removing card from slot 0
[2022-12-11 19:27:38] [SEVERE ] removing card from slot 1
[2022-12-11 19:27:38] [SEVERE ] removing card from slot 2
[2022-12-11 19:27:38] [SEVERE ] setting player 0 score to 9
[2022-12-11 19:27:38] [SEVERE ] placing card 42 in slot 0
[2022-12-11 19:27:39] [SEVERE ] placing card 7 in slot 1
[2022-12-11 19:27:39] [SEVERE ] placing card 65 in slot 2
[2022-12-11 19:27:39] [SEVERE ] Key 81 was pressed by player 0
[2022-12-11 19:27:39] [SEVERE ] player 0 placing token on slot 0
[2022-12-11 19:27:39] [SEVERE ] Key 87 was pressed by player 0
[2022-12-11 19:27:39] [SEVERE ] player 0 placing token on slot 1
[2022-12-11 19:27:39] [SEVERE ] Key 69 was pressed by player 0
[2022-12-11 19:27:39] [SEVERE ] player 0 placing token on slot 2
[2022-12-11 19:27:39] [SEVERE ] removing all tokens
[2022-12-11 19:27:39] [SEVERE ] removing tokens from slot 0
[2022-12-11 19:27:39] [SEVERE ] removing tokens from slot 1
[2022-12-11 19:27:39] [SEVERE ] removing tokens from slot 2
[2022-12-11 19:27:39] [SEVERE ] removing tokens from slot 3
[2022-12-11 19:27:39] [SEVERE ] removing tokens from slot 4
[2022-12-11 19:27:39] [SEVERE ] removing tokens from slot 5
[2022-12-11 19:27:39] [SEVERE ] removing tokens from slot 6
[2022-12-11 19:27:39] [SEVERE ] removing tokens from slot 7
[2022-12-11 19:27:39] [SEVERE ] removing tokens from slot 8
[2022-12-11 19:27:39] [SEVERE ] removing tokens from slot 9
[2022-12-11 19:27:39] [SEVERE ] removing tokens from slot 10
[2022-12-11 19:27:39] [SEVERE ] removing tokens from slot 11
[2022-12-11 19:27:39] [SEVERE ] removing card from slot 0
[2022-12-11 19:27:39] [SEVERE ] removing card from slot 1
[2022-12-11 19:27:39] [SEVERE ] removing card from slot 2
[2022-12-11 19:27:39] [SEVERE ] setting player 0 score to 10
[2022-12-11 19:27:39] [SEVERE ] placing card 36 in slot 0
[2022-12-11 19:27:39] [SEVERE ] placing card 19 in slot 1
[2022-12-11 19:27:40] [SEVERE ] placing card 21 in slot 2
[2022-12-11 19:27:40] [SEVERE ] Key 81 was pressed by player 0
[2022-12-11 19:27:40] [SEVERE ] player 0 placing token on slot 0
[2022-12-11 19:27:40] [SEVERE ] Key 87 was pressed by player 0
[2022-12-11 19:27:40] [SEVERE ] player 0 placing token on slot 1
[2022-12-11 19:27:40] [SEVERE ] Key 69 was pressed by player 0
[2022-12-11 19:27:40] [SEVERE ] player 0 placing token on slot 2
[2022-12-11 19:27:40] [SEVERE ] removing all tokens
[2022-12-11 19:27:40] [SEVERE ] removing tokens from slot 0
[2022-12-11 19:27:40] [SEVERE ] removing tokens from slot 1
[2022-12-11 19:27:40] [SEVERE ] removing tokens from slot 2
[2022-12-11 19:27:40] [SEVERE ] removing tokens from slot 3
[2022-12-11 19:27:40] [SEVERE ] removing tokens from slot 4
[2022-12-11 19:27:40] [SEVERE ] removing tokens from slot 5
[2022-12-11 19:27:40] [SEVERE ] removing tokens from slot 6
[2022-12-11 19:27:40] [SEVERE ] removing tokens from slot 7
[2022-12-11 19:27:40] [SEVERE ] removing tokens from slot 8
[2022-12-11 19:27:40] [SEVERE ] removing tokens from slot 9
[2022-12-11 19:27:40] [SEVERE ] removing tokens from slot 10
[2022-12-11 19:27:40] [SEVERE ] removing tokens from slot 11
[2022-12-11 19:27:40] [SEVERE ] removing card from slot 0
[2022-12-11 19:27:40] [SEVERE ] removing card from slot 1
[2022-12-11 19:27:40] [SEVERE ] removing card from slot 2
[2022-12-11 19:27:40] [SEVERE ] setting player 0 score to 11
[2022-12-11 19:27:40] [SEVERE ] placing card 59 in slot 0
[2022-12-11 19:27:40] [SEVERE ] placing card 41 in slot 1
[2022-12-11 19:27:41] [SEVERE ] placing card 44 in slot 2
[2022-12-11 19:27:41] [SEVERE ] Key 81 was pressed by player 0
[2022-12-11 19:27:41] [SEVERE ] player 0 placing token on slot 0
[2022-12-11 19:27:41] [SEVERE ] Key 87 was pressed by player 0
[2022-12-11 19:27:41] [SEVERE ] player 0 placing token on slot 1
[2022-12-11 19:27:41] [SEVERE ] Key 69 was pressed by player 0
[2022-12-11 19:27:41] [SEVERE ] player 0 placing token on slot 2
[2022-12-11 19:27:41] [SEVERE ] removing all tokens
[2022-12-11 19:27:41] [SEVERE ] removing tokens from slot 0
[2022-12-11 19:27:41] [SEVERE ] removing tokens from slot 1
[2022-12-11 19:27:41] [SEVERE ] removing tokens from slot 2
[2022-12-11 19:27:41] [SEVERE ] removing tokens from slot 3
[2022-12-11 19:27:41] [SEVERE ] removing tokens from slot 4
[2022-12-11 19:27:41] [SEVERE ] removing tokens from slot 5
[2022-12-11 19:27:41] [SEVERE ] removing tokens from slot 6
[2022-12-11 19:27:41] [SEVERE ] removing tokens from slot 7
[2022-12-11 19:27:41] [SEVERE ] removing tokens from slot 8
[2022-12-11 19:27:41] [SEVERE ] removing tokens from slot 9
[2022-12-11 19:27:41] [SEVERE ] removing tokens from slot 10
[2022-12-11 19:27:41] [SEVERE ] removing tokens from slot 11
[2022-12-11 19:27:41] [SEVERE ] removing card from slot 0
[2022-12-11 19:27:41] [SEVERE ] removing card from slot 1
[2022-12-11 19:27:41] [SEVERE ] removing card from slot 2
[2022-12-11 19:27:41] [SEVERE ] setting player 0 score to 12
[2022-12-11 19:27:41] [SEVERE ] placing card 28 in slot 0
[2022-12-11 19:27:41] [SEVERE ] placing card 48 in slot 1
[2022-12-11 19:27:42] [SEVERE ] placing card 13 in slot 2
[2022-12-11 19:27:42] [SEVERE ] Key 81 was pressed by player 0
[2022-12-11 19:27:42] [SEVERE ] player 0 placing token on slot 0
[2022-12-11 19:27:42] [SEVERE ] Key 87 was pressed by player 0
[2022-12-11 19:27:42] [SEVERE ] player 0 placing token on slot 1
[2022-12-11 19:27:42] [SEVERE ] Key 69 was pressed by player 0
[2022-12-11 19:27:42] [SEVERE ] player 0 placing token on slot 2
[2022-12-11 19:27:42] [SEVERE ] removing all tokens
[2022-12-11 19:27:42] [SEVERE ] removing tokens from slot 0
[2022-12-11 19:27:42] [SEVERE ] removing tokens from slot 1
[2022-12-11 19:27:42] [SEVERE ] removing tokens from slot 2
[2022-12-11 19:27:42] [SEVERE ] removing tokens from slot 3
[2022-12-11 19:27:42] [SEVERE ] removing tokens from slot 4
[2022-12-11 19:27:42] [SEVERE ] removing tokens from slot 5
[2022-12-11 19:27:42] [SEVERE ] removing tokens from slot 6
[2022-12-11 19:27:42] [SEVERE ] removing tokens from slot 7
[2022-12-11 19:27:42] [SEVERE ] removing tokens from slot 8
[2022-12-11 19:27:42] [SEVERE ] removing tokens from slot 9
[2022-12-11 19:27:42] [SEVERE ] removing tokens from slot 10
[2022-12-11 19:27:42] [SEVERE ] removing tokens from slot 11
[2022-12-11 19:27:42] [SEVERE ] removing card from slot 0
[2022-12-11 19:27:42] [SEVERE ] removing card from slot 1
[2022-12-11 19:27:42] [SEVERE ] removing card from slot 2
[2022-12-11 19:27:42] [SEVERE ] setting player 0 score to 13
[2022-12-11 19:27:42] [SEVERE ] placing card 14 in slot 0
[2022-12-11 19:27:42] [SEVERE ] placing card 18 in slot 1
[2022-12-11 19:27:43] [SEVERE ] placing card 2 in slot 2
[2022-12-11 19:28:14] [SEVERE ] removing card from slot 0
[2022-12-11 19:28:14] [SEVERE ] removing card from slot 1
[2022-12-11 19:28:14] [SEVERE ] removing card from slot 2
[2022-12-11 19:28:15] [SEVERE ] removing card from slot 3
[2022-12-11 19:28:15] [SEVERE ] removing card from slot 4
[2022-12-11 19:28:15] [SEVERE ] removing card from slot 5
[2022-12-11 19:28:15] [SEVERE ] removing card from slot 6
[2022-12-11 19:28:15] [SEVERE ] removing card from slot 7
[2022-12-11 19:28:15] [SEVERE ] removing card from slot 8
[2022-12-11 19:28:15] [SEVERE ] removing card from slot 9
[2022-12-11 19:28:15] [SEVERE ] removing card from slot 10
[2022-12-11 19:28:15] [SEVERE ] removing card from slot 11
[2022-12-11 19:28:16] [SEVERE ] placing card 2 in slot 0
[2022-12-11 19:28:16] [SEVERE ] placing card 25 in slot 1
[2022-12-11 19:28:16] [SEVERE ] placing card 56 in slot 2
[2022-12-11 19:28:16] [SEVERE ] placing card 79 in slot 3
[2022-12-11 19:28:16] [SEVERE ] placing card 8 in slot 4
[2022-12-11 19:28:16] [SEVERE ] placing card 78 in slot 5
[2022-12-11 19:28:16] [SEVERE ] placing card 12 in slot 6
[2022-12-11 19:28:16] [SEVERE ] placing card 38 in slot 7
[2022-12-11 19:28:16] [SEVERE ] placing card 37 in slot 8
[2022-12-11 19:28:17] [SEVERE ] placing card 31 in slot 9
[2022-12-11 19:28:17] [SEVERE ] placing card 20 in slot 10
[2022-12-11 19:28:17] [SEVERE ] placing card 74 in slot 11
[2022-12-11 19:28:17] [INFO   ] Thread Thread-2starting.
[2022-12-11 19:28:17] [INFO   ] Thread Thread-3starting.
[2022-12-11 19:29:17] [SEVERE ] removing card from slot 0
[2022-12-11 19:29:17] [SEVERE ] removing card from slot 1
[2022-12-11 19:29:17] [SEVERE ] removing card from slot 2
[2022-12-11 19:29:17] [SEVERE ] removing card from slot 3
[2022-12-11 19:29:17] [SEVERE ] removing card from slot 4
[2022-12-11 19:29:17] [SEVERE ] removing card from slot 5
[2022-12-11 19:29:17] [SEVERE ] removing card from slot 6
[2022-12-11 19:29:18] [SEVERE ] removing card from slot 7
[2022-12-11 19:29:18] [SEVERE ] removing card from slot 8
[2022-12-11 19:29:18] [SEVERE ] removing card from slot 9
[2022-12-11 19:29:18] [SEVERE ] removing card from slot 10
[2022-12-11 19:29:18] [SEVERE ] removing card from slot 11
[2022-12-11 19:29:18] [SEVERE ] placing card 68 in slot 0
[2022-12-11 19:29:18] [SEVERE ] placing card 8 in slot 1
[2022-12-11 19:29:18] [SEVERE ] placing card 64 in slot 2
[2022-12-11 19:29:18] [SEVERE ] placing card 67 in slot 3
[2022-12-11 19:29:19] [SEVERE ] placing card 56 in slot 4
[2022-12-11 19:29:19] [SEVERE ] placing card 17 in slot 5
[2022-12-11 19:29:19] [SEVERE ] placing card 16 in slot 6
[2022-12-11 19:29:19] [SEVERE ] placing card 72 in slot 7
