[2022-12-11 18:35:18] [INFO   ] cannot read configuration file config.properties trying from resources.
[2022-12-11 18:35:18] [INFO   ] configuration file was loaded from resources directory.
[2022-12-11 18:35:20] [INFO   ] Thread dealer starting.
[2022-12-11 18:35:20] [SEVERE ] placing card 72 in slot 0
[2022-12-11 18:35:21] [SEVERE ] placing card 14 in slot 1
[2022-12-11 18:35:21] [SEVERE ] placing card 39 in slot 2
[2022-12-11 18:35:21] [SEVERE ] placing card 69 in slot 3
[2022-12-11 18:35:21] [SEVERE ] placing card 71 in slot 4
[2022-12-11 18:35:21] [SEVERE ] placing card 43 in slot 5
[2022-12-11 18:35:21] [SEVERE ] placing card 73 in slot 6
[2022-12-11 18:35:21] [SEVERE ] placing card 22 in slot 7
[2022-12-11 18:35:21] [SEVERE ] placing card 53 in slot 8
[2022-12-11 18:35:21] [SEVERE ] placing card 18 in slot 9
[2022-12-11 18:35:22] [SEVERE ] placing card 37 in slot 10
[2022-12-11 18:35:22] [SEVERE ] Key 81 was pressed by player 0
[2022-12-11 18:35:22] [SEVERE ] player 0 placing token on slot 0
[2022-12-11 18:35:22] [SEVERE ] placing card 23 in slot 11
[2022-12-11 18:35:22] [INFO   ] Thread dealerstarting.
[2022-12-11 18:35:22] [SEVERE ] Key 87 was pressed by player 0
[2022-12-11 18:35:22] [SEVERE ] player 0 placing token on slot 1
[2022-12-11 18:35:22] [SEVERE ] Key 69 was pressed by player 0
[2022-12-11 18:35:22] [SEVERE ] player 0 placing token on slot 2
[2022-12-11 18:35:22] [INFO   ] Thread dealer terminated.
[2022-12-11 18:35:22] [SEVERE ] removing all tokens
[2022-12-11 18:35:22] [SEVERE ] removing tokens from slot 0
[2022-12-11 18:35:22] [SEVERE ] removing tokens from slot 1
[2022-12-11 18:35:22] [SEVERE ] removing tokens from slot 2
[2022-12-11 18:35:22] [SEVERE ] removing tokens from slot 3
[2022-12-11 18:35:22] [SEVERE ] removing tokens from slot 4
[2022-12-11 18:35:22] [SEVERE ] removing tokens from slot 5
[2022-12-11 18:35:22] [SEVERE ] removing tokens from slot 6
[2022-12-11 18:35:22] [SEVERE ] removing tokens from slot 7
[2022-12-11 18:35:22] [SEVERE ] removing tokens from slot 8
[2022-12-11 18:35:22] [SEVERE ] removing tokens from slot 9
[2022-12-11 18:35:22] [SEVERE ] removing tokens from slot 10
[2022-12-11 18:35:22] [SEVERE ] removing tokens from slot 11
[2022-12-11 18:35:22] [SEVERE ] removing card from slot 0
[2022-12-11 18:35:22] [SEVERE ] removing card from slot 1
[2022-12-11 18:35:22] [SEVERE ] removing card from slot 2
[2022-12-11 18:35:22] [SEVERE ] setting player 0 score to 1
[2022-12-11 18:35:22] [SEVERE ] placing card 32 in slot 0
[2022-12-11 18:35:22] [SEVERE ] placing card 16 in slot 1
[2022-12-11 18:35:22] [SEVERE ] placing card 75 in slot 2
[2022-12-11 18:35:22] [INFO   ] Thread dealerstarting.
