[2022-12-11 22:34:48] [INFO   ] cannot read configuration file config.properties trying from resources.
[2022-12-11 22:34:48] [INFO   ] configuration file was loaded from resources directory.
[2022-12-11 22:34:49] [INFO   ] Thread dealer starting.
[2022-12-11 22:34:49] [SEVERE ] placing card 19 in slot 0
[2022-12-11 22:34:49] [SEVERE ] placing card 63 in slot 1
[2022-12-11 22:34:49] [SEVERE ] placing card 67 in slot 2
[2022-12-11 22:34:49] [SEVERE ] placing card 50 in slot 3
[2022-12-11 22:34:49] [SEVERE ] placing card 58 in slot 4
[2022-12-11 22:34:49] [SEVERE ] placing card 32 in slot 5
[2022-12-11 22:34:49] [SEVERE ] placing card 61 in slot 6
[2022-12-11 22:34:50] [SEVERE ] placing card 57 in slot 7
[2022-12-11 22:34:50] [SEVERE ] placing card 71 in slot 8
[2022-12-11 22:34:50] [SEVERE ] placing card 60 in slot 9
[2022-12-11 22:34:50] [SEVERE ] placing card 39 in slot 10
[2022-12-11 22:34:50] [SEVERE ] placing card 7 in slot 11
[2022-12-11 22:34:50] [INFO   ] Thread Thread-1starting.
[2022-12-11 22:34:50] [INFO   ] Thread Thread-0starting.
[2022-12-11 22:34:52] [SEVERE ] Key 81 was pressed by player 0
[2022-12-11 22:34:52] [SEVERE ] player 0 placing token on slot 0
[2022-12-11 22:34:52] [SEVERE ] Key 87 was pressed by player 0
[2022-12-11 22:34:52] [SEVERE ] player 0 placing token on slot 1
[2022-12-11 22:34:52] [SEVERE ] Key 69 was pressed by player 0
[2022-12-11 22:34:52] [SEVERE ] player 0 placing token on slot 2
[2022-12-11 22:34:52] [SEVERE ] removing tokens from slot 0
[2022-12-11 22:34:52] [SEVERE ] removing tokens from slot 1
[2022-12-11 22:34:52] [SEVERE ] removing tokens from slot 2
[2022-12-11 22:34:52] [SEVERE ] removing card from slot 0
[2022-12-11 22:34:52] [SEVERE ] removing card from slot 1
[2022-12-11 22:34:52] [SEVERE ] removing card from slot 2
[2022-12-11 22:34:52] [SEVERE ] setting player 0 score to 1
[2022-12-11 22:34:52] [SEVERE ] placing card 62 in slot 0
[2022-12-11 22:34:53] [SEVERE ] placing card 25 in slot 1
[2022-12-11 22:34:53] [SEVERE ] placing card 77 in slot 2
[2022-12-11 22:34:53] [SEVERE ] Key 83 was pressed by player 0
[2022-12-11 22:34:53] [SEVERE ] player 0 placing token on slot 5
[2022-12-11 22:34:53] [SEVERE ] Key 65 was pressed by player 0
[2022-12-11 22:34:53] [SEVERE ] player 0 placing token on slot 4
[2022-12-11 22:34:53] [SEVERE ] Key 68 was pressed by player 0
[2022-12-11 22:34:53] [SEVERE ] player 0 placing token on slot 6
[2022-12-11 22:34:53] [SEVERE ] removing tokens from slot 5
[2022-12-11 22:34:53] [SEVERE ] removing tokens from slot 4
[2022-12-11 22:34:53] [SEVERE ] removing tokens from slot 6
[2022-12-11 22:34:54] [SEVERE ] removing card from slot 5
[2022-12-11 22:34:54] [SEVERE ] removing card from slot 4
[2022-12-11 22:34:54] [SEVERE ] removing card from slot 6
[2022-12-11 22:34:54] [SEVERE ] setting player 0 score to 2
[2022-12-11 22:34:54] [SEVERE ] placing card 3 in slot 4
[2022-12-11 22:34:54] [SEVERE ] placing card 12 in slot 5
[2022-12-11 22:34:54] [SEVERE ] placing card 78 in slot 6
[2022-12-11 22:34:55] [SEVERE ] Key 69 was pressed by player 0
[2022-12-11 22:34:55] [SEVERE ] player 0 placing token on slot 2
[2022-12-11 22:34:55] [SEVERE ] Key 82 was pressed by player 0
[2022-12-11 22:34:55] [SEVERE ] player 0 placing token on slot 3
[2022-12-11 22:34:55] [SEVERE ] Key 87 was pressed by player 0
[2022-12-11 22:34:55] [SEVERE ] player 0 placing token on slot 1
[2022-12-11 22:34:55] [SEVERE ] removing tokens from slot 2
[2022-12-11 22:34:55] [SEVERE ] removing tokens from slot 3
[2022-12-11 22:34:55] [SEVERE ] removing tokens from slot 1
[2022-12-11 22:34:55] [SEVERE ] Key 70 was pressed by player 0
[2022-12-11 22:34:55] [SEVERE ] player 0 placing token on slot 7
[2022-12-11 22:34:55] [SEVERE ] removing card from slot 2
[2022-12-11 22:34:55] [SEVERE ] removing card from slot 3
[2022-12-11 22:34:55] [SEVERE ] removing card from slot 1
[2022-12-11 22:34:55] [SEVERE ] setting player 0 score to 3
[2022-12-11 22:34:55] [SEVERE ] placing card 45 in slot 1
[2022-12-11 22:34:56] [SEVERE ] placing card 26 in slot 2
[2022-12-11 22:34:56] [SEVERE ] placing card 74 in slot 3
[2022-12-11 22:34:56] [SEVERE ] Key 70 was pressed by player 0
[2022-12-11 22:34:56] [SEVERE ] removing player 0 token from slot 7
[2022-12-11 22:34:56] [SEVERE ] Key 69 was pressed by player 0
[2022-12-11 22:34:56] [SEVERE ] player 0 placing token on slot 2
[2022-12-11 22:34:56] [SEVERE ] Key 87 was pressed by player 0
[2022-12-11 22:34:56] [SEVERE ] player 0 placing token on slot 1
[2022-12-11 22:34:57] [SEVERE ] Key 87 was pressed by player 0
[2022-12-11 22:34:57] [SEVERE ] removing player 0 token from slot 1
[2022-12-11 22:34:58] [SEVERE ] Key 81 was pressed by player 0
[2022-12-11 22:34:58] [SEVERE ] player 0 placing token on slot 0
[2022-12-11 22:34:58] [SEVERE ] Key 69 was pressed by player 0
[2022-12-11 22:34:58] [SEVERE ] removing player 0 token from slot 2
[2022-12-11 22:34:58] [SEVERE ] Key 81 was pressed by player 0
[2022-12-11 22:34:58] [SEVERE ] removing player 0 token from slot 0
[2022-12-11 22:34:59] [SEVERE ] Key 87 was pressed by player 0
[2022-12-11 22:34:59] [SEVERE ] player 0 placing token on slot 1
[2022-12-11 22:35:00] [SEVERE ] Key 87 was pressed by player 0
[2022-12-11 22:35:00] [SEVERE ] removing player 0 token from slot 1
[2022-12-11 22:35:00] [SEVERE ] Key 69 was pressed by player 0
[2022-12-11 22:35:00] [SEVERE ] player 0 placing token on slot 2
[2022-12-11 22:35:01] [SEVERE ] Key 87 was pressed by player 0
[2022-12-11 22:35:01] [SEVERE ] player 0 placing token on slot 1
[2022-12-11 22:35:01] [SEVERE ] Key 81 was pressed by player 0
[2022-12-11 22:35:01] [SEVERE ] player 0 placing token on slot 0
[2022-12-11 22:35:01] [SEVERE ] removing tokens from slot 2
[2022-12-11 22:35:01] [SEVERE ] removing tokens from slot 1
[2022-12-11 22:35:01] [SEVERE ] removing tokens from slot 0
[2022-12-11 22:35:01] [SEVERE ] removing card from slot 2
[2022-12-11 22:35:01] [SEVERE ] removing card from slot 1
[2022-12-11 22:35:02] [SEVERE ] removing card from slot 0
[2022-12-11 22:35:02] [SEVERE ] setting player 0 score to 4
[2022-12-11 22:35:02] [SEVERE ] placing card 13 in slot 0
[2022-12-11 22:35:02] [SEVERE ] placing card 4 in slot 1
[2022-12-11 22:35:02] [SEVERE ] placing card 41 in slot 2
[2022-12-11 22:35:03] [SEVERE ] Key 65 was pressed by player 0
[2022-12-11 22:35:03] [SEVERE ] player 0 placing token on slot 4
[2022-12-11 22:35:03] [SEVERE ] Key 83 was pressed by player 0
[2022-12-11 22:35:03] [SEVERE ] player 0 placing token on slot 5
[2022-12-11 22:35:03] [SEVERE ] Key 68 was pressed by player 0
[2022-12-11 22:35:03] [SEVERE ] player 0 placing token on slot 6
[2022-12-11 22:35:03] [SEVERE ] removing tokens from slot 4
[2022-12-11 22:35:03] [SEVERE ] removing tokens from slot 5
[2022-12-11 22:35:03] [SEVERE ] removing tokens from slot 6
[2022-12-11 22:35:03] [SEVERE ] removing card from slot 4
[2022-12-11 22:35:03] [SEVERE ] removing card from slot 5
[2022-12-11 22:35:03] [SEVERE ] removing card from slot 6
[2022-12-11 22:35:03] [SEVERE ] setting player 0 score to 5
[2022-12-11 22:35:03] [SEVERE ] placing card 68 in slot 4
[2022-12-11 22:35:03] [SEVERE ] placing card 20 in slot 5
[2022-12-11 22:35:03] [SEVERE ] placing card 69 in slot 6
[2022-12-11 22:35:11] [SEVERE ] Key 87 was pressed by player 0
[2022-12-11 22:35:11] [SEVERE ] player 0 placing token on slot 1
[2022-12-11 22:35:11] [SEVERE ] Key 69 was pressed by player 0
[2022-12-11 22:35:11] [SEVERE ] player 0 placing token on slot 2
[2022-12-11 22:35:12] [SEVERE ] Key 81 was pressed by player 0
[2022-12-11 22:35:12] [SEVERE ] player 0 placing token on slot 0
[2022-12-11 22:35:12] [SEVERE ] removing tokens from slot 1
[2022-12-11 22:35:12] [SEVERE ] removing tokens from slot 2
[2022-12-11 22:35:12] [SEVERE ] removing tokens from slot 0
[2022-12-11 22:35:12] [SEVERE ] removing card from slot 1
[2022-12-11 22:35:12] [SEVERE ] removing card from slot 2
[2022-12-11 22:35:12] [SEVERE ] removing card from slot 0
[2022-12-11 22:35:12] [SEVERE ] setting player 0 score to 6
[2022-12-11 22:35:13] [SEVERE ] placing card 15 in slot 0
[2022-12-11 22:35:13] [SEVERE ] placing card 16 in slot 1
[2022-12-11 22:35:13] [SEVERE ] placing card 34 in slot 2
[2022-12-11 22:35:16] [SEVERE ] Key 65 was pressed by player 0
[2022-12-11 22:35:16] [SEVERE ] player 0 placing token on slot 4
[2022-12-11 22:35:16] [SEVERE ] Key 68 was pressed by player 0
[2022-12-11 22:35:16] [SEVERE ] player 0 placing token on slot 6
[2022-12-11 22:35:16] [SEVERE ] Key 83 was pressed by player 0
[2022-12-11 22:35:16] [SEVERE ] player 0 placing token on slot 5
[2022-12-11 22:35:16] [SEVERE ] removing tokens from slot 4
[2022-12-11 22:35:16] [SEVERE ] removing tokens from slot 6
[2022-12-11 22:35:16] [SEVERE ] removing tokens from slot 5
[2022-12-11 22:35:16] [SEVERE ] removing card from slot 4
[2022-12-11 22:35:16] [SEVERE ] removing card from slot 6
[2022-12-11 22:35:16] [SEVERE ] removing card from slot 5
[2022-12-11 22:35:16] [SEVERE ] setting player 0 score to 7
[2022-12-11 22:35:16] [SEVERE ] placing card 55 in slot 4
[2022-12-11 22:35:16] [SEVERE ] Key 83 was pressed by player 0
[2022-12-11 22:35:17] [SEVERE ] Key 83 was pressed by player 0
[2022-12-11 22:35:17] [SEVERE ] placing card 64 in slot 5
[2022-12-11 22:35:17] [SEVERE ] Key 83 was pressed by player 0
[2022-12-11 22:35:17] [SEVERE ] player 0 placing token on slot 5
[2022-12-11 22:35:17] [SEVERE ] Key 83 was pressed by player 0
[2022-12-11 22:35:17] [SEVERE ] removing player 0 token from slot 5
[2022-12-11 22:35:17] [SEVERE ] Key 83 was pressed by player 0
[2022-12-11 22:35:17] [SEVERE ] player 0 placing token on slot 5
[2022-12-11 22:35:17] [SEVERE ] placing card 21 in slot 6
[2022-12-11 22:35:17] [SEVERE ] Key 83 was pressed by player 0
[2022-12-11 22:35:17] [SEVERE ] removing player 0 token from slot 5
[2022-12-11 22:35:17] [SEVERE ] Key 83 was pressed by player 0
[2022-12-11 22:35:17] [SEVERE ] player 0 placing token on slot 5
[2022-12-11 22:35:17] [SEVERE ] Key 83 was pressed by player 0
[2022-12-11 22:35:17] [SEVERE ] removing player 0 token from slot 5
[2022-12-11 22:35:17] [SEVERE ] Key 83 was pressed by player 0
[2022-12-11 22:35:17] [SEVERE ] player 0 placing token on slot 5
[2022-12-11 22:35:17] [SEVERE ] Key 83 was pressed by player 0
[2022-12-11 22:35:17] [SEVERE ] removing player 0 token from slot 5
[2022-12-11 22:35:17] [SEVERE ] Key 83 was pressed by player 0
[2022-12-11 22:35:17] [SEVERE ] player 0 placing token on slot 5
[2022-12-11 22:35:17] [SEVERE ] Key 83 was pressed by player 0
[2022-12-11 22:35:17] [SEVERE ] removing player 0 token from slot 5
[2022-12-11 22:35:17] [SEVERE ] Key 83 was pressed by player 0
[2022-12-11 22:35:17] [SEVERE ] player 0 placing token on slot 5
[2022-12-11 22:35:17] [SEVERE ] Key 83 was pressed by player 0
[2022-12-11 22:35:17] [SEVERE ] removing player 0 token from slot 5
[2022-12-11 22:35:17] [SEVERE ] Key 83 was pressed by player 0
[2022-12-11 22:35:17] [SEVERE ] player 0 placing token on slot 5
[2022-12-11 22:35:17] [SEVERE ] Key 83 was pressed by player 0
[2022-12-11 22:35:17] [SEVERE ] removing player 0 token from slot 5
[2022-12-11 22:35:17] [SEVERE ] Key 83 was pressed by player 0
[2022-12-11 22:35:17] [SEVERE ] player 0 placing token on slot 5
[2022-12-11 22:35:17] [SEVERE ] Key 83 was pressed by player 0
[2022-12-11 22:35:17] [SEVERE ] removing player 0 token from slot 5
[2022-12-11 22:35:17] [SEVERE ] Key 83 was pressed by player 0
[2022-12-11 22:35:17] [SEVERE ] player 0 placing token on slot 5
[2022-12-11 22:35:17] [SEVERE ] Key 83 was pressed by player 0
[2022-12-11 22:35:17] [SEVERE ] removing player 0 token from slot 5
[2022-12-11 22:35:17] [SEVERE ] Key 83 was pressed by player 0
[2022-12-11 22:35:17] [SEVERE ] player 0 placing token on slot 5
[2022-12-11 22:35:17] [SEVERE ] Key 83 was pressed by player 0
[2022-12-11 22:35:17] [SEVERE ] removing player 0 token from slot 5
[2022-12-11 22:35:17] [SEVERE ] Key 83 was pressed by player 0
[2022-12-11 22:35:17] [SEVERE ] player 0 placing token on slot 5
[2022-12-11 22:35:17] [SEVERE ] Key 83 was pressed by player 0
[2022-12-11 22:35:17] [SEVERE ] removing player 0 token from slot 5
[2022-12-11 22:35:17] [SEVERE ] Key 83 was pressed by player 0
[2022-12-11 22:35:17] [SEVERE ] player 0 placing token on slot 5
[2022-12-11 22:35:17] [SEVERE ] Key 83 was pressed by player 0
[2022-12-11 22:35:17] [SEVERE ] removing player 0 token from slot 5
[2022-12-11 22:35:17] [SEVERE ] Key 83 was pressed by player 0
[2022-12-11 22:35:17] [SEVERE ] player 0 placing token on slot 5
[2022-12-11 22:35:17] [SEVERE ] Key 83 was pressed by player 0
[2022-12-11 22:35:17] [SEVERE ] removing player 0 token from slot 5
[2022-12-11 22:35:17] [SEVERE ] Key 83 was pressed by player 0
[2022-12-11 22:35:17] [SEVERE ] player 0 placing token on slot 5
[2022-12-11 22:35:17] [SEVERE ] Key 83 was pressed by player 0
[2022-12-11 22:35:17] [SEVERE ] removing player 0 token from slot 5
[2022-12-11 22:35:17] [SEVERE ] Key 83 was pressed by player 0
[2022-12-11 22:35:17] [SEVERE ] player 0 placing token on slot 5
[2022-12-11 22:35:18] [SEVERE ] Key 83 was pressed by player 0
[2022-12-11 22:35:18] [SEVERE ] removing player 0 token from slot 5
[2022-12-11 22:35:18] [SEVERE ] Key 83 was pressed by player 0
[2022-12-11 22:35:18] [SEVERE ] player 0 placing token on slot 5
[2022-12-11 22:35:18] [SEVERE ] Key 83 was pressed by player 0
[2022-12-11 22:35:18] [SEVERE ] removing player 0 token from slot 5
[2022-12-11 22:35:18] [SEVERE ] Key 83 was pressed by player 0
[2022-12-11 22:35:18] [SEVERE ] player 0 placing token on slot 5
[2022-12-11 22:35:18] [SEVERE ] Key 83 was pressed by player 0
[2022-12-11 22:35:18] [SEVERE ] removing player 0 token from slot 5
[2022-12-11 22:35:18] [SEVERE ] Key 83 was pressed by player 0
[2022-12-11 22:35:18] [SEVERE ] player 0 placing token on slot 5
[2022-12-11 22:35:18] [SEVERE ] Key 83 was pressed by player 0
[2022-12-11 22:35:18] [SEVERE ] removing player 0 token from slot 5
[2022-12-11 22:35:18] [SEVERE ] Key 83 was pressed by player 0
[2022-12-11 22:35:18] [SEVERE ] player 0 placing token on slot 5
[2022-12-11 22:35:18] [SEVERE ] Key 83 was pressed by player 0
[2022-12-11 22:35:18] [SEVERE ] removing player 0 token from slot 5
[2022-12-11 22:35:18] [SEVERE ] Key 83 was pressed by player 0
[2022-12-11 22:35:18] [SEVERE ] player 0 placing token on slot 5
[2022-12-11 22:35:18] [SEVERE ] Key 83 was pressed by player 0
[2022-12-11 22:35:18] [SEVERE ] removing player 0 token from slot 5
[2022-12-11 22:35:18] [SEVERE ] Key 83 was pressed by player 0
[2022-12-11 22:35:18] [SEVERE ] player 0 placing token on slot 5
[2022-12-11 22:35:18] [SEVERE ] Key 83 was pressed by player 0
[2022-12-11 22:35:18] [SEVERE ] removing player 0 token from slot 5
[2022-12-11 22:35:18] [SEVERE ] Key 83 was pressed by player 0
[2022-12-11 22:35:18] [SEVERE ] player 0 placing token on slot 5
[2022-12-11 22:35:18] [SEVERE ] Key 83 was pressed by player 0
[2022-12-11 22:35:18] [SEVERE ] removing player 0 token from slot 5
[2022-12-11 22:35:18] [SEVERE ] Key 83 was pressed by player 0
[2022-12-11 22:35:18] [SEVERE ] player 0 placing token on slot 5
[2022-12-11 22:35:18] [SEVERE ] Key 83 was pressed by player 0
[2022-12-11 22:35:18] [SEVERE ] removing player 0 token from slot 5
[2022-12-11 22:35:18] [SEVERE ] Key 83 was pressed by player 0
[2022-12-11 22:35:18] [SEVERE ] player 0 placing token on slot 5
[2022-12-11 22:35:18] [SEVERE ] Key 83 was pressed by player 0
[2022-12-11 22:35:18] [SEVERE ] removing player 0 token from slot 5
[2022-12-11 22:35:19] [SEVERE ] Key 83 was pressed by player 0
[2022-12-11 22:35:19] [SEVERE ] player 0 placing token on slot 5
[2022-12-11 22:35:19] [SEVERE ] Key 83 was pressed by player 0
[2022-12-11 22:35:19] [SEVERE ] removing player 0 token from slot 5
[2022-12-11 22:35:19] [SEVERE ] Key 83 was pressed by player 0
[2022-12-11 22:35:19] [SEVERE ] player 0 placing token on slot 5
[2022-12-11 22:35:19] [SEVERE ] Key 83 was pressed by player 0
[2022-12-11 22:35:19] [SEVERE ] removing player 0 token from slot 5
[2022-12-11 22:35:19] [SEVERE ] Key 83 was pressed by player 0
[2022-12-11 22:35:19] [SEVERE ] player 0 placing token on slot 5
[2022-12-11 22:35:19] [SEVERE ] Key 83 was pressed by player 0
[2022-12-11 22:35:19] [SEVERE ] removing player 0 token from slot 5
[2022-12-11 22:35:19] [SEVERE ] Key 83 was pressed by player 0
[2022-12-11 22:35:19] [SEVERE ] player 0 placing token on slot 5
[2022-12-11 22:35:19] [SEVERE ] Key 83 was pressed by player 0
[2022-12-11 22:35:19] [SEVERE ] removing player 0 token from slot 5
[2022-12-11 22:35:19] [SEVERE ] Key 83 was pressed by player 0
[2022-12-11 22:35:19] [SEVERE ] player 0 placing token on slot 5
[2022-12-11 22:35:19] [SEVERE ] Key 83 was pressed by player 0
[2022-12-11 22:35:19] [SEVERE ] removing player 0 token from slot 5
[2022-12-11 22:35:19] [SEVERE ] Key 83 was pressed by player 0
[2022-12-11 22:35:19] [SEVERE ] player 0 placing token on slot 5
[2022-12-11 22:35:19] [SEVERE ] Key 83 was pressed by player 0
[2022-12-11 22:35:19] [SEVERE ] removing player 0 token from slot 5
[2022-12-11 22:35:19] [SEVERE ] Key 83 was pressed by player 0
[2022-12-11 22:35:19] [SEVERE ] player 0 placing token on slot 5
[2022-12-11 22:35:19] [SEVERE ] Key 83 was pressed by player 0
[2022-12-11 22:35:19] [SEVERE ] removing player 0 token from slot 5
[2022-12-11 22:35:19] [SEVERE ] Key 83 was pressed by player 0
[2022-12-11 22:35:19] [SEVERE ] player 0 placing token on slot 5
[2022-12-11 22:35:19] [SEVERE ] Key 83 was pressed by player 0
[2022-12-11 22:35:19] [SEVERE ] removing player 0 token from slot 5
[2022-12-11 22:35:20] [SEVERE ] Key 83 was pressed by player 0
[2022-12-11 22:35:20] [SEVERE ] player 0 placing token on slot 5
[2022-12-11 22:35:20] [SEVERE ] Key 83 was pressed by player 0
[2022-12-11 22:35:20] [SEVERE ] removing player 0 token from slot 5
[2022-12-11 22:35:20] [SEVERE ] Key 83 was pressed by player 0
[2022-12-11 22:35:20] [SEVERE ] player 0 placing token on slot 5
[2022-12-11 22:35:20] [SEVERE ] Key 83 was pressed by player 0
[2022-12-11 22:35:20] [SEVERE ] removing player 0 token from slot 5
[2022-12-11 22:35:20] [SEVERE ] Key 83 was pressed by player 0
[2022-12-11 22:35:20] [SEVERE ] player 0 placing token on slot 5
[2022-12-11 22:35:20] [SEVERE ] Key 83 was pressed by player 0
[2022-12-11 22:35:20] [SEVERE ] removing player 0 token from slot 5
[2022-12-11 22:35:20] [SEVERE ] Key 83 was pressed by player 0
[2022-12-11 22:35:20] [SEVERE ] player 0 placing token on slot 5
[2022-12-11 22:35:20] [SEVERE ] Key 83 was pressed by player 0
[2022-12-11 22:35:20] [SEVERE ] removing player 0 token from slot 5
[2022-12-11 22:35:20] [SEVERE ] Key 83 was pressed by player 0
[2022-12-11 22:35:20] [SEVERE ] player 0 placing token on slot 5
[2022-12-11 22:35:20] [SEVERE ] Key 83 was pressed by player 0
[2022-12-11 22:35:20] [SEVERE ] removing player 0 token from slot 5
[2022-12-11 22:35:20] [SEVERE ] Key 83 was pressed by player 0
[2022-12-11 22:35:20] [SEVERE ] player 0 placing token on slot 5
[2022-12-11 22:35:20] [SEVERE ] Key 83 was pressed by player 0
[2022-12-11 22:35:20] [SEVERE ] removing player 0 token from slot 5
[2022-12-11 22:35:20] [SEVERE ] Key 83 was pressed by player 0
[2022-12-11 22:35:20] [SEVERE ] player 0 placing token on slot 5
[2022-12-11 22:35:20] [SEVERE ] Key 83 was pressed by player 0
[2022-12-11 22:35:20] [SEVERE ] removing player 0 token from slot 5
[2022-12-11 22:35:20] [SEVERE ] Key 83 was pressed by player 0
[2022-12-11 22:35:20] [SEVERE ] player 0 placing token on slot 5
[2022-12-11 22:35:20] [SEVERE ] Key 83 was pressed by player 0
[2022-12-11 22:35:20] [SEVERE ] removing player 0 token from slot 5
[2022-12-11 22:35:20] [SEVERE ] Key 83 was pressed by player 0
[2022-12-11 22:35:20] [SEVERE ] player 0 placing token on slot 5
[2022-12-11 22:35:20] [SEVERE ] Key 83 was pressed by player 0
[2022-12-11 22:35:20] [SEVERE ] removing player 0 token from slot 5
[2022-12-11 22:35:20] [SEVERE ] Key 83 was pressed by player 0
[2022-12-11 22:35:20] [SEVERE ] player 0 placing token on slot 5
[2022-12-11 22:35:20] [SEVERE ] Key 83 was pressed by player 0
[2022-12-11 22:35:20] [SEVERE ] removing player 0 token from slot 5
[2022-12-11 22:35:20] [SEVERE ] Key 83 was pressed by player 0
[2022-12-11 22:35:20] [SEVERE ] player 0 placing token on slot 5
[2022-12-11 22:35:20] [SEVERE ] Key 83 was pressed by player 0
[2022-12-11 22:35:20] [SEVERE ] removing player 0 token from slot 5
[2022-12-11 22:35:20] [SEVERE ] Key 83 was pressed by player 0
[2022-12-11 22:35:20] [SEVERE ] player 0 placing token on slot 5
[2022-12-11 22:35:20] [SEVERE ] Key 83 was pressed by player 0
[2022-12-11 22:35:20] [SEVERE ] removing player 0 token from slot 5
[2022-12-11 22:35:20] [SEVERE ] Key 83 was pressed by player 0
[2022-12-11 22:35:20] [SEVERE ] player 0 placing token on slot 5
[2022-12-11 22:35:20] [SEVERE ] Key 83 was pressed by player 0
[2022-12-11 22:35:20] [SEVERE ] removing player 0 token from slot 5
[2022-12-11 22:35:20] [SEVERE ] Key 83 was pressed by player 0
[2022-12-11 22:35:20] [SEVERE ] player 0 placing token on slot 5
[2022-12-11 22:35:20] [SEVERE ] Key 83 was pressed by player 0
[2022-12-11 22:35:20] [SEVERE ] removing player 0 token from slot 5
[2022-12-11 22:35:20] [SEVERE ] Key 83 was pressed by player 0
[2022-12-11 22:35:20] [SEVERE ] player 0 placing token on slot 5
[2022-12-11 22:35:20] [SEVERE ] Key 83 was pressed by player 0
[2022-12-11 22:35:20] [SEVERE ] removing player 0 token from slot 5
[2022-12-11 22:35:20] [SEVERE ] Key 68 was pressed by player 0
[2022-12-11 22:35:20] [SEVERE ] player 0 placing token on slot 6
[2022-12-11 22:35:21] [SEVERE ] Key 68 was pressed by player 0
[2022-12-11 22:35:21] [SEVERE ] removing player 0 token from slot 6
[2022-12-11 22:35:21] [SEVERE ] Key 68 was pressed by player 0
[2022-12-11 22:35:21] [SEVERE ] player 0 placing token on slot 6
[2022-12-11 22:35:21] [SEVERE ] Key 68 was pressed by player 0
[2022-12-11 22:35:21] [SEVERE ] removing player 0 token from slot 6
[2022-12-11 22:35:21] [SEVERE ] Key 68 was pressed by player 0
[2022-12-11 22:35:21] [SEVERE ] player 0 placing token on slot 6
[2022-12-11 22:35:21] [SEVERE ] Key 68 was pressed by player 0
[2022-12-11 22:35:21] [SEVERE ] removing player 0 token from slot 6
[2022-12-11 22:35:21] [SEVERE ] Key 68 was pressed by player 0
[2022-12-11 22:35:21] [SEVERE ] player 0 placing token on slot 6
[2022-12-11 22:35:21] [SEVERE ] Key 68 was pressed by player 0
[2022-12-11 22:35:21] [SEVERE ] removing player 0 token from slot 6
[2022-12-11 22:35:21] [SEVERE ] Key 68 was pressed by player 0
[2022-12-11 22:35:21] [SEVERE ] player 0 placing token on slot 6
[2022-12-11 22:35:21] [SEVERE ] Key 68 was pressed by player 0
[2022-12-11 22:35:21] [SEVERE ] removing player 0 token from slot 6
[2022-12-11 22:35:21] [SEVERE ] Key 68 was pressed by player 0
[2022-12-11 22:35:21] [SEVERE ] player 0 placing token on slot 6
[2022-12-11 22:35:21] [SEVERE ] Key 68 was pressed by player 0
[2022-12-11 22:35:21] [SEVERE ] removing player 0 token from slot 6
[2022-12-11 22:35:21] [SEVERE ] Key 68 was pressed by player 0
[2022-12-11 22:35:21] [SEVERE ] player 0 placing token on slot 6
[2022-12-11 22:35:21] [SEVERE ] Key 68 was pressed by player 0
[2022-12-11 22:35:21] [SEVERE ] removing player 0 token from slot 6
[2022-12-11 22:35:21] [SEVERE ] Key 68 was pressed by player 0
[2022-12-11 22:35:21] [SEVERE ] player 0 placing token on slot 6
[2022-12-11 22:35:21] [SEVERE ] Key 68 was pressed by player 0
[2022-12-11 22:35:21] [SEVERE ] removing player 0 token from slot 6
[2022-12-11 22:35:21] [SEVERE ] Key 68 was pressed by player 0
[2022-12-11 22:35:21] [SEVERE ] player 0 placing token on slot 6
[2022-12-11 22:35:22] [SEVERE ] Key 68 was pressed by player 0
[2022-12-11 22:35:22] [SEVERE ] removing player 0 token from slot 6
[2022-12-11 22:35:22] [SEVERE ] Key 65 was pressed by player 0
[2022-12-11 22:35:22] [SEVERE ] player 0 placing token on slot 4
[2022-12-11 22:35:22] [SEVERE ] Key 65 was pressed by player 0
[2022-12-11 22:35:22] [SEVERE ] removing player 0 token from slot 4
[2022-12-11 22:35:22] [SEVERE ] Key 65 was pressed by player 0
[2022-12-11 22:35:22] [SEVERE ] player 0 placing token on slot 4
[2022-12-11 22:35:22] [SEVERE ] Key 65 was pressed by player 0
[2022-12-11 22:35:22] [SEVERE ] removing player 0 token from slot 4
[2022-12-11 22:35:22] [SEVERE ] Key 65 was pressed by player 0
[2022-12-11 22:35:22] [SEVERE ] player 0 placing token on slot 4
[2022-12-11 22:35:22] [SEVERE ] Key 65 was pressed by player 0
[2022-12-11 22:35:22] [SEVERE ] removing player 0 token from slot 4
[2022-12-11 22:35:22] [SEVERE ] Key 65 was pressed by player 0
[2022-12-11 22:35:22] [SEVERE ] player 0 placing token on slot 4
[2022-12-11 22:35:22] [SEVERE ] Key 65 was pressed by player 0
[2022-12-11 22:35:22] [SEVERE ] removing player 0 token from slot 4
[2022-12-11 22:35:22] [SEVERE ] Key 65 was pressed by player 0
[2022-12-11 22:35:22] [SEVERE ] player 0 placing token on slot 4
[2022-12-11 22:35:22] [SEVERE ] Key 65 was pressed by player 0
[2022-12-11 22:35:22] [SEVERE ] removing player 0 token from slot 4
[2022-12-11 22:35:23] [SEVERE ] Key 65 was pressed by player 0
[2022-12-11 22:35:23] [SEVERE ] player 0 placing token on slot 4
[2022-12-11 22:35:23] [SEVERE ] Key 65 was pressed by player 0
[2022-12-11 22:35:23] [SEVERE ] removing player 0 token from slot 4
[2022-12-11 22:35:23] [SEVERE ] Key 65 was pressed by player 0
[2022-12-11 22:35:23] [SEVERE ] player 0 placing token on slot 4
[2022-12-11 22:35:23] [SEVERE ] Key 65 was pressed by player 0
[2022-12-11 22:35:23] [SEVERE ] removing player 0 token from slot 4
[2022-12-11 22:35:23] [SEVERE ] Key 65 was pressed by player 0
[2022-12-11 22:35:23] [SEVERE ] player 0 placing token on slot 4
[2022-12-11 22:35:23] [SEVERE ] Key 65 was pressed by player 0
[2022-12-11 22:35:23] [SEVERE ] removing player 0 token from slot 4
[2022-12-11 22:35:23] [SEVERE ] Key 65 was pressed by player 0
[2022-12-11 22:35:23] [SEVERE ] player 0 placing token on slot 4
[2022-12-11 22:35:23] [SEVERE ] Key 65 was pressed by player 0
[2022-12-11 22:35:23] [SEVERE ] removing player 0 token from slot 4
[2022-12-11 22:35:23] [SEVERE ] Key 65 was pressed by player 0
[2022-12-11 22:35:23] [SEVERE ] player 0 placing token on slot 4
[2022-12-11 22:35:23] [SEVERE ] Key 65 was pressed by player 0
[2022-12-11 22:35:23] [SEVERE ] removing player 0 token from slot 4
[2022-12-11 22:35:23] [SEVERE ] Key 65 was pressed by player 0
[2022-12-11 22:35:23] [SEVERE ] player 0 placing token on slot 4
[2022-12-11 22:35:23] [SEVERE ] Key 65 was pressed by player 0
[2022-12-11 22:35:23] [SEVERE ] removing player 0 token from slot 4
[2022-12-11 22:35:23] [SEVERE ] Key 65 was pressed by player 0
[2022-12-11 22:35:23] [SEVERE ] player 0 placing token on slot 4
[2022-12-11 22:35:23] [SEVERE ] Key 65 was pressed by player 0
[2022-12-11 22:35:23] [SEVERE ] removing player 0 token from slot 4
[2022-12-11 22:35:23] [SEVERE ] Key 65 was pressed by player 0
[2022-12-11 22:35:23] [SEVERE ] player 0 placing token on slot 4
[2022-12-11 22:35:23] [SEVERE ] Key 65 was pressed by player 0
[2022-12-11 22:35:23] [SEVERE ] removing player 0 token from slot 4
[2022-12-11 22:35:23] [SEVERE ] Key 65 was pressed by player 0
[2022-12-11 22:35:23] [SEVERE ] player 0 placing token on slot 4
[2022-12-11 22:35:23] [SEVERE ] Key 65 was pressed by player 0
[2022-12-11 22:35:23] [SEVERE ] removing player 0 token from slot 4
[2022-12-11 22:35:23] [SEVERE ] Key 65 was pressed by player 0
[2022-12-11 22:35:23] [SEVERE ] player 0 placing token on slot 4
[2022-12-11 22:35:23] [SEVERE ] Key 65 was pressed by player 0
[2022-12-11 22:35:23] [SEVERE ] removing player 0 token from slot 4
[2022-12-11 22:35:23] [SEVERE ] Key 65 was pressed by player 0
[2022-12-11 22:35:23] [SEVERE ] player 0 placing token on slot 4
[2022-12-11 22:35:23] [SEVERE ] Key 65 was pressed by player 0
[2022-12-11 22:35:23] [SEVERE ] removing player 0 token from slot 4
[2022-12-11 22:35:23] [SEVERE ] Key 65 was pressed by player 0
[2022-12-11 22:35:23] [SEVERE ] player 0 placing token on slot 4
[2022-12-11 22:35:23] [SEVERE ] Key 65 was pressed by player 0
[2022-12-11 22:35:23] [SEVERE ] removing player 0 token from slot 4
[2022-12-11 22:35:23] [SEVERE ] Key 65 was pressed by player 0
[2022-12-11 22:35:23] [SEVERE ] player 0 placing token on slot 4
[2022-12-11 22:35:23] [SEVERE ] Key 65 was pressed by player 0
[2022-12-11 22:35:23] [SEVERE ] removing player 0 token from slot 4
[2022-12-11 22:35:23] [SEVERE ] Key 65 was pressed by player 0
[2022-12-11 22:35:23] [SEVERE ] player 0 placing token on slot 4
[2022-12-11 22:35:23] [SEVERE ] Key 65 was pressed by player 0
[2022-12-11 22:35:23] [SEVERE ] removing player 0 token from slot 4
[2022-12-11 22:35:23] [SEVERE ] Key 65 was pressed by player 0
[2022-12-11 22:35:23] [SEVERE ] player 0 placing token on slot 4
[2022-12-11 22:35:23] [SEVERE ] Key 65 was pressed by player 0
[2022-12-11 22:35:23] [SEVERE ] removing player 0 token from slot 4
[2022-12-11 22:35:24] [SEVERE ] Key 65 was pressed by player 0
[2022-12-11 22:35:24] [SEVERE ] player 0 placing token on slot 4
[2022-12-11 22:35:24] [SEVERE ] Key 65 was pressed by player 0
[2022-12-11 22:35:24] [SEVERE ] removing player 0 token from slot 4
[2022-12-11 22:35:24] [SEVERE ] Key 65 was pressed by player 0
[2022-12-11 22:35:24] [SEVERE ] player 0 placing token on slot 4
[2022-12-11 22:35:24] [SEVERE ] Key 65 was pressed by player 0
[2022-12-11 22:35:24] [SEVERE ] removing player 0 token from slot 4
[2022-12-11 22:35:24] [SEVERE ] Key 65 was pressed by player 0
[2022-12-11 22:35:24] [SEVERE ] player 0 placing token on slot 4
[2022-12-11 22:35:24] [SEVERE ] Key 65 was pressed by player 0
[2022-12-11 22:35:24] [SEVERE ] removing player 0 token from slot 4
[2022-12-11 22:35:24] [SEVERE ] Key 65 was pressed by player 0
[2022-12-11 22:35:24] [SEVERE ] player 0 placing token on slot 4
[2022-12-11 22:35:24] [SEVERE ] Key 65 was pressed by player 0
[2022-12-11 22:35:24] [SEVERE ] removing player 0 token from slot 4
[2022-12-11 22:35:24] [SEVERE ] Key 65 was pressed by player 0
[2022-12-11 22:35:24] [SEVERE ] player 0 placing token on slot 4
[2022-12-11 22:35:24] [SEVERE ] Key 65 was pressed by player 0
[2022-12-11 22:35:24] [SEVERE ] removing player 0 token from slot 4
[2022-12-11 22:35:24] [SEVERE ] Key 65 was pressed by player 0
[2022-12-11 22:35:24] [SEVERE ] player 0 placing token on slot 4
[2022-12-11 22:35:24] [SEVERE ] Key 90 was pressed by player 0
[2022-12-11 22:35:24] [SEVERE ] player 0 placing token on slot 8
[2022-12-11 22:35:24] [SEVERE ] Key 90 was pressed by player 0
[2022-12-11 22:35:24] [SEVERE ] removing player 0 token from slot 8
[2022-12-11 22:35:24] [SEVERE ] Key 90 was pressed by player 0
[2022-12-11 22:35:24] [SEVERE ] player 0 placing token on slot 8
[2022-12-11 22:35:24] [SEVERE ] Key 90 was pressed by player 0
[2022-12-11 22:35:24] [SEVERE ] removing player 0 token from slot 8
[2022-12-11 22:35:24] [SEVERE ] Key 90 was pressed by player 0
[2022-12-11 22:35:24] [SEVERE ] player 0 placing token on slot 8
[2022-12-11 22:35:24] [SEVERE ] Key 90 was pressed by player 0
[2022-12-11 22:35:24] [SEVERE ] removing player 0 token from slot 8
[2022-12-11 22:35:25] [SEVERE ] Key 90 was pressed by player 0
[2022-12-11 22:35:25] [SEVERE ] player 0 placing token on slot 8
[2022-12-11 22:35:25] [SEVERE ] Key 90 was pressed by player 0
[2022-12-11 22:35:25] [SEVERE ] removing player 0 token from slot 8
[2022-12-11 22:35:25] [SEVERE ] Key 90 was pressed by player 0
[2022-12-11 22:35:25] [SEVERE ] player 0 placing token on slot 8
[2022-12-11 22:35:25] [SEVERE ] Key 90 was pressed by player 0
[2022-12-11 22:35:25] [SEVERE ] removing player 0 token from slot 8
[2022-12-11 22:35:25] [SEVERE ] Key 90 was pressed by player 0
[2022-12-11 22:35:25] [SEVERE ] player 0 placing token on slot 8
[2022-12-11 22:35:25] [SEVERE ] Key 90 was pressed by player 0
[2022-12-11 22:35:25] [SEVERE ] removing player 0 token from slot 8
[2022-12-11 22:35:25] [SEVERE ] Key 90 was pressed by player 0
[2022-12-11 22:35:25] [SEVERE ] player 0 placing token on slot 8
[2022-12-11 22:35:25] [SEVERE ] Key 90 was pressed by player 0
[2022-12-11 22:35:25] [SEVERE ] removing player 0 token from slot 8
[2022-12-11 22:35:25] [SEVERE ] Key 90 was pressed by player 0
[2022-12-11 22:35:25] [SEVERE ] player 0 placing token on slot 8
[2022-12-11 22:35:25] [SEVERE ] Key 90 was pressed by player 0
[2022-12-11 22:35:25] [SEVERE ] removing player 0 token from slot 8
[2022-12-11 22:35:25] [SEVERE ] Key 90 was pressed by player 0
[2022-12-11 22:35:25] [SEVERE ] player 0 placing token on slot 8
[2022-12-11 22:35:25] [SEVERE ] Key 90 was pressed by player 0
[2022-12-11 22:35:25] [SEVERE ] removing player 0 token from slot 8
[2022-12-11 22:35:25] [SEVERE ] Key 90 was pressed by player 0
[2022-12-11 22:35:25] [SEVERE ] player 0 placing token on slot 8
[2022-12-11 22:35:25] [SEVERE ] Key 90 was pressed by player 0
[2022-12-11 22:35:25] [SEVERE ] removing player 0 token from slot 8
[2022-12-11 22:35:25] [SEVERE ] Key 90 was pressed by player 0
[2022-12-11 22:35:25] [SEVERE ] player 0 placing token on slot 8
[2022-12-11 22:35:25] [SEVERE ] Key 90 was pressed by player 0
[2022-12-11 22:35:25] [SEVERE ] removing player 0 token from slot 8
[2022-12-11 22:35:25] [SEVERE ] Key 90 was pressed by player 0
[2022-12-11 22:35:25] [SEVERE ] player 0 placing token on slot 8
[2022-12-11 22:35:25] [SEVERE ] Key 90 was pressed by player 0
[2022-12-11 22:35:25] [SEVERE ] removing player 0 token from slot 8
[2022-12-11 22:35:25] [SEVERE ] Key 90 was pressed by player 0
[2022-12-11 22:35:25] [SEVERE ] player 0 placing token on slot 8
[2022-12-11 22:35:25] [SEVERE ] Key 90 was pressed by player 0
[2022-12-11 22:35:25] [SEVERE ] removing player 0 token from slot 8
[2022-12-11 22:35:25] [SEVERE ] Key 90 was pressed by player 0
[2022-12-11 22:35:25] [SEVERE ] player 0 placing token on slot 8
[2022-12-11 22:35:25] [SEVERE ] Key 90 was pressed by player 0
[2022-12-11 22:35:25] [SEVERE ] removing player 0 token from slot 8
[2022-12-11 22:35:25] [SEVERE ] Key 90 was pressed by player 0
[2022-12-11 22:35:25] [SEVERE ] player 0 placing token on slot 8
[2022-12-11 22:35:25] [SEVERE ] Key 90 was pressed by player 0
[2022-12-11 22:35:25] [SEVERE ] removing player 0 token from slot 8
[2022-12-11 22:35:25] [SEVERE ] Key 90 was pressed by player 0
[2022-12-11 22:35:25] [SEVERE ] player 0 placing token on slot 8
[2022-12-11 22:35:25] [SEVERE ] Key 90 was pressed by player 0
[2022-12-11 22:35:25] [SEVERE ] removing player 0 token from slot 8
[2022-12-11 22:35:25] [SEVERE ] Key 90 was pressed by player 0
[2022-12-11 22:35:25] [SEVERE ] player 0 placing token on slot 8
[2022-12-11 22:35:25] [SEVERE ] Key 90 was pressed by player 0
[2022-12-11 22:35:25] [SEVERE ] removing player 0 token from slot 8
[2022-12-11 22:35:25] [SEVERE ] Key 90 was pressed by player 0
[2022-12-11 22:35:25] [SEVERE ] player 0 placing token on slot 8
[2022-12-11 22:35:25] [SEVERE ] Key 90 was pressed by player 0
[2022-12-11 22:35:25] [SEVERE ] removing player 0 token from slot 8
[2022-12-11 22:35:26] [SEVERE ] Key 90 was pressed by player 0
[2022-12-11 22:35:26] [SEVERE ] player 0 placing token on slot 8
[2022-12-11 22:35:26] [SEVERE ] Key 90 was pressed by player 0
[2022-12-11 22:35:26] [SEVERE ] removing player 0 token from slot 8
[2022-12-11 22:35:26] [SEVERE ] Key 90 was pressed by player 0
[2022-12-11 22:35:26] [SEVERE ] player 0 placing token on slot 8
[2022-12-11 22:35:26] [SEVERE ] Key 90 was pressed by player 0
[2022-12-11 22:35:26] [SEVERE ] removing player 0 token from slot 8
[2022-12-11 22:35:26] [SEVERE ] Key 90 was pressed by player 0
[2022-12-11 22:35:26] [SEVERE ] player 0 placing token on slot 8
[2022-12-11 22:35:26] [SEVERE ] Key 90 was pressed by player 0
[2022-12-11 22:35:26] [SEVERE ] removing player 0 token from slot 8
[2022-12-11 22:35:26] [SEVERE ] Key 90 was pressed by player 0
[2022-12-11 22:35:26] [SEVERE ] player 0 placing token on slot 8
[2022-12-11 22:35:26] [SEVERE ] Key 90 was pressed by player 0
[2022-12-11 22:35:26] [SEVERE ] removing player 0 token from slot 8
[2022-12-11 22:35:26] [SEVERE ] Key 90 was pressed by player 0
[2022-12-11 22:35:26] [SEVERE ] player 0 placing token on slot 8
[2022-12-11 22:35:26] [SEVERE ] Key 90 was pressed by player 0
[2022-12-11 22:35:26] [SEVERE ] removing player 0 token from slot 8
[2022-12-11 22:35:26] [SEVERE ] Key 90 was pressed by player 0
[2022-12-11 22:35:26] [SEVERE ] player 0 placing token on slot 8
[2022-12-11 22:35:26] [SEVERE ] Key 90 was pressed by player 0
[2022-12-11 22:35:26] [SEVERE ] removing player 0 token from slot 8
[2022-12-11 22:35:26] [SEVERE ] Key 90 was pressed by player 0
[2022-12-11 22:35:26] [SEVERE ] player 0 placing token on slot 8
[2022-12-11 22:35:26] [SEVERE ] Key 90 was pressed by player 0
[2022-12-11 22:35:26] [SEVERE ] removing player 0 token from slot 8
[2022-12-11 22:35:26] [SEVERE ] Key 90 was pressed by player 0
[2022-12-11 22:35:26] [SEVERE ] player 0 placing token on slot 8
[2022-12-11 22:35:26] [SEVERE ] Key 90 was pressed by player 0
[2022-12-11 22:35:26] [SEVERE ] removing player 0 token from slot 8
[2022-12-11 22:35:26] [SEVERE ] Key 90 was pressed by player 0
[2022-12-11 22:35:26] [SEVERE ] player 0 placing token on slot 8
[2022-12-11 22:35:26] [SEVERE ] Key 90 was pressed by player 0
[2022-12-11 22:35:26] [SEVERE ] removing player 0 token from slot 8
[2022-12-11 22:35:26] [SEVERE ] Key 90 was pressed by player 0
[2022-12-11 22:35:26] [SEVERE ] player 0 placing token on slot 8
[2022-12-11 22:35:26] [SEVERE ] Key 90 was pressed by player 0
[2022-12-11 22:35:26] [SEVERE ] removing player 0 token from slot 8
[2022-12-11 22:35:26] [SEVERE ] Key 90 was pressed by player 0
[2022-12-11 22:35:26] [SEVERE ] player 0 placing token on slot 8
[2022-12-11 22:35:26] [SEVERE ] Key 90 was pressed by player 0
[2022-12-11 22:35:26] [SEVERE ] removing player 0 token from slot 8
[2022-12-11 22:35:26] [SEVERE ] Key 90 was pressed by player 0
[2022-12-11 22:35:26] [SEVERE ] player 0 placing token on slot 8
[2022-12-11 22:35:26] [SEVERE ] Key 90 was pressed by player 0
[2022-12-11 22:35:26] [SEVERE ] removing player 0 token from slot 8
[2022-12-11 22:35:26] [SEVERE ] Key 90 was pressed by player 0
[2022-12-11 22:35:26] [SEVERE ] player 0 placing token on slot 8
[2022-12-11 22:35:26] [SEVERE ] Key 90 was pressed by player 0
[2022-12-11 22:35:26] [SEVERE ] removing player 0 token from slot 8
[2022-12-11 22:35:26] [SEVERE ] Key 90 was pressed by player 0
[2022-12-11 22:35:26] [SEVERE ] player 0 placing token on slot 8
[2022-12-11 22:35:26] [SEVERE ] Key 90 was pressed by player 0
[2022-12-11 22:35:26] [SEVERE ] removing player 0 token from slot 8
[2022-12-11 22:35:26] [SEVERE ] Key 90 was pressed by player 0
[2022-12-11 22:35:26] [SEVERE ] player 0 placing token on slot 8
[2022-12-11 22:35:26] [SEVERE ] Key 90 was pressed by player 0
[2022-12-11 22:35:26] [SEVERE ] removing player 0 token from slot 8
[2022-12-11 22:35:27] [SEVERE ] Key 90 was pressed by player 0
[2022-12-11 22:35:27] [SEVERE ] player 0 placing token on slot 8
[2022-12-11 22:35:27] [SEVERE ] Key 90 was pressed by player 0
[2022-12-11 22:35:27] [SEVERE ] removing player 0 token from slot 8
[2022-12-11 22:35:27] [SEVERE ] Key 90 was pressed by player 0
[2022-12-11 22:35:27] [SEVERE ] player 0 placing token on slot 8
[2022-12-11 22:35:27] [SEVERE ] Key 90 was pressed by player 0
[2022-12-11 22:35:27] [SEVERE ] removing player 0 token from slot 8
[2022-12-11 22:35:27] [SEVERE ] Key 90 was pressed by player 0
[2022-12-11 22:35:27] [SEVERE ] player 0 placing token on slot 8
[2022-12-11 22:35:27] [SEVERE ] Key 90 was pressed by player 0
[2022-12-11 22:35:27] [SEVERE ] removing player 0 token from slot 8
[2022-12-11 22:35:27] [SEVERE ] Key 90 was pressed by player 0
[2022-12-11 22:35:27] [SEVERE ] player 0 placing token on slot 8
[2022-12-11 22:35:27] [SEVERE ] Key 90 was pressed by player 0
[2022-12-11 22:35:27] [SEVERE ] removing player 0 token from slot 8
[2022-12-11 22:35:27] [SEVERE ] Key 90 was pressed by player 0
[2022-12-11 22:35:27] [SEVERE ] player 0 placing token on slot 8
[2022-12-11 22:35:27] [SEVERE ] Key 90 was pressed by player 0
[2022-12-11 22:35:27] [SEVERE ] removing player 0 token from slot 8
[2022-12-11 22:35:27] [SEVERE ] Key 90 was pressed by player 0
[2022-12-11 22:35:27] [SEVERE ] player 0 placing token on slot 8
[2022-12-11 22:35:27] [SEVERE ] Key 90 was pressed by player 0
[2022-12-11 22:35:27] [SEVERE ] removing player 0 token from slot 8
[2022-12-11 22:35:27] [SEVERE ] Key 90 was pressed by player 0
[2022-12-11 22:35:27] [SEVERE ] player 0 placing token on slot 8
[2022-12-11 22:35:27] [SEVERE ] Key 90 was pressed by player 0
[2022-12-11 22:35:27] [SEVERE ] removing player 0 token from slot 8
[2022-12-11 22:35:27] [SEVERE ] Key 90 was pressed by player 0
[2022-12-11 22:35:27] [SEVERE ] player 0 placing token on slot 8
[2022-12-11 22:35:27] [SEVERE ] Key 90 was pressed by player 0
[2022-12-11 22:35:27] [SEVERE ] removing player 0 token from slot 8
[2022-12-11 22:35:27] [SEVERE ] Key 90 was pressed by player 0
[2022-12-11 22:35:27] [SEVERE ] player 0 placing token on slot 8
[2022-12-11 22:35:27] [SEVERE ] Key 90 was pressed by player 0
[2022-12-11 22:35:27] [SEVERE ] removing player 0 token from slot 8
[2022-12-11 22:35:27] [SEVERE ] Key 90 was pressed by player 0
[2022-12-11 22:35:27] [SEVERE ] player 0 placing token on slot 8
[2022-12-11 22:35:27] [SEVERE ] Key 90 was pressed by player 0
[2022-12-11 22:35:27] [SEVERE ] removing player 0 token from slot 8
[2022-12-11 22:35:27] [SEVERE ] Key 90 was pressed by player 0
[2022-12-11 22:35:27] [SEVERE ] player 0 placing token on slot 8
[2022-12-11 22:35:27] [SEVERE ] Key 90 was pressed by player 0
[2022-12-11 22:35:27] [SEVERE ] removing player 0 token from slot 8
[2022-12-11 22:35:27] [SEVERE ] Key 90 was pressed by player 0
[2022-12-11 22:35:27] [SEVERE ] player 0 placing token on slot 8
[2022-12-11 22:35:27] [SEVERE ] Key 90 was pressed by player 0
[2022-12-11 22:35:27] [SEVERE ] removing player 0 token from slot 8
[2022-12-11 22:35:27] [SEVERE ] Key 90 was pressed by player 0
[2022-12-11 22:35:27] [SEVERE ] player 0 placing token on slot 8
[2022-12-11 22:35:27] [SEVERE ] Key 90 was pressed by player 0
[2022-12-11 22:35:27] [SEVERE ] removing player 0 token from slot 8
[2022-12-11 22:35:27] [SEVERE ] Key 90 was pressed by player 0
[2022-12-11 22:35:27] [SEVERE ] player 0 placing token on slot 8
[2022-12-11 22:35:27] [SEVERE ] Key 90 was pressed by player 0
[2022-12-11 22:35:27] [SEVERE ] removing player 0 token from slot 8
[2022-12-11 22:35:27] [SEVERE ] Key 90 was pressed by player 0
[2022-12-11 22:35:27] [SEVERE ] player 0 placing token on slot 8
[2022-12-11 22:35:27] [SEVERE ] Key 90 was pressed by player 0
[2022-12-11 22:35:27] [SEVERE ] removing player 0 token from slot 8
[2022-12-11 22:35:28] [SEVERE ] Key 90 was pressed by player 0
[2022-12-11 22:35:28] [SEVERE ] player 0 placing token on slot 8
[2022-12-11 22:35:28] [SEVERE ] Key 90 was pressed by player 0
[2022-12-11 22:35:28] [SEVERE ] removing player 0 token from slot 8
[2022-12-11 22:35:28] [SEVERE ] Key 90 was pressed by player 0
[2022-12-11 22:35:28] [SEVERE ] player 0 placing token on slot 8
[2022-12-11 22:35:28] [SEVERE ] Key 90 was pressed by player 0
[2022-12-11 22:35:28] [SEVERE ] removing player 0 token from slot 8
[2022-12-11 22:35:28] [SEVERE ] Key 90 was pressed by player 0
[2022-12-11 22:35:28] [SEVERE ] player 0 placing token on slot 8
[2022-12-11 22:35:28] [SEVERE ] Key 90 was pressed by player 0
[2022-12-11 22:35:28] [SEVERE ] removing player 0 token from slot 8
[2022-12-11 22:35:28] [SEVERE ] Key 90 was pressed by player 0
[2022-12-11 22:35:28] [SEVERE ] player 0 placing token on slot 8
[2022-12-11 22:35:28] [SEVERE ] Key 90 was pressed by player 0
[2022-12-11 22:35:28] [SEVERE ] removing player 0 token from slot 8
[2022-12-11 22:35:28] [SEVERE ] Key 90 was pressed by player 0
[2022-12-11 22:35:28] [SEVERE ] player 0 placing token on slot 8
[2022-12-11 22:35:28] [SEVERE ] Key 90 was pressed by player 0
[2022-12-11 22:35:28] [SEVERE ] removing player 0 token from slot 8
[2022-12-11 22:35:28] [SEVERE ] Key 90 was pressed by player 0
[2022-12-11 22:35:28] [SEVERE ] player 0 placing token on slot 8
[2022-12-11 22:35:28] [SEVERE ] Key 90 was pressed by player 0
[2022-12-11 22:35:28] [SEVERE ] removing player 0 token from slot 8
[2022-12-11 22:35:28] [SEVERE ] Key 90 was pressed by player 0
[2022-12-11 22:35:28] [SEVERE ] player 0 placing token on slot 8
[2022-12-11 22:35:28] [SEVERE ] Key 90 was pressed by player 0
[2022-12-11 22:35:28] [SEVERE ] removing player 0 token from slot 8
[2022-12-11 22:35:28] [SEVERE ] Key 90 was pressed by player 0
[2022-12-11 22:35:28] [SEVERE ] player 0 placing token on slot 8
[2022-12-11 22:35:28] [SEVERE ] Key 90 was pressed by player 0
[2022-12-11 22:35:28] [SEVERE ] removing player 0 token from slot 8
[2022-12-11 22:35:28] [SEVERE ] Key 90 was pressed by player 0
[2022-12-11 22:35:28] [SEVERE ] player 0 placing token on slot 8
[2022-12-11 22:35:28] [SEVERE ] Key 90 was pressed by player 0
[2022-12-11 22:35:28] [SEVERE ] removing player 0 token from slot 8
[2022-12-11 22:35:28] [SEVERE ] Key 90 was pressed by player 0
[2022-12-11 22:35:28] [SEVERE ] player 0 placing token on slot 8
[2022-12-11 22:35:28] [SEVERE ] Key 90 was pressed by player 0
[2022-12-11 22:35:28] [SEVERE ] removing player 0 token from slot 8
[2022-12-11 22:35:28] [SEVERE ] Key 90 was pressed by player 0
[2022-12-11 22:35:28] [SEVERE ] player 0 placing token on slot 8
[2022-12-11 22:35:36] [SEVERE ] Key 65 was pressed by player 0
[2022-12-11 22:35:36] [SEVERE ] removing player 0 token from slot 4
[2022-12-11 22:35:36] [SEVERE ] Key 65 was pressed by player 0
[2022-12-11 22:35:36] [SEVERE ] player 0 placing token on slot 4
[2022-12-11 22:35:36] [SEVERE ] Key 65 was pressed by player 0
[2022-12-11 22:35:36] [SEVERE ] removing player 0 token from slot 4
[2022-12-11 22:35:36] [SEVERE ] Key 65 was pressed by player 0
[2022-12-11 22:35:36] [SEVERE ] player 0 placing token on slot 4
[2022-12-11 22:35:36] [SEVERE ] Key 65 was pressed by player 0
[2022-12-11 22:35:36] [SEVERE ] removing player 0 token from slot 4
[2022-12-11 22:35:36] [SEVERE ] Key 65 was pressed by player 0
[2022-12-11 22:35:36] [SEVERE ] player 0 placing token on slot 4
[2022-12-11 22:35:37] [SEVERE ] Key 65 was pressed by player 0
[2022-12-11 22:35:37] [SEVERE ] removing player 0 token from slot 4
[2022-12-11 22:35:37] [SEVERE ] Key 65 was pressed by player 0
[2022-12-11 22:35:37] [SEVERE ] player 0 placing token on slot 4
[2022-12-11 22:35:37] [SEVERE ] Key 65 was pressed by player 0
[2022-12-11 22:35:37] [SEVERE ] removing player 0 token from slot 4
[2022-12-11 22:35:37] [SEVERE ] Key 65 was pressed by player 0
[2022-12-11 22:35:37] [SEVERE ] player 0 placing token on slot 4
[2022-12-11 22:35:37] [SEVERE ] Key 65 was pressed by player 0
[2022-12-11 22:35:37] [SEVERE ] removing player 0 token from slot 4
[2022-12-11 22:35:37] [SEVERE ] Key 65 was pressed by player 0
[2022-12-11 22:35:37] [SEVERE ] player 0 placing token on slot 4
[2022-12-11 22:35:37] [SEVERE ] Key 65 was pressed by player 0
[2022-12-11 22:35:37] [SEVERE ] removing player 0 token from slot 4
[2022-12-11 22:35:37] [SEVERE ] Key 65 was pressed by player 0
[2022-12-11 22:35:37] [SEVERE ] player 0 placing token on slot 4
[2022-12-11 22:35:37] [SEVERE ] Key 65 was pressed by player 0
[2022-12-11 22:35:37] [SEVERE ] removing player 0 token from slot 4
[2022-12-11 22:35:37] [SEVERE ] Key 65 was pressed by player 0
[2022-12-11 22:35:37] [SEVERE ] player 0 placing token on slot 4
[2022-12-11 22:35:37] [SEVERE ] Key 65 was pressed by player 0
[2022-12-11 22:35:37] [SEVERE ] removing player 0 token from slot 4
[2022-12-11 22:35:37] [SEVERE ] Key 65 was pressed by player 0
[2022-12-11 22:35:37] [SEVERE ] player 0 placing token on slot 4
[2022-12-11 22:35:37] [SEVERE ] Key 65 was pressed by player 0
[2022-12-11 22:35:37] [SEVERE ] removing player 0 token from slot 4
[2022-12-11 22:35:37] [SEVERE ] Key 65 was pressed by player 0
[2022-12-11 22:35:37] [SEVERE ] player 0 placing token on slot 4
[2022-12-11 22:35:37] [SEVERE ] Key 65 was pressed by player 0
[2022-12-11 22:35:37] [SEVERE ] removing player 0 token from slot 4
[2022-12-11 22:35:37] [SEVERE ] Key 65 was pressed by player 0
[2022-12-11 22:35:37] [SEVERE ] player 0 placing token on slot 4
[2022-12-11 22:35:37] [SEVERE ] Key 65 was pressed by player 0
[2022-12-11 22:35:37] [SEVERE ] removing player 0 token from slot 4
[2022-12-11 22:35:37] [SEVERE ] Key 65 was pressed by player 0
[2022-12-11 22:35:37] [SEVERE ] player 0 placing token on slot 4
[2022-12-11 22:35:37] [SEVERE ] Key 65 was pressed by player 0
[2022-12-11 22:35:37] [SEVERE ] removing player 0 token from slot 4
[2022-12-11 22:35:37] [SEVERE ] Key 65 was pressed by player 0
[2022-12-11 22:35:37] [SEVERE ] player 0 placing token on slot 4
[2022-12-11 22:35:37] [SEVERE ] Key 65 was pressed by player 0
[2022-12-11 22:35:37] [SEVERE ] removing player 0 token from slot 4
[2022-12-11 22:35:37] [SEVERE ] Key 65 was pressed by player 0
[2022-12-11 22:35:37] [SEVERE ] player 0 placing token on slot 4
[2022-12-11 22:35:37] [SEVERE ] Key 65 was pressed by player 0
[2022-12-11 22:35:37] [SEVERE ] removing player 0 token from slot 4
[2022-12-11 22:35:37] [SEVERE ] Key 65 was pressed by player 0
[2022-12-11 22:35:37] [SEVERE ] player 0 placing token on slot 4
[2022-12-11 22:35:37] [SEVERE ] Key 65 was pressed by player 0
[2022-12-11 22:35:37] [SEVERE ] removing player 0 token from slot 4
[2022-12-11 22:35:37] [SEVERE ] Key 65 was pressed by player 0
[2022-12-11 22:35:37] [SEVERE ] player 0 placing token on slot 4
[2022-12-11 22:35:37] [SEVERE ] Key 65 was pressed by player 0
[2022-12-11 22:35:37] [SEVERE ] removing player 0 token from slot 4
[2022-12-11 22:35:37] [SEVERE ] Key 65 was pressed by player 0
[2022-12-11 22:35:37] [SEVERE ] player 0 placing token on slot 4
[2022-12-11 22:35:37] [SEVERE ] Key 65 was pressed by player 0
[2022-12-11 22:35:37] [SEVERE ] removing player 0 token from slot 4
[2022-12-11 22:35:37] [SEVERE ] Key 65 was pressed by player 0
[2022-12-11 22:35:37] [SEVERE ] player 0 placing token on slot 4
[2022-12-11 22:35:38] [SEVERE ] Key 65 was pressed by player 0
[2022-12-11 22:35:38] [SEVERE ] removing player 0 token from slot 4
[2022-12-11 22:35:38] [SEVERE ] Key 65 was pressed by player 0
[2022-12-11 22:35:38] [SEVERE ] player 0 placing token on slot 4
[2022-12-11 22:35:38] [SEVERE ] Key 65 was pressed by player 0
[2022-12-11 22:35:38] [SEVERE ] removing player 0 token from slot 4
[2022-12-11 22:35:38] [SEVERE ] Key 65 was pressed by player 0
[2022-12-11 22:35:38] [SEVERE ] player 0 placing token on slot 4
[2022-12-11 22:35:38] [SEVERE ] Key 65 was pressed by player 0
[2022-12-11 22:35:38] [SEVERE ] removing player 0 token from slot 4
[2022-12-11 22:35:38] [SEVERE ] Key 83 was pressed by player 0
[2022-12-11 22:35:38] [SEVERE ] player 0 placing token on slot 5
[2022-12-11 22:35:39] [SEVERE ] Key 83 was pressed by player 0
[2022-12-11 22:35:39] [SEVERE ] removing player 0 token from slot 5
[2022-12-11 22:35:39] [SEVERE ] Key 83 was pressed by player 0
[2022-12-11 22:35:39] [SEVERE ] player 0 placing token on slot 5
[2022-12-11 22:35:39] [SEVERE ] Key 83 was pressed by player 0
[2022-12-11 22:35:39] [SEVERE ] removing player 0 token from slot 5
[2022-12-11 22:35:39] [SEVERE ] Key 83 was pressed by player 0
[2022-12-11 22:35:39] [SEVERE ] player 0 placing token on slot 5
[2022-12-11 22:35:39] [SEVERE ] Key 83 was pressed by player 0
[2022-12-11 22:35:39] [SEVERE ] removing player 0 token from slot 5
[2022-12-11 22:35:39] [SEVERE ] Key 83 was pressed by player 0
[2022-12-11 22:35:39] [SEVERE ] player 0 placing token on slot 5
[2022-12-11 22:35:39] [SEVERE ] Key 83 was pressed by player 0
[2022-12-11 22:35:39] [SEVERE ] removing player 0 token from slot 5
[2022-12-11 22:35:39] [SEVERE ] Key 83 was pressed by player 0
[2022-12-11 22:35:39] [SEVERE ] player 0 placing token on slot 5
[2022-12-11 22:35:39] [SEVERE ] Key 83 was pressed by player 0
[2022-12-11 22:35:39] [SEVERE ] removing player 0 token from slot 5
[2022-12-11 22:35:39] [SEVERE ] Key 83 was pressed by player 0
[2022-12-11 22:35:39] [SEVERE ] player 0 placing token on slot 5
[2022-12-11 22:35:39] [SEVERE ] Key 83 was pressed by player 0
[2022-12-11 22:35:39] [SEVERE ] removing player 0 token from slot 5
[2022-12-11 22:35:39] [SEVERE ] Key 83 was pressed by player 0
[2022-12-11 22:35:39] [SEVERE ] player 0 placing token on slot 5
[2022-12-11 22:35:39] [SEVERE ] Key 83 was pressed by player 0
[2022-12-11 22:35:39] [SEVERE ] removing player 0 token from slot 5
[2022-12-11 22:35:39] [SEVERE ] Key 83 was pressed by player 0
[2022-12-11 22:35:39] [SEVERE ] player 0 placing token on slot 5
[2022-12-11 22:35:39] [SEVERE ] Key 83 was pressed by player 0
[2022-12-11 22:35:39] [SEVERE ] removing player 0 token from slot 5
[2022-12-11 22:35:39] [SEVERE ] Key 83 was pressed by player 0
[2022-12-11 22:35:39] [SEVERE ] player 0 placing token on slot 5
[2022-12-11 22:35:39] [SEVERE ] Key 83 was pressed by player 0
[2022-12-11 22:35:39] [SEVERE ] removing player 0 token from slot 5
[2022-12-11 22:35:39] [SEVERE ] Key 83 was pressed by player 0
[2022-12-11 22:35:39] [SEVERE ] player 0 placing token on slot 5
[2022-12-11 22:35:39] [SEVERE ] Key 83 was pressed by player 0
[2022-12-11 22:35:39] [SEVERE ] removing player 0 token from slot 5
[2022-12-11 22:35:39] [SEVERE ] Key 83 was pressed by player 0
[2022-12-11 22:35:39] [SEVERE ] player 0 placing token on slot 5
[2022-12-11 22:35:39] [SEVERE ] Key 83 was pressed by player 0
[2022-12-11 22:35:39] [SEVERE ] removing player 0 token from slot 5
[2022-12-11 22:35:39] [SEVERE ] Key 83 was pressed by player 0
[2022-12-11 22:35:39] [SEVERE ] player 0 placing token on slot 5
[2022-12-11 22:35:39] [SEVERE ] Key 83 was pressed by player 0
[2022-12-11 22:35:39] [SEVERE ] removing player 0 token from slot 5
[2022-12-11 22:35:40] [SEVERE ] Key 83 was pressed by player 0
[2022-12-11 22:35:40] [SEVERE ] player 0 placing token on slot 5
[2022-12-11 22:35:40] [SEVERE ] Key 83 was pressed by player 0
[2022-12-11 22:35:40] [SEVERE ] removing player 0 token from slot 5
[2022-12-11 22:35:40] [SEVERE ] Key 83 was pressed by player 0
[2022-12-11 22:35:40] [SEVERE ] player 0 placing token on slot 5
[2022-12-11 22:35:40] [SEVERE ] Key 83 was pressed by player 0
[2022-12-11 22:35:40] [SEVERE ] removing player 0 token from slot 5
[2022-12-11 22:35:40] [SEVERE ] Key 83 was pressed by player 0
[2022-12-11 22:35:40] [SEVERE ] player 0 placing token on slot 5
[2022-12-11 22:35:40] [SEVERE ] Key 83 was pressed by player 0
[2022-12-11 22:35:40] [SEVERE ] removing player 0 token from slot 5
[2022-12-11 22:35:40] [SEVERE ] Key 83 was pressed by player 0
[2022-12-11 22:35:40] [SEVERE ] player 0 placing token on slot 5
[2022-12-11 22:35:41] [SEVERE ] Key 68 was pressed by player 0
[2022-12-11 22:35:41] [SEVERE ] player 0 placing token on slot 6
[2022-12-11 22:35:41] [SEVERE ] removing tokens from slot 8
[2022-12-11 22:35:41] [SEVERE ] removing tokens from slot 5
[2022-12-11 22:35:41] [SEVERE ] removing tokens from slot 6
[2022-12-11 22:35:41] [SEVERE ] removing card from slot 8
[2022-12-11 22:35:41] [SEVERE ] removing card from slot 5
[2022-12-11 22:35:41] [SEVERE ] removing card from slot 6
[2022-12-11 22:35:41] [SEVERE ] setting player 0 score to 8
[2022-12-11 22:35:41] [SEVERE ] placing card 30 in slot 5
[2022-12-11 22:35:41] [SEVERE ] Key 68 was pressed by player 0
[2022-12-11 22:35:41] [SEVERE ] placing card 73 in slot 6
[2022-12-11 22:35:41] [SEVERE ] Key 68 was pressed by player 0
[2022-12-11 22:35:41] [SEVERE ] player 0 placing token on slot 6
[2022-12-11 22:35:41] [SEVERE ] Key 68 was pressed by player 0
[2022-12-11 22:35:41] [SEVERE ] removing player 0 token from slot 6
[2022-12-11 22:35:41] [SEVERE ] Key 68 was pressed by player 0
[2022-12-11 22:35:41] [SEVERE ] player 0 placing token on slot 6
[2022-12-11 22:35:41] [SEVERE ] Key 68 was pressed by player 0
[2022-12-11 22:35:41] [SEVERE ] removing player 0 token from slot 6
[2022-12-11 22:35:41] [SEVERE ] placing card 1 in slot 8
[2022-12-11 22:35:41] [SEVERE ] Key 68 was pressed by player 0
[2022-12-11 22:35:41] [SEVERE ] player 0 placing token on slot 6
[2022-12-11 22:35:41] [SEVERE ] Key 68 was pressed by player 0
[2022-12-11 22:35:41] [SEVERE ] removing player 0 token from slot 6
[2022-12-11 22:35:41] [SEVERE ] Key 68 was pressed by player 0
[2022-12-11 22:35:41] [SEVERE ] player 0 placing token on slot 6
[2022-12-11 22:35:41] [SEVERE ] Key 68 was pressed by player 0
[2022-12-11 22:35:41] [SEVERE ] removing player 0 token from slot 6
[2022-12-11 22:35:41] [SEVERE ] Key 68 was pressed by player 0
[2022-12-11 22:35:41] [SEVERE ] player 0 placing token on slot 6
[2022-12-11 22:35:41] [SEVERE ] Key 68 was pressed by player 0
[2022-12-11 22:35:41] [SEVERE ] removing player 0 token from slot 6
[2022-12-11 22:35:41] [SEVERE ] Key 68 was pressed by player 0
[2022-12-11 22:35:41] [SEVERE ] player 0 placing token on slot 6
[2022-12-11 22:35:41] [SEVERE ] Key 68 was pressed by player 0
[2022-12-11 22:35:41] [SEVERE ] removing player 0 token from slot 6
[2022-12-11 22:35:41] [SEVERE ] Key 68 was pressed by player 0
[2022-12-11 22:35:41] [SEVERE ] player 0 placing token on slot 6
[2022-12-11 22:35:42] [SEVERE ] Key 68 was pressed by player 0
[2022-12-11 22:35:42] [SEVERE ] removing player 0 token from slot 6
[2022-12-11 22:35:42] [SEVERE ] Key 68 was pressed by player 0
[2022-12-11 22:35:42] [SEVERE ] player 0 placing token on slot 6
[2022-12-11 22:35:42] [SEVERE ] Key 68 was pressed by player 0
[2022-12-11 22:35:42] [SEVERE ] removing player 0 token from slot 6
[2022-12-11 22:35:42] [SEVERE ] Key 68 was pressed by player 0
[2022-12-11 22:35:42] [SEVERE ] player 0 placing token on slot 6
[2022-12-11 22:35:42] [SEVERE ] Key 68 was pressed by player 0
[2022-12-11 22:35:42] [SEVERE ] removing player 0 token from slot 6
[2022-12-11 22:35:42] [SEVERE ] Key 68 was pressed by player 0
[2022-12-11 22:35:42] [SEVERE ] player 0 placing token on slot 6
[2022-12-11 22:35:42] [SEVERE ] Key 68 was pressed by player 0
[2022-12-11 22:35:42] [SEVERE ] removing player 0 token from slot 6
[2022-12-11 22:35:42] [SEVERE ] Key 68 was pressed by player 0
[2022-12-11 22:35:42] [SEVERE ] player 0 placing token on slot 6
[2022-12-11 22:35:42] [SEVERE ] Key 68 was pressed by player 0
[2022-12-11 22:35:42] [SEVERE ] removing player 0 token from slot 6
[2022-12-11 22:35:42] [SEVERE ] Key 87 was pressed by player 0
[2022-12-11 22:35:42] [SEVERE ] player 0 placing token on slot 1
[2022-12-11 22:35:42] [SEVERE ] Key 87 was pressed by player 0
[2022-12-11 22:35:42] [SEVERE ] removing player 0 token from slot 1
[2022-12-11 22:35:43] [SEVERE ] Key 87 was pressed by player 0
[2022-12-11 22:35:43] [SEVERE ] player 0 placing token on slot 1
[2022-12-11 22:35:43] [SEVERE ] Key 87 was pressed by player 0
[2022-12-11 22:35:43] [SEVERE ] removing player 0 token from slot 1
[2022-12-11 22:35:43] [SEVERE ] Key 87 was pressed by player 0
[2022-12-11 22:35:43] [SEVERE ] player 0 placing token on slot 1
[2022-12-11 22:35:43] [SEVERE ] Key 87 was pressed by player 0
[2022-12-11 22:35:43] [SEVERE ] removing player 0 token from slot 1
[2022-12-11 22:35:43] [SEVERE ] Key 87 was pressed by player 0
[2022-12-11 22:35:43] [SEVERE ] player 0 placing token on slot 1
[2022-12-11 22:35:43] [SEVERE ] Key 87 was pressed by player 0
[2022-12-11 22:35:43] [SEVERE ] removing player 0 token from slot 1
[2022-12-11 22:35:43] [SEVERE ] Key 87 was pressed by player 0
[2022-12-11 22:35:43] [SEVERE ] player 0 placing token on slot 1
[2022-12-11 22:35:43] [SEVERE ] Key 87 was pressed by player 0
[2022-12-11 22:35:43] [SEVERE ] removing player 0 token from slot 1
[2022-12-11 22:35:43] [SEVERE ] Key 87 was pressed by player 0
[2022-12-11 22:35:43] [SEVERE ] player 0 placing token on slot 1
[2022-12-11 22:35:43] [SEVERE ] Key 87 was pressed by player 0
[2022-12-11 22:35:43] [SEVERE ] removing player 0 token from slot 1
[2022-12-11 22:35:43] [SEVERE ] Key 87 was pressed by player 0
[2022-12-11 22:35:43] [SEVERE ] player 0 placing token on slot 1
[2022-12-11 22:35:43] [SEVERE ] Key 87 was pressed by player 0
[2022-12-11 22:35:43] [SEVERE ] removing player 0 token from slot 1
[2022-12-11 22:35:43] [SEVERE ] Key 81 was pressed by player 0
[2022-12-11 22:35:43] [SEVERE ] player 0 placing token on slot 0
[2022-12-11 22:35:44] [SEVERE ] Key 81 was pressed by player 0
[2022-12-11 22:35:44] [SEVERE ] removing player 0 token from slot 0
[2022-12-11 22:35:44] [SEVERE ] Key 81 was pressed by player 0
[2022-12-11 22:35:44] [SEVERE ] player 0 placing token on slot 0
[2022-12-11 22:35:44] [SEVERE ] Key 69 was pressed by player 0
[2022-12-11 22:35:44] [SEVERE ] player 0 placing token on slot 2
[2022-12-11 22:35:44] [SEVERE ] Key 69 was pressed by player 0
[2022-12-11 22:35:44] [SEVERE ] removing player 0 token from slot 2
[2022-12-11 22:35:44] [SEVERE ] Key 69 was pressed by player 0
[2022-12-11 22:35:44] [SEVERE ] player 0 placing token on slot 2
[2022-12-11 22:35:44] [SEVERE ] Key 69 was pressed by player 0
[2022-12-11 22:35:44] [SEVERE ] removing player 0 token from slot 2
[2022-12-11 22:35:44] [SEVERE ] Key 69 was pressed by player 0
[2022-12-11 22:35:44] [SEVERE ] player 0 placing token on slot 2
[2022-12-11 22:35:44] [SEVERE ] Key 69 was pressed by player 0
[2022-12-11 22:35:44] [SEVERE ] removing player 0 token from slot 2
[2022-12-11 22:35:44] [SEVERE ] Key 69 was pressed by player 0
[2022-12-11 22:35:44] [SEVERE ] player 0 placing token on slot 2
[2022-12-11 22:35:44] [SEVERE ] Key 69 was pressed by player 0
[2022-12-11 22:35:44] [SEVERE ] removing player 0 token from slot 2
[2022-12-11 22:35:44] [SEVERE ] Key 69 was pressed by player 0
[2022-12-11 22:35:44] [SEVERE ] player 0 placing token on slot 2
[2022-12-11 22:35:44] [SEVERE ] Key 69 was pressed by player 0
[2022-12-11 22:35:44] [SEVERE ] removing player 0 token from slot 2
[2022-12-11 22:35:44] [SEVERE ] Key 69 was pressed by player 0
[2022-12-11 22:35:44] [SEVERE ] player 0 placing token on slot 2
[2022-12-11 22:35:44] [SEVERE ] Key 69 was pressed by player 0
[2022-12-11 22:35:44] [SEVERE ] removing player 0 token from slot 2
[2022-12-11 22:35:44] [SEVERE ] Key 69 was pressed by player 0
[2022-12-11 22:35:44] [SEVERE ] player 0 placing token on slot 2
[2022-12-11 22:35:45] [SEVERE ] Key 87 was pressed by player 0
[2022-12-11 22:35:45] [SEVERE ] player 0 placing token on slot 1
[2022-12-11 22:35:45] [SEVERE ] removing tokens from slot 0
[2022-12-11 22:35:45] [SEVERE ] removing tokens from slot 2
[2022-12-11 22:35:45] [SEVERE ] removing tokens from slot 1
[2022-12-11 22:35:45] [SEVERE ] Key 81 was pressed by player 0
[2022-12-11 22:35:45] [SEVERE ] player 0 placing token on slot 0
[2022-12-11 22:35:45] [SEVERE ] Key 69 was pressed by player 0
[2022-12-11 22:35:45] [SEVERE ] player 0 placing token on slot 2
[2022-12-11 22:35:45] [SEVERE ] removing card from slot 0
[2022-12-11 22:35:45] [SEVERE ] removing card from slot 2
[2022-12-11 22:35:45] [SEVERE ] removing card from slot 1
[2022-12-11 22:35:45] [SEVERE ] setting player 0 score to 9
[2022-12-11 22:35:45] [SEVERE ] placing card 76 in slot 0
[2022-12-11 22:35:45] [SEVERE ] placing card 14 in slot 1
[2022-12-11 22:35:45] [SEVERE ] Key 69 was pressed by player 0
[2022-12-11 22:35:45] [SEVERE ] Key 69 was pressed by player 0
[2022-12-11 22:35:45] [SEVERE ] Key 69 was pressed by player 0
[2022-12-11 22:35:45] [SEVERE ] placing card 47 in slot 2
[2022-12-11 22:35:45] [SEVERE ] Key 69 was pressed by player 0
[2022-12-11 22:35:45] [SEVERE ] removing player 0 token from slot 2
[2022-12-11 22:35:45] [SEVERE ] Key 69 was pressed by player 0
[2022-12-11 22:35:45] [SEVERE ] player 0 placing token on slot 2
[2022-12-11 22:35:45] [SEVERE ] Key 69 was pressed by player 0
[2022-12-11 22:35:45] [SEVERE ] removing player 0 token from slot 2
[2022-12-11 22:35:45] [SEVERE ] Key 69 was pressed by player 0
[2022-12-11 22:35:45] [SEVERE ] player 0 placing token on slot 2
[2022-12-11 22:35:45] [SEVERE ] Key 69 was pressed by player 0
[2022-12-11 22:35:45] [SEVERE ] removing player 0 token from slot 2
[2022-12-11 22:35:45] [SEVERE ] Key 69 was pressed by player 0
[2022-12-11 22:35:45] [SEVERE ] player 0 placing token on slot 2
[2022-12-11 22:35:46] [SEVERE ] Key 69 was pressed by player 0
[2022-12-11 22:35:46] [SEVERE ] removing player 0 token from slot 2
[2022-12-11 22:35:46] [SEVERE ] Key 69 was pressed by player 0
[2022-12-11 22:35:46] [SEVERE ] player 0 placing token on slot 2
[2022-12-11 22:35:46] [SEVERE ] Key 69 was pressed by player 0
[2022-12-11 22:35:46] [SEVERE ] removing player 0 token from slot 2
[2022-12-11 22:35:46] [SEVERE ] Key 69 was pressed by player 0
[2022-12-11 22:35:46] [SEVERE ] player 0 placing token on slot 2
[2022-12-11 22:35:46] [SEVERE ] Key 69 was pressed by player 0
[2022-12-11 22:35:46] [SEVERE ] removing player 0 token from slot 2
[2022-12-11 22:35:46] [SEVERE ] Key 69 was pressed by player 0
[2022-12-11 22:35:46] [SEVERE ] player 0 placing token on slot 2
[2022-12-11 22:35:46] [SEVERE ] Key 87 was pressed by player 0
[2022-12-11 22:35:46] [SEVERE ] player 0 placing token on slot 1
[2022-12-11 22:35:46] [SEVERE ] removing tokens from slot 0
[2022-12-11 22:35:46] [SEVERE ] removing tokens from slot 2
[2022-12-11 22:35:46] [SEVERE ] removing tokens from slot 1
[2022-12-11 22:35:46] [SEVERE ] Key 81 was pressed by player 0
[2022-12-11 22:35:46] [SEVERE ] player 0 placing token on slot 0
[2022-12-11 22:35:46] [SEVERE ] removing card from slot 0
[2022-12-11 22:35:46] [SEVERE ] removing card from slot 2
[2022-12-11 22:35:46] [SEVERE ] Key 69 was pressed by player 0
[2022-12-11 22:35:46] [SEVERE ] removing card from slot 1
[2022-12-11 22:35:46] [SEVERE ] setting player 0 score to 10
[2022-12-11 22:35:46] [SEVERE ] placing card 38 in slot 0
[2022-12-11 22:35:47] [SEVERE ] placing card 49 in slot 1
[2022-12-11 22:35:47] [SEVERE ] placing card 6 in slot 2
[2022-12-11 22:35:47] [SEVERE ] Key 69 was pressed by player 0
[2022-12-11 22:35:47] [SEVERE ] player 0 placing token on slot 2
[2022-12-11 22:35:47] [SEVERE ] Key 69 was pressed by player 0
[2022-12-11 22:35:47] [SEVERE ] removing player 0 token from slot 2
[2022-12-11 22:35:47] [SEVERE ] Key 81 was pressed by player 0
[2022-12-11 22:35:47] [SEVERE ] removing player 0 token from slot 0
[2022-12-11 22:35:47] [SEVERE ] Key 87 was pressed by player 0
[2022-12-11 22:35:47] [SEVERE ] player 0 placing token on slot 1
[2022-12-11 22:35:47] [SEVERE ] Key 69 was pressed by player 0
[2022-12-11 22:35:47] [SEVERE ] player 0 placing token on slot 2
[2022-12-11 22:35:48] [SEVERE ] Key 87 was pressed by player 0
[2022-12-11 22:35:48] [SEVERE ] removing player 0 token from slot 1
[2022-12-11 22:35:48] [SEVERE ] Key 81 was pressed by player 0
[2022-12-11 22:35:48] [SEVERE ] player 0 placing token on slot 0
[2022-12-11 22:35:48] [SEVERE ] Key 69 was pressed by player 0
[2022-12-11 22:35:48] [SEVERE ] removing player 0 token from slot 2
[2022-12-11 22:35:49] [SEVERE ] Key 69 was pressed by player 0
[2022-12-11 22:35:49] [SEVERE ] player 0 placing token on slot 2
[2022-12-11 22:35:49] [SEVERE ] Key 69 was pressed by player 0
[2022-12-11 22:35:49] [SEVERE ] removing player 0 token from slot 2
[2022-12-11 22:35:49] [SEVERE ] Key 69 was pressed by player 0
[2022-12-11 22:35:49] [SEVERE ] player 0 placing token on slot 2
[2022-12-11 22:35:50] [SEVERE ] Key 87 was pressed by player 0
[2022-12-11 22:35:50] [SEVERE ] player 0 placing token on slot 1
[2022-12-11 22:35:50] [SEVERE ] removing tokens from slot 0
[2022-12-11 22:35:50] [SEVERE ] removing tokens from slot 2
[2022-12-11 22:35:50] [SEVERE ] removing tokens from slot 1
[2022-12-11 22:35:50] [SEVERE ] removing card from slot 0
[2022-12-11 22:35:50] [SEVERE ] Key 81 was pressed by player 0
[2022-12-11 22:35:50] [SEVERE ] removing card from slot 2
[2022-12-11 22:35:50] [SEVERE ] removing card from slot 1
[2022-12-11 22:35:50] [SEVERE ] setting player 0 score to 11
[2022-12-11 22:35:50] [SEVERE ] placing card 9 in slot 0
[2022-12-11 22:35:50] [SEVERE ] placing card 8 in slot 1
[2022-12-11 22:35:50] [SEVERE ] placing card 37 in slot 2
[2022-12-11 22:35:51] [SEVERE ] Key 81 was pressed by player 0
[2022-12-11 22:35:51] [SEVERE ] player 0 placing token on slot 0
[2022-12-11 22:35:51] [SEVERE ] Key 87 was pressed by player 0
[2022-12-11 22:35:51] [SEVERE ] player 0 placing token on slot 1
[2022-12-11 22:35:51] [SEVERE ] Key 69 was pressed by player 0
[2022-12-11 22:35:51] [SEVERE ] player 0 placing token on slot 2
[2022-12-11 22:35:51] [SEVERE ] removing tokens from slot 0
[2022-12-11 22:35:51] [SEVERE ] removing tokens from slot 1
[2022-12-11 22:35:51] [SEVERE ] removing tokens from slot 2
[2022-12-11 22:35:51] [SEVERE ] removing card from slot 0
[2022-12-11 22:35:51] [SEVERE ] removing card from slot 1
[2022-12-11 22:35:51] [SEVERE ] removing card from slot 2
[2022-12-11 22:35:51] [SEVERE ] setting player 0 score to 12
[2022-12-11 22:35:51] [SEVERE ] placing card 79 in slot 0
[2022-12-11 22:35:51] [SEVERE ] placing card 65 in slot 1
[2022-12-11 22:35:52] [SEVERE ] placing card 59 in slot 2
[2022-12-11 22:35:52] [SEVERE ] Key 69 was pressed by player 0
[2022-12-11 22:35:52] [SEVERE ] player 0 placing token on slot 2
[2022-12-11 22:35:52] [SEVERE ] Key 87 was pressed by player 0
[2022-12-11 22:35:52] [SEVERE ] player 0 placing token on slot 1
[2022-12-11 22:35:52] [SEVERE ] Key 81 was pressed by player 0
[2022-12-11 22:35:52] [SEVERE ] player 0 placing token on slot 0
[2022-12-11 22:35:52] [SEVERE ] removing tokens from slot 2
[2022-12-11 22:35:52] [SEVERE ] removing tokens from slot 1
[2022-12-11 22:35:52] [SEVERE ] removing tokens from slot 0
[2022-12-11 22:35:52] [SEVERE ] removing card from slot 2
[2022-12-11 22:35:52] [SEVERE ] removing card from slot 1
[2022-12-11 22:35:52] [SEVERE ] removing card from slot 0
[2022-12-11 22:35:52] [SEVERE ] setting player 0 score to 13
[2022-12-11 22:35:53] [SEVERE ] placing card 11 in slot 0
[2022-12-11 22:35:53] [SEVERE ] placing card 52 in slot 1
[2022-12-11 22:35:53] [SEVERE ] placing card 40 in slot 2
[2022-12-11 22:35:53] [SEVERE ] Key 81 was pressed by player 0
[2022-12-11 22:35:53] [SEVERE ] player 0 placing token on slot 0
[2022-12-11 22:35:53] [SEVERE ] Key 87 was pressed by player 0
[2022-12-11 22:35:53] [SEVERE ] player 0 placing token on slot 1
[2022-12-11 22:35:53] [SEVERE ] Key 69 was pressed by player 0
[2022-12-11 22:35:53] [SEVERE ] player 0 placing token on slot 2
[2022-12-11 22:35:53] [SEVERE ] removing tokens from slot 0
[2022-12-11 22:35:53] [SEVERE ] removing tokens from slot 1
[2022-12-11 22:35:53] [SEVERE ] removing tokens from slot 2
[2022-12-11 22:35:53] [SEVERE ] removing card from slot 0
[2022-12-11 22:35:53] [SEVERE ] removing card from slot 1
[2022-12-11 22:35:54] [SEVERE ] removing card from slot 2
[2022-12-11 22:35:54] [SEVERE ] setting player 0 score to 14
[2022-12-11 22:35:54] [SEVERE ] placing card 53 in slot 0
[2022-12-11 22:35:54] [SEVERE ] placing card 2 in slot 1
[2022-12-11 22:35:54] [SEVERE ] placing card 43 in slot 2
[2022-12-11 22:35:54] [SEVERE ] Key 69 was pressed by player 0
[2022-12-11 22:35:54] [SEVERE ] player 0 placing token on slot 2
[2022-12-11 22:35:54] [SEVERE ] Key 81 was pressed by player 0
[2022-12-11 22:35:54] [SEVERE ] player 0 placing token on slot 0
[2022-12-11 22:35:54] [SEVERE ] Key 87 was pressed by player 0
[2022-12-11 22:35:54] [SEVERE ] player 0 placing token on slot 1
[2022-12-11 22:35:54] [SEVERE ] removing tokens from slot 2
[2022-12-11 22:35:54] [SEVERE ] removing tokens from slot 0
[2022-12-11 22:35:54] [SEVERE ] removing tokens from slot 1
[2022-12-11 22:35:54] [SEVERE ] removing card from slot 2
[2022-12-11 22:35:55] [SEVERE ] removing card from slot 0
[2022-12-11 22:35:55] [SEVERE ] removing card from slot 1
[2022-12-11 22:35:55] [SEVERE ] setting player 0 score to 15
[2022-12-11 22:35:55] [SEVERE ] placing card 35 in slot 0
[2022-12-11 22:35:55] [SEVERE ] placing card 23 in slot 1
[2022-12-11 22:35:55] [SEVERE ] placing card 24 in slot 2
[2022-12-11 22:35:55] [SEVERE ] Key 81 was pressed by player 0
[2022-12-11 22:35:55] [SEVERE ] player 0 placing token on slot 0
[2022-12-11 22:35:56] [SEVERE ] Key 87 was pressed by player 0
[2022-12-11 22:35:56] [SEVERE ] player 0 placing token on slot 1
[2022-12-11 22:35:56] [SEVERE ] Key 69 was pressed by player 0
[2022-12-11 22:35:56] [SEVERE ] player 0 placing token on slot 2
[2022-12-11 22:35:56] [SEVERE ] removing tokens from slot 0
[2022-12-11 22:35:56] [SEVERE ] removing tokens from slot 1
[2022-12-11 22:35:56] [SEVERE ] removing tokens from slot 2
[2022-12-11 22:35:56] [SEVERE ] removing card from slot 0
[2022-12-11 22:35:56] [SEVERE ] removing card from slot 1
[2022-12-11 22:35:56] [SEVERE ] removing card from slot 2
[2022-12-11 22:35:56] [SEVERE ] setting player 0 score to 16
[2022-12-11 22:35:56] [SEVERE ] placing card 10 in slot 0
[2022-12-11 22:35:56] [SEVERE ] Key 69 was pressed by player 0
[2022-12-11 22:35:56] [SEVERE ] placing card 72 in slot 1
[2022-12-11 22:35:56] [SEVERE ] Key 69 was pressed by player 0
[2022-12-11 22:35:56] [SEVERE ] Key 69 was pressed by player 0
[2022-12-11 22:35:56] [SEVERE ] Key 69 was pressed by player 0
[2022-12-11 22:35:56] [SEVERE ] Key 69 was pressed by player 0
[2022-12-11 22:35:56] [SEVERE ] placing card 27 in slot 2
[2022-12-11 22:35:56] [SEVERE ] Key 69 was pressed by player 0
[2022-12-11 22:35:56] [SEVERE ] player 0 placing token on slot 2
[2022-12-11 22:35:56] [SEVERE ] Key 69 was pressed by player 0
[2022-12-11 22:35:56] [SEVERE ] removing player 0 token from slot 2
[2022-12-11 22:35:56] [SEVERE ] Key 69 was pressed by player 0
[2022-12-11 22:35:56] [SEVERE ] player 0 placing token on slot 2
[2022-12-11 22:35:56] [SEVERE ] Key 69 was pressed by player 0
[2022-12-11 22:35:56] [SEVERE ] removing player 0 token from slot 2
[2022-12-11 22:35:56] [SEVERE ] Key 69 was pressed by player 0
[2022-12-11 22:35:56] [SEVERE ] player 0 placing token on slot 2
[2022-12-11 22:35:57] [SEVERE ] Key 69 was pressed by player 0
[2022-12-11 22:35:57] [SEVERE ] removing player 0 token from slot 2
[2022-12-11 22:35:57] [SEVERE ] Key 69 was pressed by player 0
[2022-12-11 22:35:57] [SEVERE ] player 0 placing token on slot 2
[2022-12-11 22:35:57] [SEVERE ] Key 69 was pressed by player 0
[2022-12-11 22:35:57] [SEVERE ] removing player 0 token from slot 2
[2022-12-11 22:35:57] [SEVERE ] Key 69 was pressed by player 0
[2022-12-11 22:35:57] [SEVERE ] player 0 placing token on slot 2
[2022-12-11 22:35:57] [SEVERE ] Key 69 was pressed by player 0
[2022-12-11 22:35:57] [SEVERE ] removing player 0 token from slot 2
[2022-12-11 22:35:57] [SEVERE ] Key 69 was pressed by player 0
[2022-12-11 22:35:57] [SEVERE ] player 0 placing token on slot 2
[2022-12-11 22:35:57] [SEVERE ] Key 69 was pressed by player 0
[2022-12-11 22:35:57] [SEVERE ] removing player 0 token from slot 2
[2022-12-11 22:35:57] [SEVERE ] Key 69 was pressed by player 0
[2022-12-11 22:35:57] [SEVERE ] player 0 placing token on slot 2
[2022-12-11 22:35:57] [SEVERE ] Key 69 was pressed by player 0
[2022-12-11 22:35:57] [SEVERE ] removing player 0 token from slot 2
[2022-12-11 22:35:57] [SEVERE ] Key 69 was pressed by player 0
[2022-12-11 22:35:57] [SEVERE ] player 0 placing token on slot 2
[2022-12-11 22:35:57] [SEVERE ] Key 69 was pressed by player 0
[2022-12-11 22:35:57] [SEVERE ] removing player 0 token from slot 2
[2022-12-11 22:35:57] [SEVERE ] Key 69 was pressed by player 0
[2022-12-11 22:35:57] [SEVERE ] player 0 placing token on slot 2
[2022-12-11 22:35:57] [SEVERE ] Key 69 was pressed by player 0
[2022-12-11 22:35:57] [SEVERE ] removing player 0 token from slot 2
[2022-12-11 22:35:57] [SEVERE ] Key 69 was pressed by player 0
[2022-12-11 22:35:57] [SEVERE ] player 0 placing token on slot 2
[2022-12-11 22:35:57] [SEVERE ] Key 69 was pressed by player 0
[2022-12-11 22:35:57] [SEVERE ] removing player 0 token from slot 2
[2022-12-11 22:35:57] [SEVERE ] Key 69 was pressed by player 0
[2022-12-11 22:35:57] [SEVERE ] player 0 placing token on slot 2
[2022-12-11 22:35:57] [SEVERE ] Key 69 was pressed by player 0
[2022-12-11 22:35:57] [SEVERE ] removing player 0 token from slot 2
[2022-12-11 22:35:57] [SEVERE ] Key 69 was pressed by player 0
[2022-12-11 22:35:57] [SEVERE ] player 0 placing token on slot 2
[2022-12-11 22:35:57] [SEVERE ] Key 69 was pressed by player 0
[2022-12-11 22:35:57] [SEVERE ] removing player 0 token from slot 2
[2022-12-11 22:35:57] [SEVERE ] Key 69 was pressed by player 0
[2022-12-11 22:35:57] [SEVERE ] player 0 placing token on slot 2
[2022-12-11 22:35:57] [SEVERE ] Key 69 was pressed by player 0
[2022-12-11 22:35:57] [SEVERE ] removing player 0 token from slot 2
[2022-12-11 22:35:57] [SEVERE ] Key 69 was pressed by player 0
[2022-12-11 22:35:57] [SEVERE ] player 0 placing token on slot 2
[2022-12-11 22:35:57] [SEVERE ] Key 69 was pressed by player 0
[2022-12-11 22:35:57] [SEVERE ] removing player 0 token from slot 2
[2022-12-11 22:35:57] [SEVERE ] Key 69 was pressed by player 0
[2022-12-11 22:35:57] [SEVERE ] player 0 placing token on slot 2
[2022-12-11 22:35:57] [SEVERE ] Key 69 was pressed by player 0
[2022-12-11 22:35:57] [SEVERE ] removing player 0 token from slot 2
[2022-12-11 22:35:57] [SEVERE ] Key 69 was pressed by player 0
[2022-12-11 22:35:57] [SEVERE ] player 0 placing token on slot 2
[2022-12-11 22:35:57] [SEVERE ] Key 69 was pressed by player 0
[2022-12-11 22:35:57] [SEVERE ] removing player 0 token from slot 2
[2022-12-11 22:35:57] [SEVERE ] Key 69 was pressed by player 0
[2022-12-11 22:35:57] [SEVERE ] player 0 placing token on slot 2
[2022-12-11 22:35:57] [SEVERE ] Key 69 was pressed by player 0
[2022-12-11 22:35:57] [SEVERE ] removing player 0 token from slot 2
[2022-12-11 22:35:57] [SEVERE ] Key 69 was pressed by player 0
[2022-12-11 22:35:57] [SEVERE ] player 0 placing token on slot 2
[2022-12-11 22:35:58] [SEVERE ] Key 69 was pressed by player 0
[2022-12-11 22:35:58] [SEVERE ] removing player 0 token from slot 2
[2022-12-11 22:35:58] [SEVERE ] Key 69 was pressed by player 0
[2022-12-11 22:35:58] [SEVERE ] player 0 placing token on slot 2
[2022-12-11 22:35:58] [SEVERE ] Key 69 was pressed by player 0
[2022-12-11 22:35:58] [SEVERE ] removing player 0 token from slot 2
[2022-12-11 22:35:58] [SEVERE ] Key 69 was pressed by player 0
[2022-12-11 22:35:58] [SEVERE ] player 0 placing token on slot 2
[2022-12-11 22:35:58] [SEVERE ] Key 69 was pressed by player 0
[2022-12-11 22:35:58] [SEVERE ] removing player 0 token from slot 2
[2022-12-11 22:35:58] [SEVERE ] Key 69 was pressed by player 0
[2022-12-11 22:35:58] [SEVERE ] player 0 placing token on slot 2
[2022-12-11 22:35:58] [SEVERE ] Key 69 was pressed by player 0
[2022-12-11 22:35:58] [SEVERE ] removing player 0 token from slot 2
[2022-12-11 22:35:58] [SEVERE ] Key 69 was pressed by player 0
[2022-12-11 22:35:58] [SEVERE ] player 0 placing token on slot 2
[2022-12-11 22:35:58] [SEVERE ] Key 69 was pressed by player 0
[2022-12-11 22:35:58] [SEVERE ] removing player 0 token from slot 2
[2022-12-11 22:35:58] [SEVERE ] Key 69 was pressed by player 0
[2022-12-11 22:35:58] [SEVERE ] player 0 placing token on slot 2
[2022-12-11 22:35:58] [SEVERE ] Key 69 was pressed by player 0
[2022-12-11 22:35:58] [SEVERE ] removing player 0 token from slot 2
[2022-12-11 22:35:58] [SEVERE ] Key 69 was pressed by player 0
[2022-12-11 22:35:58] [SEVERE ] player 0 placing token on slot 2
[2022-12-11 22:35:58] [SEVERE ] Key 69 was pressed by player 0
[2022-12-11 22:35:58] [SEVERE ] removing player 0 token from slot 2
[2022-12-11 22:35:58] [SEVERE ] Key 69 was pressed by player 0
[2022-12-11 22:35:58] [SEVERE ] player 0 placing token on slot 2
[2022-12-11 22:35:58] [SEVERE ] Key 69 was pressed by player 0
[2022-12-11 22:35:58] [SEVERE ] removing player 0 token from slot 2
[2022-12-11 22:35:58] [SEVERE ] Key 69 was pressed by player 0
[2022-12-11 22:35:58] [SEVERE ] player 0 placing token on slot 2
[2022-12-11 22:35:59] [SEVERE ] Key 65 was pressed by player 0
[2022-12-11 22:35:59] [SEVERE ] player 0 placing token on slot 4
[2022-12-11 22:35:59] [SEVERE ] Key 83 was pressed by player 0
[2022-12-11 22:35:59] [SEVERE ] player 0 placing token on slot 5
[2022-12-11 22:35:59] [SEVERE ] removing tokens from slot 2
[2022-12-11 22:35:59] [SEVERE ] removing tokens from slot 4
[2022-12-11 22:35:59] [SEVERE ] removing tokens from slot 5
[2022-12-11 22:35:59] [SEVERE ] removing card from slot 2
[2022-12-11 22:35:59] [SEVERE ] Key 68 was pressed by player 0
[2022-12-11 22:35:59] [SEVERE ] player 0 placing token on slot 6
[2022-12-11 22:35:59] [SEVERE ] removing card from slot 4
[2022-12-11 22:35:59] [SEVERE ] removing card from slot 5
[2022-12-11 22:35:59] [SEVERE ] setting player 0 score to 17
[2022-12-11 22:35:59] [SEVERE ] placing card 5 in slot 2
[2022-12-11 22:36:00] [SEVERE ] placing card 44 in slot 4
[2022-12-11 22:36:00] [SEVERE ] placing card 29 in slot 5
[2022-12-11 22:36:00] [SEVERE ] Key 68 was pressed by player 0
[2022-12-11 22:36:00] [SEVERE ] removing player 0 token from slot 6
[2022-12-11 22:36:00] [SEVERE ] Key 68 was pressed by player 0
[2022-12-11 22:36:00] [SEVERE ] player 0 placing token on slot 6
[2022-12-11 22:36:00] [SEVERE ] Key 68 was pressed by player 0
[2022-12-11 22:36:00] [SEVERE ] removing player 0 token from slot 6
[2022-12-11 22:36:00] [SEVERE ] Key 68 was pressed by player 0
[2022-12-11 22:36:00] [SEVERE ] player 0 placing token on slot 6
[2022-12-11 22:36:00] [SEVERE ] Key 68 was pressed by player 0
[2022-12-11 22:36:00] [SEVERE ] removing player 0 token from slot 6
[2022-12-11 22:36:00] [SEVERE ] Key 68 was pressed by player 0
[2022-12-11 22:36:00] [SEVERE ] player 0 placing token on slot 6
[2022-12-11 22:36:00] [SEVERE ] Key 68 was pressed by player 0
[2022-12-11 22:36:00] [SEVERE ] removing player 0 token from slot 6
[2022-12-11 22:36:00] [SEVERE ] Key 68 was pressed by player 0
[2022-12-11 22:36:00] [SEVERE ] player 0 placing token on slot 6
[2022-12-11 22:36:00] [SEVERE ] Key 68 was pressed by player 0
[2022-12-11 22:36:00] [SEVERE ] removing player 0 token from slot 6
[2022-12-11 22:36:00] [SEVERE ] Key 68 was pressed by player 0
[2022-12-11 22:36:00] [SEVERE ] player 0 placing token on slot 6
[2022-12-11 22:36:00] [SEVERE ] Key 68 was pressed by player 0
[2022-12-11 22:36:00] [SEVERE ] removing player 0 token from slot 6
[2022-12-11 22:36:00] [SEVERE ] Key 68 was pressed by player 0
[2022-12-11 22:36:00] [SEVERE ] player 0 placing token on slot 6
[2022-12-11 22:36:01] [SEVERE ] Key 90 was pressed by player 0
[2022-12-11 22:36:01] [SEVERE ] player 0 placing token on slot 8
[2022-12-11 22:36:01] [SEVERE ] Key 88 was pressed by player 0
[2022-12-11 22:36:01] [SEVERE ] player 0 placing token on slot 9
[2022-12-11 22:36:01] [SEVERE ] removing tokens from slot 6
[2022-12-11 22:36:01] [SEVERE ] removing tokens from slot 8
[2022-12-11 22:36:01] [SEVERE ] removing tokens from slot 9
[2022-12-11 22:36:01] [SEVERE ] Key 67 was pressed by player 0
[2022-12-11 22:36:01] [SEVERE ] player 0 placing token on slot 10
[2022-12-11 22:36:01] [SEVERE ] removing card from slot 6
[2022-12-11 22:36:01] [SEVERE ] removing card from slot 8
[2022-12-11 22:36:01] [SEVERE ] removing card from slot 9
[2022-12-11 22:36:01] [SEVERE ] setting player 0 score to 18
[2022-12-11 22:36:01] [SEVERE ] placing card 17 in slot 6
[2022-12-11 22:36:01] [SEVERE ] placing card 36 in slot 8
[2022-12-11 22:36:01] [SEVERE ] Key 67 was pressed by player 0
[2022-12-11 22:36:01] [SEVERE ] removing player 0 token from slot 10
[2022-12-11 22:36:01] [SEVERE ] placing card 0 in slot 9
[2022-12-11 22:36:01] [SEVERE ] Key 67 was pressed by player 0
[2022-12-11 22:36:01] [SEVERE ] player 0 placing token on slot 10
[2022-12-11 22:36:01] [SEVERE ] Key 67 was pressed by player 0
[2022-12-11 22:36:01] [SEVERE ] removing player 0 token from slot 10
[2022-12-11 22:36:01] [SEVERE ] Key 67 was pressed by player 0
[2022-12-11 22:36:01] [SEVERE ] player 0 placing token on slot 10
[2022-12-11 22:36:01] [SEVERE ] Key 67 was pressed by player 0
[2022-12-11 22:36:01] [SEVERE ] removing player 0 token from slot 10
[2022-12-11 22:36:02] [SEVERE ] Key 67 was pressed by player 0
[2022-12-11 22:36:02] [SEVERE ] player 0 placing token on slot 10
[2022-12-11 22:36:02] [SEVERE ] Key 67 was pressed by player 0
[2022-12-11 22:36:02] [SEVERE ] removing player 0 token from slot 10
[2022-12-11 22:36:02] [SEVERE ] Key 67 was pressed by player 0
[2022-12-11 22:36:02] [SEVERE ] player 0 placing token on slot 10
[2022-12-11 22:36:02] [SEVERE ] Key 67 was pressed by player 0
[2022-12-11 22:36:02] [SEVERE ] removing player 0 token from slot 10
[2022-12-11 22:36:02] [SEVERE ] Key 67 was pressed by player 0
[2022-12-11 22:36:02] [SEVERE ] player 0 placing token on slot 10
[2022-12-11 22:36:02] [SEVERE ] Key 67 was pressed by player 0
[2022-12-11 22:36:02] [SEVERE ] removing player 0 token from slot 10
[2022-12-11 22:36:02] [SEVERE ] Key 67 was pressed by player 0
[2022-12-11 22:36:02] [SEVERE ] player 0 placing token on slot 10
[2022-12-11 22:36:02] [SEVERE ] Key 67 was pressed by player 0
[2022-12-11 22:36:02] [SEVERE ] removing player 0 token from slot 10
[2022-12-11 22:36:02] [SEVERE ] Key 67 was pressed by player 0
[2022-12-11 22:36:02] [SEVERE ] player 0 placing token on slot 10
[2022-12-11 22:36:02] [SEVERE ] Key 67 was pressed by player 0
[2022-12-11 22:36:02] [SEVERE ] removing player 0 token from slot 10
[2022-12-11 22:36:02] [SEVERE ] Key 67 was pressed by player 0
[2022-12-11 22:36:02] [SEVERE ] player 0 placing token on slot 10
[2022-12-11 22:36:02] [SEVERE ] Key 67 was pressed by player 0
[2022-12-11 22:36:02] [SEVERE ] removing player 0 token from slot 10
[2022-12-11 22:36:02] [SEVERE ] Key 67 was pressed by player 0
[2022-12-11 22:36:02] [SEVERE ] player 0 placing token on slot 10
[2022-12-11 22:36:02] [SEVERE ] Key 67 was pressed by player 0
[2022-12-11 22:36:02] [SEVERE ] removing player 0 token from slot 10
[2022-12-11 22:36:02] [SEVERE ] Key 65 was pressed by player 0
[2022-12-11 22:36:02] [SEVERE ] player 0 placing token on slot 4
[2022-12-11 22:36:02] [SEVERE ] Key 83 was pressed by player 0
[2022-12-11 22:36:02] [SEVERE ] player 0 placing token on slot 5
[2022-12-11 22:36:03] [SEVERE ] Key 68 was pressed by player 0
[2022-12-11 22:36:03] [SEVERE ] player 0 placing token on slot 6
[2022-12-11 22:36:03] [SEVERE ] removing tokens from slot 4
[2022-12-11 22:36:03] [SEVERE ] removing tokens from slot 5
[2022-12-11 22:36:03] [SEVERE ] removing tokens from slot 6
[2022-12-11 22:36:03] [SEVERE ] removing card from slot 4
[2022-12-11 22:36:03] [SEVERE ] removing card from slot 5
[2022-12-11 22:36:03] [SEVERE ] removing card from slot 6
[2022-12-11 22:36:03] [SEVERE ] setting player 0 score to 19
[2022-12-11 22:36:03] [SEVERE ] placing card 31 in slot 4
[2022-12-11 22:36:03] [SEVERE ] Key 68 was pressed by player 0
[2022-12-11 22:36:03] [SEVERE ] placing card 66 in slot 5
[2022-12-11 22:36:03] [SEVERE ] Key 68 was pressed by player 0
[2022-12-11 22:36:03] [SEVERE ] Key 68 was pressed by player 0
[2022-12-11 22:36:03] [SEVERE ] placing card 22 in slot 6
[2022-12-11 22:36:04] [SEVERE ] Key 81 was pressed by player 0
[2022-12-11 22:36:04] [SEVERE ] player 0 placing token on slot 0
[2022-12-11 22:36:04] [SEVERE ] Key 87 was pressed by player 0
[2022-12-11 22:36:04] [SEVERE ] player 0 placing token on slot 1
[2022-12-11 22:36:04] [SEVERE ] Key 69 was pressed by player 0
[2022-12-11 22:36:04] [SEVERE ] player 0 placing token on slot 2
[2022-12-11 22:36:04] [SEVERE ] removing tokens from slot 0
[2022-12-11 22:36:04] [SEVERE ] removing tokens from slot 1
[2022-12-11 22:36:04] [SEVERE ] removing tokens from slot 2
[2022-12-11 22:36:04] [SEVERE ] removing card from slot 0
[2022-12-11 22:36:04] [SEVERE ] removing card from slot 1
[2022-12-11 22:36:04] [SEVERE ] removing card from slot 2
[2022-12-11 22:36:04] [SEVERE ] setting player 0 score to 20
[2022-12-11 22:36:04] [SEVERE ] placing card 46 in slot 0
[2022-12-11 22:36:05] [SEVERE ] placing card 51 in slot 1
[2022-12-11 22:36:05] [SEVERE ] placing card 54 in slot 2
[2022-12-11 22:36:09] [SEVERE ] Key 81 was pressed by player 0
[2022-12-11 22:36:09] [SEVERE ] player 0 placing token on slot 0
[2022-12-11 22:36:09] [SEVERE ] Key 87 was pressed by player 0
[2022-12-11 22:36:09] [SEVERE ] player 0 placing token on slot 1
[2022-12-11 22:36:09] [SEVERE ] Key 69 was pressed by player 0
[2022-12-11 22:36:09] [SEVERE ] player 0 placing token on slot 2
[2022-12-11 22:36:09] [SEVERE ] removing tokens from slot 0
[2022-12-11 22:36:09] [SEVERE ] removing tokens from slot 1
[2022-12-11 22:36:09] [SEVERE ] removing tokens from slot 2
[2022-12-11 22:36:09] [SEVERE ] removing card from slot 0
[2022-12-11 22:36:09] [SEVERE ] removing card from slot 1
[2022-12-11 22:36:09] [SEVERE ] removing card from slot 2
[2022-12-11 22:36:09] [SEVERE ] setting player 0 score to 21
[2022-12-11 22:36:09] [SEVERE ] placing card 28 in slot 0
[2022-12-11 22:36:09] [SEVERE ] placing card 48 in slot 1
[2022-12-11 22:36:10] [SEVERE ] placing card 56 in slot 2
