[2022-12-11 16:23:07] [INFO   ] cannot read configuration file config.properties trying from resources.
[2022-12-11 16:23:07] [INFO   ] configuration file was loaded from resources directory.
[2022-12-11 16:23:09] [INFO   ] Thread dealer starting.
[2022-12-11 16:23:09] [SEVERE ] placing card 45 in slot 0
[2022-12-11 16:23:09] [SEVERE ] placing card 59 in slot 1
[2022-12-11 16:23:09] [SEVERE ] placing card 58 in slot 2
[2022-12-11 16:23:09] [SEVERE ] placing card 72 in slot 3
[2022-12-11 16:23:09] [SEVERE ] placing card 1 in slot 4
[2022-12-11 16:23:10] [SEVERE ] placing card 23 in slot 5
[2022-12-11 16:23:10] [SEVERE ] placing card 9 in slot 6
[2022-12-11 16:23:10] [SEVERE ] placing card 11 in slot 7
[2022-12-11 16:23:10] [SEVERE ] placing card 37 in slot 8
[2022-12-11 16:23:10] [SEVERE ] placing card 18 in slot 9
[2022-12-11 16:23:10] [SEVERE ] placing card 62 in slot 10
[2022-12-11 16:23:10] [SEVERE ] placing card 12 in slot 11
[2022-12-11 16:23:10] [INFO   ] Thread dealerstarting.
[2022-12-11 16:23:11] [SEVERE ] Key 81 was pressed by player 0
[2022-12-11 16:23:11] [SEVERE ] player 0 placing token on slot 0
[2022-12-11 16:23:11] [SEVERE ] Key 87 was pressed by player 0
[2022-12-11 16:23:11] [SEVERE ] player 0 placing token on slot 1
[2022-12-11 16:23:11] [SEVERE ] Key 69 was pressed by player 0
[2022-12-11 16:23:11] [SEVERE ] player 0 placing token on slot 2
[2022-12-11 16:23:11] [INFO   ] Thread dealer terminated.
[2022-12-11 16:23:11] [SEVERE ] removing all tokens
[2022-12-11 16:23:11] [SEVERE ] removing tokens from slot 0
[2022-12-11 16:23:11] [SEVERE ] removing tokens from slot 1
[2022-12-11 16:23:11] [SEVERE ] removing tokens from slot 2
[2022-12-11 16:23:11] [SEVERE ] removing tokens from slot 3
[2022-12-11 16:23:11] [SEVERE ] removing tokens from slot 4
[2022-12-11 16:23:11] [SEVERE ] removing tokens from slot 5
[2022-12-11 16:23:11] [SEVERE ] removing tokens from slot 6
[2022-12-11 16:23:11] [SEVERE ] removing tokens from slot 7
[2022-12-11 16:23:11] [SEVERE ] removing tokens from slot 8
[2022-12-11 16:23:11] [SEVERE ] removing tokens from slot 9
[2022-12-11 16:23:11] [SEVERE ] removing tokens from slot 10
[2022-12-11 16:23:11] [SEVERE ] removing tokens from slot 11
[2022-12-11 16:23:11] [SEVERE ] removing card from slot 0
[2022-12-11 16:23:11] [SEVERE ] removing card from slot 1
[2022-12-11 16:23:11] [SEVERE ] removing card from slot 2
[2022-12-11 16:23:11] [SEVERE ] setting player 0 score to 1
[2022-12-11 16:23:11] [SEVERE ] placing card 24 in slot 0
[2022-12-11 16:23:11] [SEVERE ] placing card 70 in slot 1
[2022-12-11 16:23:12] [SEVERE ] placing card 0 in slot 2
[2022-12-11 16:23:12] [INFO   ] Thread dealerstarting.
[2022-12-11 16:23:12] [SEVERE ] Key 65 was pressed by player 0
[2022-12-11 16:23:12] [SEVERE ] player 0 placing token on slot 4
[2022-12-11 16:23:12] [SEVERE ] Key 83 was pressed by player 0
[2022-12-11 16:23:12] [SEVERE ] player 0 placing token on slot 5
[2022-12-11 16:23:12] [SEVERE ] Key 68 was pressed by player 0
[2022-12-11 16:23:12] [SEVERE ] player 0 placing token on slot 6
[2022-12-11 16:23:12] [INFO   ] Thread dealer terminated.
[2022-12-11 16:23:12] [SEVERE ] removing all tokens
[2022-12-11 16:23:12] [SEVERE ] removing tokens from slot 0
[2022-12-11 16:23:12] [SEVERE ] removing tokens from slot 1
[2022-12-11 16:23:12] [SEVERE ] removing tokens from slot 2
[2022-12-11 16:23:12] [SEVERE ] removing tokens from slot 3
[2022-12-11 16:23:12] [SEVERE ] removing tokens from slot 4
[2022-12-11 16:23:12] [SEVERE ] removing tokens from slot 5
[2022-12-11 16:23:12] [SEVERE ] removing tokens from slot 6
[2022-12-11 16:23:12] [SEVERE ] removing tokens from slot 7
[2022-12-11 16:23:12] [SEVERE ] removing tokens from slot 8
[2022-12-11 16:23:12] [SEVERE ] removing tokens from slot 9
[2022-12-11 16:23:12] [SEVERE ] removing tokens from slot 10
[2022-12-11 16:23:12] [SEVERE ] removing tokens from slot 11
[2022-12-11 16:23:12] [SEVERE ] removing card from slot 4
[2022-12-11 16:23:12] [SEVERE ] removing card from slot 5
[2022-12-11 16:23:12] [SEVERE ] removing card from slot 6
[2022-12-11 16:23:12] [SEVERE ] setting player 0 score to 2
[2022-12-11 16:23:12] [SEVERE ] placing card 46 in slot 4
[2022-12-11 16:23:12] [SEVERE ] placing card 30 in slot 5
[2022-12-11 16:23:13] [SEVERE ] placing card 36 in slot 6
[2022-12-11 16:23:13] [INFO   ] Thread dealerstarting.
[2022-12-11 16:23:13] [SEVERE ] Key 90 was pressed by player 0
[2022-12-11 16:23:13] [SEVERE ] player 0 placing token on slot 8
[2022-12-11 16:23:14] [SEVERE ] Key 88 was pressed by player 0
[2022-12-11 16:23:14] [SEVERE ] player 0 placing token on slot 9
[2022-12-11 16:23:14] [SEVERE ] Key 67 was pressed by player 0
[2022-12-11 16:23:14] [SEVERE ] player 0 placing token on slot 10
[2022-12-11 16:23:14] [INFO   ] Thread dealer terminated.
[2022-12-11 16:23:14] [SEVERE ] removing all tokens
[2022-12-11 16:23:14] [SEVERE ] removing tokens from slot 0
[2022-12-11 16:23:14] [SEVERE ] removing tokens from slot 1
[2022-12-11 16:23:14] [SEVERE ] removing tokens from slot 2
[2022-12-11 16:23:14] [SEVERE ] removing tokens from slot 3
[2022-12-11 16:23:14] [SEVERE ] removing tokens from slot 4
[2022-12-11 16:23:14] [SEVERE ] removing tokens from slot 5
[2022-12-11 16:23:14] [SEVERE ] removing tokens from slot 6
[2022-12-11 16:23:14] [SEVERE ] removing tokens from slot 7
[2022-12-11 16:23:14] [SEVERE ] removing tokens from slot 8
[2022-12-11 16:23:14] [SEVERE ] removing tokens from slot 9
[2022-12-11 16:23:14] [SEVERE ] removing tokens from slot 10
[2022-12-11 16:23:14] [SEVERE ] removing tokens from slot 11
[2022-12-11 16:23:14] [SEVERE ] removing card from slot 8
[2022-12-11 16:23:14] [SEVERE ] removing card from slot 9
[2022-12-11 16:23:14] [SEVERE ] removing card from slot 10
[2022-12-11 16:23:14] [SEVERE ] setting player 0 score to 3
[2022-12-11 16:23:14] [SEVERE ] placing card 38 in slot 8
[2022-12-11 16:23:14] [SEVERE ] placing card 39 in slot 9
[2022-12-11 16:23:14] [SEVERE ] placing card 71 in slot 10
[2022-12-11 16:23:14] [INFO   ] Thread dealerstarting.
[2022-12-11 16:23:16] [SEVERE ] Key 65 was pressed by player 0
[2022-12-11 16:23:16] [SEVERE ] player 0 placing token on slot 4
[2022-12-11 16:23:16] [SEVERE ] Key 83 was pressed by player 0
[2022-12-11 16:23:16] [SEVERE ] player 0 placing token on slot 5
[2022-12-11 16:23:16] [SEVERE ] Key 68 was pressed by player 0
[2022-12-11 16:23:16] [SEVERE ] player 0 placing token on slot 6
[2022-12-11 16:23:16] [INFO   ] Thread dealer terminated.
[2022-12-11 16:23:16] [SEVERE ] removing all tokens
[2022-12-11 16:23:16] [SEVERE ] removing tokens from slot 0
[2022-12-11 16:23:16] [SEVERE ] removing tokens from slot 1
[2022-12-11 16:23:16] [SEVERE ] removing tokens from slot 2
[2022-12-11 16:23:16] [SEVERE ] removing tokens from slot 3
[2022-12-11 16:23:16] [SEVERE ] removing tokens from slot 4
[2022-12-11 16:23:16] [SEVERE ] removing tokens from slot 5
[2022-12-11 16:23:16] [SEVERE ] removing tokens from slot 6
[2022-12-11 16:23:16] [SEVERE ] removing tokens from slot 7
[2022-12-11 16:23:16] [SEVERE ] removing tokens from slot 8
[2022-12-11 16:23:16] [SEVERE ] removing tokens from slot 9
[2022-12-11 16:23:16] [SEVERE ] removing tokens from slot 10
[2022-12-11 16:23:16] [SEVERE ] removing tokens from slot 11
[2022-12-11 16:23:16] [SEVERE ] removing card from slot 4
[2022-12-11 16:23:16] [SEVERE ] removing card from slot 5
[2022-12-11 16:23:16] [SEVERE ] removing card from slot 6
[2022-12-11 16:23:16] [SEVERE ] setting player 0 score to 4
[2022-12-11 16:23:16] [SEVERE ] placing card 6 in slot 4
[2022-12-11 16:23:17] [SEVERE ] placing card 64 in slot 5
[2022-12-11 16:23:17] [SEVERE ] placing card 15 in slot 6
[2022-12-11 16:23:17] [INFO   ] Thread dealerstarting.
[2022-12-11 16:23:18] [SEVERE ] Key 81 was pressed by player 0
[2022-12-11 16:23:18] [SEVERE ] player 0 placing token on slot 0
[2022-12-11 16:23:18] [SEVERE ] Key 87 was pressed by player 0
[2022-12-11 16:23:18] [SEVERE ] player 0 placing token on slot 1
[2022-12-11 16:23:18] [SEVERE ] Key 69 was pressed by player 0
[2022-12-11 16:23:18] [SEVERE ] player 0 placing token on slot 2
[2022-12-11 16:23:18] [INFO   ] Thread dealer terminated.
[2022-12-11 16:23:18] [SEVERE ] removing all tokens
[2022-12-11 16:23:18] [SEVERE ] removing tokens from slot 0
[2022-12-11 16:23:18] [SEVERE ] removing tokens from slot 1
[2022-12-11 16:23:18] [SEVERE ] removing tokens from slot 2
[2022-12-11 16:23:18] [SEVERE ] removing tokens from slot 3
[2022-12-11 16:23:18] [SEVERE ] removing tokens from slot 4
[2022-12-11 16:23:18] [SEVERE ] removing tokens from slot 5
[2022-12-11 16:23:18] [SEVERE ] removing tokens from slot 6
[2022-12-11 16:23:18] [SEVERE ] removing tokens from slot 7
[2022-12-11 16:23:18] [SEVERE ] removing tokens from slot 8
[2022-12-11 16:23:18] [SEVERE ] removing tokens from slot 9
[2022-12-11 16:23:18] [SEVERE ] removing tokens from slot 10
[2022-12-11 16:23:18] [SEVERE ] removing tokens from slot 11
[2022-12-11 16:23:18] [SEVERE ] removing card from slot 0
[2022-12-11 16:23:18] [SEVERE ] removing card from slot 1
[2022-12-11 16:23:18] [SEVERE ] removing card from slot 2
[2022-12-11 16:23:18] [SEVERE ] setting player 0 score to 5
[2022-12-11 16:23:18] [SEVERE ] placing card 60 in slot 0
[2022-12-11 16:23:19] [SEVERE ] placing card 2 in slot 1
[2022-12-11 16:23:19] [SEVERE ] placing card 79 in slot 2
[2022-12-11 16:23:19] [INFO   ] Thread dealerstarting.
[2022-12-11 16:23:19] [SEVERE ] Key 83 was pressed by player 0
[2022-12-11 16:23:19] [SEVERE ] player 0 placing token on slot 5
[2022-12-11 16:23:19] [SEVERE ] Key 65 was pressed by player 0
[2022-12-11 16:23:19] [SEVERE ] player 0 placing token on slot 4
[2022-12-11 16:23:19] [SEVERE ] Key 68 was pressed by player 0
[2022-12-11 16:23:19] [SEVERE ] player 0 placing token on slot 6
[2022-12-11 16:23:19] [INFO   ] Thread dealer terminated.
[2022-12-11 16:23:19] [SEVERE ] removing all tokens
[2022-12-11 16:23:19] [SEVERE ] removing tokens from slot 0
[2022-12-11 16:23:19] [SEVERE ] removing tokens from slot 1
[2022-12-11 16:23:19] [SEVERE ] removing tokens from slot 2
[2022-12-11 16:23:19] [SEVERE ] removing tokens from slot 3
[2022-12-11 16:23:19] [SEVERE ] removing tokens from slot 4
[2022-12-11 16:23:19] [SEVERE ] removing tokens from slot 5
[2022-12-11 16:23:19] [SEVERE ] removing tokens from slot 6
[2022-12-11 16:23:19] [SEVERE ] removing tokens from slot 7
[2022-12-11 16:23:19] [SEVERE ] removing tokens from slot 8
[2022-12-11 16:23:19] [SEVERE ] removing tokens from slot 9
[2022-12-11 16:23:19] [SEVERE ] removing tokens from slot 10
[2022-12-11 16:23:19] [SEVERE ] removing tokens from slot 11
[2022-12-11 16:23:19] [SEVERE ] removing card from slot 5
[2022-12-11 16:23:19] [SEVERE ] removing card from slot 4
[2022-12-11 16:23:19] [SEVERE ] removing card from slot 6
[2022-12-11 16:23:19] [SEVERE ] setting player 0 score to 6
[2022-12-11 16:23:20] [SEVERE ] placing card 67 in slot 4
[2022-12-11 16:23:20] [SEVERE ] placing card 5 in slot 5
[2022-12-11 16:23:20] [SEVERE ] placing card 51 in slot 6
[2022-12-11 16:23:20] [INFO   ] Thread dealerstarting.
