[2022-12-11 19:22:16] [INFO   ] cannot read configuration file config.properties trying from resources.
[2022-12-11 19:22:16] [INFO   ] configuration file was loaded from resources directory.
[2022-12-11 19:22:17] [INFO   ] Thread dealer starting.
[2022-12-11 19:22:17] [SEVERE ] placing card 36 in slot 0
[2022-12-11 19:22:17] [SEVERE ] placing card 7 in slot 1
[2022-12-11 19:22:18] [SEVERE ] placing card 74 in slot 2
[2022-12-11 19:22:18] [SEVERE ] placing card 17 in slot 3
[2022-12-11 19:22:18] [SEVERE ] placing card 12 in slot 4
[2022-12-11 19:22:18] [SEVERE ] placing card 25 in slot 5
[2022-12-11 19:22:18] [SEVERE ] placing card 30 in slot 6
[2022-12-11 19:22:18] [SEVERE ] placing card 20 in slot 7
[2022-12-11 19:22:18] [SEVERE ] placing card 69 in slot 8
[2022-12-11 19:22:18] [SEVERE ] placing card 78 in slot 9
[2022-12-11 19:22:18] [SEVERE ] placing card 70 in slot 10
[2022-12-11 19:22:19] [SEVERE ] placing card 62 in slot 11
[2022-12-11 19:22:19] [INFO   ] Thread Thread-1starting.
[2022-12-11 19:22:19] [INFO   ] Thread Thread-0starting.
[2022-12-11 19:22:19] [SEVERE ] Key 81 was pressed by player 0
[2022-12-11 19:22:19] [SEVERE ] player 0 placing token on slot 0
[2022-12-11 19:22:19] [SEVERE ] Key 87 was pressed by player 0
[2022-12-11 19:22:19] [SEVERE ] player 0 placing token on slot 1
[2022-12-11 19:22:19] [SEVERE ] Key 69 was pressed by player 0
[2022-12-11 19:22:19] [SEVERE ] player 0 placing token on slot 2
[2022-12-11 19:22:19] [SEVERE ] removing all tokens
[2022-12-11 19:22:19] [INFO   ] Thread Thread-0 terminated.
[2022-12-11 19:22:19] [SEVERE ] removing tokens from slot 0
[2022-12-11 19:22:19] [SEVERE ] removing tokens from slot 1
[2022-12-11 19:22:19] [SEVERE ] removing tokens from slot 2
[2022-12-11 19:22:19] [SEVERE ] removing tokens from slot 3
[2022-12-11 19:22:19] [SEVERE ] removing tokens from slot 4
[2022-12-11 19:22:19] [SEVERE ] removing tokens from slot 5
[2022-12-11 19:22:19] [SEVERE ] removing tokens from slot 6
[2022-12-11 19:22:19] [SEVERE ] removing tokens from slot 7
[2022-12-11 19:22:19] [SEVERE ] removing tokens from slot 8
[2022-12-11 19:22:19] [SEVERE ] removing tokens from slot 9
[2022-12-11 19:22:19] [SEVERE ] removing tokens from slot 10
[2022-12-11 19:22:19] [SEVERE ] removing tokens from slot 11
[2022-12-11 19:22:19] [SEVERE ] removing card from slot 0
[2022-12-11 19:22:19] [SEVERE ] removing card from slot 1
[2022-12-11 19:22:20] [SEVERE ] removing card from slot 2
[2022-12-11 19:22:20] [SEVERE ] setting player 0 score to 1
[2022-12-11 19:22:20] [SEVERE ] placing card 76 in slot 0
[2022-12-11 19:22:20] [SEVERE ] placing card 66 in slot 1
[2022-12-11 19:22:20] [SEVERE ] placing card 28 in slot 2
[2022-12-11 19:22:21] [SEVERE ] Key 81 was pressed by player 0
[2022-12-11 19:22:21] [SEVERE ] player 0 placing token on slot 0
[2022-12-11 19:22:21] [SEVERE ] Key 87 was pressed by player 0
[2022-12-11 19:22:21] [SEVERE ] player 0 placing token on slot 1
[2022-12-11 19:22:21] [SEVERE ] Key 69 was pressed by player 0
[2022-12-11 19:22:21] [SEVERE ] player 0 placing token on slot 2
[2022-12-11 19:22:21] [SEVERE ] removing all tokens
[2022-12-11 19:22:21] [SEVERE ] removing tokens from slot 0
[2022-12-11 19:22:21] [SEVERE ] removing tokens from slot 1
[2022-12-11 19:22:21] [SEVERE ] removing tokens from slot 2
[2022-12-11 19:22:21] [SEVERE ] removing tokens from slot 3
[2022-12-11 19:22:21] [SEVERE ] removing tokens from slot 4
[2022-12-11 19:22:21] [SEVERE ] removing tokens from slot 5
[2022-12-11 19:22:21] [SEVERE ] removing tokens from slot 6
[2022-12-11 19:22:21] [SEVERE ] removing tokens from slot 7
[2022-12-11 19:22:21] [SEVERE ] removing tokens from slot 8
[2022-12-11 19:22:21] [SEVERE ] removing tokens from slot 9
[2022-12-11 19:22:21] [SEVERE ] removing tokens from slot 10
[2022-12-11 19:22:21] [SEVERE ] removing tokens from slot 11
[2022-12-11 19:22:21] [SEVERE ] removing card from slot 0
[2022-12-11 19:22:21] [SEVERE ] removing card from slot 1
[2022-12-11 19:22:21] [SEVERE ] removing card from slot 2
[2022-12-11 19:22:21] [SEVERE ] setting player 0 score to 2
[2022-12-11 19:22:21] [SEVERE ] placing card 1 in slot 0
[2022-12-11 19:22:21] [SEVERE ] placing card 32 in slot 1
[2022-12-11 19:22:21] [SEVERE ] placing card 39 in slot 2
[2022-12-11 19:22:22] [SEVERE ] Key 65 was pressed by player 0
[2022-12-11 19:22:22] [SEVERE ] player 0 placing token on slot 4
[2022-12-11 19:22:22] [SEVERE ] Key 83 was pressed by player 0
[2022-12-11 19:22:22] [SEVERE ] player 0 placing token on slot 5
[2022-12-11 19:22:22] [SEVERE ] Key 68 was pressed by player 0
[2022-12-11 19:22:22] [SEVERE ] player 0 placing token on slot 6
[2022-12-11 19:22:22] [SEVERE ] removing all tokens
[2022-12-11 19:22:22] [SEVERE ] removing tokens from slot 0
[2022-12-11 19:22:22] [SEVERE ] removing tokens from slot 1
[2022-12-11 19:22:22] [SEVERE ] removing tokens from slot 2
[2022-12-11 19:22:22] [SEVERE ] removing tokens from slot 3
[2022-12-11 19:22:22] [SEVERE ] removing tokens from slot 4
[2022-12-11 19:22:22] [SEVERE ] removing tokens from slot 5
[2022-12-11 19:22:22] [SEVERE ] removing tokens from slot 6
[2022-12-11 19:22:22] [SEVERE ] removing tokens from slot 7
[2022-12-11 19:22:22] [SEVERE ] removing tokens from slot 8
[2022-12-11 19:22:22] [SEVERE ] removing tokens from slot 9
[2022-12-11 19:22:22] [SEVERE ] removing tokens from slot 10
[2022-12-11 19:22:22] [SEVERE ] removing tokens from slot 11
[2022-12-11 19:22:22] [SEVERE ] removing card from slot 4
[2022-12-11 19:22:22] [SEVERE ] removing card from slot 5
[2022-12-11 19:22:22] [SEVERE ] removing card from slot 6
[2022-12-11 19:22:22] [SEVERE ] setting player 0 score to 3
[2022-12-11 19:22:22] [SEVERE ] placing card 53 in slot 4
[2022-12-11 19:22:22] [SEVERE ] placing card 14 in slot 5
[2022-12-11 19:22:23] [SEVERE ] placing card 45 in slot 6
