[2022-12-11 16:18:42] [INFO   ] cannot read configuration file config.properties trying from resources.
[2022-12-11 16:18:42] [INFO   ] configuration file was loaded from resources directory.
[2022-12-11 16:18:43] [INFO   ] Thread dealer starting.
[2022-12-11 16:18:43] [SEVERE ] placing card 46 in slot 0
[2022-12-11 16:18:43] [SEVERE ] placing card 11 in slot 1
[2022-12-11 16:18:43] [SEVERE ] placing card 58 in slot 2
[2022-12-11 16:18:43] [SEVERE ] placing card 41 in slot 3
[2022-12-11 16:18:44] [SEVERE ] placing card 57 in slot 4
[2022-12-11 16:18:44] [SEVERE ] placing card 21 in slot 5
[2022-12-11 16:18:44] [SEVERE ] placing card 35 in slot 6
[2022-12-11 16:18:44] [SEVERE ] placing card 19 in slot 7
[2022-12-11 16:18:44] [SEVERE ] placing card 39 in slot 8
[2022-12-11 16:18:44] [SEVERE ] placing card 53 in slot 9
[2022-12-11 16:18:44] [SEVERE ] placing card 45 in slot 10
[2022-12-11 16:18:44] [SEVERE ] placing card 10 in slot 11
[2022-12-11 16:18:46] [SEVERE ] Key 81 was pressed by player 0
[2022-12-11 16:18:46] [SEVERE ] player 0 placing token on slot 0
[2022-12-11 16:18:46] [SEVERE ] Key 87 was pressed by player 0
[2022-12-11 16:18:46] [SEVERE ] player 0 placing token on slot 1
[2022-12-11 16:18:46] [SEVERE ] Key 69 was pressed by player 0
[2022-12-11 16:18:46] [SEVERE ] player 0 placing token on slot 2
[2022-12-11 16:18:46] [SEVERE ] removing all tokens
[2022-12-11 16:18:46] [SEVERE ] removing tokens from slot 0
[2022-12-11 16:18:46] [SEVERE ] removing tokens from slot 1
[2022-12-11 16:18:46] [SEVERE ] removing tokens from slot 2
[2022-12-11 16:18:46] [SEVERE ] removing tokens from slot 3
[2022-12-11 16:18:46] [SEVERE ] removing tokens from slot 4
[2022-12-11 16:18:46] [SEVERE ] removing tokens from slot 5
[2022-12-11 16:18:46] [SEVERE ] removing tokens from slot 6
[2022-12-11 16:18:46] [SEVERE ] removing tokens from slot 7
[2022-12-11 16:18:46] [SEVERE ] removing tokens from slot 8
[2022-12-11 16:18:46] [SEVERE ] removing tokens from slot 9
[2022-12-11 16:18:46] [SEVERE ] removing tokens from slot 10
[2022-12-11 16:18:46] [SEVERE ] removing tokens from slot 11
[2022-12-11 16:18:46] [SEVERE ] removing card from slot 0
[2022-12-11 16:18:46] [SEVERE ] removing card from slot 1
[2022-12-11 16:18:46] [SEVERE ] removing card from slot 2
[2022-12-11 16:18:46] [SEVERE ] setting player 0 score to 1
[2022-12-11 16:18:46] [SEVERE ] placing card 73 in slot 0
[2022-12-11 16:18:46] [SEVERE ] placing card 70 in slot 1
[2022-12-11 16:18:47] [SEVERE ] placing card 1 in slot 2
[2022-12-11 16:18:47] [SEVERE ] Key 65 was pressed by player 0
[2022-12-11 16:18:47] [SEVERE ] player 0 placing token on slot 4
[2022-12-11 16:18:47] [SEVERE ] Key 83 was pressed by player 0
[2022-12-11 16:18:47] [SEVERE ] player 0 placing token on slot 5
[2022-12-11 16:18:47] [SEVERE ] Key 68 was pressed by player 0
[2022-12-11 16:18:47] [SEVERE ] player 0 placing token on slot 6
[2022-12-11 16:18:47] [SEVERE ] removing all tokens
[2022-12-11 16:18:47] [SEVERE ] removing tokens from slot 0
[2022-12-11 16:18:47] [SEVERE ] removing tokens from slot 1
[2022-12-11 16:18:47] [SEVERE ] removing tokens from slot 2
[2022-12-11 16:18:47] [SEVERE ] removing tokens from slot 3
[2022-12-11 16:18:47] [SEVERE ] removing tokens from slot 4
[2022-12-11 16:18:47] [SEVERE ] removing tokens from slot 5
[2022-12-11 16:18:47] [SEVERE ] removing tokens from slot 6
[2022-12-11 16:18:47] [SEVERE ] removing tokens from slot 7
[2022-12-11 16:18:47] [SEVERE ] removing tokens from slot 8
[2022-12-11 16:18:47] [SEVERE ] removing tokens from slot 9
[2022-12-11 16:18:47] [SEVERE ] removing tokens from slot 10
[2022-12-11 16:18:47] [SEVERE ] removing tokens from slot 11
[2022-12-11 16:18:47] [SEVERE ] removing card from slot 4
[2022-12-11 16:18:47] [SEVERE ] removing card from slot 5
[2022-12-11 16:18:47] [SEVERE ] removing card from slot 6
[2022-12-11 16:18:47] [SEVERE ] setting player 0 score to 2
[2022-12-11 16:18:47] [SEVERE ] placing card 15 in slot 4
[2022-12-11 16:18:48] [SEVERE ] placing card 14 in slot 5
[2022-12-11 16:18:48] [SEVERE ] placing card 69 in slot 6
[2022-12-11 16:18:50] [SEVERE ] Key 90 was pressed by player 0
[2022-12-11 16:18:50] [SEVERE ] player 0 placing token on slot 8
[2022-12-11 16:18:50] [SEVERE ] Key 88 was pressed by player 0
[2022-12-11 16:18:50] [SEVERE ] player 0 placing token on slot 9
[2022-12-11 16:18:50] [SEVERE ] Key 67 was pressed by player 0
[2022-12-11 16:18:50] [SEVERE ] player 0 placing token on slot 10
[2022-12-11 16:18:50] [SEVERE ] removing all tokens
[2022-12-11 16:18:50] [SEVERE ] removing tokens from slot 0
[2022-12-11 16:18:50] [SEVERE ] removing tokens from slot 1
[2022-12-11 16:18:50] [SEVERE ] removing tokens from slot 2
[2022-12-11 16:18:50] [SEVERE ] removing tokens from slot 3
[2022-12-11 16:18:50] [SEVERE ] removing tokens from slot 4
[2022-12-11 16:18:50] [SEVERE ] removing tokens from slot 5
[2022-12-11 16:18:50] [SEVERE ] removing tokens from slot 6
[2022-12-11 16:18:50] [SEVERE ] removing tokens from slot 7
[2022-12-11 16:18:50] [SEVERE ] removing tokens from slot 8
[2022-12-11 16:18:50] [SEVERE ] removing tokens from slot 9
[2022-12-11 16:18:50] [SEVERE ] removing tokens from slot 10
[2022-12-11 16:18:50] [SEVERE ] removing tokens from slot 11
[2022-12-11 16:18:50] [SEVERE ] removing card from slot 8
[2022-12-11 16:18:50] [SEVERE ] removing card from slot 9
[2022-12-11 16:18:50] [SEVERE ] removing card from slot 10
[2022-12-11 16:18:50] [SEVERE ] setting player 0 score to 3
[2022-12-11 16:18:50] [SEVERE ] placing card 33 in slot 8
[2022-12-11 16:18:50] [SEVERE ] placing card 23 in slot 9
[2022-12-11 16:18:50] [SEVERE ] placing card 66 in slot 10
[2022-12-11 16:18:51] [SEVERE ] Key 87 was pressed by player 0
[2022-12-11 16:18:51] [SEVERE ] player 0 placing token on slot 1
[2022-12-11 16:18:51] [SEVERE ] Key 81 was pressed by player 0
[2022-12-11 16:18:51] [SEVERE ] player 0 placing token on slot 0
[2022-12-11 16:18:51] [SEVERE ] Key 69 was pressed by player 0
[2022-12-11 16:18:51] [SEVERE ] player 0 placing token on slot 2
[2022-12-11 16:18:51] [SEVERE ] removing all tokens
[2022-12-11 16:18:51] [SEVERE ] removing tokens from slot 0
[2022-12-11 16:18:51] [SEVERE ] removing tokens from slot 1
[2022-12-11 16:18:51] [SEVERE ] removing tokens from slot 2
[2022-12-11 16:18:51] [SEVERE ] removing tokens from slot 3
[2022-12-11 16:18:51] [SEVERE ] removing tokens from slot 4
[2022-12-11 16:18:51] [SEVERE ] removing tokens from slot 5
[2022-12-11 16:18:51] [SEVERE ] removing tokens from slot 6
[2022-12-11 16:18:51] [SEVERE ] removing tokens from slot 7
[2022-12-11 16:18:51] [SEVERE ] removing tokens from slot 8
[2022-12-11 16:18:51] [SEVERE ] removing tokens from slot 9
[2022-12-11 16:18:51] [SEVERE ] removing tokens from slot 10
[2022-12-11 16:18:51] [SEVERE ] removing tokens from slot 11
[2022-12-11 16:18:51] [SEVERE ] removing card from slot 1
[2022-12-11 16:18:51] [SEVERE ] removing card from slot 0
[2022-12-11 16:18:51] [SEVERE ] removing card from slot 2
[2022-12-11 16:18:51] [SEVERE ] setting player 0 score to 4
[2022-12-11 16:18:51] [SEVERE ] placing card 17 in slot 0
[2022-12-11 16:18:51] [SEVERE ] placing card 71 in slot 1
[2022-12-11 16:18:51] [SEVERE ] placing card 2 in slot 2
[2022-12-11 16:18:52] [SEVERE ] Key 83 was pressed by player 0
[2022-12-11 16:18:52] [SEVERE ] player 0 placing token on slot 5
[2022-12-11 16:18:52] [SEVERE ] Key 65 was pressed by player 0
[2022-12-11 16:18:52] [SEVERE ] player 0 placing token on slot 4
[2022-12-11 16:18:52] [SEVERE ] Key 68 was pressed by player 0
[2022-12-11 16:18:52] [SEVERE ] player 0 placing token on slot 6
[2022-12-11 16:18:52] [SEVERE ] removing all tokens
[2022-12-11 16:18:52] [SEVERE ] removing tokens from slot 0
[2022-12-11 16:18:52] [SEVERE ] removing tokens from slot 1
[2022-12-11 16:18:52] [SEVERE ] removing tokens from slot 2
[2022-12-11 16:18:52] [SEVERE ] removing tokens from slot 3
[2022-12-11 16:18:52] [SEVERE ] removing tokens from slot 4
[2022-12-11 16:18:52] [SEVERE ] removing tokens from slot 5
[2022-12-11 16:18:52] [SEVERE ] removing tokens from slot 6
[2022-12-11 16:18:52] [SEVERE ] removing tokens from slot 7
[2022-12-11 16:18:52] [SEVERE ] removing tokens from slot 8
[2022-12-11 16:18:52] [SEVERE ] removing tokens from slot 9
[2022-12-11 16:18:52] [SEVERE ] removing tokens from slot 10
[2022-12-11 16:18:52] [SEVERE ] removing tokens from slot 11
[2022-12-11 16:18:52] [SEVERE ] removing card from slot 5
[2022-12-11 16:18:52] [SEVERE ] removing card from slot 4
[2022-12-11 16:18:52] [SEVERE ] removing card from slot 6
[2022-12-11 16:18:52] [SEVERE ] setting player 0 score to 5
[2022-12-11 16:18:52] [SEVERE ] placing card 7 in slot 4
[2022-12-11 16:18:52] [SEVERE ] placing card 43 in slot 5
[2022-12-11 16:18:52] [SEVERE ] placing card 8 in slot 6
[2022-12-11 16:18:53] [SEVERE ] Key 90 was pressed by player 0
[2022-12-11 16:18:53] [SEVERE ] player 0 placing token on slot 8
[2022-12-11 16:18:53] [SEVERE ] Key 67 was pressed by player 0
[2022-12-11 16:18:53] [SEVERE ] player 0 placing token on slot 10
[2022-12-11 16:18:54] [SEVERE ] Key 90 was pressed by player 0
[2022-12-11 16:18:54] [SEVERE ] removing player 0 token from slot 8
[2022-12-11 16:18:54] [SEVERE ] Key 88 was pressed by player 0
[2022-12-11 16:18:54] [SEVERE ] player 0 placing token on slot 9
