[2022-12-11 19:29:57] [INFO   ] cannot read configuration file config.properties trying from resources.
[2022-12-11 19:29:57] [INFO   ] configuration file was loaded from resources directory.
[2022-12-11 19:29:59] [INFO   ] Thread dealer starting.
[2022-12-11 19:29:59] [SEVERE ] placing card 29 in slot 0
[2022-12-11 19:29:59] [SEVERE ] placing card 6 in slot 1
[2022-12-11 19:29:59] [SEVERE ] placing card 17 in slot 2
[2022-12-11 19:29:59] [SEVERE ] placing card 31 in slot 3
[2022-12-11 19:29:59] [SEVERE ] placing card 71 in slot 4
[2022-12-11 19:29:59] [SEVERE ] placing card 53 in slot 5
[2022-12-11 19:29:59] [SEVERE ] placing card 60 in slot 6
[2022-12-11 19:30:00] [SEVERE ] placing card 20 in slot 7
[2022-12-11 19:30:00] [SEVERE ] placing card 70 in slot 8
[2022-12-11 19:30:00] [SEVERE ] placing card 46 in slot 9
[2022-12-11 19:30:00] [SEVERE ] placing card 24 in slot 10
[2022-12-11 19:30:00] [SEVERE ] placing card 40 in slot 11
[2022-12-11 19:30:00] [INFO   ] Thread Thread-0starting.
[2022-12-11 19:30:00] [INFO   ] Thread Thread-1starting.
[2022-12-11 19:30:06] [SEVERE ] Key 81 was pressed by player 0
[2022-12-11 19:30:06] [SEVERE ] player 0 placing token on slot 0
[2022-12-11 19:30:06] [SEVERE ] Key 87 was pressed by player 0
[2022-12-11 19:30:06] [SEVERE ] player 0 placing token on slot 1
[2022-12-11 19:30:06] [SEVERE ] Key 69 was pressed by player 0
[2022-12-11 19:30:06] [SEVERE ] player 0 placing token on slot 2
[2022-12-11 19:30:06] [SEVERE ] removing all tokens
[2022-12-11 19:30:06] [SEVERE ] removing tokens from slot 0
[2022-12-11 19:30:17] [SEVERE ] removing tokens from slot 1
[2022-12-11 19:30:18] [SEVERE ] removing tokens from slot 2
[2022-12-11 19:30:18] [SEVERE ] removing tokens from slot 3
[2022-12-11 19:30:18] [SEVERE ] removing tokens from slot 4
[2022-12-11 19:30:18] [SEVERE ] removing tokens from slot 5
[2022-12-11 19:30:18] [SEVERE ] removing tokens from slot 6
[2022-12-11 19:30:18] [SEVERE ] removing tokens from slot 7
[2022-12-11 19:30:18] [SEVERE ] removing tokens from slot 8
[2022-12-11 19:30:18] [SEVERE ] removing tokens from slot 9
[2022-12-11 19:30:18] [SEVERE ] removing tokens from slot 10
[2022-12-11 19:30:18] [SEVERE ] removing tokens from slot 11
[2022-12-11 19:30:18] [SEVERE ] removing card from slot 0
[2022-12-11 19:30:18] [SEVERE ] removing card from slot 1
[2022-12-11 19:30:18] [SEVERE ] removing card from slot 2
[2022-12-11 19:30:18] [SEVERE ] setting player 0 score to 1
[2022-12-11 19:30:18] [SEVERE ] placing card 58 in slot 0
[2022-12-11 19:30:18] [SEVERE ] placing card 12 in slot 1
[2022-12-11 19:30:18] [SEVERE ] placing card 56 in slot 2
