[2022-12-11 19:23:29] [INFO   ] cannot read configuration file config.properties trying from resources.
[2022-12-11 19:23:29] [INFO   ] configuration file was loaded from resources directory.
[2022-12-11 19:23:31] [INFO   ] Thread dealer starting.
[2022-12-11 19:23:31] [SEVERE ] placing card 50 in slot 0
[2022-12-11 19:23:31] [SEVERE ] placing card 27 in slot 1
[2022-12-11 19:23:31] [SEVERE ] placing card 2 in slot 2
[2022-12-11 19:23:31] [SEVERE ] placing card 71 in slot 3
[2022-12-11 19:23:31] [SEVERE ] placing card 40 in slot 4
[2022-12-11 19:23:31] [SEVERE ] placing card 30 in slot 5
[2022-12-11 19:23:31] [SEVERE ] placing card 61 in slot 6
[2022-12-11 19:23:32] [SEVERE ] placing card 77 in slot 7
[2022-12-11 19:23:32] [SEVERE ] placing card 57 in slot 8
[2022-12-11 19:23:32] [SEVERE ] placing card 20 in slot 9
[2022-12-11 19:23:32] [SEVERE ] placing card 72 in slot 10
[2022-12-11 19:23:32] [SEVERE ] placing card 33 in slot 11
[2022-12-11 19:23:32] [INFO   ] Thread Thread-1starting.
[2022-12-11 19:23:32] [INFO   ] Thread Thread-0starting.
[2022-12-11 19:23:34] [SEVERE ] Key 81 was pressed by player 0
[2022-12-11 19:23:34] [SEVERE ] player 0 placing token on slot 0
[2022-12-11 19:23:36] [SEVERE ] Key 87 was pressed by player 0
[2022-12-11 19:23:36] [SEVERE ] player 0 placing token on slot 1
[2022-12-11 19:23:36] [SEVERE ] Key 69 was pressed by player 0
[2022-12-11 19:23:36] [SEVERE ] player 0 placing token on slot 2
[2022-12-11 19:23:36] [SEVERE ] removing all tokens
[2022-12-11 19:23:36] [INFO   ] Thread Thread-0 terminated.
[2022-12-11 19:23:36] [SEVERE ] removing tokens from slot 0
[2022-12-11 19:23:36] [SEVERE ] removing tokens from slot 1
[2022-12-11 19:23:36] [SEVERE ] removing tokens from slot 2
[2022-12-11 19:23:36] [SEVERE ] removing tokens from slot 3
[2022-12-11 19:23:36] [SEVERE ] removing tokens from slot 4
[2022-12-11 19:23:36] [SEVERE ] removing tokens from slot 5
[2022-12-11 19:23:36] [SEVERE ] removing tokens from slot 6
[2022-12-11 19:23:36] [SEVERE ] removing tokens from slot 7
[2022-12-11 19:23:36] [SEVERE ] removing tokens from slot 8
[2022-12-11 19:23:36] [SEVERE ] removing tokens from slot 9
[2022-12-11 19:23:36] [SEVERE ] removing tokens from slot 10
[2022-12-11 19:23:36] [SEVERE ] removing tokens from slot 11
[2022-12-11 19:23:36] [SEVERE ] removing card from slot 0
[2022-12-11 19:23:37] [SEVERE ] removing card from slot 1
[2022-12-11 19:23:37] [SEVERE ] removing card from slot 2
[2022-12-11 19:23:37] [SEVERE ] setting player 0 score to 1
[2022-12-11 19:23:37] [SEVERE ] placing card 8 in slot 0
[2022-12-11 19:23:37] [SEVERE ] placing card 43 in slot 1
[2022-12-11 19:23:37] [SEVERE ] placing card 52 in slot 2
[2022-12-11 19:23:39] [SEVERE ] Key 81 was pressed by player 0
[2022-12-11 19:23:39] [SEVERE ] player 0 placing token on slot 0
[2022-12-11 19:23:39] [SEVERE ] Key 87 was pressed by player 0
[2022-12-11 19:23:39] [SEVERE ] player 0 placing token on slot 1
[2022-12-11 19:23:39] [SEVERE ] Key 69 was pressed by player 0
[2022-12-11 19:23:39] [SEVERE ] player 0 placing token on slot 2
[2022-12-11 19:23:39] [SEVERE ] removing all tokens
[2022-12-11 19:23:39] [SEVERE ] removing tokens from slot 0
[2022-12-11 19:23:39] [SEVERE ] removing tokens from slot 1
[2022-12-11 19:23:39] [SEVERE ] removing tokens from slot 2
[2022-12-11 19:23:39] [SEVERE ] removing tokens from slot 3
[2022-12-11 19:23:39] [SEVERE ] removing tokens from slot 4
[2022-12-11 19:23:39] [SEVERE ] removing tokens from slot 5
[2022-12-11 19:23:39] [SEVERE ] removing tokens from slot 6
[2022-12-11 19:23:39] [SEVERE ] removing tokens from slot 7
[2022-12-11 19:23:39] [SEVERE ] removing tokens from slot 8
[2022-12-11 19:23:39] [SEVERE ] removing tokens from slot 9
[2022-12-11 19:23:39] [SEVERE ] removing tokens from slot 10
[2022-12-11 19:23:39] [SEVERE ] removing tokens from slot 11
[2022-12-11 19:23:39] [SEVERE ] removing card from slot 0
[2022-12-11 19:23:39] [SEVERE ] removing card from slot 1
[2022-12-11 19:23:39] [SEVERE ] removing card from slot 2
[2022-12-11 19:23:39] [SEVERE ] setting player 0 score to 2
[2022-12-11 19:23:40] [SEVERE ] placing card 28 in slot 0
[2022-12-11 19:23:40] [SEVERE ] placing card 24 in slot 1
[2022-12-11 19:23:40] [SEVERE ] placing card 17 in slot 2
[2022-12-11 19:23:40] [SEVERE ] Key 81 was pressed by player 0
[2022-12-11 19:23:40] [SEVERE ] player 0 placing token on slot 0
[2022-12-11 19:23:41] [SEVERE ] Key 87 was pressed by player 0
[2022-12-11 19:23:41] [SEVERE ] player 0 placing token on slot 1
[2022-12-11 19:23:41] [SEVERE ] Key 69 was pressed by player 0
[2022-12-11 19:23:41] [SEVERE ] player 0 placing token on slot 2
[2022-12-11 19:23:41] [SEVERE ] removing all tokens
[2022-12-11 19:23:41] [SEVERE ] removing tokens from slot 0
[2022-12-11 19:23:41] [SEVERE ] removing tokens from slot 1
[2022-12-11 19:23:41] [SEVERE ] removing tokens from slot 2
[2022-12-11 19:23:41] [SEVERE ] removing tokens from slot 3
[2022-12-11 19:23:41] [SEVERE ] removing tokens from slot 4
[2022-12-11 19:23:41] [SEVERE ] removing tokens from slot 5
[2022-12-11 19:23:41] [SEVERE ] removing tokens from slot 6
[2022-12-11 19:23:41] [SEVERE ] removing tokens from slot 7
[2022-12-11 19:23:41] [SEVERE ] removing tokens from slot 8
[2022-12-11 19:23:41] [SEVERE ] removing tokens from slot 9
[2022-12-11 19:23:41] [SEVERE ] removing tokens from slot 10
[2022-12-11 19:23:41] [SEVERE ] removing tokens from slot 11
[2022-12-11 19:23:41] [SEVERE ] removing card from slot 0
[2022-12-11 19:23:41] [SEVERE ] removing card from slot 1
[2022-12-11 19:23:41] [SEVERE ] removing card from slot 2
[2022-12-11 19:23:41] [SEVERE ] setting player 0 score to 3
[2022-12-11 19:23:41] [SEVERE ] placing card 7 in slot 0
[2022-12-11 19:23:41] [SEVERE ] placing card 66 in slot 1
[2022-12-11 19:23:41] [SEVERE ] placing card 26 in slot 2
[2022-12-11 19:23:42] [SEVERE ] Key 81 was pressed by player 0
[2022-12-11 19:23:42] [SEVERE ] player 0 placing token on slot 0
[2022-12-11 19:23:42] [SEVERE ] Key 87 was pressed by player 0
[2022-12-11 19:23:42] [SEVERE ] player 0 placing token on slot 1
[2022-12-11 19:23:42] [SEVERE ] Key 69 was pressed by player 0
[2022-12-11 19:23:42] [SEVERE ] player 0 placing token on slot 2
[2022-12-11 19:23:42] [SEVERE ] removing all tokens
[2022-12-11 19:23:42] [SEVERE ] removing tokens from slot 0
[2022-12-11 19:23:42] [SEVERE ] removing tokens from slot 1
[2022-12-11 19:23:42] [SEVERE ] removing tokens from slot 2
[2022-12-11 19:23:42] [SEVERE ] removing tokens from slot 3
[2022-12-11 19:23:42] [SEVERE ] removing tokens from slot 4
[2022-12-11 19:23:42] [SEVERE ] removing tokens from slot 5
[2022-12-11 19:23:42] [SEVERE ] removing tokens from slot 6
[2022-12-11 19:23:42] [SEVERE ] removing tokens from slot 7
[2022-12-11 19:23:42] [SEVERE ] removing tokens from slot 8
[2022-12-11 19:23:42] [SEVERE ] removing tokens from slot 9
[2022-12-11 19:23:42] [SEVERE ] removing tokens from slot 10
[2022-12-11 19:23:42] [SEVERE ] removing tokens from slot 11
[2022-12-11 19:23:42] [SEVERE ] removing card from slot 0
[2022-12-11 19:23:42] [SEVERE ] removing card from slot 1
[2022-12-11 19:23:42] [SEVERE ] removing card from slot 2
[2022-12-11 19:23:42] [SEVERE ] setting player 0 score to 4
[2022-12-11 19:23:42] [SEVERE ] placing card 23 in slot 0
[2022-12-11 19:23:42] [SEVERE ] placing card 12 in slot 1
[2022-12-11 19:23:42] [SEVERE ] placing card 58 in slot 2
