[2022-12-11 21:54:02] [INFO   ] cannot read configuration file config.properties trying from resources.
[2022-12-11 21:54:02] [INFO   ] configuration file was loaded from resources directory.
[2022-12-11 21:54:03] [INFO   ] Thread dealer starting.
[2022-12-11 21:54:03] [INFO   ] Thread Thread-0starting.
[2022-12-11 21:54:03] [INFO   ] Thread Thread-1starting.
[2022-12-11 21:54:03] [SEVERE ] placing card 36 in slot 0
[2022-12-11 21:54:03] [SEVERE ] placing card 62 in slot 1
[2022-12-11 21:54:03] [SEVERE ] placing card 48 in slot 2
[2022-12-11 21:54:03] [SEVERE ] placing card 57 in slot 3
[2022-12-11 21:54:03] [SEVERE ] placing card 8 in slot 4
[2022-12-11 21:54:04] [SEVERE ] placing card 66 in slot 5
[2022-12-11 21:54:04] [SEVERE ] placing card 27 in slot 6
[2022-12-11 21:54:04] [SEVERE ] placing card 35 in slot 7
[2022-12-11 21:54:04] [SEVERE ] placing card 16 in slot 8
[2022-12-11 21:54:04] [SEVERE ] placing card 22 in slot 9
[2022-12-11 21:54:04] [SEVERE ] placing card 20 in slot 10
[2022-12-11 21:54:04] [SEVERE ] placing card 21 in slot 11
[2022-12-11 21:54:05] [SEVERE ] Exit button pressed
[2022-12-11 21:54:05] [SEVERE ] removing all tokens
[2022-12-11 21:54:05] [INFO   ] Thanks for playing... it was fun!
[2022-12-11 21:54:05] [SEVERE ] removing tokens from slot 0
[2022-12-11 21:54:05] [SEVERE ] removing tokens from slot 1
[2022-12-11 21:54:05] [SEVERE ] removing tokens from slot 2
[2022-12-11 21:54:05] [SEVERE ] removing tokens from slot 3
