[2022-12-11 19:30:52] [INFO   ] cannot read configuration file config.properties trying from resources.
[2022-12-11 19:30:52] [INFO   ] configuration file was loaded from resources directory.
[2022-12-11 19:30:54] [INFO   ] Thread dealer starting.
[2022-12-11 19:30:54] [SEVERE ] placing card 48 in slot 0
[2022-12-11 19:30:54] [SEVERE ] placing card 26 in slot 1
[2022-12-11 19:30:54] [SEVERE ] placing card 42 in slot 2
[2022-12-11 19:30:54] [SEVERE ] placing card 0 in slot 3
[2022-12-11 19:30:54] [SEVERE ] placing card 52 in slot 4
[2022-12-11 19:30:54] [SEVERE ] placing card 14 in slot 5
[2022-12-11 19:30:55] [SEVERE ] placing card 53 in slot 6
[2022-12-11 19:30:55] [SEVERE ] placing card 36 in slot 7
[2022-12-11 19:30:55] [SEVERE ] placing card 58 in slot 8
[2022-12-11 19:30:55] [SEVERE ] placing card 31 in slot 9
[2022-12-11 19:30:55] [SEVERE ] placing card 79 in slot 10
[2022-12-11 19:30:55] [SEVERE ] placing card 25 in slot 11
[2022-12-11 19:30:55] [INFO   ] Thread Thread-1starting.
[2022-12-11 19:30:55] [INFO   ] Thread Thread-0starting.
[2022-12-11 19:31:01] [SEVERE ] Key 81 was pressed by player 0
[2022-12-11 19:31:01] [SEVERE ] player 0 placing token on slot 0
[2022-12-11 19:31:02] [SEVERE ] Key 87 was pressed by player 0
[2022-12-11 19:31:02] [SEVERE ] player 0 placing token on slot 1
[2022-12-11 19:31:02] [SEVERE ] Key 69 was pressed by player 0
[2022-12-11 19:31:02] [SEVERE ] player 0 placing token on slot 2
[2022-12-11 19:31:02] [SEVERE ] removing all tokens
[2022-12-11 19:31:02] [SEVERE ] removing tokens from slot 0
[2022-12-11 19:31:02] [SEVERE ] removing tokens from slot 1
[2022-12-11 19:31:02] [SEVERE ] removing tokens from slot 2
[2022-12-11 19:31:02] [SEVERE ] removing tokens from slot 3
[2022-12-11 19:31:02] [SEVERE ] removing tokens from slot 4
[2022-12-11 19:31:02] [SEVERE ] removing tokens from slot 5
[2022-12-11 19:31:02] [SEVERE ] removing tokens from slot 6
[2022-12-11 19:31:02] [SEVERE ] removing tokens from slot 7
[2022-12-11 19:31:02] [SEVERE ] removing tokens from slot 8
[2022-12-11 19:31:02] [SEVERE ] removing tokens from slot 9
[2022-12-11 19:31:02] [SEVERE ] removing tokens from slot 10
[2022-12-11 19:31:02] [SEVERE ] removing tokens from slot 11
[2022-12-11 19:31:02] [SEVERE ] removing card from slot 0
[2022-12-11 19:31:02] [SEVERE ] removing card from slot 1
[2022-12-11 19:31:02] [SEVERE ] removing card from slot 2
[2022-12-11 19:31:02] [SEVERE ] setting player 0 score to 1
[2022-12-11 19:31:03] [SEVERE ] placing card 20 in slot 0
[2022-12-11 19:31:03] [SEVERE ] placing card 28 in slot 1
[2022-12-11 19:31:03] [SEVERE ] placing card 56 in slot 2
[2022-12-11 19:31:08] [SEVERE ] Key 81 was pressed by player 0
[2022-12-11 19:31:08] [SEVERE ] player 0 placing token on slot 0
[2022-12-11 19:31:08] [SEVERE ] Key 87 was pressed by player 0
[2022-12-11 19:31:08] [SEVERE ] player 0 placing token on slot 1
[2022-12-11 19:31:08] [SEVERE ] Key 69 was pressed by player 0
[2022-12-11 19:31:08] [SEVERE ] player 0 placing token on slot 2
[2022-12-11 19:31:08] [SEVERE ] removing all tokens
[2022-12-11 19:31:08] [SEVERE ] removing tokens from slot 0
[2022-12-11 19:31:08] [SEVERE ] removing tokens from slot 1
[2022-12-11 19:31:08] [SEVERE ] removing tokens from slot 2
[2022-12-11 19:31:08] [SEVERE ] removing tokens from slot 3
[2022-12-11 19:31:08] [SEVERE ] removing tokens from slot 4
[2022-12-11 19:31:08] [SEVERE ] removing tokens from slot 5
[2022-12-11 19:31:08] [SEVERE ] removing tokens from slot 6
[2022-12-11 19:31:08] [SEVERE ] removing tokens from slot 7
[2022-12-11 19:31:08] [SEVERE ] removing tokens from slot 8
[2022-12-11 19:31:08] [SEVERE ] removing tokens from slot 9
[2022-12-11 19:31:08] [SEVERE ] removing tokens from slot 10
[2022-12-11 19:31:08] [SEVERE ] removing tokens from slot 11
[2022-12-11 19:31:08] [SEVERE ] removing card from slot 0
[2022-12-11 19:31:08] [SEVERE ] removing card from slot 1
[2022-12-11 19:31:08] [SEVERE ] removing card from slot 2
[2022-12-11 19:31:08] [SEVERE ] setting player 0 score to 2
[2022-12-11 19:31:08] [SEVERE ] placing card 59 in slot 0
[2022-12-11 19:31:08] [SEVERE ] placing card 24 in slot 1
[2022-12-11 19:31:09] [SEVERE ] placing card 74 in slot 2
[2022-12-11 19:31:12] [SEVERE ] Key 81 was pressed by player 0
[2022-12-11 19:31:12] [SEVERE ] player 0 placing token on slot 0
[2022-12-11 19:31:12] [SEVERE ] Key 87 was pressed by player 0
[2022-12-11 19:31:12] [SEVERE ] player 0 placing token on slot 1
[2022-12-11 19:31:12] [SEVERE ] Key 69 was pressed by player 0
[2022-12-11 19:31:12] [SEVERE ] player 0 placing token on slot 2
[2022-12-11 19:31:12] [SEVERE ] removing all tokens
[2022-12-11 19:31:12] [SEVERE ] removing tokens from slot 0
[2022-12-11 19:31:12] [SEVERE ] removing tokens from slot 1
[2022-12-11 19:31:12] [SEVERE ] removing tokens from slot 2
[2022-12-11 19:31:12] [SEVERE ] removing tokens from slot 3
[2022-12-11 19:31:12] [SEVERE ] removing tokens from slot 4
[2022-12-11 19:31:12] [SEVERE ] removing tokens from slot 5
[2022-12-11 19:31:12] [SEVERE ] removing tokens from slot 6
[2022-12-11 19:31:12] [SEVERE ] removing tokens from slot 7
[2022-12-11 19:31:12] [SEVERE ] removing tokens from slot 8
[2022-12-11 19:31:12] [SEVERE ] removing tokens from slot 9
[2022-12-11 19:31:12] [SEVERE ] removing tokens from slot 10
[2022-12-11 19:31:12] [SEVERE ] removing tokens from slot 11
[2022-12-11 19:31:12] [SEVERE ] removing card from slot 0
[2022-12-11 19:31:12] [SEVERE ] removing card from slot 1
[2022-12-11 19:31:13] [SEVERE ] removing card from slot 2
[2022-12-11 19:31:13] [SEVERE ] setting player 0 score to 3
[2022-12-11 19:31:13] [SEVERE ] placing card 2 in slot 0
[2022-12-11 19:31:13] [SEVERE ] placing card 40 in slot 1
[2022-12-11 19:31:13] [SEVERE ] placing card 73 in slot 2
[2022-12-11 19:31:13] [SEVERE ] Key 81 was pressed by player 0
[2022-12-11 19:31:13] [SEVERE ] player 0 placing token on slot 0
[2022-12-11 19:31:13] [SEVERE ] Key 87 was pressed by player 0
[2022-12-11 19:31:13] [SEVERE ] player 0 placing token on slot 1
[2022-12-11 19:31:13] [SEVERE ] Key 69 was pressed by player 0
[2022-12-11 19:31:13] [SEVERE ] player 0 placing token on slot 2
[2022-12-11 19:31:13] [SEVERE ] removing all tokens
[2022-12-11 19:31:13] [SEVERE ] removing tokens from slot 0
[2022-12-11 19:31:13] [SEVERE ] removing tokens from slot 1
[2022-12-11 19:31:13] [SEVERE ] removing tokens from slot 2
[2022-12-11 19:31:13] [SEVERE ] removing tokens from slot 3
[2022-12-11 19:31:13] [SEVERE ] removing tokens from slot 4
[2022-12-11 19:31:13] [SEVERE ] removing tokens from slot 5
[2022-12-11 19:31:13] [SEVERE ] removing tokens from slot 6
[2022-12-11 19:31:13] [SEVERE ] removing tokens from slot 7
[2022-12-11 19:31:13] [SEVERE ] removing tokens from slot 8
[2022-12-11 19:31:13] [SEVERE ] removing tokens from slot 9
[2022-12-11 19:31:13] [SEVERE ] removing tokens from slot 10
[2022-12-11 19:31:13] [SEVERE ] removing tokens from slot 11
[2022-12-11 19:31:13] [SEVERE ] removing card from slot 0
[2022-12-11 19:31:14] [SEVERE ] removing card from slot 1
[2022-12-11 19:31:14] [SEVERE ] removing card from slot 2
[2022-12-11 19:31:14] [SEVERE ] setting player 0 score to 4
[2022-12-11 19:31:14] [SEVERE ] placing card 72 in slot 0
[2022-12-11 19:31:14] [SEVERE ] placing card 66 in slot 1
[2022-12-11 19:31:14] [SEVERE ] placing card 32 in slot 2
[2022-12-11 19:31:14] [SEVERE ] Key 81 was pressed by player 0
[2022-12-11 19:31:14] [SEVERE ] player 0 placing token on slot 0
[2022-12-11 19:31:14] [SEVERE ] Key 87 was pressed by player 0
[2022-12-11 19:31:14] [SEVERE ] player 0 placing token on slot 1
[2022-12-11 19:31:14] [SEVERE ] Key 69 was pressed by player 0
[2022-12-11 19:31:14] [SEVERE ] player 0 placing token on slot 2
[2022-12-11 19:31:14] [SEVERE ] removing all tokens
[2022-12-11 19:31:14] [SEVERE ] removing tokens from slot 0
[2022-12-11 19:31:14] [SEVERE ] removing tokens from slot 1
[2022-12-11 19:31:14] [SEVERE ] removing tokens from slot 2
[2022-12-11 19:31:14] [SEVERE ] removing tokens from slot 3
[2022-12-11 19:31:14] [SEVERE ] removing tokens from slot 4
[2022-12-11 19:31:14] [SEVERE ] removing tokens from slot 5
[2022-12-11 19:31:14] [SEVERE ] removing tokens from slot 6
[2022-12-11 19:31:14] [SEVERE ] removing tokens from slot 7
[2022-12-11 19:31:14] [SEVERE ] removing tokens from slot 8
[2022-12-11 19:31:14] [SEVERE ] removing tokens from slot 9
[2022-12-11 19:31:14] [SEVERE ] removing tokens from slot 10
[2022-12-11 19:31:14] [SEVERE ] removing tokens from slot 11
[2022-12-11 19:31:14] [SEVERE ] removing card from slot 0
[2022-12-11 19:31:15] [SEVERE ] removing card from slot 1
[2022-12-11 19:31:15] [SEVERE ] removing card from slot 2
[2022-12-11 19:31:15] [SEVERE ] setting player 0 score to 5
[2022-12-11 19:31:15] [SEVERE ] placing card 22 in slot 0
[2022-12-11 19:31:15] [SEVERE ] placing card 15 in slot 1
[2022-12-11 19:31:15] [SEVERE ] placing card 18 in slot 2
[2022-12-11 19:31:55] [SEVERE ] removing card from slot 0
[2022-12-11 19:31:55] [SEVERE ] removing card from slot 1
[2022-12-11 19:31:55] [SEVERE ] removing card from slot 2
[2022-12-11 19:31:55] [SEVERE ] removing card from slot 3
[2022-12-11 19:31:56] [SEVERE ] removing card from slot 4
[2022-12-11 19:31:56] [SEVERE ] removing card from slot 5
[2022-12-11 19:31:56] [SEVERE ] removing card from slot 6
[2022-12-11 19:31:56] [SEVERE ] removing card from slot 7
[2022-12-11 19:31:56] [SEVERE ] removing card from slot 8
[2022-12-11 19:31:56] [SEVERE ] removing card from slot 9
[2022-12-11 19:31:56] [SEVERE ] removing card from slot 10
[2022-12-11 19:31:56] [SEVERE ] removing card from slot 11
[2022-12-11 19:31:56] [SEVERE ] placing card 47 in slot 0
[2022-12-11 19:31:57] [SEVERE ] placing card 67 in slot 1
[2022-12-11 19:31:57] [SEVERE ] placing card 80 in slot 2
[2022-12-11 19:31:57] [SEVERE ] placing card 44 in slot 3
[2022-12-11 19:31:57] [SEVERE ] placing card 29 in slot 4
[2022-12-11 19:31:57] [SEVERE ] placing card 12 in slot 5
[2022-12-11 19:31:57] [SEVERE ] placing card 14 in slot 6
[2022-12-11 19:31:57] [SEVERE ] placing card 57 in slot 7
[2022-12-11 19:31:57] [SEVERE ] placing card 16 in slot 8
[2022-12-11 19:31:57] [SEVERE ] placing card 27 in slot 9
[2022-12-11 19:31:58] [SEVERE ] placing card 55 in slot 10
[2022-12-11 19:31:58] [SEVERE ] placing card 9 in slot 11
[2022-12-11 19:31:58] [INFO   ] Thread Thread-2starting.
[2022-12-11 19:31:58] [INFO   ] Thread Thread-3starting.
[2022-12-11 19:32:58] [SEVERE ] removing card from slot 0
[2022-12-11 19:32:58] [SEVERE ] removing card from slot 1
[2022-12-11 19:32:58] [SEVERE ] removing card from slot 2
[2022-12-11 19:32:58] [SEVERE ] removing card from slot 3
[2022-12-11 19:32:58] [SEVERE ] removing card from slot 4
[2022-12-11 19:32:58] [SEVERE ] removing card from slot 5
[2022-12-11 19:32:58] [SEVERE ] removing card from slot 6
[2022-12-11 19:32:59] [SEVERE ] removing card from slot 7
[2022-12-11 19:32:59] [SEVERE ] removing card from slot 8
[2022-12-11 19:32:59] [SEVERE ] removing card from slot 9
[2022-12-11 19:32:59] [SEVERE ] removing card from slot 10
[2022-12-11 19:32:59] [SEVERE ] removing card from slot 11
[2022-12-11 19:32:59] [SEVERE ] placing card 17 in slot 0
[2022-12-11 19:32:59] [SEVERE ] placing card 75 in slot 1
[2022-12-11 19:32:59] [SEVERE ] placing card 7 in slot 2
[2022-12-11 19:32:59] [SEVERE ] placing card 27 in slot 3
[2022-12-11 19:33:00] [SEVERE ] placing card 5 in slot 4
[2022-12-11 19:33:00] [SEVERE ] placing card 70 in slot 5
[2022-12-11 19:33:00] [SEVERE ] placing card 52 in slot 6
[2022-12-11 19:33:00] [SEVERE ] placing card 76 in slot 7
[2022-12-11 19:33:00] [SEVERE ] placing card 45 in slot 8
[2022-12-11 19:33:00] [SEVERE ] placing card 62 in slot 9
[2022-12-11 19:33:00] [SEVERE ] placing card 19 in slot 10
[2022-12-11 19:33:00] [SEVERE ] placing card 77 in slot 11
[2022-12-11 19:33:00] [INFO   ] Thread Thread-4starting.
[2022-12-11 19:33:00] [INFO   ] Thread Thread-5starting.
[2022-12-11 19:34:00] [SEVERE ] removing card from slot 0
[2022-12-11 19:34:01] [SEVERE ] removing card from slot 1
[2022-12-11 19:34:01] [SEVERE ] removing card from slot 2
[2022-12-11 19:34:01] [SEVERE ] removing card from slot 3
[2022-12-11 19:34:01] [SEVERE ] removing card from slot 4
[2022-12-11 19:34:01] [SEVERE ] removing card from slot 5
[2022-12-11 19:34:01] [SEVERE ] removing card from slot 6
[2022-12-11 19:34:01] [SEVERE ] removing card from slot 7
[2022-12-11 19:34:01] [SEVERE ] removing card from slot 8
[2022-12-11 19:34:01] [SEVERE ] removing card from slot 9
[2022-12-11 19:34:02] [SEVERE ] removing card from slot 10
[2022-12-11 19:34:02] [SEVERE ] removing card from slot 11
[2022-12-11 19:34:02] [SEVERE ] placing card 30 in slot 0
[2022-12-11 19:34:02] [SEVERE ] placing card 11 in slot 1
[2022-12-11 19:34:02] [SEVERE ] placing card 78 in slot 2
[2022-12-11 19:34:02] [SEVERE ] placing card 37 in slot 3
[2022-12-11 19:34:02] [SEVERE ] placing card 47 in slot 4
[2022-12-11 19:34:02] [SEVERE ] placing card 0 in slot 5
[2022-12-11 19:34:02] [SEVERE ] placing card 7 in slot 6
[2022-12-11 19:34:02] [SEVERE ] placing card 45 in slot 7
[2022-12-11 19:34:03] [SEVERE ] placing card 53 in slot 8
[2022-12-11 19:34:03] [SEVERE ] placing card 49 in slot 9
[2022-12-11 19:34:03] [SEVERE ] placing card 17 in slot 10
[2022-12-11 19:34:03] [SEVERE ] placing card 14 in slot 11
[2022-12-11 19:34:03] [INFO   ] Thread Thread-6starting.
[2022-12-11 19:34:03] [INFO   ] Thread Thread-7starting.
