[2022-12-11 20:08:11] [INFO   ] cannot read configuration file config.properties trying from resources.
[2022-12-11 20:08:11] [INFO   ] configuration file was loaded from resources directory.
[2022-12-11 20:08:13] [INFO   ] Thread dealer starting.
[2022-12-11 20:08:13] [SEVERE ] placing card 20 in slot 0
[2022-12-11 20:08:13] [SEVERE ] placing card 61 in slot 1
[2022-12-11 20:08:13] [SEVERE ] placing card 6 in slot 2
[2022-12-11 20:08:13] [SEVERE ] placing card 9 in slot 3
[2022-12-11 20:08:13] [SEVERE ] placing card 28 in slot 4
[2022-12-11 20:08:14] [SEVERE ] placing card 0 in slot 5
[2022-12-11 20:08:14] [SEVERE ] placing card 26 in slot 6
[2022-12-11 20:08:14] [SEVERE ] placing card 50 in slot 7
[2022-12-11 20:08:14] [SEVERE ] placing card 34 in slot 8
[2022-12-11 20:08:14] [SEVERE ] placing card 27 in slot 9
[2022-12-11 20:08:14] [SEVERE ] placing card 21 in slot 10
[2022-12-11 20:08:14] [SEVERE ] placing card 4 in slot 11
[2022-12-11 20:08:14] [INFO   ] Thread Thread-0starting.
[2022-12-11 20:08:14] [INFO   ] Thread Thread-1starting.
[2022-12-11 20:08:16] [SEVERE ] Key 81 was pressed by player 0
[2022-12-11 20:08:16] [SEVERE ] player 0 placing token on slot 0
[2022-12-11 20:08:16] [SEVERE ] Key 87 was pressed by player 0
[2022-12-11 20:08:16] [SEVERE ] player 0 placing token on slot 1
[2022-12-11 20:08:16] [SEVERE ] Key 69 was pressed by player 0
[2022-12-11 20:08:16] [SEVERE ] player 0 placing token on slot 2
[2022-12-11 20:08:16] [SEVERE ] removing all tokens
[2022-12-11 20:08:16] [SEVERE ] removing tokens from slot 0
[2022-12-11 20:08:16] [SEVERE ] removing tokens from slot 1
[2022-12-11 20:08:16] [SEVERE ] removing tokens from slot 2
[2022-12-11 20:08:16] [SEVERE ] removing tokens from slot 3
[2022-12-11 20:08:16] [SEVERE ] removing tokens from slot 4
[2022-12-11 20:08:16] [SEVERE ] removing tokens from slot 5
[2022-12-11 20:08:16] [SEVERE ] removing tokens from slot 6
[2022-12-11 20:08:16] [SEVERE ] removing tokens from slot 7
[2022-12-11 20:08:16] [SEVERE ] removing tokens from slot 8
[2022-12-11 20:08:16] [SEVERE ] removing tokens from slot 9
[2022-12-11 20:08:16] [SEVERE ] removing tokens from slot 10
[2022-12-11 20:08:16] [SEVERE ] removing tokens from slot 11
[2022-12-11 20:08:16] [SEVERE ] removing card from slot 0
[2022-12-11 20:08:16] [SEVERE ] removing card from slot 1
[2022-12-11 20:08:17] [SEVERE ] removing card from slot 2
[2022-12-11 20:08:17] [SEVERE ] setting player 0 score to 1
[2022-12-11 20:08:17] [SEVERE ] placing card 74 in slot 0
[2022-12-11 20:08:17] [SEVERE ] placing card 32 in slot 1
[2022-12-11 20:08:17] [SEVERE ] placing card 22 in slot 2
[2022-12-11 20:08:19] [SEVERE ] Key 81 was pressed by player 0
[2022-12-11 20:08:19] [SEVERE ] player 0 placing token on slot 0
[2022-12-11 20:08:20] [SEVERE ] Key 87 was pressed by player 0
[2022-12-11 20:08:20] [SEVERE ] player 0 placing token on slot 1
[2022-12-11 20:08:20] [SEVERE ] Key 69 was pressed by player 0
[2022-12-11 20:08:20] [SEVERE ] player 0 placing token on slot 2
[2022-12-11 20:08:20] [SEVERE ] removing all tokens
[2022-12-11 20:08:20] [SEVERE ] removing tokens from slot 0
[2022-12-11 20:08:20] [SEVERE ] removing tokens from slot 1
[2022-12-11 20:08:20] [SEVERE ] removing tokens from slot 2
[2022-12-11 20:08:20] [SEVERE ] removing tokens from slot 3
[2022-12-11 20:08:20] [SEVERE ] removing tokens from slot 4
[2022-12-11 20:08:20] [SEVERE ] removing tokens from slot 5
[2022-12-11 20:08:20] [SEVERE ] removing tokens from slot 6
[2022-12-11 20:08:20] [SEVERE ] removing tokens from slot 7
[2022-12-11 20:08:20] [SEVERE ] removing tokens from slot 8
[2022-12-11 20:08:20] [SEVERE ] removing tokens from slot 9
[2022-12-11 20:08:20] [SEVERE ] removing tokens from slot 10
[2022-12-11 20:08:20] [SEVERE ] removing tokens from slot 11
[2022-12-11 20:08:20] [SEVERE ] removing card from slot 0
[2022-12-11 20:08:20] [SEVERE ] removing card from slot 1
[2022-12-11 20:08:20] [SEVERE ] removing card from slot 2
[2022-12-11 20:08:20] [SEVERE ] setting player 0 score to 2
[2022-12-11 20:08:20] [SEVERE ] placing card 65 in slot 0
[2022-12-11 20:08:20] [SEVERE ] placing card 5 in slot 1
[2022-12-11 20:08:20] [SEVERE ] placing card 43 in slot 2
