[2022-12-11 18:37:37] [INFO   ] cannot read configuration file config.properties trying from resources.
[2022-12-11 18:37:37] [INFO   ] configuration file was loaded from resources directory.
[2022-12-11 18:37:38] [INFO   ] Thread dealer starting.
[2022-12-11 18:37:38] [SEVERE ] placing card 30 in slot 0
[2022-12-11 18:37:39] [SEVERE ] placing card 24 in slot 1
[2022-12-11 18:37:39] [SEVERE ] placing card 79 in slot 2
[2022-12-11 18:37:39] [SEVERE ] placing card 44 in slot 3
[2022-12-11 18:37:39] [SEVERE ] placing card 33 in slot 4
[2022-12-11 18:37:39] [SEVERE ] placing card 35 in slot 5
[2022-12-11 18:37:39] [SEVERE ] placing card 74 in slot 6
[2022-12-11 18:37:39] [SEVERE ] placing card 43 in slot 7
[2022-12-11 18:37:39] [SEVERE ] placing card 32 in slot 8
[2022-12-11 18:37:39] [SEVERE ] placing card 39 in slot 9
[2022-12-11 18:37:39] [SEVERE ] placing card 51 in slot 10
[2022-12-11 18:37:40] [SEVERE ] placing card 20 in slot 11
[2022-12-11 18:37:40] [INFO   ] Thread dealerstarting.
[2022-12-11 18:37:40] [SEVERE ] Key 81 was pressed by player 0
[2022-12-11 18:37:40] [SEVERE ] player 0 placing token on slot 0
[2022-12-11 18:37:41] [SEVERE ] Key 87 was pressed by player 0
[2022-12-11 18:37:41] [SEVERE ] player 0 placing token on slot 1
[2022-12-11 18:37:41] [SEVERE ] Key 69 was pressed by player 0
[2022-12-11 18:37:41] [SEVERE ] player 0 placing token on slot 2
[2022-12-11 18:37:41] [INFO   ] Thread dealer terminated.
[2022-12-11 18:37:41] [SEVERE ] removing all tokens
[2022-12-11 18:37:41] [SEVERE ] removing tokens from slot 0
[2022-12-11 18:37:41] [SEVERE ] removing tokens from slot 1
[2022-12-11 18:37:41] [SEVERE ] removing tokens from slot 2
[2022-12-11 18:37:41] [SEVERE ] removing tokens from slot 3
[2022-12-11 18:37:41] [SEVERE ] removing tokens from slot 4
[2022-12-11 18:37:41] [SEVERE ] removing tokens from slot 5
[2022-12-11 18:37:41] [SEVERE ] removing tokens from slot 6
[2022-12-11 18:37:41] [SEVERE ] removing tokens from slot 7
[2022-12-11 18:37:41] [SEVERE ] removing tokens from slot 8
[2022-12-11 18:37:41] [SEVERE ] removing tokens from slot 9
[2022-12-11 18:37:41] [SEVERE ] removing tokens from slot 10
[2022-12-11 18:37:41] [SEVERE ] removing tokens from slot 11
[2022-12-11 18:37:41] [SEVERE ] removing card from slot 0
[2022-12-11 18:37:41] [SEVERE ] removing card from slot 1
[2022-12-11 18:37:41] [SEVERE ] removing card from slot 2
[2022-12-11 18:37:41] [SEVERE ] setting player 0 score to 1
[2022-12-11 18:37:41] [SEVERE ] placing card 66 in slot 0
[2022-12-11 18:37:42] [SEVERE ] placing card 15 in slot 1
[2022-12-11 18:37:42] [SEVERE ] placing card 76 in slot 2
[2022-12-11 18:37:42] [INFO   ] Thread dealerstarting.
[2022-12-11 18:37:42] [SEVERE ] Key 81 was pressed by player 0
[2022-12-11 18:37:42] [SEVERE ] player 0 placing token on slot 0
[2022-12-11 18:37:42] [SEVERE ] Key 87 was pressed by player 0
[2022-12-11 18:37:42] [SEVERE ] player 0 placing token on slot 1
[2022-12-11 18:37:43] [SEVERE ] Key 69 was pressed by player 0
[2022-12-11 18:37:43] [SEVERE ] player 0 placing token on slot 2
[2022-12-11 18:37:43] [INFO   ] Thread dealer terminated.
[2022-12-11 18:37:43] [SEVERE ] removing all tokens
[2022-12-11 18:37:43] [SEVERE ] removing tokens from slot 0
[2022-12-11 18:37:43] [SEVERE ] removing tokens from slot 1
[2022-12-11 18:37:43] [SEVERE ] removing tokens from slot 2
[2022-12-11 18:37:43] [SEVERE ] removing tokens from slot 3
[2022-12-11 18:37:43] [SEVERE ] removing tokens from slot 4
[2022-12-11 18:37:43] [SEVERE ] removing tokens from slot 5
[2022-12-11 18:37:43] [SEVERE ] removing tokens from slot 6
[2022-12-11 18:37:43] [SEVERE ] removing tokens from slot 7
[2022-12-11 18:37:43] [SEVERE ] removing tokens from slot 8
[2022-12-11 18:37:43] [SEVERE ] removing tokens from slot 9
[2022-12-11 18:37:43] [SEVERE ] removing tokens from slot 10
[2022-12-11 18:37:43] [SEVERE ] removing tokens from slot 11
[2022-12-11 18:37:43] [SEVERE ] removing card from slot 0
[2022-12-11 18:37:43] [SEVERE ] removing card from slot 1
[2022-12-11 18:37:43] [SEVERE ] removing card from slot 2
[2022-12-11 18:37:43] [SEVERE ] setting player 0 score to 2
[2022-12-11 18:37:43] [SEVERE ] placing card 22 in slot 0
[2022-12-11 18:37:43] [SEVERE ] placing card 72 in slot 1
[2022-12-11 18:37:43] [SEVERE ] placing card 14 in slot 2
[2022-12-11 18:37:43] [INFO   ] Thread dealerstarting.
[2022-12-11 18:37:44] [SEVERE ] Key 81 was pressed by player 0
[2022-12-11 18:37:44] [SEVERE ] player 0 placing token on slot 0
[2022-12-11 18:37:44] [SEVERE ] Key 87 was pressed by player 0
[2022-12-11 18:37:44] [SEVERE ] player 0 placing token on slot 1
[2022-12-11 18:37:45] [SEVERE ] Key 69 was pressed by player 0
[2022-12-11 18:37:45] [SEVERE ] player 0 placing token on slot 2
[2022-12-11 18:37:45] [INFO   ] Thread dealer terminated.
[2022-12-11 18:37:45] [SEVERE ] removing all tokens
[2022-12-11 18:37:45] [SEVERE ] removing tokens from slot 0
[2022-12-11 18:37:45] [SEVERE ] removing tokens from slot 1
[2022-12-11 18:37:45] [SEVERE ] removing tokens from slot 2
[2022-12-11 18:37:45] [SEVERE ] removing tokens from slot 3
[2022-12-11 18:37:45] [SEVERE ] removing tokens from slot 4
[2022-12-11 18:37:45] [SEVERE ] removing tokens from slot 5
[2022-12-11 18:37:45] [SEVERE ] removing tokens from slot 6
[2022-12-11 18:37:45] [SEVERE ] removing tokens from slot 7
[2022-12-11 18:37:45] [SEVERE ] removing tokens from slot 8
[2022-12-11 18:37:45] [SEVERE ] removing tokens from slot 9
[2022-12-11 18:37:45] [SEVERE ] removing tokens from slot 10
[2022-12-11 18:37:45] [SEVERE ] removing tokens from slot 11
[2022-12-11 18:37:45] [SEVERE ] removing card from slot 0
[2022-12-11 18:37:45] [SEVERE ] removing card from slot 1
[2022-12-11 18:37:45] [SEVERE ] removing card from slot 2
[2022-12-11 18:37:45] [SEVERE ] setting player 0 score to 3
[2022-12-11 18:37:45] [SEVERE ] placing card 19 in slot 0
[2022-12-11 18:37:45] [SEVERE ] placing card 65 in slot 1
[2022-12-11 18:37:45] [SEVERE ] placing card 4 in slot 2
[2022-12-11 18:37:45] [INFO   ] Thread dealerstarting.
[2022-12-11 18:37:46] [SEVERE ] Key 81 was pressed by player 0
[2022-12-11 18:37:46] [SEVERE ] player 0 placing token on slot 0
[2022-12-11 18:37:46] [SEVERE ] Key 87 was pressed by player 0
[2022-12-11 18:37:46] [SEVERE ] player 0 placing token on slot 1
[2022-12-11 18:37:46] [SEVERE ] Key 69 was pressed by player 0
[2022-12-11 18:37:46] [SEVERE ] player 0 placing token on slot 2
[2022-12-11 18:37:46] [INFO   ] Thread dealer terminated.
[2022-12-11 18:37:46] [SEVERE ] removing all tokens
[2022-12-11 18:37:46] [SEVERE ] removing tokens from slot 0
[2022-12-11 18:37:46] [SEVERE ] removing tokens from slot 1
[2022-12-11 18:37:46] [SEVERE ] removing tokens from slot 2
[2022-12-11 18:37:46] [SEVERE ] removing tokens from slot 3
[2022-12-11 18:37:46] [SEVERE ] removing tokens from slot 4
[2022-12-11 18:37:46] [SEVERE ] removing tokens from slot 5
[2022-12-11 18:37:46] [SEVERE ] removing tokens from slot 6
[2022-12-11 18:37:46] [SEVERE ] removing tokens from slot 7
[2022-12-11 18:37:46] [SEVERE ] removing tokens from slot 8
[2022-12-11 18:37:46] [SEVERE ] removing tokens from slot 9
[2022-12-11 18:37:46] [SEVERE ] removing tokens from slot 10
[2022-12-11 18:37:46] [SEVERE ] removing tokens from slot 11
[2022-12-11 18:37:46] [SEVERE ] removing card from slot 0
[2022-12-11 18:37:46] [SEVERE ] removing card from slot 1
[2022-12-11 18:37:46] [SEVERE ] removing card from slot 2
[2022-12-11 18:37:46] [SEVERE ] setting player 0 score to 4
[2022-12-11 18:37:46] [SEVERE ] placing card 59 in slot 0
[2022-12-11 18:37:46] [SEVERE ] placing card 42 in slot 1
[2022-12-11 18:37:47] [SEVERE ] placing card 36 in slot 2
[2022-12-11 18:37:47] [INFO   ] Thread dealerstarting.
[2022-12-11 18:37:47] [SEVERE ] Key 81 was pressed by player 0
[2022-12-11 18:37:47] [SEVERE ] player 0 placing token on slot 0
[2022-12-11 18:37:47] [SEVERE ] Key 87 was pressed by player 0
[2022-12-11 18:37:47] [SEVERE ] player 0 placing token on slot 1
[2022-12-11 18:37:47] [SEVERE ] Key 69 was pressed by player 0
[2022-12-11 18:37:47] [SEVERE ] player 0 placing token on slot 2
[2022-12-11 18:37:47] [INFO   ] Thread dealer terminated.
[2022-12-11 18:37:47] [SEVERE ] removing all tokens
[2022-12-11 18:37:47] [SEVERE ] removing tokens from slot 0
[2022-12-11 18:37:47] [SEVERE ] removing tokens from slot 1
[2022-12-11 18:37:47] [SEVERE ] removing tokens from slot 2
[2022-12-11 18:37:47] [SEVERE ] removing tokens from slot 3
[2022-12-11 18:37:47] [SEVERE ] removing tokens from slot 4
[2022-12-11 18:37:47] [SEVERE ] removing tokens from slot 5
[2022-12-11 18:37:47] [SEVERE ] removing tokens from slot 6
[2022-12-11 18:37:47] [SEVERE ] removing tokens from slot 7
[2022-12-11 18:37:47] [SEVERE ] removing tokens from slot 8
[2022-12-11 18:37:47] [SEVERE ] removing tokens from slot 9
[2022-12-11 18:37:47] [SEVERE ] removing tokens from slot 10
[2022-12-11 18:37:47] [SEVERE ] removing tokens from slot 11
[2022-12-11 18:37:47] [SEVERE ] removing card from slot 0
[2022-12-11 18:37:47] [SEVERE ] removing card from slot 1
[2022-12-11 18:37:48] [SEVERE ] removing card from slot 2
[2022-12-11 18:37:48] [SEVERE ] setting player 0 score to 5
[2022-12-11 18:37:48] [SEVERE ] placing card 47 in slot 0
[2022-12-11 18:37:48] [SEVERE ] placing card 13 in slot 1
[2022-12-11 18:37:48] [SEVERE ] placing card 70 in slot 2
[2022-12-11 18:37:48] [INFO   ] Thread dealerstarting.
[2022-12-11 18:37:48] [SEVERE ] Key 65 was pressed by player 0
[2022-12-11 18:37:48] [SEVERE ] player 0 placing token on slot 4
[2022-12-11 18:37:48] [SEVERE ] Key 83 was pressed by player 0
[2022-12-11 18:37:48] [SEVERE ] player 0 placing token on slot 5
[2022-12-11 18:37:48] [SEVERE ] Key 68 was pressed by player 0
[2022-12-11 18:37:48] [SEVERE ] player 0 placing token on slot 6
[2022-12-11 18:37:48] [INFO   ] Thread dealer terminated.
[2022-12-11 18:37:48] [SEVERE ] removing all tokens
[2022-12-11 18:37:48] [SEVERE ] removing tokens from slot 0
[2022-12-11 18:37:48] [SEVERE ] removing tokens from slot 1
[2022-12-11 18:37:48] [SEVERE ] removing tokens from slot 2
[2022-12-11 18:37:48] [SEVERE ] removing tokens from slot 3
[2022-12-11 18:37:48] [SEVERE ] removing tokens from slot 4
[2022-12-11 18:37:48] [SEVERE ] removing tokens from slot 5
[2022-12-11 18:37:48] [SEVERE ] removing tokens from slot 6
[2022-12-11 18:37:48] [SEVERE ] removing tokens from slot 7
[2022-12-11 18:37:48] [SEVERE ] removing tokens from slot 8
[2022-12-11 18:37:48] [SEVERE ] removing tokens from slot 9
[2022-12-11 18:37:48] [SEVERE ] removing tokens from slot 10
[2022-12-11 18:37:49] [SEVERE ] removing tokens from slot 11
[2022-12-11 18:37:49] [SEVERE ] removing card from slot 4
[2022-12-11 18:37:49] [SEVERE ] removing card from slot 5
[2022-12-11 18:37:49] [SEVERE ] removing card from slot 6
[2022-12-11 18:37:49] [SEVERE ] setting player 0 score to 6
[2022-12-11 18:37:49] [SEVERE ] placing card 46 in slot 4
[2022-12-11 18:37:49] [SEVERE ] placing card 69 in slot 5
[2022-12-11 18:37:49] [SEVERE ] Key 65 was pressed by player 0
[2022-12-11 18:37:49] [SEVERE ] player 0 placing token on slot 4
[2022-12-11 18:37:49] [SEVERE ] Key 83 was pressed by player 0
[2022-12-11 18:37:49] [SEVERE ] player 0 placing token on slot 5
[2022-12-11 18:37:49] [SEVERE ] placing card 37 in slot 6
[2022-12-11 18:37:49] [INFO   ] Thread dealerstarting.
[2022-12-11 18:37:49] [SEVERE ] Key 68 was pressed by player 0
[2022-12-11 18:37:49] [SEVERE ] player 0 placing token on slot 6
[2022-12-11 18:37:49] [INFO   ] Thread dealer terminated.
[2022-12-11 18:37:49] [SEVERE ] removing all tokens
[2022-12-11 18:37:49] [SEVERE ] removing tokens from slot 0
[2022-12-11 18:37:49] [SEVERE ] removing tokens from slot 1
[2022-12-11 18:37:49] [SEVERE ] removing tokens from slot 2
[2022-12-11 18:37:49] [SEVERE ] removing tokens from slot 3
[2022-12-11 18:37:49] [SEVERE ] removing tokens from slot 4
[2022-12-11 18:37:49] [SEVERE ] removing tokens from slot 5
[2022-12-11 18:37:49] [SEVERE ] removing tokens from slot 6
[2022-12-11 18:37:49] [SEVERE ] removing tokens from slot 7
[2022-12-11 18:37:49] [SEVERE ] removing tokens from slot 8
[2022-12-11 18:37:49] [SEVERE ] removing tokens from slot 9
[2022-12-11 18:37:49] [SEVERE ] removing tokens from slot 10
[2022-12-11 18:37:49] [SEVERE ] removing tokens from slot 11
[2022-12-11 18:37:49] [SEVERE ] removing card from slot 4
[2022-12-11 18:37:49] [SEVERE ] removing card from slot 5
[2022-12-11 18:37:50] [SEVERE ] removing card from slot 6
[2022-12-11 18:37:50] [SEVERE ] setting player 0 score to 7
[2022-12-11 18:37:50] [SEVERE ] placing card 64 in slot 4
[2022-12-11 18:37:50] [SEVERE ] placing card 9 in slot 5
[2022-12-11 18:37:50] [SEVERE ] placing card 71 in slot 6
[2022-12-11 18:37:50] [INFO   ] Thread dealerstarting.
[2022-12-11 18:37:50] [SEVERE ] Key 65 was pressed by player 0
[2022-12-11 18:37:50] [SEVERE ] player 0 placing token on slot 4
[2022-12-11 18:37:50] [SEVERE ] Key 83 was pressed by player 0
[2022-12-11 18:37:50] [SEVERE ] player 0 placing token on slot 5
[2022-12-11 18:37:50] [SEVERE ] Key 68 was pressed by player 0
[2022-12-11 18:37:50] [SEVERE ] player 0 placing token on slot 6
[2022-12-11 18:37:50] [INFO   ] Thread dealer terminated.
[2022-12-11 18:37:50] [SEVERE ] removing all tokens
[2022-12-11 18:37:50] [SEVERE ] removing tokens from slot 0
[2022-12-11 18:37:50] [SEVERE ] removing tokens from slot 1
[2022-12-11 18:37:50] [SEVERE ] removing tokens from slot 2
[2022-12-11 18:37:50] [SEVERE ] removing tokens from slot 3
[2022-12-11 18:37:50] [SEVERE ] removing tokens from slot 4
[2022-12-11 18:37:50] [SEVERE ] removing tokens from slot 5
[2022-12-11 18:37:50] [SEVERE ] removing tokens from slot 6
[2022-12-11 18:37:50] [SEVERE ] removing tokens from slot 7
[2022-12-11 18:37:50] [SEVERE ] removing tokens from slot 8
[2022-12-11 18:37:50] [SEVERE ] removing tokens from slot 9
[2022-12-11 18:37:50] [SEVERE ] removing tokens from slot 10
[2022-12-11 18:37:50] [SEVERE ] removing tokens from slot 11
[2022-12-11 18:37:50] [SEVERE ] removing card from slot 4
[2022-12-11 18:37:50] [SEVERE ] removing card from slot 5
[2022-12-11 18:37:50] [SEVERE ] removing card from slot 6
[2022-12-11 18:37:50] [SEVERE ] setting player 0 score to 8
[2022-12-11 18:37:50] [SEVERE ] placing card 21 in slot 4
[2022-12-11 18:37:51] [SEVERE ] placing card 38 in slot 5
[2022-12-11 18:37:51] [SEVERE ] placing card 73 in slot 6
[2022-12-11 18:37:51] [INFO   ] Thread dealerstarting.
[2022-12-11 18:37:53] [SEVERE ] Key 81 was pressed by player 0
[2022-12-11 18:37:53] [SEVERE ] player 0 placing token on slot 0
[2022-12-11 18:37:53] [SEVERE ] Key 87 was pressed by player 0
[2022-12-11 18:37:53] [SEVERE ] player 0 placing token on slot 1
[2022-12-11 18:37:53] [SEVERE ] Key 69 was pressed by player 0
[2022-12-11 18:37:53] [SEVERE ] player 0 placing token on slot 2
[2022-12-11 18:37:53] [INFO   ] Thread dealer terminated.
[2022-12-11 18:37:53] [SEVERE ] removing all tokens
[2022-12-11 18:37:53] [SEVERE ] removing tokens from slot 0
[2022-12-11 18:37:53] [SEVERE ] removing tokens from slot 1
[2022-12-11 18:37:53] [SEVERE ] removing tokens from slot 2
[2022-12-11 18:37:53] [SEVERE ] removing tokens from slot 3
[2022-12-11 18:37:53] [SEVERE ] removing tokens from slot 4
[2022-12-11 18:37:53] [SEVERE ] removing tokens from slot 5
[2022-12-11 18:37:53] [SEVERE ] removing tokens from slot 6
[2022-12-11 18:37:53] [SEVERE ] removing tokens from slot 7
[2022-12-11 18:37:53] [SEVERE ] removing tokens from slot 8
[2022-12-11 18:37:53] [SEVERE ] removing tokens from slot 9
[2022-12-11 18:37:53] [SEVERE ] removing tokens from slot 10
[2022-12-11 18:37:53] [SEVERE ] removing tokens from slot 11
[2022-12-11 18:37:53] [SEVERE ] removing card from slot 0
[2022-12-11 18:37:53] [SEVERE ] removing card from slot 1
[2022-12-11 18:37:53] [SEVERE ] removing card from slot 2
[2022-12-11 18:37:53] [SEVERE ] setting player 0 score to 9
[2022-12-11 18:37:53] [SEVERE ] placing card 1 in slot 0
[2022-12-11 18:37:54] [SEVERE ] placing card 40 in slot 1
[2022-12-11 18:37:54] [SEVERE ] placing card 25 in slot 2
[2022-12-11 18:37:54] [INFO   ] Thread dealerstarting.
