[2022-12-11 21:56:06] [INFO   ] cannot read configuration file config.properties trying from resources.
[2022-12-11 21:56:06] [INFO   ] configuration file was loaded from resources directory.
[2022-12-11 21:56:08] [INFO   ] Thread dealer starting.
[2022-12-11 21:56:08] [INFO   ] Thread Thread-0starting.
[2022-12-11 21:56:08] [INFO   ] Thread Thread-1starting.
[2022-12-11 21:56:08] [SEVERE ] placing card 12 in slot 0
[2022-12-11 21:56:08] [SEVERE ] placing card 69 in slot 1
[2022-12-11 21:56:08] [SEVERE ] placing card 71 in slot 2
[2022-12-11 21:56:08] [SEVERE ] placing card 27 in slot 3
[2022-12-11 21:56:08] [SEVERE ] placing card 43 in slot 4
[2022-12-11 21:56:08] [SEVERE ] placing card 62 in slot 5
[2022-12-11 21:56:08] [SEVERE ] placing card 63 in slot 6
[2022-12-11 21:56:09] [SEVERE ] placing card 7 in slot 7
[2022-12-11 21:56:09] [SEVERE ] placing card 55 in slot 8
[2022-12-11 21:56:09] [SEVERE ] placing card 16 in slot 9
[2022-12-11 21:56:09] [SEVERE ] placing card 3 in slot 10
[2022-12-11 21:56:09] [SEVERE ] placing card 20 in slot 11
[2022-12-11 21:56:15] [SEVERE ] removing all tokens
[2022-12-11 21:56:15] [SEVERE ] removing tokens from slot 0
[2022-12-11 21:56:15] [SEVERE ] removing tokens from slot 1
[2022-12-11 21:56:15] [SEVERE ] removing tokens from slot 2
[2022-12-11 21:56:15] [SEVERE ] removing tokens from slot 3
[2022-12-11 21:56:15] [SEVERE ] removing tokens from slot 4
[2022-12-11 21:56:15] [SEVERE ] removing tokens from slot 5
[2022-12-11 21:56:15] [SEVERE ] removing tokens from slot 6
[2022-12-11 21:56:15] [SEVERE ] removing tokens from slot 7
[2022-12-11 21:56:15] [SEVERE ] removing tokens from slot 8
[2022-12-11 21:56:15] [SEVERE ] removing tokens from slot 9
[2022-12-11 21:56:15] [SEVERE ] removing tokens from slot 10
[2022-12-11 21:56:15] [SEVERE ] removing tokens from slot 11
[2022-12-11 21:56:15] [SEVERE ] removing card from slot 0
[2022-12-11 21:56:15] [SEVERE ] removing card from slot 1
[2022-12-11 21:56:15] [SEVERE ] removing card from slot 2
[2022-12-11 21:56:15] [SEVERE ] removing card from slot 3
[2022-12-11 21:56:16] [SEVERE ] removing card from slot 4
[2022-12-11 21:56:16] [SEVERE ] removing card from slot 5
[2022-12-11 21:56:16] [SEVERE ] removing card from slot 6
[2022-12-11 21:56:16] [SEVERE ] removing card from slot 7
[2022-12-11 21:56:16] [SEVERE ] removing card from slot 8
[2022-12-11 21:56:16] [SEVERE ] removing card from slot 9
[2022-12-11 21:56:16] [SEVERE ] removing card from slot 10
[2022-12-11 21:56:16] [SEVERE ] removing card from slot 11
[2022-12-11 21:56:16] [SEVERE ] placing card 53 in slot 0
[2022-12-11 21:56:16] [SEVERE ] placing card 9 in slot 1
[2022-12-11 21:56:17] [SEVERE ] placing card 71 in slot 2
[2022-12-11 21:56:17] [SEVERE ] placing card 11 in slot 3
[2022-12-11 21:56:17] [SEVERE ] placing card 73 in slot 4
[2022-12-11 21:56:17] [SEVERE ] placing card 8 in slot 5
[2022-12-11 21:56:17] [SEVERE ] placing card 50 in slot 6
[2022-12-11 21:56:17] [SEVERE ] placing card 24 in slot 7
[2022-12-11 21:56:17] [SEVERE ] placing card 27 in slot 8
[2022-12-11 21:56:17] [SEVERE ] placing card 19 in slot 9
[2022-12-11 21:56:17] [SEVERE ] placing card 0 in slot 10
[2022-12-11 21:56:18] [SEVERE ] placing card 35 in slot 11
[2022-12-11 21:56:24] [SEVERE ] removing all tokens
[2022-12-11 21:56:24] [SEVERE ] removing tokens from slot 0
[2022-12-11 21:56:24] [SEVERE ] removing tokens from slot 1
[2022-12-11 21:56:24] [SEVERE ] removing tokens from slot 2
[2022-12-11 21:56:24] [SEVERE ] removing tokens from slot 3
[2022-12-11 21:56:24] [SEVERE ] removing tokens from slot 4
[2022-12-11 21:56:24] [SEVERE ] removing tokens from slot 5
[2022-12-11 21:56:24] [SEVERE ] removing tokens from slot 6
[2022-12-11 21:56:24] [SEVERE ] removing tokens from slot 7
[2022-12-11 21:56:24] [SEVERE ] removing tokens from slot 8
[2022-12-11 21:56:24] [SEVERE ] removing tokens from slot 9
[2022-12-11 21:56:24] [SEVERE ] removing tokens from slot 10
[2022-12-11 21:56:24] [SEVERE ] removing tokens from slot 11
[2022-12-11 21:56:24] [SEVERE ] removing card from slot 0
[2022-12-11 21:56:24] [SEVERE ] removing card from slot 1
[2022-12-11 21:56:24] [SEVERE ] removing card from slot 2
[2022-12-11 21:56:24] [SEVERE ] removing card from slot 3
[2022-12-11 21:56:24] [SEVERE ] removing card from slot 4
[2022-12-11 21:56:24] [SEVERE ] removing card from slot 5
[2022-12-11 21:56:24] [SEVERE ] removing card from slot 6
[2022-12-11 21:56:24] [SEVERE ] removing card from slot 7
[2022-12-11 21:56:25] [SEVERE ] removing card from slot 8
[2022-12-11 21:56:25] [SEVERE ] removing card from slot 9
[2022-12-11 21:56:25] [SEVERE ] removing card from slot 10
[2022-12-11 21:56:25] [SEVERE ] removing card from slot 11
[2022-12-11 21:56:25] [SEVERE ] placing card 71 in slot 0
[2022-12-11 21:56:25] [SEVERE ] placing card 61 in slot 1
[2022-12-11 21:56:25] [SEVERE ] placing card 78 in slot 2
[2022-12-11 21:56:25] [SEVERE ] placing card 74 in slot 3
[2022-12-11 21:56:25] [SEVERE ] placing card 37 in slot 4
[2022-12-11 21:56:26] [SEVERE ] placing card 34 in slot 5
[2022-12-11 21:56:26] [SEVERE ] placing card 10 in slot 6
[2022-12-11 21:56:26] [SEVERE ] placing card 8 in slot 7
[2022-12-11 21:56:26] [SEVERE ] placing card 62 in slot 8
[2022-12-11 21:56:26] [SEVERE ] placing card 13 in slot 9
[2022-12-11 21:56:26] [SEVERE ] placing card 40 in slot 10
[2022-12-11 21:56:26] [SEVERE ] placing card 73 in slot 11
[2022-12-11 21:56:32] [SEVERE ] removing all tokens
[2022-12-11 21:56:32] [SEVERE ] removing tokens from slot 0
[2022-12-11 21:56:32] [SEVERE ] removing tokens from slot 1
[2022-12-11 21:56:32] [SEVERE ] removing tokens from slot 2
[2022-12-11 21:56:32] [SEVERE ] removing tokens from slot 3
[2022-12-11 21:56:32] [SEVERE ] removing tokens from slot 4
[2022-12-11 21:56:32] [SEVERE ] removing tokens from slot 5
[2022-12-11 21:56:32] [SEVERE ] removing tokens from slot 6
[2022-12-11 21:56:32] [SEVERE ] removing tokens from slot 7
[2022-12-11 21:56:32] [SEVERE ] removing tokens from slot 8
[2022-12-11 21:56:32] [SEVERE ] removing tokens from slot 9
[2022-12-11 21:56:32] [SEVERE ] removing tokens from slot 10
[2022-12-11 21:56:32] [SEVERE ] removing tokens from slot 11
[2022-12-11 21:56:32] [SEVERE ] removing card from slot 0
[2022-12-11 21:56:32] [SEVERE ] removing card from slot 1
[2022-12-11 21:56:33] [SEVERE ] removing card from slot 2
[2022-12-11 21:56:33] [SEVERE ] removing card from slot 3
[2022-12-11 21:56:33] [SEVERE ] removing card from slot 4
[2022-12-11 21:56:33] [SEVERE ] removing card from slot 5
[2022-12-11 21:56:33] [SEVERE ] removing card from slot 6
[2022-12-11 21:56:33] [SEVERE ] removing card from slot 7
[2022-12-11 21:56:33] [SEVERE ] removing card from slot 8
[2022-12-11 21:56:33] [SEVERE ] removing card from slot 9
[2022-12-11 21:56:33] [SEVERE ] removing card from slot 10
[2022-12-11 21:56:33] [SEVERE ] removing card from slot 11
[2022-12-11 21:56:34] [SEVERE ] placing card 39 in slot 0
[2022-12-11 21:56:34] [SEVERE ] placing card 59 in slot 1
[2022-12-11 21:56:34] [SEVERE ] placing card 55 in slot 2
[2022-12-11 21:56:34] [SEVERE ] placing card 58 in slot 3
[2022-12-11 21:56:34] [SEVERE ] placing card 25 in slot 4
[2022-12-11 21:56:34] [SEVERE ] placing card 62 in slot 5
[2022-12-11 21:56:34] [SEVERE ] placing card 37 in slot 6
[2022-12-11 21:56:34] [SEVERE ] placing card 80 in slot 7
[2022-12-11 21:56:34] [SEVERE ] placing card 10 in slot 8
[2022-12-11 21:56:35] [SEVERE ] placing card 26 in slot 9
[2022-12-11 21:56:35] [SEVERE ] placing card 47 in slot 10
[2022-12-11 21:56:35] [SEVERE ] placing card 78 in slot 11
[2022-12-11 21:56:41] [SEVERE ] removing all tokens
[2022-12-11 21:56:41] [SEVERE ] removing tokens from slot 0
[2022-12-11 21:56:41] [SEVERE ] removing tokens from slot 1
[2022-12-11 21:56:41] [SEVERE ] removing tokens from slot 2
[2022-12-11 21:56:41] [SEVERE ] removing tokens from slot 3
[2022-12-11 21:56:41] [SEVERE ] removing tokens from slot 4
[2022-12-11 21:56:41] [SEVERE ] removing tokens from slot 5
[2022-12-11 21:56:41] [SEVERE ] removing tokens from slot 6
[2022-12-11 21:56:41] [SEVERE ] removing tokens from slot 7
[2022-12-11 21:56:41] [SEVERE ] removing tokens from slot 8
[2022-12-11 21:56:41] [SEVERE ] removing tokens from slot 9
[2022-12-11 21:56:41] [SEVERE ] removing tokens from slot 10
[2022-12-11 21:56:41] [SEVERE ] removing tokens from slot 11
[2022-12-11 21:56:41] [SEVERE ] removing card from slot 0
[2022-12-11 21:56:41] [SEVERE ] removing card from slot 1
[2022-12-11 21:56:41] [SEVERE ] removing card from slot 2
[2022-12-11 21:56:41] [SEVERE ] removing card from slot 3
[2022-12-11 21:56:41] [SEVERE ] removing card from slot 4
[2022-12-11 21:56:41] [SEVERE ] removing card from slot 5
[2022-12-11 21:56:42] [SEVERE ] removing card from slot 6
[2022-12-11 21:56:42] [SEVERE ] removing card from slot 7
[2022-12-11 21:56:42] [SEVERE ] removing card from slot 8
[2022-12-11 21:56:42] [SEVERE ] removing card from slot 9
[2022-12-11 21:56:42] [SEVERE ] removing card from slot 10
[2022-12-11 21:56:42] [SEVERE ] removing card from slot 11
[2022-12-11 21:56:42] [SEVERE ] placing card 24 in slot 0
[2022-12-11 21:56:42] [SEVERE ] placing card 23 in slot 1
[2022-12-11 21:56:42] [SEVERE ] placing card 10 in slot 2
[2022-12-11 21:56:43] [SEVERE ] placing card 41 in slot 3
[2022-12-11 21:56:43] [SEVERE ] placing card 6 in slot 4
[2022-12-11 21:56:43] [SEVERE ] placing card 69 in slot 5
[2022-12-11 21:56:43] [SEVERE ] placing card 2 in slot 6
[2022-12-11 21:56:43] [SEVERE ] placing card 52 in slot 7
[2022-12-11 21:56:43] [SEVERE ] placing card 57 in slot 8
[2022-12-11 21:56:43] [SEVERE ] placing card 53 in slot 9
[2022-12-11 21:56:43] [SEVERE ] placing card 33 in slot 10
[2022-12-11 21:56:43] [SEVERE ] placing card 46 in slot 11
[2022-12-11 21:56:49] [SEVERE ] removing all tokens
[2022-12-11 21:56:49] [SEVERE ] removing tokens from slot 0
[2022-12-11 21:56:49] [SEVERE ] removing tokens from slot 1
[2022-12-11 21:56:49] [SEVERE ] removing tokens from slot 2
[2022-12-11 21:56:49] [SEVERE ] removing tokens from slot 3
[2022-12-11 21:56:49] [SEVERE ] removing tokens from slot 4
[2022-12-11 21:56:49] [SEVERE ] removing tokens from slot 5
[2022-12-11 21:56:49] [SEVERE ] removing tokens from slot 6
[2022-12-11 21:56:49] [SEVERE ] removing tokens from slot 7
[2022-12-11 21:56:49] [SEVERE ] removing tokens from slot 8
[2022-12-11 21:56:49] [SEVERE ] removing tokens from slot 9
[2022-12-11 21:56:49] [SEVERE ] removing tokens from slot 10
[2022-12-11 21:56:49] [SEVERE ] removing tokens from slot 11
[2022-12-11 21:56:50] [SEVERE ] removing card from slot 0
[2022-12-11 21:56:50] [SEVERE ] removing card from slot 1
[2022-12-11 21:56:50] [SEVERE ] removing card from slot 2
[2022-12-11 21:56:50] [SEVERE ] removing card from slot 3
[2022-12-11 21:56:50] [SEVERE ] removing card from slot 4
[2022-12-11 21:56:50] [SEVERE ] removing card from slot 5
[2022-12-11 21:56:50] [SEVERE ] removing card from slot 6
[2022-12-11 21:56:50] [SEVERE ] removing card from slot 7
[2022-12-11 21:56:50] [SEVERE ] removing card from slot 8
[2022-12-11 21:56:50] [SEVERE ] removing card from slot 9
[2022-12-11 21:56:51] [SEVERE ] removing card from slot 10
[2022-12-11 21:56:51] [SEVERE ] removing card from slot 11
[2022-12-11 21:56:51] [SEVERE ] placing card 80 in slot 0
[2022-12-11 21:56:51] [SEVERE ] placing card 27 in slot 1
[2022-12-11 21:56:51] [SEVERE ] placing card 5 in slot 2
[2022-12-11 21:56:51] [SEVERE ] placing card 63 in slot 3
[2022-12-11 21:56:51] [SEVERE ] placing card 36 in slot 4
[2022-12-11 21:56:51] [SEVERE ] placing card 21 in slot 5
[2022-12-11 21:56:51] [SEVERE ] placing card 19 in slot 6
[2022-12-11 21:56:52] [SEVERE ] placing card 10 in slot 7
[2022-12-11 21:56:52] [SEVERE ] placing card 29 in slot 8
[2022-12-11 21:56:52] [SEVERE ] placing card 48 in slot 9
[2022-12-11 21:56:52] [SEVERE ] placing card 37 in slot 10
[2022-12-11 21:56:52] [SEVERE ] placing card 18 in slot 11
[2022-12-11 21:56:58] [SEVERE ] removing all tokens
[2022-12-11 21:56:58] [SEVERE ] removing tokens from slot 0
[2022-12-11 21:56:58] [SEVERE ] removing tokens from slot 1
[2022-12-11 21:56:58] [SEVERE ] removing tokens from slot 2
[2022-12-11 21:56:58] [SEVERE ] removing tokens from slot 3
[2022-12-11 21:56:58] [SEVERE ] removing tokens from slot 4
[2022-12-11 21:56:58] [SEVERE ] removing tokens from slot 5
[2022-12-11 21:56:58] [SEVERE ] removing tokens from slot 6
[2022-12-11 21:56:58] [SEVERE ] removing tokens from slot 7
[2022-12-11 21:56:58] [SEVERE ] removing tokens from slot 8
[2022-12-11 21:56:58] [SEVERE ] removing tokens from slot 9
[2022-12-11 21:56:58] [SEVERE ] removing tokens from slot 10
[2022-12-11 21:56:58] [SEVERE ] removing tokens from slot 11
[2022-12-11 21:56:58] [SEVERE ] removing card from slot 0
[2022-12-11 21:56:58] [SEVERE ] removing card from slot 1
[2022-12-11 21:56:58] [SEVERE ] removing card from slot 2
[2022-12-11 21:56:58] [SEVERE ] removing card from slot 3
[2022-12-11 21:56:59] [SEVERE ] removing card from slot 4
[2022-12-11 21:56:59] [SEVERE ] removing card from slot 5
[2022-12-11 21:56:59] [SEVERE ] removing card from slot 6
[2022-12-11 21:56:59] [SEVERE ] removing card from slot 7
[2022-12-11 21:56:59] [SEVERE ] removing card from slot 8
[2022-12-11 21:56:59] [SEVERE ] removing card from slot 9
[2022-12-11 21:56:59] [SEVERE ] removing card from slot 10
[2022-12-11 21:56:59] [SEVERE ] removing card from slot 11
[2022-12-11 21:56:59] [SEVERE ] placing card 72 in slot 0
[2022-12-11 21:57:00] [SEVERE ] placing card 47 in slot 1
[2022-12-11 21:57:00] [SEVERE ] placing card 45 in slot 2
[2022-12-11 21:57:00] [SEVERE ] placing card 54 in slot 3
[2022-12-11 21:57:00] [SEVERE ] placing card 52 in slot 4
[2022-12-11 21:57:00] [SEVERE ] placing card 24 in slot 5
[2022-12-11 21:57:00] [SEVERE ] placing card 46 in slot 6
[2022-12-11 21:57:00] [SEVERE ] placing card 13 in slot 7
[2022-12-11 21:57:00] [SEVERE ] placing card 51 in slot 8
[2022-12-11 21:57:00] [SEVERE ] placing card 55 in slot 9
[2022-12-11 21:57:01] [SEVERE ] placing card 17 in slot 10
[2022-12-11 21:57:01] [SEVERE ] placing card 15 in slot 11
[2022-12-11 21:57:07] [SEVERE ] removing all tokens
[2022-12-11 21:57:07] [SEVERE ] removing tokens from slot 0
[2022-12-11 21:57:07] [SEVERE ] removing tokens from slot 1
[2022-12-11 21:57:07] [SEVERE ] removing tokens from slot 2
[2022-12-11 21:57:07] [SEVERE ] removing tokens from slot 3
[2022-12-11 21:57:07] [SEVERE ] removing tokens from slot 4
[2022-12-11 21:57:07] [SEVERE ] removing tokens from slot 5
[2022-12-11 21:57:07] [SEVERE ] removing tokens from slot 6
[2022-12-11 21:57:07] [SEVERE ] removing tokens from slot 7
[2022-12-11 21:57:07] [SEVERE ] removing tokens from slot 8
[2022-12-11 21:57:07] [SEVERE ] removing tokens from slot 9
[2022-12-11 21:57:07] [SEVERE ] removing tokens from slot 10
[2022-12-11 21:57:07] [SEVERE ] removing tokens from slot 11
[2022-12-11 21:57:07] [SEVERE ] removing card from slot 0
[2022-12-11 21:57:07] [SEVERE ] removing card from slot 1
[2022-12-11 21:57:07] [SEVERE ] removing card from slot 2
[2022-12-11 21:57:07] [SEVERE ] removing card from slot 3
[2022-12-11 21:57:07] [SEVERE ] removing card from slot 4
[2022-12-11 21:57:07] [SEVERE ] removing card from slot 5
[2022-12-11 21:57:07] [SEVERE ] removing card from slot 6
[2022-12-11 21:57:08] [SEVERE ] removing card from slot 7
[2022-12-11 21:57:08] [SEVERE ] removing card from slot 8
[2022-12-11 21:57:08] [SEVERE ] removing card from slot 9
[2022-12-11 21:57:08] [SEVERE ] removing card from slot 10
[2022-12-11 21:57:08] [SEVERE ] removing card from slot 11
[2022-12-11 21:57:08] [SEVERE ] placing card 52 in slot 0
[2022-12-11 21:57:08] [SEVERE ] placing card 58 in slot 1
[2022-12-11 21:57:08] [SEVERE ] placing card 13 in slot 2
[2022-12-11 21:57:08] [SEVERE ] placing card 21 in slot 3
[2022-12-11 21:57:09] [SEVERE ] placing card 16 in slot 4
[2022-12-11 21:57:09] [SEVERE ] placing card 26 in slot 5
[2022-12-11 21:57:09] [SEVERE ] placing card 30 in slot 6
[2022-12-11 21:57:09] [SEVERE ] placing card 70 in slot 7
[2022-12-11 21:57:09] [SEVERE ] placing card 25 in slot 8
[2022-12-11 21:57:09] [SEVERE ] placing card 4 in slot 9
[2022-12-11 21:57:09] [SEVERE ] placing card 71 in slot 10
[2022-12-11 21:57:09] [SEVERE ] placing card 61 in slot 11
[2022-12-11 21:57:15] [SEVERE ] removing all tokens
[2022-12-11 21:57:15] [SEVERE ] removing tokens from slot 0
[2022-12-11 21:57:15] [SEVERE ] removing tokens from slot 1
[2022-12-11 21:57:15] [SEVERE ] removing tokens from slot 2
[2022-12-11 21:57:15] [SEVERE ] removing tokens from slot 3
[2022-12-11 21:57:15] [SEVERE ] removing tokens from slot 4
[2022-12-11 21:57:15] [SEVERE ] removing tokens from slot 5
[2022-12-11 21:57:15] [SEVERE ] removing tokens from slot 6
[2022-12-11 21:57:15] [SEVERE ] removing tokens from slot 7
[2022-12-11 21:57:15] [SEVERE ] removing tokens from slot 8
[2022-12-11 21:57:15] [SEVERE ] removing tokens from slot 9
[2022-12-11 21:57:15] [SEVERE ] removing tokens from slot 10
[2022-12-11 21:57:15] [SEVERE ] removing tokens from slot 11
[2022-12-11 21:57:15] [SEVERE ] removing card from slot 0
[2022-12-11 21:57:15] [SEVERE ] removing card from slot 1
[2022-12-11 21:57:16] [SEVERE ] removing card from slot 2
[2022-12-11 21:57:16] [SEVERE ] removing card from slot 3
[2022-12-11 21:57:16] [SEVERE ] removing card from slot 4
[2022-12-11 21:57:16] [SEVERE ] removing card from slot 5
[2022-12-11 21:57:16] [SEVERE ] removing card from slot 6
[2022-12-11 21:57:16] [SEVERE ] removing card from slot 7
[2022-12-11 21:57:16] [SEVERE ] removing card from slot 8
[2022-12-11 21:57:16] [SEVERE ] removing card from slot 9
[2022-12-11 21:57:16] [SEVERE ] removing card from slot 10
[2022-12-11 21:57:17] [SEVERE ] removing card from slot 11
[2022-12-11 21:57:17] [SEVERE ] placing card 37 in slot 0
[2022-12-11 21:57:17] [SEVERE ] placing card 42 in slot 1
[2022-12-11 21:57:17] [SEVERE ] placing card 9 in slot 2
[2022-12-11 21:57:17] [SEVERE ] placing card 53 in slot 3
[2022-12-11 21:57:17] [SEVERE ] placing card 8 in slot 4
[2022-12-11 21:57:17] [SEVERE ] placing card 60 in slot 5
[2022-12-11 21:57:17] [SEVERE ] placing card 69 in slot 6
[2022-12-11 21:57:17] [SEVERE ] placing card 71 in slot 7
[2022-12-11 21:57:18] [SEVERE ] placing card 20 in slot 8
[2022-12-11 21:57:18] [SEVERE ] placing card 31 in slot 9
[2022-12-11 21:57:18] [SEVERE ] placing card 49 in slot 10
[2022-12-11 21:57:18] [SEVERE ] placing card 18 in slot 11
[2022-12-11 21:57:24] [SEVERE ] removing all tokens
[2022-12-11 21:57:24] [SEVERE ] removing tokens from slot 0
[2022-12-11 21:57:24] [SEVERE ] removing tokens from slot 1
[2022-12-11 21:57:24] [SEVERE ] removing tokens from slot 2
[2022-12-11 21:57:24] [SEVERE ] removing tokens from slot 3
[2022-12-11 21:57:24] [SEVERE ] removing tokens from slot 4
[2022-12-11 21:57:24] [SEVERE ] removing tokens from slot 5
[2022-12-11 21:57:24] [SEVERE ] removing tokens from slot 6
[2022-12-11 21:57:24] [SEVERE ] removing tokens from slot 7
[2022-12-11 21:57:24] [SEVERE ] removing tokens from slot 8
[2022-12-11 21:57:24] [SEVERE ] removing tokens from slot 9
[2022-12-11 21:57:24] [SEVERE ] removing tokens from slot 10
[2022-12-11 21:57:24] [SEVERE ] removing tokens from slot 11
[2022-12-11 21:57:24] [SEVERE ] removing card from slot 0
[2022-12-11 21:57:24] [SEVERE ] removing card from slot 1
[2022-12-11 21:57:24] [SEVERE ] removing card from slot 2
[2022-12-11 21:57:24] [SEVERE ] removing card from slot 3
[2022-12-11 21:57:24] [SEVERE ] removing card from slot 4
[2022-12-11 21:57:25] [SEVERE ] removing card from slot 5
[2022-12-11 21:57:25] [SEVERE ] removing card from slot 6
[2022-12-11 21:57:25] [SEVERE ] removing card from slot 7
[2022-12-11 21:57:25] [SEVERE ] removing card from slot 8
[2022-12-11 21:57:25] [SEVERE ] removing card from slot 9
[2022-12-11 21:57:25] [SEVERE ] removing card from slot 10
[2022-12-11 21:57:25] [SEVERE ] removing card from slot 11
[2022-12-11 21:57:25] [SEVERE ] placing card 26 in slot 0
[2022-12-11 21:57:25] [SEVERE ] placing card 13 in slot 1
[2022-12-11 21:57:25] [SEVERE ] placing card 15 in slot 2
[2022-12-11 21:57:26] [SEVERE ] placing card 72 in slot 3
[2022-12-11 21:57:26] [SEVERE ] placing card 30 in slot 4
[2022-12-11 21:57:26] [SEVERE ] placing card 35 in slot 5
[2022-12-11 21:57:26] [SEVERE ] placing card 63 in slot 6
[2022-12-11 21:57:26] [SEVERE ] placing card 79 in slot 7
[2022-12-11 21:57:26] [SEVERE ] placing card 46 in slot 8
[2022-12-11 21:57:26] [SEVERE ] placing card 25 in slot 9
[2022-12-11 21:57:26] [SEVERE ] placing card 45 in slot 10
[2022-12-11 21:57:26] [SEVERE ] placing card 38 in slot 11
[2022-12-11 21:57:32] [SEVERE ] removing all tokens
[2022-12-11 21:57:32] [SEVERE ] removing tokens from slot 0
[2022-12-11 21:57:32] [SEVERE ] removing tokens from slot 1
[2022-12-11 21:57:32] [SEVERE ] removing tokens from slot 2
[2022-12-11 21:57:32] [SEVERE ] removing tokens from slot 3
[2022-12-11 21:57:32] [SEVERE ] removing tokens from slot 4
[2022-12-11 21:57:32] [SEVERE ] removing tokens from slot 5
[2022-12-11 21:57:32] [SEVERE ] removing tokens from slot 6
[2022-12-11 21:57:32] [SEVERE ] removing tokens from slot 7
[2022-12-11 21:57:32] [SEVERE ] removing tokens from slot 8
[2022-12-11 21:57:32] [SEVERE ] removing tokens from slot 9
[2022-12-11 21:57:32] [SEVERE ] removing tokens from slot 10
[2022-12-11 21:57:32] [SEVERE ] removing tokens from slot 11
[2022-12-11 21:57:33] [SEVERE ] removing card from slot 0
[2022-12-11 21:57:33] [SEVERE ] removing card from slot 1
[2022-12-11 21:57:33] [SEVERE ] removing card from slot 2
[2022-12-11 21:57:33] [SEVERE ] removing card from slot 3
[2022-12-11 21:57:33] [SEVERE ] removing card from slot 4
[2022-12-11 21:57:33] [SEVERE ] removing card from slot 5
[2022-12-11 21:57:33] [SEVERE ] removing card from slot 6
[2022-12-11 21:57:33] [SEVERE ] removing card from slot 7
[2022-12-11 21:57:33] [SEVERE ] removing card from slot 8
[2022-12-11 21:57:34] [SEVERE ] removing card from slot 9
[2022-12-11 21:57:34] [SEVERE ] removing card from slot 10
[2022-12-11 21:57:34] [SEVERE ] removing card from slot 11
[2022-12-11 21:57:34] [SEVERE ] placing card 4 in slot 0
[2022-12-11 21:57:34] [SEVERE ] placing card 35 in slot 1
[2022-12-11 21:57:34] [SEVERE ] placing card 55 in slot 2
[2022-12-11 21:57:34] [SEVERE ] placing card 37 in slot 3
[2022-12-11 21:57:34] [SEVERE ] placing card 8 in slot 4
[2022-12-11 21:57:34] [SEVERE ] placing card 76 in slot 5
[2022-12-11 21:57:35] [SEVERE ] placing card 9 in slot 6
[2022-12-11 21:57:35] [SEVERE ] placing card 47 in slot 7
[2022-12-11 21:57:35] [SEVERE ] placing card 36 in slot 8
[2022-12-11 21:57:35] [SEVERE ] placing card 33 in slot 9
[2022-12-11 21:57:35] [SEVERE ] placing card 41 in slot 10
[2022-12-11 21:57:35] [SEVERE ] placing card 22 in slot 11
[2022-12-11 21:57:41] [SEVERE ] removing all tokens
[2022-12-11 21:57:41] [SEVERE ] removing tokens from slot 0
[2022-12-11 21:57:41] [SEVERE ] removing tokens from slot 1
[2022-12-11 21:57:41] [SEVERE ] removing tokens from slot 2
[2022-12-11 21:57:41] [SEVERE ] removing tokens from slot 3
[2022-12-11 21:57:41] [SEVERE ] removing tokens from slot 4
[2022-12-11 21:57:41] [SEVERE ] removing tokens from slot 5
[2022-12-11 21:57:41] [SEVERE ] removing tokens from slot 6
[2022-12-11 21:57:41] [SEVERE ] removing tokens from slot 7
[2022-12-11 21:57:41] [SEVERE ] removing tokens from slot 8
[2022-12-11 21:57:41] [SEVERE ] removing tokens from slot 9
[2022-12-11 21:57:41] [SEVERE ] removing tokens from slot 10
[2022-12-11 21:57:41] [SEVERE ] removing tokens from slot 11
[2022-12-11 21:57:41] [SEVERE ] removing card from slot 0
[2022-12-11 21:57:41] [SEVERE ] removing card from slot 1
[2022-12-11 21:57:41] [SEVERE ] removing card from slot 2
[2022-12-11 21:57:41] [SEVERE ] removing card from slot 3
[2022-12-11 21:57:42] [SEVERE ] removing card from slot 4
[2022-12-11 21:57:42] [SEVERE ] removing card from slot 5
[2022-12-11 21:57:42] [SEVERE ] removing card from slot 6
[2022-12-11 21:57:42] [SEVERE ] removing card from slot 7
[2022-12-11 21:57:42] [SEVERE ] removing card from slot 8
[2022-12-11 21:57:42] [SEVERE ] removing card from slot 9
[2022-12-11 21:57:42] [SEVERE ] removing card from slot 10
[2022-12-11 21:57:42] [SEVERE ] removing card from slot 11
[2022-12-11 21:57:42] [SEVERE ] placing card 63 in slot 0
[2022-12-11 21:57:43] [SEVERE ] placing card 42 in slot 1
[2022-12-11 21:57:43] [SEVERE ] placing card 59 in slot 2
[2022-12-11 21:57:43] [SEVERE ] placing card 66 in slot 3
[2022-12-11 21:57:43] [SEVERE ] placing card 51 in slot 4
[2022-12-11 21:57:43] [SEVERE ] placing card 1 in slot 5
[2022-12-11 21:57:43] [SEVERE ] placing card 79 in slot 6
[2022-12-11 21:57:43] [SEVERE ] placing card 36 in slot 7
[2022-12-11 21:57:43] [SEVERE ] placing card 49 in slot 8
[2022-12-11 21:57:43] [SEVERE ] placing card 13 in slot 9
[2022-12-11 21:57:44] [SEVERE ] placing card 70 in slot 10
[2022-12-11 21:57:44] [SEVERE ] placing card 67 in slot 11
[2022-12-11 21:57:50] [SEVERE ] removing all tokens
[2022-12-11 21:57:50] [SEVERE ] removing tokens from slot 0
[2022-12-11 21:57:50] [SEVERE ] removing tokens from slot 1
[2022-12-11 21:57:50] [SEVERE ] removing tokens from slot 2
[2022-12-11 21:57:50] [SEVERE ] removing tokens from slot 3
[2022-12-11 21:57:50] [SEVERE ] removing tokens from slot 4
[2022-12-11 21:57:50] [SEVERE ] removing tokens from slot 5
[2022-12-11 21:57:50] [SEVERE ] removing tokens from slot 6
[2022-12-11 21:57:50] [SEVERE ] removing tokens from slot 7
[2022-12-11 21:57:50] [SEVERE ] removing tokens from slot 8
[2022-12-11 21:57:50] [SEVERE ] removing tokens from slot 9
[2022-12-11 21:57:50] [SEVERE ] removing tokens from slot 10
[2022-12-11 21:57:50] [SEVERE ] removing tokens from slot 11
[2022-12-11 21:57:50] [SEVERE ] removing card from slot 0
[2022-12-11 21:57:50] [SEVERE ] removing card from slot 1
[2022-12-11 21:57:50] [SEVERE ] removing card from slot 2
[2022-12-11 21:57:50] [SEVERE ] removing card from slot 3
[2022-12-11 21:57:50] [SEVERE ] removing card from slot 4
[2022-12-11 21:57:50] [SEVERE ] removing card from slot 5
[2022-12-11 21:57:50] [SEVERE ] removing card from slot 6
[2022-12-11 21:57:51] [SEVERE ] removing card from slot 7
[2022-12-11 21:57:51] [SEVERE ] removing card from slot 8
[2022-12-11 21:57:51] [SEVERE ] removing card from slot 9
[2022-12-11 21:57:51] [SEVERE ] removing card from slot 10
[2022-12-11 21:57:51] [SEVERE ] removing card from slot 11
[2022-12-11 21:57:51] [SEVERE ] placing card 8 in slot 0
[2022-12-11 21:57:51] [SEVERE ] placing card 49 in slot 1
[2022-12-11 21:57:51] [SEVERE ] placing card 50 in slot 2
[2022-12-11 21:57:51] [SEVERE ] placing card 76 in slot 3
[2022-12-11 21:57:51] [SEVERE ] placing card 39 in slot 4
[2022-12-11 21:57:52] [SEVERE ] placing card 53 in slot 5
[2022-12-11 21:57:52] [SEVERE ] placing card 44 in slot 6
[2022-12-11 21:57:52] [SEVERE ] placing card 20 in slot 7
[2022-12-11 21:57:52] [SEVERE ] placing card 24 in slot 8
[2022-12-11 21:57:52] [SEVERE ] placing card 10 in slot 9
[2022-12-11 21:57:52] [SEVERE ] placing card 70 in slot 10
[2022-12-11 21:57:52] [SEVERE ] placing card 3 in slot 11
[2022-12-11 21:57:58] [SEVERE ] removing all tokens
[2022-12-11 21:57:58] [SEVERE ] removing tokens from slot 0
[2022-12-11 21:57:58] [SEVERE ] removing tokens from slot 1
[2022-12-11 21:57:58] [SEVERE ] removing tokens from slot 2
[2022-12-11 21:57:58] [SEVERE ] removing tokens from slot 3
[2022-12-11 21:57:58] [SEVERE ] removing tokens from slot 4
[2022-12-11 21:57:58] [SEVERE ] removing tokens from slot 5
[2022-12-11 21:57:58] [SEVERE ] removing tokens from slot 6
[2022-12-11 21:57:58] [SEVERE ] removing tokens from slot 7
[2022-12-11 21:57:58] [SEVERE ] removing tokens from slot 8
[2022-12-11 21:57:58] [SEVERE ] removing tokens from slot 9
[2022-12-11 21:57:58] [SEVERE ] removing tokens from slot 10
[2022-12-11 21:57:58] [SEVERE ] removing tokens from slot 11
[2022-12-11 21:57:58] [SEVERE ] removing card from slot 0
[2022-12-11 21:57:58] [SEVERE ] removing card from slot 1
[2022-12-11 21:57:59] [SEVERE ] removing card from slot 2
[2022-12-11 21:57:59] [SEVERE ] removing card from slot 3
[2022-12-11 21:57:59] [SEVERE ] removing card from slot 4
[2022-12-11 21:57:59] [SEVERE ] removing card from slot 5
[2022-12-11 21:57:59] [SEVERE ] removing card from slot 6
[2022-12-11 21:57:59] [SEVERE ] removing card from slot 7
[2022-12-11 21:57:59] [SEVERE ] removing card from slot 8
[2022-12-11 21:57:59] [SEVERE ] removing card from slot 9
[2022-12-11 21:57:59] [SEVERE ] removing card from slot 10
[2022-12-11 21:58:00] [SEVERE ] removing card from slot 11
[2022-12-11 21:58:00] [SEVERE ] placing card 19 in slot 0
[2022-12-11 21:58:00] [SEVERE ] placing card 31 in slot 1
[2022-12-11 21:58:00] [SEVERE ] placing card 43 in slot 2
[2022-12-11 21:58:00] [SEVERE ] placing card 79 in slot 3
[2022-12-11 21:58:00] [SEVERE ] placing card 14 in slot 4
[2022-12-11 21:58:00] [SEVERE ] placing card 15 in slot 5
[2022-12-11 21:58:00] [SEVERE ] placing card 53 in slot 6
[2022-12-11 21:58:00] [SEVERE ] placing card 68 in slot 7
[2022-12-11 21:58:01] [SEVERE ] placing card 54 in slot 8
[2022-12-11 21:58:01] [SEVERE ] placing card 41 in slot 9
[2022-12-11 21:58:01] [SEVERE ] placing card 64 in slot 10
[2022-12-11 21:58:01] [SEVERE ] placing card 46 in slot 11
[2022-12-11 21:58:07] [SEVERE ] removing all tokens
[2022-12-11 21:58:07] [SEVERE ] removing tokens from slot 0
[2022-12-11 21:58:07] [SEVERE ] removing tokens from slot 1
[2022-12-11 21:58:07] [SEVERE ] removing tokens from slot 2
[2022-12-11 21:58:07] [SEVERE ] removing tokens from slot 3
[2022-12-11 21:58:07] [SEVERE ] removing tokens from slot 4
[2022-12-11 21:58:07] [SEVERE ] removing tokens from slot 5
[2022-12-11 21:58:07] [SEVERE ] removing tokens from slot 6
[2022-12-11 21:58:07] [SEVERE ] removing tokens from slot 7
[2022-12-11 21:58:07] [SEVERE ] removing tokens from slot 8
[2022-12-11 21:58:07] [SEVERE ] removing tokens from slot 9
[2022-12-11 21:58:07] [SEVERE ] removing tokens from slot 10
[2022-12-11 21:58:07] [SEVERE ] removing tokens from slot 11
[2022-12-11 21:58:07] [SEVERE ] removing card from slot 0
[2022-12-11 21:58:07] [SEVERE ] removing card from slot 1
[2022-12-11 21:58:07] [SEVERE ] removing card from slot 2
[2022-12-11 21:58:07] [SEVERE ] removing card from slot 3
[2022-12-11 21:58:07] [SEVERE ] removing card from slot 4
[2022-12-11 21:58:07] [SEVERE ] removing card from slot 5
[2022-12-11 21:58:08] [SEVERE ] removing card from slot 6
[2022-12-11 21:58:08] [SEVERE ] removing card from slot 7
[2022-12-11 21:58:08] [SEVERE ] removing card from slot 8
[2022-12-11 21:58:08] [SEVERE ] removing card from slot 9
[2022-12-11 21:58:08] [SEVERE ] removing card from slot 10
[2022-12-11 21:58:08] [SEVERE ] removing card from slot 11
[2022-12-11 21:58:08] [SEVERE ] placing card 33 in slot 0
[2022-12-11 21:58:08] [SEVERE ] placing card 51 in slot 1
[2022-12-11 21:58:08] [SEVERE ] placing card 79 in slot 2
[2022-12-11 21:58:09] [SEVERE ] placing card 38 in slot 3
[2022-12-11 21:58:09] [SEVERE ] placing card 52 in slot 4
[2022-12-11 21:58:09] [SEVERE ] placing card 43 in slot 5
[2022-12-11 21:58:09] [SEVERE ] placing card 36 in slot 6
[2022-12-11 21:58:09] [SEVERE ] placing card 0 in slot 7
[2022-12-11 21:58:09] [SEVERE ] placing card 60 in slot 8
[2022-12-11 21:58:09] [SEVERE ] placing card 3 in slot 9
[2022-12-11 21:58:09] [SEVERE ] placing card 55 in slot 10
[2022-12-11 21:58:09] [SEVERE ] placing card 26 in slot 11
[2022-12-11 21:58:15] [SEVERE ] removing all tokens
[2022-12-11 21:58:15] [SEVERE ] removing tokens from slot 0
[2022-12-11 21:58:15] [SEVERE ] removing tokens from slot 1
[2022-12-11 21:58:15] [SEVERE ] removing tokens from slot 2
[2022-12-11 21:58:15] [SEVERE ] removing tokens from slot 3
[2022-12-11 21:58:15] [SEVERE ] removing tokens from slot 4
[2022-12-11 21:58:15] [SEVERE ] removing tokens from slot 5
[2022-12-11 21:58:15] [SEVERE ] removing tokens from slot 6
[2022-12-11 21:58:15] [SEVERE ] removing tokens from slot 7
[2022-12-11 21:58:15] [SEVERE ] removing tokens from slot 8
[2022-12-11 21:58:15] [SEVERE ] removing tokens from slot 9
[2022-12-11 21:58:15] [SEVERE ] removing tokens from slot 10
[2022-12-11 21:58:15] [SEVERE ] removing tokens from slot 11
[2022-12-11 21:58:16] [SEVERE ] removing card from slot 0
[2022-12-11 21:58:16] [SEVERE ] removing card from slot 1
[2022-12-11 21:58:16] [SEVERE ] removing card from slot 2
[2022-12-11 21:58:16] [SEVERE ] removing card from slot 3
[2022-12-11 21:58:16] [SEVERE ] removing card from slot 4
[2022-12-11 21:58:16] [SEVERE ] removing card from slot 5
[2022-12-11 21:58:16] [SEVERE ] removing card from slot 6
[2022-12-11 21:58:16] [SEVERE ] removing card from slot 7
[2022-12-11 21:58:16] [SEVERE ] removing card from slot 8
[2022-12-11 21:58:17] [SEVERE ] removing card from slot 9
[2022-12-11 21:58:17] [SEVERE ] removing card from slot 10
[2022-12-11 21:58:17] [SEVERE ] removing card from slot 11
[2022-12-11 21:58:17] [SEVERE ] placing card 42 in slot 0
[2022-12-11 21:58:17] [SEVERE ] placing card 55 in slot 1
[2022-12-11 21:58:17] [SEVERE ] placing card 29 in slot 2
[2022-12-11 21:58:17] [SEVERE ] placing card 46 in slot 3
[2022-12-11 21:58:17] [SEVERE ] placing card 14 in slot 4
[2022-12-11 21:58:17] [SEVERE ] placing card 12 in slot 5
[2022-12-11 21:58:17] [SEVERE ] placing card 61 in slot 6
[2022-12-11 21:58:18] [SEVERE ] placing card 79 in slot 7
[2022-12-11 21:58:18] [SEVERE ] placing card 22 in slot 8
[2022-12-11 21:58:18] [SEVERE ] placing card 35 in slot 9
[2022-12-11 21:58:18] [SEVERE ] placing card 77 in slot 10
[2022-12-11 21:58:18] [SEVERE ] placing card 62 in slot 11
[2022-12-11 21:58:24] [SEVERE ] removing all tokens
[2022-12-11 21:58:24] [SEVERE ] removing tokens from slot 0
[2022-12-11 21:58:24] [SEVERE ] removing tokens from slot 1
[2022-12-11 21:58:24] [SEVERE ] removing tokens from slot 2
[2022-12-11 21:58:24] [SEVERE ] removing tokens from slot 3
[2022-12-11 21:58:24] [SEVERE ] removing tokens from slot 4
[2022-12-11 21:58:24] [SEVERE ] removing tokens from slot 5
[2022-12-11 21:58:24] [SEVERE ] removing tokens from slot 6
[2022-12-11 21:58:24] [SEVERE ] removing tokens from slot 7
[2022-12-11 21:58:24] [SEVERE ] removing tokens from slot 8
[2022-12-11 21:58:24] [SEVERE ] removing tokens from slot 9
[2022-12-11 21:58:24] [SEVERE ] removing tokens from slot 10
[2022-12-11 21:58:24] [SEVERE ] removing tokens from slot 11
[2022-12-11 21:58:24] [SEVERE ] removing card from slot 0
[2022-12-11 21:58:24] [SEVERE ] removing card from slot 1
[2022-12-11 21:58:24] [SEVERE ] removing card from slot 2
[2022-12-11 21:58:24] [SEVERE ] removing card from slot 3
[2022-12-11 21:58:25] [SEVERE ] removing card from slot 4
[2022-12-11 21:58:25] [SEVERE ] removing card from slot 5
[2022-12-11 21:58:25] [SEVERE ] removing card from slot 6
[2022-12-11 21:58:25] [SEVERE ] removing card from slot 7
[2022-12-11 21:58:25] [SEVERE ] removing card from slot 8
[2022-12-11 21:58:25] [SEVERE ] removing card from slot 9
[2022-12-11 21:58:25] [SEVERE ] removing card from slot 10
[2022-12-11 21:58:25] [SEVERE ] removing card from slot 11
[2022-12-11 21:58:25] [SEVERE ] placing card 34 in slot 0
[2022-12-11 21:58:26] [SEVERE ] placing card 54 in slot 1
[2022-12-11 21:58:26] [SEVERE ] placing card 5 in slot 2
[2022-12-11 21:58:26] [SEVERE ] placing card 70 in slot 3
[2022-12-11 21:58:26] [SEVERE ] placing card 30 in slot 4
[2022-12-11 21:58:26] [SEVERE ] placing card 31 in slot 5
[2022-12-11 21:58:26] [SEVERE ] placing card 36 in slot 6
[2022-12-11 21:58:26] [SEVERE ] placing card 9 in slot 7
[2022-12-11 21:58:26] [SEVERE ] placing card 3 in slot 8
[2022-12-11 21:58:26] [SEVERE ] placing card 16 in slot 9
[2022-12-11 21:58:27] [SEVERE ] placing card 15 in slot 10
[2022-12-11 21:58:27] [SEVERE ] placing card 40 in slot 11
[2022-12-11 21:58:33] [SEVERE ] removing all tokens
[2022-12-11 21:58:33] [SEVERE ] removing tokens from slot 0
[2022-12-11 21:58:33] [SEVERE ] removing tokens from slot 1
[2022-12-11 21:58:33] [SEVERE ] removing tokens from slot 2
[2022-12-11 21:58:33] [SEVERE ] removing tokens from slot 3
[2022-12-11 21:58:33] [SEVERE ] removing tokens from slot 4
[2022-12-11 21:58:33] [SEVERE ] removing tokens from slot 5
[2022-12-11 21:58:33] [SEVERE ] removing tokens from slot 6
[2022-12-11 21:58:33] [SEVERE ] removing tokens from slot 7
[2022-12-11 21:58:33] [SEVERE ] removing tokens from slot 8
[2022-12-11 21:58:33] [SEVERE ] removing tokens from slot 9
[2022-12-11 21:58:33] [SEVERE ] removing tokens from slot 10
[2022-12-11 21:58:33] [SEVERE ] removing tokens from slot 11
[2022-12-11 21:58:33] [SEVERE ] removing card from slot 0
[2022-12-11 21:58:33] [SEVERE ] removing card from slot 1
[2022-12-11 21:58:33] [SEVERE ] removing card from slot 2
[2022-12-11 21:58:33] [SEVERE ] removing card from slot 3
[2022-12-11 21:58:33] [SEVERE ] removing card from slot 4
[2022-12-11 21:58:33] [SEVERE ] removing card from slot 5
[2022-12-11 21:58:33] [SEVERE ] removing card from slot 6
[2022-12-11 21:58:34] [SEVERE ] removing card from slot 7
[2022-12-11 21:58:34] [SEVERE ] removing card from slot 8
[2022-12-11 21:58:34] [SEVERE ] removing card from slot 9
[2022-12-11 21:58:34] [SEVERE ] removing card from slot 10
[2022-12-11 21:58:34] [SEVERE ] removing card from slot 11
[2022-12-11 21:58:34] [SEVERE ] placing card 49 in slot 0
[2022-12-11 21:58:34] [SEVERE ] placing card 68 in slot 1
[2022-12-11 21:58:34] [SEVERE ] placing card 73 in slot 2
[2022-12-11 21:58:34] [SEVERE ] placing card 56 in slot 3
[2022-12-11 21:58:35] [SEVERE ] placing card 5 in slot 4
[2022-12-11 21:58:35] [SEVERE ] placing card 19 in slot 5
[2022-12-11 21:58:35] [SEVERE ] placing card 25 in slot 6
[2022-12-11 21:58:35] [SEVERE ] placing card 77 in slot 7
[2022-12-11 21:58:35] [SEVERE ] placing card 0 in slot 8
[2022-12-11 21:58:35] [SEVERE ] placing card 75 in slot 9
[2022-12-11 21:58:35] [SEVERE ] placing card 79 in slot 10
[2022-12-11 21:58:35] [SEVERE ] placing card 43 in slot 11
[2022-12-11 21:58:41] [SEVERE ] removing all tokens
[2022-12-11 21:58:41] [SEVERE ] removing tokens from slot 0
[2022-12-11 21:58:41] [SEVERE ] removing tokens from slot 1
[2022-12-11 21:58:41] [SEVERE ] removing tokens from slot 2
[2022-12-11 21:58:41] [SEVERE ] removing tokens from slot 3
[2022-12-11 21:58:41] [SEVERE ] removing tokens from slot 4
[2022-12-11 21:58:41] [SEVERE ] removing tokens from slot 5
[2022-12-11 21:58:41] [SEVERE ] removing tokens from slot 6
[2022-12-11 21:58:41] [SEVERE ] removing tokens from slot 7
[2022-12-11 21:58:41] [SEVERE ] removing tokens from slot 8
[2022-12-11 21:58:41] [SEVERE ] removing tokens from slot 9
[2022-12-11 21:58:41] [SEVERE ] removing tokens from slot 10
[2022-12-11 21:58:41] [SEVERE ] removing tokens from slot 11
[2022-12-11 21:58:41] [SEVERE ] removing card from slot 0
[2022-12-11 21:58:41] [SEVERE ] removing card from slot 1
[2022-12-11 21:58:42] [SEVERE ] removing card from slot 2
[2022-12-11 21:58:42] [SEVERE ] removing card from slot 3
[2022-12-11 21:58:42] [SEVERE ] removing card from slot 4
[2022-12-11 21:58:42] [SEVERE ] removing card from slot 5
[2022-12-11 21:58:42] [SEVERE ] removing card from slot 6
[2022-12-11 21:58:42] [SEVERE ] removing card from slot 7
[2022-12-11 21:58:42] [SEVERE ] removing card from slot 8
[2022-12-11 21:58:42] [SEVERE ] removing card from slot 9
[2022-12-11 21:58:42] [SEVERE ] removing card from slot 10
[2022-12-11 21:58:43] [SEVERE ] removing card from slot 11
[2022-12-11 21:58:43] [SEVERE ] placing card 52 in slot 0
[2022-12-11 21:58:43] [SEVERE ] placing card 71 in slot 1
[2022-12-11 21:58:43] [SEVERE ] placing card 62 in slot 2
[2022-12-11 21:58:43] [SEVERE ] placing card 53 in slot 3
[2022-12-11 21:58:43] [SEVERE ] placing card 79 in slot 4
[2022-12-11 21:58:43] [SEVERE ] placing card 60 in slot 5
[2022-12-11 21:58:43] [SEVERE ] placing card 48 in slot 6
[2022-12-11 21:58:43] [SEVERE ] placing card 24 in slot 7
[2022-12-11 21:58:44] [SEVERE ] placing card 25 in slot 8
[2022-12-11 21:58:44] [SEVERE ] placing card 57 in slot 9
[2022-12-11 21:58:44] [SEVERE ] placing card 26 in slot 10
[2022-12-11 21:58:44] [SEVERE ] placing card 77 in slot 11
[2022-12-11 21:58:45] [SEVERE ] Key 81 was pressed by player 0
[2022-12-11 21:58:45] [SEVERE ] player 0 placing token on slot 0
[2022-12-11 21:58:45] [SEVERE ] Key 87 was pressed by player 0
[2022-12-11 21:58:45] [SEVERE ] player 0 placing token on slot 1
[2022-12-11 21:58:45] [SEVERE ] Key 69 was pressed by player 0
[2022-12-11 21:58:45] [SEVERE ] player 0 placing token on slot 2
[2022-12-11 21:58:45] [SEVERE ] removing tokens from slot 0
[2022-12-11 21:58:45] [SEVERE ] removing tokens from slot 1
[2022-12-11 21:58:45] [SEVERE ] removing tokens from slot 2
[2022-12-11 21:58:46] [SEVERE ] removing card from slot 0
[2022-12-11 21:58:46] [SEVERE ] removing card from slot 1
[2022-12-11 21:58:46] [SEVERE ] removing card from slot 2
[2022-12-11 21:58:46] [SEVERE ] setting player 0 score to 1
[2022-12-11 21:58:46] [SEVERE ] placing card 73 in slot 0
[2022-12-11 21:58:46] [SEVERE ] placing card 65 in slot 1
[2022-12-11 21:58:46] [SEVERE ] placing card 34 in slot 2
[2022-12-11 21:58:46] [SEVERE ] removing tokens from slot 0
[2022-12-11 21:58:46] [SEVERE ] removing tokens from slot 1
[2022-12-11 21:58:46] [SEVERE ] removing tokens from slot 2
[2022-12-11 21:58:46] [SEVERE ] removing card from slot 0
[2022-12-11 21:58:46] [SEVERE ] removing card from slot 1
[2022-12-11 21:58:46] [SEVERE ] removing card from slot 2
[2022-12-11 21:58:46] [SEVERE ] setting player 0 score to 2
[2022-12-11 21:58:47] [SEVERE ] placing card 16 in slot 0
[2022-12-11 21:58:47] [SEVERE ] Key 81 was pressed by player 0
[2022-12-11 21:58:47] [SEVERE ] removing player 0 token from slot 0
[2022-12-11 21:58:47] [SEVERE ] Key 87 was pressed by player 0
[2022-12-11 21:58:47] [SEVERE ] placing card 56 in slot 1
[2022-12-11 21:58:47] [SEVERE ] placing card 12 in slot 2
[2022-12-11 21:58:47] [SEVERE ] Key 69 was pressed by player 0
[2022-12-11 21:58:47] [SEVERE ] removing player 0 token from slot 2
[2022-12-11 21:58:47] [SEVERE ] Key 81 was pressed by player 0
[2022-12-11 21:58:47] [SEVERE ] player 0 placing token on slot 0
[2022-12-11 21:58:47] [SEVERE ] Key 87 was pressed by player 0
[2022-12-11 21:58:47] [SEVERE ] removing player 0 token from slot 1
[2022-12-11 21:58:47] [SEVERE ] Key 69 was pressed by player 0
[2022-12-11 21:58:47] [SEVERE ] player 0 placing token on slot 2
[2022-12-11 21:58:48] [SEVERE ] Key 81 was pressed by player 0
[2022-12-11 21:58:48] [SEVERE ] removing player 0 token from slot 0
[2022-12-11 21:58:49] [SEVERE ] Key 87 was pressed by player 0
[2022-12-11 21:58:49] [SEVERE ] player 0 placing token on slot 1
[2022-12-11 21:58:49] [SEVERE ] Key 69 was pressed by player 0
[2022-12-11 21:58:49] [SEVERE ] removing player 0 token from slot 2
[2022-12-11 21:58:50] [SEVERE ] Key 81 was pressed by player 0
[2022-12-11 21:58:50] [SEVERE ] player 0 placing token on slot 0
[2022-12-11 21:58:50] [SEVERE ] Key 87 was pressed by player 0
[2022-12-11 21:58:50] [SEVERE ] removing player 0 token from slot 1
[2022-12-11 21:58:50] [SEVERE ] Key 69 was pressed by player 0
[2022-12-11 21:58:50] [SEVERE ] player 0 placing token on slot 2
[2022-12-11 21:58:51] [SEVERE ] Key 81 was pressed by player 0
[2022-12-11 21:58:51] [SEVERE ] removing player 0 token from slot 0
[2022-12-11 21:58:51] [SEVERE ] Key 87 was pressed by player 0
[2022-12-11 21:58:51] [SEVERE ] player 0 placing token on slot 1
[2022-12-11 21:58:51] [SEVERE ] Key 69 was pressed by player 0
[2022-12-11 21:58:51] [SEVERE ] removing player 0 token from slot 2
[2022-12-11 21:58:52] [SEVERE ] Key 81 was pressed by player 0
[2022-12-11 21:58:52] [SEVERE ] player 0 placing token on slot 0
[2022-12-11 21:58:52] [SEVERE ] Key 87 was pressed by player 0
[2022-12-11 21:58:52] [SEVERE ] removing player 0 token from slot 1
[2022-12-11 21:58:52] [SEVERE ] removing all tokens
[2022-12-11 21:58:52] [SEVERE ] removing tokens from slot 0
[2022-12-11 21:58:52] [SEVERE ] removing tokens from slot 1
[2022-12-11 21:58:52] [SEVERE ] removing tokens from slot 2
[2022-12-11 21:58:52] [SEVERE ] removing tokens from slot 3
[2022-12-11 21:58:52] [SEVERE ] removing tokens from slot 4
[2022-12-11 21:58:52] [SEVERE ] removing tokens from slot 5
[2022-12-11 21:58:52] [SEVERE ] removing tokens from slot 6
[2022-12-11 21:58:52] [SEVERE ] removing tokens from slot 7
[2022-12-11 21:58:52] [SEVERE ] removing tokens from slot 8
[2022-12-11 21:58:52] [SEVERE ] removing tokens from slot 9
[2022-12-11 21:58:52] [SEVERE ] removing tokens from slot 10
[2022-12-11 21:58:52] [SEVERE ] removing tokens from slot 11
[2022-12-11 21:58:52] [SEVERE ] Key 69 was pressed by player 0
[2022-12-11 21:58:52] [SEVERE ] player 0 placing token on slot 2
[2022-12-11 21:58:53] [SEVERE ] removing card from slot 0
[2022-12-11 21:58:53] [SEVERE ] removing card from slot 1
[2022-12-11 21:58:53] [SEVERE ] removing card from slot 2
[2022-12-11 21:58:53] [SEVERE ] removing card from slot 3
[2022-12-11 21:58:53] [SEVERE ] removing card from slot 4
[2022-12-11 21:58:53] [SEVERE ] removing card from slot 5
[2022-12-11 21:58:53] [SEVERE ] removing card from slot 6
[2022-12-11 21:58:53] [SEVERE ] removing card from slot 7
[2022-12-11 21:58:53] [SEVERE ] removing card from slot 8
[2022-12-11 21:58:54] [SEVERE ] removing card from slot 9
[2022-12-11 21:58:54] [SEVERE ] Key 81 was pressed by player 0
[2022-12-11 21:58:54] [SEVERE ] removing card from slot 10
[2022-12-11 21:58:54] [SEVERE ] removing card from slot 11
[2022-12-11 21:58:54] [SEVERE ] placing card 20 in slot 0
[2022-12-11 21:58:54] [SEVERE ] Key 87 was pressed by player 0
[2022-12-11 21:58:54] [SEVERE ] placing card 69 in slot 1
[2022-12-11 21:58:54] [SEVERE ] Key 69 was pressed by player 0
[2022-12-11 21:58:54] [SEVERE ] placing card 14 in slot 2
[2022-12-11 21:58:54] [SEVERE ] placing card 40 in slot 3
[2022-12-11 21:58:54] [SEVERE ] placing card 64 in slot 4
[2022-12-11 21:58:54] [SEVERE ] placing card 15 in slot 5
[2022-12-11 21:58:54] [SEVERE ] placing card 7 in slot 6
[2022-12-11 21:58:55] [SEVERE ] Key 81 was pressed by player 0
[2022-12-11 21:58:55] [SEVERE ] player 0 placing token on slot 0
[2022-12-11 21:58:55] [SEVERE ] placing card 72 in slot 7
[2022-12-11 21:58:55] [SEVERE ] Key 87 was pressed by player 0
[2022-12-11 21:58:55] [SEVERE ] player 0 placing token on slot 1
[2022-12-11 21:58:55] [SEVERE ] Key 69 was pressed by player 0
[2022-12-11 21:58:55] [SEVERE ] removing player 0 token from slot 2
[2022-12-11 21:58:55] [SEVERE ] placing card 56 in slot 8
[2022-12-11 21:58:55] [SEVERE ] placing card 37 in slot 9
[2022-12-11 21:58:55] [SEVERE ] placing card 61 in slot 10
[2022-12-11 21:58:55] [SEVERE ] placing card 35 in slot 11
[2022-12-11 21:58:56] [SEVERE ] Key 81 was pressed by player 0
[2022-12-11 21:58:56] [SEVERE ] removing player 0 token from slot 0
[2022-12-11 21:58:56] [SEVERE ] Key 87 was pressed by player 0
[2022-12-11 21:58:56] [SEVERE ] removing player 0 token from slot 1
[2022-12-11 21:58:56] [SEVERE ] Key 69 was pressed by player 0
[2022-12-11 21:58:56] [SEVERE ] player 0 placing token on slot 2
[2022-12-11 21:58:57] [SEVERE ] Key 87 was pressed by player 0
[2022-12-11 21:58:57] [SEVERE ] player 0 placing token on slot 1
[2022-12-11 21:58:57] [SEVERE ] Key 81 was pressed by player 0
[2022-12-11 21:58:57] [SEVERE ] player 0 placing token on slot 0
[2022-12-11 21:58:57] [SEVERE ] removing tokens from slot 2
[2022-12-11 21:58:57] [SEVERE ] removing tokens from slot 1
[2022-12-11 21:58:57] [SEVERE ] removing tokens from slot 0
[2022-12-11 21:58:57] [SEVERE ] removing card from slot 2
[2022-12-11 21:58:57] [SEVERE ] removing card from slot 1
[2022-12-11 21:58:57] [SEVERE ] removing card from slot 0
[2022-12-11 21:58:57] [SEVERE ] setting player 0 score to 3
[2022-12-11 21:58:58] [SEVERE ] placing card 10 in slot 0
[2022-12-11 21:58:58] [SEVERE ] placing card 59 in slot 1
[2022-12-11 21:58:58] [SEVERE ] placing card 9 in slot 2
[2022-12-11 21:58:58] [SEVERE ] removing tokens from slot 2
[2022-12-11 21:58:58] [SEVERE ] removing tokens from slot 1
[2022-12-11 21:58:58] [SEVERE ] removing tokens from slot 0
[2022-12-11 21:58:58] [SEVERE ] removing card from slot 2
[2022-12-11 21:58:58] [SEVERE ] removing card from slot 1
[2022-12-11 21:58:58] [SEVERE ] removing card from slot 0
[2022-12-11 21:58:58] [SEVERE ] setting player 0 score to 4
[2022-12-11 21:58:58] [SEVERE ] Key 69 was pressed by player 0
[2022-12-11 21:58:58] [SEVERE ] placing card 0 in slot 0
[2022-12-11 21:58:58] [SEVERE ] placing card 4 in slot 1
[2022-12-11 21:58:58] [SEVERE ] placing card 26 in slot 2
[2022-12-11 21:58:58] [SEVERE ] removing tokens from slot 2
[2022-12-11 21:58:58] [SEVERE ] removing tokens from slot 1
[2022-12-11 21:58:58] [SEVERE ] removing tokens from slot 0
[2022-12-11 21:58:58] [SEVERE ] removing card from slot 2
[2022-12-11 21:58:59] [SEVERE ] removing card from slot 1
[2022-12-11 21:58:59] [SEVERE ] removing card from slot 0
[2022-12-11 21:58:59] [SEVERE ] setting player 0 score to 5
[2022-12-11 21:58:59] [SEVERE ] placing card 74 in slot 0
[2022-12-11 21:58:59] [SEVERE ] placing card 12 in slot 1
[2022-12-11 21:58:59] [SEVERE ] placing card 2 in slot 2
[2022-12-11 21:58:59] [SEVERE ] removing tokens from slot 2
[2022-12-11 21:58:59] [SEVERE ] removing tokens from slot 1
[2022-12-11 21:58:59] [SEVERE ] removing tokens from slot 0
[2022-12-11 21:58:59] [SEVERE ] removing card from slot 2
[2022-12-11 21:58:59] [SEVERE ] removing card from slot 1
[2022-12-11 21:58:59] [SEVERE ] removing card from slot 0
[2022-12-11 21:58:59] [SEVERE ] setting player 0 score to 6
[2022-12-11 21:58:59] [SEVERE ] placing card 19 in slot 0
[2022-12-11 21:59:00] [SEVERE ] placing card 45 in slot 1
[2022-12-11 21:59:00] [SEVERE ] placing card 22 in slot 2
[2022-12-11 21:59:00] [SEVERE ] removing tokens from slot 2
[2022-12-11 21:59:00] [SEVERE ] removing tokens from slot 1
[2022-12-11 21:59:00] [SEVERE ] removing tokens from slot 0
[2022-12-11 21:59:00] [SEVERE ] removing card from slot 2
[2022-12-11 21:59:00] [SEVERE ] removing card from slot 1
[2022-12-11 21:59:00] [SEVERE ] removing card from slot 0
[2022-12-11 21:59:00] [SEVERE ] setting player 0 score to 7
[2022-12-11 21:59:00] [SEVERE ] placing card 47 in slot 0
[2022-12-11 21:59:00] [SEVERE ] placing card 13 in slot 1
[2022-12-11 21:59:00] [SEVERE ] placing card 60 in slot 2
[2022-12-11 21:59:00] [SEVERE ] removing tokens from slot 2
[2022-12-11 21:59:00] [SEVERE ] removing tokens from slot 1
[2022-12-11 21:59:00] [SEVERE ] removing tokens from slot 0
[2022-12-11 21:59:00] [SEVERE ] removing card from slot 2
[2022-12-11 21:59:01] [SEVERE ] removing card from slot 1
[2022-12-11 21:59:01] [SEVERE ] removing card from slot 0
[2022-12-11 21:59:01] [SEVERE ] setting player 0 score to 8
[2022-12-11 21:59:01] [SEVERE ] placing card 67 in slot 0
[2022-12-11 21:59:01] [SEVERE ] placing card 55 in slot 1
[2022-12-11 21:59:01] [SEVERE ] placing card 30 in slot 2
[2022-12-11 21:59:01] [SEVERE ] removing tokens from slot 2
[2022-12-11 21:59:01] [SEVERE ] removing tokens from slot 1
[2022-12-11 21:59:01] [SEVERE ] removing tokens from slot 0
[2022-12-11 21:59:01] [SEVERE ] removing card from slot 2
[2022-12-11 21:59:01] [SEVERE ] removing card from slot 1
[2022-12-11 21:59:01] [SEVERE ] removing card from slot 0
[2022-12-11 21:59:01] [SEVERE ] setting player 0 score to 9
[2022-12-11 21:59:01] [SEVERE ] placing card 6 in slot 0
[2022-12-11 21:59:02] [SEVERE ] placing card 36 in slot 1
[2022-12-11 21:59:02] [SEVERE ] placing card 43 in slot 2
[2022-12-11 21:59:02] [SEVERE ] removing tokens from slot 2
[2022-12-11 21:59:02] [SEVERE ] removing tokens from slot 1
[2022-12-11 21:59:02] [SEVERE ] removing tokens from slot 0
[2022-12-11 21:59:02] [SEVERE ] removing card from slot 2
[2022-12-11 21:59:02] [SEVERE ] removing card from slot 1
[2022-12-11 21:59:02] [SEVERE ] removing card from slot 0
[2022-12-11 21:59:02] [SEVERE ] setting player 0 score to 10
[2022-12-11 21:59:02] [SEVERE ] placing card 53 in slot 0
[2022-12-11 21:59:02] [SEVERE ] placing card 29 in slot 1
[2022-12-11 21:59:02] [SEVERE ] placing card 63 in slot 2
[2022-12-11 21:59:02] [SEVERE ] removing tokens from slot 2
[2022-12-11 21:59:02] [SEVERE ] removing tokens from slot 1
[2022-12-11 21:59:02] [SEVERE ] removing tokens from slot 0
[2022-12-11 21:59:02] [SEVERE ] removing card from slot 2
[2022-12-11 21:59:02] [SEVERE ] removing card from slot 1
[2022-12-11 21:59:03] [SEVERE ] removing card from slot 0
[2022-12-11 21:59:03] [SEVERE ] setting player 0 score to 11
[2022-12-11 21:59:03] [SEVERE ] placing card 42 in slot 0
[2022-12-11 21:59:03] [SEVERE ] placing card 25 in slot 1
[2022-12-11 21:59:03] [SEVERE ] placing card 68 in slot 2
[2022-12-11 21:59:03] [SEVERE ] removing tokens from slot 2
[2022-12-11 21:59:03] [SEVERE ] removing tokens from slot 1
[2022-12-11 21:59:03] [SEVERE ] removing tokens from slot 0
[2022-12-11 21:59:03] [SEVERE ] removing card from slot 2
[2022-12-11 21:59:03] [SEVERE ] removing card from slot 1
[2022-12-11 21:59:03] [SEVERE ] removing card from slot 0
[2022-12-11 21:59:03] [SEVERE ] setting player 0 score to 12
[2022-12-11 21:59:03] [SEVERE ] placing card 28 in slot 0
[2022-12-11 21:59:03] [SEVERE ] placing card 54 in slot 1
[2022-12-11 21:59:04] [SEVERE ] placing card 78 in slot 2
[2022-12-11 21:59:04] [SEVERE ] removing tokens from slot 2
[2022-12-11 21:59:04] [SEVERE ] removing tokens from slot 1
[2022-12-11 21:59:04] [SEVERE ] removing tokens from slot 0
[2022-12-11 21:59:04] [SEVERE ] removing card from slot 2
[2022-12-11 21:59:04] [SEVERE ] removing card from slot 1
[2022-12-11 21:59:04] [SEVERE ] removing card from slot 0
[2022-12-11 21:59:04] [SEVERE ] setting player 0 score to 13
[2022-12-11 21:59:04] [SEVERE ] placing card 31 in slot 0
[2022-12-11 21:59:04] [SEVERE ] placing card 58 in slot 1
[2022-12-11 21:59:04] [SEVERE ] placing card 8 in slot 2
[2022-12-11 21:59:04] [SEVERE ] removing tokens from slot 2
[2022-12-11 21:59:04] [SEVERE ] removing tokens from slot 1
[2022-12-11 21:59:04] [SEVERE ] removing tokens from slot 0
[2022-12-11 21:59:04] [SEVERE ] removing card from slot 2
[2022-12-11 21:59:04] [SEVERE ] removing card from slot 1
[2022-12-11 21:59:05] [SEVERE ] removing card from slot 0
[2022-12-11 21:59:05] [SEVERE ] setting player 0 score to 14
[2022-12-11 21:59:05] [SEVERE ] placing card 39 in slot 0
[2022-12-11 21:59:05] [SEVERE ] placing card 33 in slot 1
[2022-12-11 21:59:05] [SEVERE ] placing card 27 in slot 2
[2022-12-11 21:59:05] [SEVERE ] removing tokens from slot 2
[2022-12-11 21:59:05] [SEVERE ] removing tokens from slot 1
[2022-12-11 21:59:05] [SEVERE ] removing tokens from slot 0
[2022-12-11 21:59:05] [SEVERE ] removing card from slot 2
[2022-12-11 21:59:05] [SEVERE ] removing card from slot 1
[2022-12-11 21:59:05] [SEVERE ] removing card from slot 0
[2022-12-11 21:59:05] [SEVERE ] setting player 0 score to 15
[2022-12-11 21:59:05] [SEVERE ] placing card 16 in slot 0
[2022-12-11 21:59:05] [SEVERE ] placing card 76 in slot 1
[2022-12-11 21:59:05] [SEVERE ] placing card 80 in slot 2
[2022-12-11 21:59:05] [SEVERE ] removing tokens from slot 2
[2022-12-11 21:59:05] [SEVERE ] removing tokens from slot 1
[2022-12-11 21:59:05] [SEVERE ] removing tokens from slot 0
[2022-12-11 21:59:06] [SEVERE ] removing card from slot 2
[2022-12-11 21:59:06] [SEVERE ] removing card from slot 1
[2022-12-11 21:59:06] [SEVERE ] removing card from slot 0
[2022-12-11 21:59:06] [SEVERE ] setting player 0 score to 16
[2022-12-11 21:59:06] [SEVERE ] placing card 38 in slot 0
[2022-12-11 21:59:06] [SEVERE ] placing card 48 in slot 1
[2022-12-11 21:59:06] [SEVERE ] placing card 46 in slot 2
[2022-12-11 21:59:06] [SEVERE ] removing tokens from slot 2
[2022-12-11 21:59:06] [SEVERE ] removing tokens from slot 1
[2022-12-11 21:59:06] [SEVERE ] removing tokens from slot 0
[2022-12-11 21:59:06] [SEVERE ] removing card from slot 2
[2022-12-11 21:59:06] [SEVERE ] removing card from slot 1
[2022-12-11 21:59:06] [SEVERE ] removing card from slot 0
[2022-12-11 21:59:06] [SEVERE ] setting player 0 score to 17
[2022-12-11 21:59:07] [SEVERE ] placing card 24 in slot 0
[2022-12-11 21:59:07] [SEVERE ] placing card 51 in slot 1
[2022-12-11 21:59:07] [SEVERE ] placing card 79 in slot 2
[2022-12-11 21:59:07] [SEVERE ] removing tokens from slot 2
[2022-12-11 21:59:07] [SEVERE ] removing tokens from slot 1
[2022-12-11 21:59:07] [SEVERE ] removing tokens from slot 0
[2022-12-11 21:59:07] [SEVERE ] removing card from slot 2
[2022-12-11 21:59:07] [SEVERE ] removing card from slot 1
[2022-12-11 21:59:07] [SEVERE ] removing card from slot 0
[2022-12-11 21:59:07] [SEVERE ] setting player 0 score to 18
[2022-12-11 21:59:07] [SEVERE ] placing card 49 in slot 0
[2022-12-11 21:59:07] [SEVERE ] placing card 57 in slot 1
[2022-12-11 21:59:07] [SEVERE ] placing card 41 in slot 2
[2022-12-11 21:59:07] [SEVERE ] removing tokens from slot 2
[2022-12-11 21:59:07] [SEVERE ] removing tokens from slot 1
[2022-12-11 21:59:07] [SEVERE ] removing tokens from slot 0
[2022-12-11 21:59:08] [SEVERE ] removing card from slot 2
[2022-12-11 21:59:08] [SEVERE ] removing card from slot 1
[2022-12-11 21:59:08] [SEVERE ] removing card from slot 0
[2022-12-11 21:59:08] [SEVERE ] setting player 0 score to 19
[2022-12-11 21:59:08] [SEVERE ] placing card 32 in slot 0
[2022-12-11 21:59:08] [SEVERE ] placing card 3 in slot 1
[2022-12-11 21:59:08] [SEVERE ] placing card 70 in slot 2
[2022-12-11 21:59:08] [SEVERE ] removing tokens from slot 2
[2022-12-11 21:59:08] [SEVERE ] removing tokens from slot 1
[2022-12-11 21:59:08] [SEVERE ] removing tokens from slot 0
[2022-12-11 21:59:08] [SEVERE ] removing card from slot 2
[2022-12-11 21:59:08] [SEVERE ] removing card from slot 1
[2022-12-11 21:59:08] [SEVERE ] removing card from slot 0
[2022-12-11 21:59:08] [SEVERE ] setting player 0 score to 20
[2022-12-11 21:59:09] [SEVERE ] placing card 75 in slot 0
[2022-12-11 21:59:09] [SEVERE ] placing card 17 in slot 1
[2022-12-11 21:59:09] [SEVERE ] placing card 18 in slot 2
[2022-12-11 21:59:09] [SEVERE ] removing tokens from slot 2
[2022-12-11 21:59:09] [SEVERE ] removing tokens from slot 1
[2022-12-11 21:59:09] [SEVERE ] removing tokens from slot 0
[2022-12-11 21:59:09] [SEVERE ] removing card from slot 2
[2022-12-11 21:59:09] [SEVERE ] removing card from slot 1
[2022-12-11 21:59:09] [SEVERE ] removing card from slot 0
[2022-12-11 21:59:09] [SEVERE ] setting player 0 score to 21
[2022-12-11 21:59:09] [SEVERE ] placing card 5 in slot 0
[2022-12-11 21:59:09] [SEVERE ] placing card 21 in slot 1
[2022-12-11 21:59:09] [SEVERE ] placing card 44 in slot 2
[2022-12-11 21:59:09] [SEVERE ] removing tokens from slot 2
[2022-12-11 21:59:09] [SEVERE ] removing tokens from slot 1
[2022-12-11 21:59:09] [SEVERE ] removing tokens from slot 0
[2022-12-11 21:59:09] [SEVERE ] removing card from slot 2
[2022-12-11 21:59:10] [SEVERE ] removing card from slot 1
[2022-12-11 21:59:10] [SEVERE ] removing card from slot 0
[2022-12-11 21:59:10] [SEVERE ] setting player 0 score to 22
[2022-12-11 21:59:10] [SEVERE ] placing card 66 in slot 0
[2022-12-11 21:59:10] [SEVERE ] placing card 1 in slot 1
[2022-12-11 21:59:10] [SEVERE ] placing card 50 in slot 2
[2022-12-11 21:59:10] [SEVERE ] removing tokens from slot 2
[2022-12-11 21:59:10] [SEVERE ] removing tokens from slot 1
[2022-12-11 21:59:10] [SEVERE ] removing tokens from slot 0
[2022-12-11 21:59:10] [SEVERE ] removing card from slot 2
[2022-12-11 21:59:10] [SEVERE ] removing card from slot 1
[2022-12-11 21:59:10] [SEVERE ] removing card from slot 0
[2022-12-11 21:59:10] [SEVERE ] setting player 0 score to 23
[2022-12-11 21:59:10] [SEVERE ] placing card 11 in slot 0
[2022-12-11 21:59:11] [SEVERE ] placing card 23 in slot 1
[2022-12-11 21:59:11] [SEVERE ] placing card 77 in slot 2
[2022-12-11 21:59:11] [SEVERE ] removing tokens from slot 2
[2022-12-11 21:59:11] [SEVERE ] removing tokens from slot 1
[2022-12-11 21:59:11] [SEVERE ] removing tokens from slot 0
[2022-12-11 21:59:11] [SEVERE ] removing card from slot 2
[2022-12-11 21:59:11] [SEVERE ] removing card from slot 1
[2022-12-11 21:59:11] [SEVERE ] removing card from slot 0
[2022-12-11 21:59:11] [SEVERE ] setting player 0 score to 24
[2022-12-11 21:59:11] [INFO   ] Thread main terminated.
