[2022-12-11 20:14:39] [INFO   ] cannot read configuration file config.properties trying from resources.
[2022-12-11 20:14:39] [INFO   ] configuration file was loaded from resources directory.
[2022-12-11 20:14:41] [INFO   ] Thread dealer starting.
[2022-12-11 20:14:41] [SEVERE ] placing card 64 in slot 0
[2022-12-11 20:14:41] [SEVERE ] placing card 57 in slot 1
[2022-12-11 20:14:41] [SEVERE ] placing card 59 in slot 2
[2022-12-11 20:14:41] [SEVERE ] placing card 62 in slot 3
[2022-12-11 20:14:41] [SEVERE ] placing card 29 in slot 4
[2022-12-11 20:14:41] [SEVERE ] placing card 13 in slot 5
[2022-12-11 20:14:41] [SEVERE ] placing card 75 in slot 6
[2022-12-11 20:14:42] [SEVERE ] placing card 58 in slot 7
[2022-12-11 20:14:42] [SEVERE ] placing card 24 in slot 8
[2022-12-11 20:14:42] [SEVERE ] placing card 51 in slot 9
[2022-12-11 20:14:42] [SEVERE ] placing card 22 in slot 10
[2022-12-11 20:14:42] [SEVERE ] placing card 27 in slot 11
[2022-12-11 20:14:42] [INFO   ] Thread Thread-0starting.
[2022-12-11 20:14:42] [INFO   ] Thread Thread-1starting.
[2022-12-11 20:14:43] [SEVERE ] Key 81 was pressed by player 0
[2022-12-11 20:14:43] [SEVERE ] player 0 placing token on slot 0
[2022-12-11 20:14:43] [SEVERE ] Key 87 was pressed by player 0
[2022-12-11 20:14:43] [SEVERE ] player 0 placing token on slot 1
[2022-12-11 20:14:44] [SEVERE ] Key 69 was pressed by player 0
[2022-12-11 20:14:44] [SEVERE ] player 0 placing token on slot 2
[2022-12-11 20:14:44] [SEVERE ] removing all tokens
[2022-12-11 20:14:44] [SEVERE ] removing tokens from slot 0
[2022-12-11 20:14:44] [SEVERE ] removing tokens from slot 1
[2022-12-11 20:14:44] [SEVERE ] removing tokens from slot 2
[2022-12-11 20:14:44] [SEVERE ] removing tokens from slot 3
[2022-12-11 20:14:44] [SEVERE ] removing tokens from slot 4
[2022-12-11 20:14:44] [SEVERE ] removing tokens from slot 5
[2022-12-11 20:14:44] [SEVERE ] removing tokens from slot 6
[2022-12-11 20:14:44] [SEVERE ] removing tokens from slot 7
[2022-12-11 20:14:44] [SEVERE ] removing tokens from slot 8
[2022-12-11 20:14:44] [SEVERE ] removing tokens from slot 9
[2022-12-11 20:14:44] [SEVERE ] removing tokens from slot 10
[2022-12-11 20:14:44] [SEVERE ] removing tokens from slot 11
[2022-12-11 20:14:44] [SEVERE ] removing card from slot 0
[2022-12-11 20:14:44] [SEVERE ] removing card from slot 1
[2022-12-11 20:14:44] [SEVERE ] removing card from slot 2
[2022-12-11 20:14:44] [SEVERE ] setting player 0 score to 1
[2022-12-11 20:14:44] [SEVERE ] placing card 18 in slot 0
[2022-12-11 20:14:44] [SEVERE ] placing card 20 in slot 1
[2022-12-11 20:14:44] [SEVERE ] placing card 2 in slot 2
[2022-12-11 20:14:45] [SEVERE ] Key 80 was pressed by player 1
[2022-12-11 20:14:45] [SEVERE ] player 1 placing token on slot 3
[2022-12-11 20:14:45] [SEVERE ] Key 79 was pressed by player 1
[2022-12-11 20:14:45] [SEVERE ] player 1 placing token on slot 2
[2022-12-11 20:14:45] [SEVERE ] Key 80 was pressed by player 1
[2022-12-11 20:14:45] [SEVERE ] removing player 1 token from slot 3
[2022-12-11 20:14:45] [SEVERE ] Key 79 was pressed by player 1
[2022-12-11 20:14:45] [SEVERE ] removing player 1 token from slot 2
[2022-12-11 20:14:45] [SEVERE ] Key 76 was pressed by player 1
[2022-12-11 20:14:45] [SEVERE ] player 1 placing token on slot 6
[2022-12-11 20:14:46] [SEVERE ] Key 44 was pressed by player 1
[2022-12-11 20:14:46] [SEVERE ] player 1 placing token on slot 9
[2022-12-11 20:14:46] [SEVERE ] Key 76 was pressed by player 1
[2022-12-11 20:14:46] [SEVERE ] removing player 1 token from slot 6
[2022-12-11 20:14:47] [SEVERE ] Key 79 was pressed by player 1
[2022-12-11 20:14:47] [SEVERE ] player 1 placing token on slot 2
[2022-12-11 20:14:47] [SEVERE ] Key 73 was pressed by player 1
[2022-12-11 20:14:47] [SEVERE ] player 1 placing token on slot 1
[2022-12-11 20:14:47] [SEVERE ] removing all tokens
[2022-12-11 20:14:47] [SEVERE ] removing tokens from slot 0
[2022-12-11 20:14:47] [SEVERE ] removing tokens from slot 1
[2022-12-11 20:14:47] [SEVERE ] removing tokens from slot 2
[2022-12-11 20:14:47] [SEVERE ] removing tokens from slot 3
[2022-12-11 20:14:47] [SEVERE ] removing tokens from slot 4
[2022-12-11 20:14:47] [SEVERE ] removing tokens from slot 5
[2022-12-11 20:14:47] [SEVERE ] removing tokens from slot 6
[2022-12-11 20:14:47] [SEVERE ] removing tokens from slot 7
[2022-12-11 20:14:47] [SEVERE ] removing tokens from slot 8
[2022-12-11 20:14:47] [SEVERE ] removing tokens from slot 9
[2022-12-11 20:14:47] [SEVERE ] removing tokens from slot 10
[2022-12-11 20:14:47] [SEVERE ] removing tokens from slot 11
[2022-12-11 20:14:47] [SEVERE ] Key 85 was pressed by player 1
[2022-12-11 20:14:47] [SEVERE ] player 1 placing token on slot 0
[2022-12-11 20:14:47] [SEVERE ] removing card from slot 9
[2022-12-11 20:14:47] [SEVERE ] removing card from slot 2
[2022-12-11 20:14:48] [SEVERE ] removing card from slot 1
[2022-12-11 20:14:48] [SEVERE ] setting player 1 score to 1
[2022-12-11 20:14:48] [SEVERE ] placing card 42 in slot 1
[2022-12-11 20:14:48] [SEVERE ] placing card 44 in slot 2
[2022-12-11 20:14:48] [SEVERE ] placing card 60 in slot 9
