[2022-12-11 18:45:48] [INFO   ] cannot read configuration file config.properties trying from resources.
[2022-12-11 18:45:48] [INFO   ] configuration file was loaded from resources directory.
[2022-12-11 18:45:49] [INFO   ] Thread dealer starting.
[2022-12-11 18:45:50] [SEVERE ] placing card 40 in slot 0
[2022-12-11 18:45:50] [SEVERE ] placing card 33 in slot 1
[2022-12-11 18:45:50] [SEVERE ] placing card 56 in slot 2
[2022-12-11 18:45:50] [SEVERE ] placing card 30 in slot 3
[2022-12-11 18:45:50] [SEVERE ] placing card 79 in slot 4
[2022-12-11 18:45:50] [SEVERE ] placing card 76 in slot 5
[2022-12-11 18:45:50] [SEVERE ] placing card 11 in slot 6
[2022-12-11 18:45:50] [SEVERE ] placing card 58 in slot 7
[2022-12-11 18:45:50] [SEVERE ] placing card 4 in slot 8
[2022-12-11 18:45:50] [SEVERE ] placing card 43 in slot 9
[2022-12-11 18:45:51] [SEVERE ] placing card 38 in slot 10
[2022-12-11 18:45:51] [SEVERE ] placing card 77 in slot 11
[2022-12-11 18:45:51] [INFO   ] Thread dealerstarting.
[2022-12-11 18:46:30] [SEVERE ] Key 81 was pressed by player 0
[2022-12-11 18:46:30] [SEVERE ] player 0 placing token on slot 0
[2022-12-11 18:46:31] [SEVERE ] Key 87 was pressed by player 0
[2022-12-11 18:46:31] [SEVERE ] player 0 placing token on slot 1
[2022-12-11 18:46:31] [SEVERE ] Key 69 was pressed by player 0
[2022-12-11 18:46:31] [SEVERE ] player 0 placing token on slot 2
[2022-12-11 18:46:52] [INFO   ] Thread dealer terminated.
[2022-12-11 18:47:02] [SEVERE ] removing all tokens
[2022-12-11 18:47:02] [SEVERE ] removing tokens from slot 0
[2022-12-11 18:47:02] [SEVERE ] removing tokens from slot 1
[2022-12-11 18:47:02] [SEVERE ] removing tokens from slot 2
[2022-12-11 18:47:02] [SEVERE ] removing tokens from slot 3
[2022-12-11 18:47:02] [SEVERE ] removing tokens from slot 4
[2022-12-11 18:47:02] [SEVERE ] removing tokens from slot 5
[2022-12-11 18:47:02] [SEVERE ] removing tokens from slot 6
[2022-12-11 18:47:02] [SEVERE ] removing tokens from slot 7
[2022-12-11 18:47:02] [SEVERE ] removing tokens from slot 8
[2022-12-11 18:47:02] [SEVERE ] removing tokens from slot 9
[2022-12-11 18:47:02] [SEVERE ] removing tokens from slot 10
[2022-12-11 18:47:02] [SEVERE ] removing tokens from slot 11
[2022-12-11 18:47:02] [SEVERE ] removing card from slot 0
[2022-12-11 18:47:02] [SEVERE ] removing card from slot 1
[2022-12-11 18:47:02] [SEVERE ] removing card from slot 2
[2022-12-11 18:47:02] [SEVERE ] setting player 0 score to 1
[2022-12-11 18:47:03] [SEVERE ] placing card 57 in slot 0
[2022-12-11 18:47:03] [SEVERE ] placing card 74 in slot 1
[2022-12-11 18:47:03] [SEVERE ] placing card 68 in slot 2
[2022-12-11 18:47:10] [SEVERE ] removing card from slot 0
[2022-12-11 18:47:10] [SEVERE ] removing card from slot 1
[2022-12-11 18:47:10] [SEVERE ] removing card from slot 2
[2022-12-11 18:47:10] [SEVERE ] removing card from slot 3
[2022-12-11 18:47:10] [SEVERE ] removing card from slot 4
[2022-12-11 18:47:10] [SEVERE ] removing card from slot 5
[2022-12-11 18:47:10] [SEVERE ] removing card from slot 6
[2022-12-11 18:47:10] [SEVERE ] removing card from slot 7
[2022-12-11 18:47:10] [SEVERE ] removing card from slot 8
[2022-12-11 18:47:11] [SEVERE ] removing card from slot 9
[2022-12-11 18:47:11] [SEVERE ] removing card from slot 10
[2022-12-11 18:47:11] [SEVERE ] removing card from slot 11
[2022-12-11 18:47:14] [SEVERE ] placing card 66 in slot 0
[2022-12-11 18:47:14] [SEVERE ] placing card 24 in slot 1
[2022-12-11 18:47:14] [SEVERE ] placing card 39 in slot 2
[2022-12-11 18:47:14] [SEVERE ] placing card 6 in slot 3
[2022-12-11 18:47:14] [SEVERE ] placing card 46 in slot 4
[2022-12-11 18:47:14] [SEVERE ] placing card 1 in slot 5
[2022-12-11 18:47:15] [SEVERE ] placing card 45 in slot 6
[2022-12-11 18:47:15] [SEVERE ] placing card 28 in slot 7
[2022-12-11 18:47:15] [SEVERE ] placing card 31 in slot 8
[2022-12-11 18:47:15] [SEVERE ] placing card 47 in slot 9
[2022-12-11 18:47:15] [SEVERE ] placing card 19 in slot 10
[2022-12-11 18:47:15] [SEVERE ] placing card 25 in slot 11
[2022-12-11 18:47:25] [INFO   ] Thread dealerstarting.
[2022-12-11 18:47:29] [SEVERE ] Key 81 was pressed by player 0
[2022-12-11 18:47:29] [SEVERE ] player 0 placing token on slot 0
[2022-12-11 18:47:29] [SEVERE ] Key 87 was pressed by player 0
[2022-12-11 18:47:29] [SEVERE ] player 0 placing token on slot 1
[2022-12-11 18:47:29] [SEVERE ] Key 69 was pressed by player 0
[2022-12-11 18:47:29] [SEVERE ] player 0 placing token on slot 2
[2022-12-11 18:47:37] [INFO   ] Thread dealer terminated.
[2022-12-11 18:47:37] [SEVERE ] removing all tokens
[2022-12-11 18:47:37] [SEVERE ] removing tokens from slot 0
[2022-12-11 18:47:37] [SEVERE ] removing tokens from slot 1
[2022-12-11 18:47:37] [SEVERE ] removing tokens from slot 2
[2022-12-11 18:47:37] [SEVERE ] removing tokens from slot 3
[2022-12-11 18:47:37] [SEVERE ] removing tokens from slot 4
[2022-12-11 18:47:37] [SEVERE ] removing tokens from slot 5
[2022-12-11 18:47:37] [SEVERE ] removing tokens from slot 6
[2022-12-11 18:47:37] [SEVERE ] removing tokens from slot 7
[2022-12-11 18:47:37] [SEVERE ] Key 81 was pressed by player 0
[2022-12-11 18:47:37] [SEVERE ] removing player 0 token from slot 0
[2022-12-11 18:47:37] [SEVERE ] Key 87 was pressed by player 0
[2022-12-11 18:47:37] [SEVERE ] removing player 0 token from slot 1
[2022-12-11 18:47:37] [SEVERE ] removing tokens from slot 8
[2022-12-11 18:47:37] [SEVERE ] Key 69 was pressed by player 0
[2022-12-11 18:47:37] [SEVERE ] removing tokens from slot 9
[2022-12-11 18:47:37] [SEVERE ] removing player 0 token from slot 2
[2022-12-11 18:47:37] [SEVERE ] removing tokens from slot 10
[2022-12-11 18:47:37] [SEVERE ] removing tokens from slot 11
