[2022-12-11 16:33:50] [INFO   ] cannot read configuration file config.properties trying from resources.
[2022-12-11 16:33:50] [INFO   ] configuration file was loaded from resources directory.
[2022-12-11 16:33:52] [INFO   ] Thread dealer starting.
[2022-12-11 16:33:52] [SEVERE ] placing card 19 in slot 0
[2022-12-11 16:33:52] [SEVERE ] placing card 26 in slot 1
[2022-12-11 16:33:52] [SEVERE ] placing card 7 in slot 2
[2022-12-11 16:33:52] [SEVERE ] placing card 79 in slot 3
[2022-12-11 16:33:52] [SEVERE ] placing card 69 in slot 4
[2022-12-11 16:33:52] [SEVERE ] placing card 3 in slot 5
[2022-12-11 16:33:53] [SEVERE ] placing card 51 in slot 6
[2022-12-11 16:33:53] [SEVERE ] placing card 1 in slot 7
[2022-12-11 16:33:53] [SEVERE ] placing card 10 in slot 8
[2022-12-11 16:33:53] [SEVERE ] placing card 37 in slot 9
[2022-12-11 16:33:53] [SEVERE ] placing card 61 in slot 10
[2022-12-11 16:33:53] [SEVERE ] placing card 70 in slot 11
[2022-12-11 16:33:53] [INFO   ] Thread dealerstarting.
[2022-12-11 16:33:55] [SEVERE ] Key 81 was pressed by player 0
[2022-12-11 16:33:55] [SEVERE ] player 0 placing token on slot 0
[2022-12-11 16:33:55] [SEVERE ] Key 87 was pressed by player 0
[2022-12-11 16:33:55] [SEVERE ] player 0 placing token on slot 1
[2022-12-11 16:33:56] [SEVERE ] Key 69 was pressed by player 0
[2022-12-11 16:33:56] [SEVERE ] player 0 placing token on slot 2
[2022-12-11 16:33:56] [INFO   ] Thread dealer terminated.
[2022-12-11 16:33:56] [SEVERE ] removing all tokens
[2022-12-11 16:33:56] [SEVERE ] removing tokens from slot 0
[2022-12-11 16:33:56] [SEVERE ] removing tokens from slot 1
[2022-12-11 16:33:56] [SEVERE ] removing tokens from slot 2
[2022-12-11 16:33:56] [SEVERE ] removing tokens from slot 3
[2022-12-11 16:33:56] [SEVERE ] removing tokens from slot 4
[2022-12-11 16:33:56] [SEVERE ] removing tokens from slot 5
[2022-12-11 16:33:56] [SEVERE ] removing tokens from slot 6
[2022-12-11 16:33:56] [SEVERE ] removing tokens from slot 7
[2022-12-11 16:33:56] [SEVERE ] removing tokens from slot 8
[2022-12-11 16:33:56] [SEVERE ] removing tokens from slot 9
[2022-12-11 16:33:56] [SEVERE ] removing tokens from slot 10
[2022-12-11 16:33:56] [SEVERE ] removing tokens from slot 11
[2022-12-11 16:33:56] [SEVERE ] removing card from slot 0
[2022-12-11 16:33:56] [SEVERE ] removing card from slot 1
[2022-12-11 16:33:56] [SEVERE ] removing card from slot 2
[2022-12-11 16:33:56] [SEVERE ] setting player 0 score to 1
[2022-12-11 16:33:56] [SEVERE ] placing card 23 in slot 0
[2022-12-11 16:33:56] [SEVERE ] placing card 29 in slot 1
[2022-12-11 16:33:56] [SEVERE ] placing card 49 in slot 2
[2022-12-11 16:33:56] [INFO   ] Thread dealerstarting.
[2022-12-11 16:33:58] [SEVERE ] Key 65 was pressed by player 0
[2022-12-11 16:33:58] [SEVERE ] player 0 placing token on slot 4
[2022-12-11 16:33:58] [SEVERE ] Key 83 was pressed by player 0
[2022-12-11 16:33:58] [SEVERE ] player 0 placing token on slot 5
[2022-12-11 16:33:58] [SEVERE ] Key 68 was pressed by player 0
[2022-12-11 16:33:58] [SEVERE ] player 0 placing token on slot 6
[2022-12-11 16:33:58] [INFO   ] Thread dealer terminated.
[2022-12-11 16:33:58] [SEVERE ] removing all tokens
[2022-12-11 16:33:58] [SEVERE ] removing tokens from slot 0
[2022-12-11 16:33:58] [SEVERE ] removing tokens from slot 1
[2022-12-11 16:33:58] [SEVERE ] removing tokens from slot 2
[2022-12-11 16:33:58] [SEVERE ] removing tokens from slot 3
[2022-12-11 16:33:58] [SEVERE ] removing tokens from slot 4
[2022-12-11 16:33:58] [SEVERE ] removing tokens from slot 5
[2022-12-11 16:33:58] [SEVERE ] removing tokens from slot 6
[2022-12-11 16:33:58] [SEVERE ] removing tokens from slot 7
[2022-12-11 16:33:58] [SEVERE ] removing tokens from slot 8
[2022-12-11 16:33:58] [SEVERE ] removing tokens from slot 9
[2022-12-11 16:33:58] [SEVERE ] removing tokens from slot 10
[2022-12-11 16:33:58] [SEVERE ] removing tokens from slot 11
[2022-12-11 16:33:58] [SEVERE ] removing card from slot 4
[2022-12-11 16:33:58] [SEVERE ] removing card from slot 5
[2022-12-11 16:33:58] [SEVERE ] removing card from slot 6
[2022-12-11 16:33:58] [SEVERE ] setting player 0 score to 2
[2022-12-11 16:33:59] [SEVERE ] placing card 45 in slot 4
[2022-12-11 16:33:59] [SEVERE ] placing card 33 in slot 5
[2022-12-11 16:33:59] [SEVERE ] placing card 6 in slot 6
[2022-12-11 16:33:59] [INFO   ] Thread dealerstarting.
[2022-12-11 16:34:00] [SEVERE ] Key 90 was pressed by player 0
[2022-12-11 16:34:00] [SEVERE ] player 0 placing token on slot 8
[2022-12-11 16:34:00] [SEVERE ] Key 88 was pressed by player 0
[2022-12-11 16:34:00] [SEVERE ] player 0 placing token on slot 9
[2022-12-11 16:34:00] [SEVERE ] Key 67 was pressed by player 0
[2022-12-11 16:34:00] [SEVERE ] player 0 placing token on slot 10
[2022-12-11 16:34:00] [INFO   ] Thread dealer terminated.
[2022-12-11 16:34:00] [SEVERE ] removing all tokens
[2022-12-11 16:34:00] [SEVERE ] removing tokens from slot 0
[2022-12-11 16:34:00] [SEVERE ] removing tokens from slot 1
[2022-12-11 16:34:00] [SEVERE ] removing tokens from slot 2
[2022-12-11 16:34:00] [SEVERE ] removing tokens from slot 3
[2022-12-11 16:34:00] [SEVERE ] removing tokens from slot 4
[2022-12-11 16:34:00] [SEVERE ] removing tokens from slot 5
[2022-12-11 16:34:00] [SEVERE ] removing tokens from slot 6
[2022-12-11 16:34:00] [SEVERE ] removing tokens from slot 7
[2022-12-11 16:34:00] [SEVERE ] removing tokens from slot 8
[2022-12-11 16:34:00] [SEVERE ] removing tokens from slot 9
[2022-12-11 16:34:00] [SEVERE ] removing tokens from slot 10
[2022-12-11 16:34:00] [SEVERE ] removing tokens from slot 11
[2022-12-11 16:34:00] [SEVERE ] removing card from slot 8
[2022-12-11 16:34:00] [SEVERE ] removing card from slot 9
[2022-12-11 16:34:00] [SEVERE ] removing card from slot 10
[2022-12-11 16:34:00] [SEVERE ] setting player 0 score to 3
[2022-12-11 16:34:00] [SEVERE ] placing card 75 in slot 8
[2022-12-11 16:34:00] [SEVERE ] placing card 55 in slot 9
[2022-12-11 16:34:00] [SEVERE ] placing card 42 in slot 10
[2022-12-11 16:34:00] [INFO   ] Thread dealerstarting.
[2022-12-11 16:34:00] [SEVERE ] Key 90 was pressed by player 0
[2022-12-11 16:34:00] [SEVERE ] player 0 placing token on slot 8
[2022-12-11 16:34:00] [SEVERE ] Key 88 was pressed by player 0
[2022-12-11 16:34:00] [SEVERE ] player 0 placing token on slot 9
[2022-12-11 16:34:01] [SEVERE ] Key 67 was pressed by player 0
[2022-12-11 16:34:01] [SEVERE ] player 0 placing token on slot 10
[2022-12-11 16:34:01] [INFO   ] Thread dealer terminated.
[2022-12-11 16:34:01] [SEVERE ] removing all tokens
[2022-12-11 16:34:01] [SEVERE ] removing tokens from slot 0
[2022-12-11 16:34:01] [SEVERE ] removing tokens from slot 1
[2022-12-11 16:34:01] [SEVERE ] removing tokens from slot 2
[2022-12-11 16:34:01] [SEVERE ] removing tokens from slot 3
[2022-12-11 16:34:01] [SEVERE ] removing tokens from slot 4
[2022-12-11 16:34:01] [SEVERE ] removing tokens from slot 5
[2022-12-11 16:34:01] [SEVERE ] removing tokens from slot 6
[2022-12-11 16:34:01] [SEVERE ] removing tokens from slot 7
[2022-12-11 16:34:01] [SEVERE ] removing tokens from slot 8
[2022-12-11 16:34:01] [SEVERE ] removing tokens from slot 9
[2022-12-11 16:34:01] [SEVERE ] removing tokens from slot 10
[2022-12-11 16:34:01] [SEVERE ] removing tokens from slot 11
[2022-12-11 16:34:01] [SEVERE ] removing card from slot 8
[2022-12-11 16:34:01] [SEVERE ] removing card from slot 9
[2022-12-11 16:34:01] [SEVERE ] Key 90 was pressed by player 0
[2022-12-11 16:34:01] [SEVERE ] removing card from slot 10
[2022-12-11 16:34:01] [SEVERE ] setting player 0 score to 4
[2022-12-11 16:34:01] [SEVERE ] Key 88 was pressed by player 0
[2022-12-11 16:34:01] [SEVERE ] placing card 41 in slot 8
[2022-12-11 16:34:01] [SEVERE ] Key 67 was pressed by player 0
[2022-12-11 16:34:01] [SEVERE ] placing card 4 in slot 9
[2022-12-11 16:34:01] [SEVERE ] placing card 40 in slot 10
[2022-12-11 16:34:01] [INFO   ] Thread dealerstarting.
[2022-12-11 16:34:01] [SEVERE ] Key 90 was pressed by player 0
[2022-12-11 16:34:01] [SEVERE ] player 0 placing token on slot 8
[2022-12-11 16:34:01] [SEVERE ] Key 88 was pressed by player 0
[2022-12-11 16:34:01] [SEVERE ] player 0 placing token on slot 9
[2022-12-11 16:34:01] [SEVERE ] Key 67 was pressed by player 0
[2022-12-11 16:34:01] [SEVERE ] player 0 placing token on slot 10
[2022-12-11 16:34:01] [INFO   ] Thread dealer terminated.
[2022-12-11 16:34:01] [SEVERE ] removing all tokens
[2022-12-11 16:34:01] [SEVERE ] removing tokens from slot 0
[2022-12-11 16:34:01] [SEVERE ] removing tokens from slot 1
[2022-12-11 16:34:01] [SEVERE ] removing tokens from slot 2
[2022-12-11 16:34:01] [SEVERE ] removing tokens from slot 3
[2022-12-11 16:34:01] [SEVERE ] removing tokens from slot 4
[2022-12-11 16:34:01] [SEVERE ] removing tokens from slot 5
[2022-12-11 16:34:01] [SEVERE ] removing tokens from slot 6
[2022-12-11 16:34:01] [SEVERE ] removing tokens from slot 7
[2022-12-11 16:34:01] [SEVERE ] removing tokens from slot 8
[2022-12-11 16:34:01] [SEVERE ] removing tokens from slot 9
[2022-12-11 16:34:01] [SEVERE ] removing tokens from slot 10
[2022-12-11 16:34:01] [SEVERE ] removing tokens from slot 11
[2022-12-11 16:34:01] [SEVERE ] removing card from slot 8
[2022-12-11 16:34:01] [SEVERE ] removing card from slot 9
[2022-12-11 16:34:01] [SEVERE ] removing card from slot 10
[2022-12-11 16:34:01] [SEVERE ] setting player 0 score to 5
[2022-12-11 16:34:01] [SEVERE ] Key 90 was pressed by player 0
[2022-12-11 16:34:02] [SEVERE ] Key 88 was pressed by player 0
[2022-12-11 16:34:02] [SEVERE ] placing card 73 in slot 8
[2022-12-11 16:34:02] [SEVERE ] Key 67 was pressed by player 0
[2022-12-11 16:34:02] [SEVERE ] placing card 2 in slot 9
[2022-12-11 16:34:02] [SEVERE ] placing card 27 in slot 10
[2022-12-11 16:34:02] [INFO   ] Thread dealerstarting.
[2022-12-11 16:34:02] [SEVERE ] Key 65 was pressed by player 0
[2022-12-11 16:34:02] [SEVERE ] player 0 placing token on slot 4
[2022-12-11 16:34:02] [SEVERE ] Key 83 was pressed by player 0
[2022-12-11 16:34:02] [SEVERE ] player 0 placing token on slot 5
[2022-12-11 16:34:02] [SEVERE ] Key 68 was pressed by player 0
[2022-12-11 16:34:02] [SEVERE ] player 0 placing token on slot 6
[2022-12-11 16:34:02] [INFO   ] Thread dealer terminated.
[2022-12-11 16:34:02] [SEVERE ] removing all tokens
[2022-12-11 16:34:02] [SEVERE ] removing tokens from slot 0
[2022-12-11 16:34:02] [SEVERE ] removing tokens from slot 1
[2022-12-11 16:34:02] [SEVERE ] removing tokens from slot 2
[2022-12-11 16:34:02] [SEVERE ] removing tokens from slot 3
[2022-12-11 16:34:02] [SEVERE ] removing tokens from slot 4
[2022-12-11 16:34:02] [SEVERE ] removing tokens from slot 5
[2022-12-11 16:34:02] [SEVERE ] removing tokens from slot 6
[2022-12-11 16:34:02] [SEVERE ] removing tokens from slot 7
[2022-12-11 16:34:02] [SEVERE ] removing tokens from slot 8
[2022-12-11 16:34:02] [SEVERE ] removing tokens from slot 9
[2022-12-11 16:34:02] [SEVERE ] removing tokens from slot 10
[2022-12-11 16:34:02] [SEVERE ] removing tokens from slot 11
[2022-12-11 16:34:02] [SEVERE ] removing card from slot 4
[2022-12-11 16:34:02] [SEVERE ] removing card from slot 5
[2022-12-11 16:34:02] [SEVERE ] removing card from slot 6
[2022-12-11 16:34:02] [SEVERE ] setting player 0 score to 6
[2022-12-11 16:34:03] [SEVERE ] placing card 15 in slot 4
[2022-12-11 16:34:03] [SEVERE ] placing card 13 in slot 5
[2022-12-11 16:34:03] [SEVERE ] placing card 71 in slot 6
[2022-12-11 16:34:03] [INFO   ] Thread dealerstarting.
[2022-12-11 16:34:03] [SEVERE ] Key 65 was pressed by player 0
[2022-12-11 16:34:03] [SEVERE ] player 0 placing token on slot 4
[2022-12-11 16:34:03] [SEVERE ] Key 83 was pressed by player 0
[2022-12-11 16:34:03] [SEVERE ] player 0 placing token on slot 5
[2022-12-11 16:34:03] [SEVERE ] Key 68 was pressed by player 0
[2022-12-11 16:34:03] [SEVERE ] player 0 placing token on slot 6
[2022-12-11 16:34:03] [INFO   ] Thread dealer terminated.
[2022-12-11 16:34:03] [SEVERE ] removing all tokens
[2022-12-11 16:34:03] [SEVERE ] removing tokens from slot 0
[2022-12-11 16:34:03] [SEVERE ] removing tokens from slot 1
[2022-12-11 16:34:03] [SEVERE ] removing tokens from slot 2
[2022-12-11 16:34:03] [SEVERE ] removing tokens from slot 3
[2022-12-11 16:34:03] [SEVERE ] removing tokens from slot 4
[2022-12-11 16:34:03] [SEVERE ] removing tokens from slot 5
[2022-12-11 16:34:03] [SEVERE ] removing tokens from slot 6
[2022-12-11 16:34:03] [SEVERE ] removing tokens from slot 7
[2022-12-11 16:34:03] [SEVERE ] removing tokens from slot 8
[2022-12-11 16:34:03] [SEVERE ] removing tokens from slot 9
[2022-12-11 16:34:03] [SEVERE ] removing tokens from slot 10
[2022-12-11 16:34:03] [SEVERE ] removing tokens from slot 11
[2022-12-11 16:34:03] [SEVERE ] removing card from slot 4
[2022-12-11 16:34:03] [SEVERE ] removing card from slot 5
[2022-12-11 16:34:03] [SEVERE ] removing card from slot 6
[2022-12-11 16:34:03] [SEVERE ] setting player 0 score to 7
[2022-12-11 16:34:03] [SEVERE ] placing card 46 in slot 4
[2022-12-11 16:34:03] [SEVERE ] placing card 58 in slot 5
[2022-12-11 16:34:04] [SEVERE ] placing card 39 in slot 6
[2022-12-11 16:34:04] [INFO   ] Thread dealerstarting.
[2022-12-11 16:34:04] [SEVERE ] Key 87 was pressed by player 0
[2022-12-11 16:34:04] [SEVERE ] player 0 placing token on slot 1
[2022-12-11 16:34:04] [SEVERE ] Key 81 was pressed by player 0
[2022-12-11 16:34:04] [SEVERE ] player 0 placing token on slot 0
[2022-12-11 16:34:04] [SEVERE ] Key 69 was pressed by player 0
[2022-12-11 16:34:04] [SEVERE ] player 0 placing token on slot 2
[2022-12-11 16:34:04] [INFO   ] Thread dealer terminated.
[2022-12-11 16:34:04] [SEVERE ] removing all tokens
[2022-12-11 16:34:04] [SEVERE ] removing tokens from slot 0
[2022-12-11 16:34:04] [SEVERE ] removing tokens from slot 1
[2022-12-11 16:34:04] [SEVERE ] removing tokens from slot 2
[2022-12-11 16:34:04] [SEVERE ] removing tokens from slot 3
[2022-12-11 16:34:04] [SEVERE ] removing tokens from slot 4
[2022-12-11 16:34:04] [SEVERE ] removing tokens from slot 5
[2022-12-11 16:34:04] [SEVERE ] removing tokens from slot 6
[2022-12-11 16:34:04] [SEVERE ] removing tokens from slot 7
[2022-12-11 16:34:04] [SEVERE ] removing tokens from slot 8
[2022-12-11 16:34:04] [SEVERE ] removing tokens from slot 9
[2022-12-11 16:34:04] [SEVERE ] removing tokens from slot 10
[2022-12-11 16:34:04] [SEVERE ] removing tokens from slot 11
[2022-12-11 16:34:04] [SEVERE ] removing card from slot 1
[2022-12-11 16:34:04] [SEVERE ] removing card from slot 0
[2022-12-11 16:34:04] [SEVERE ] removing card from slot 2
[2022-12-11 16:34:04] [SEVERE ] setting player 0 score to 8
[2022-12-11 16:34:04] [SEVERE ] placing card 66 in slot 0
[2022-12-11 16:34:04] [SEVERE ] placing card 11 in slot 1
[2022-12-11 16:34:04] [SEVERE ] placing card 8 in slot 2
[2022-12-11 16:34:04] [INFO   ] Thread dealerstarting.
[2022-12-11 16:34:04] [SEVERE ] Key 81 was pressed by player 0
[2022-12-11 16:34:04] [SEVERE ] player 0 placing token on slot 0
[2022-12-11 16:34:04] [SEVERE ] Key 87 was pressed by player 0
[2022-12-11 16:34:04] [SEVERE ] player 0 placing token on slot 1
[2022-12-11 16:34:05] [SEVERE ] Key 69 was pressed by player 0
[2022-12-11 16:34:05] [SEVERE ] player 0 placing token on slot 2
[2022-12-11 16:34:05] [INFO   ] Thread dealer terminated.
[2022-12-11 16:34:05] [SEVERE ] removing all tokens
[2022-12-11 16:34:05] [SEVERE ] removing tokens from slot 0
[2022-12-11 16:34:05] [SEVERE ] removing tokens from slot 1
[2022-12-11 16:34:05] [SEVERE ] removing tokens from slot 2
[2022-12-11 16:34:05] [SEVERE ] removing tokens from slot 3
[2022-12-11 16:34:05] [SEVERE ] removing tokens from slot 4
[2022-12-11 16:34:05] [SEVERE ] removing tokens from slot 5
[2022-12-11 16:34:05] [SEVERE ] removing tokens from slot 6
[2022-12-11 16:34:05] [SEVERE ] removing tokens from slot 7
[2022-12-11 16:34:05] [SEVERE ] removing tokens from slot 8
[2022-12-11 16:34:05] [SEVERE ] removing tokens from slot 9
[2022-12-11 16:34:05] [SEVERE ] removing tokens from slot 10
[2022-12-11 16:34:05] [SEVERE ] removing tokens from slot 11
[2022-12-11 16:34:05] [SEVERE ] removing card from slot 0
[2022-12-11 16:34:05] [SEVERE ] removing card from slot 1
[2022-12-11 16:34:05] [SEVERE ] removing card from slot 2
[2022-12-11 16:34:05] [SEVERE ] setting player 0 score to 9
[2022-12-11 16:34:05] [SEVERE ] placing card 32 in slot 0
[2022-12-11 16:34:05] [SEVERE ] placing card 9 in slot 1
[2022-12-11 16:34:05] [SEVERE ] Key 65 was pressed by player 0
[2022-12-11 16:34:05] [SEVERE ] player 0 placing token on slot 4
[2022-12-11 16:34:05] [SEVERE ] placing card 67 in slot 2
[2022-12-11 16:34:05] [INFO   ] Thread dealerstarting.
[2022-12-11 16:34:05] [SEVERE ] Key 83 was pressed by player 0
[2022-12-11 16:34:05] [SEVERE ] player 0 placing token on slot 5
[2022-12-11 16:34:05] [SEVERE ] Key 68 was pressed by player 0
[2022-12-11 16:34:05] [SEVERE ] player 0 placing token on slot 6
[2022-12-11 16:34:05] [INFO   ] Thread dealer terminated.
[2022-12-11 16:34:05] [SEVERE ] removing all tokens
[2022-12-11 16:34:05] [SEVERE ] removing tokens from slot 0
[2022-12-11 16:34:05] [SEVERE ] removing tokens from slot 1
[2022-12-11 16:34:05] [SEVERE ] removing tokens from slot 2
[2022-12-11 16:34:05] [SEVERE ] removing tokens from slot 3
[2022-12-11 16:34:05] [SEVERE ] removing tokens from slot 4
[2022-12-11 16:34:05] [SEVERE ] removing tokens from slot 5
[2022-12-11 16:34:05] [SEVERE ] removing tokens from slot 6
[2022-12-11 16:34:05] [SEVERE ] removing tokens from slot 7
[2022-12-11 16:34:05] [SEVERE ] removing tokens from slot 8
[2022-12-11 16:34:05] [SEVERE ] removing tokens from slot 9
[2022-12-11 16:34:05] [SEVERE ] removing tokens from slot 10
[2022-12-11 16:34:05] [SEVERE ] removing tokens from slot 11
[2022-12-11 16:34:05] [SEVERE ] removing card from slot 4
[2022-12-11 16:34:05] [SEVERE ] removing card from slot 5
[2022-12-11 16:34:06] [SEVERE ] removing card from slot 6
[2022-12-11 16:34:06] [SEVERE ] setting player 0 score to 10
[2022-12-11 16:34:06] [SEVERE ] placing card 65 in slot 4
[2022-12-11 16:34:06] [SEVERE ] Key 65 was pressed by player 0
[2022-12-11 16:34:06] [SEVERE ] player 0 placing token on slot 4
[2022-12-11 16:34:06] [SEVERE ] placing card 0 in slot 5
[2022-12-11 16:34:06] [SEVERE ] Key 83 was pressed by player 0
[2022-12-11 16:34:06] [SEVERE ] player 0 placing token on slot 5
[2022-12-11 16:34:06] [SEVERE ] placing card 31 in slot 6
[2022-12-11 16:34:06] [INFO   ] Thread dealerstarting.
[2022-12-11 16:34:06] [SEVERE ] Key 68 was pressed by player 0
[2022-12-11 16:34:06] [SEVERE ] player 0 placing token on slot 6
[2022-12-11 16:34:06] [INFO   ] Thread dealer terminated.
[2022-12-11 16:34:06] [SEVERE ] removing all tokens
[2022-12-11 16:34:06] [SEVERE ] removing tokens from slot 0
[2022-12-11 16:34:06] [SEVERE ] removing tokens from slot 1
[2022-12-11 16:34:06] [SEVERE ] removing tokens from slot 2
[2022-12-11 16:34:06] [SEVERE ] removing tokens from slot 3
[2022-12-11 16:34:06] [SEVERE ] removing tokens from slot 4
[2022-12-11 16:34:06] [SEVERE ] removing tokens from slot 5
[2022-12-11 16:34:06] [SEVERE ] removing tokens from slot 6
[2022-12-11 16:34:06] [SEVERE ] removing tokens from slot 7
[2022-12-11 16:34:06] [SEVERE ] removing tokens from slot 8
[2022-12-11 16:34:06] [SEVERE ] removing tokens from slot 9
[2022-12-11 16:34:06] [SEVERE ] removing tokens from slot 10
[2022-12-11 16:34:06] [SEVERE ] removing tokens from slot 11
[2022-12-11 16:34:06] [SEVERE ] removing card from slot 4
[2022-12-11 16:34:06] [SEVERE ] removing card from slot 5
[2022-12-11 16:34:06] [SEVERE ] removing card from slot 6
[2022-12-11 16:34:06] [SEVERE ] setting player 0 score to 11
[2022-12-11 16:34:06] [SEVERE ] placing card 52 in slot 4
[2022-12-11 16:34:06] [SEVERE ] Key 65 was pressed by player 0
[2022-12-11 16:34:06] [SEVERE ] player 0 placing token on slot 4
[2022-12-11 16:34:06] [SEVERE ] placing card 30 in slot 5
[2022-12-11 16:34:06] [SEVERE ] Key 83 was pressed by player 0
[2022-12-11 16:34:06] [SEVERE ] player 0 placing token on slot 5
[2022-12-11 16:34:06] [SEVERE ] Key 68 was pressed by player 0
[2022-12-11 16:34:06] [SEVERE ] placing card 47 in slot 6
[2022-12-11 16:34:06] [INFO   ] Thread dealerstarting.
[2022-12-11 16:34:07] [SEVERE ] Key 81 was pressed by player 0
[2022-12-11 16:34:07] [SEVERE ] player 0 placing token on slot 0
[2022-12-11 16:34:07] [INFO   ] Thread dealer terminated.
[2022-12-11 16:34:07] [SEVERE ] removing all tokens
[2022-12-11 16:34:07] [SEVERE ] removing tokens from slot 0
[2022-12-11 16:34:07] [SEVERE ] removing tokens from slot 1
[2022-12-11 16:34:07] [SEVERE ] removing tokens from slot 2
[2022-12-11 16:34:07] [SEVERE ] removing tokens from slot 3
[2022-12-11 16:34:07] [SEVERE ] removing tokens from slot 4
[2022-12-11 16:34:07] [SEVERE ] removing tokens from slot 5
[2022-12-11 16:34:07] [SEVERE ] removing tokens from slot 6
[2022-12-11 16:34:07] [SEVERE ] removing tokens from slot 7
[2022-12-11 16:34:07] [SEVERE ] removing tokens from slot 8
[2022-12-11 16:34:07] [SEVERE ] removing tokens from slot 9
[2022-12-11 16:34:07] [SEVERE ] removing tokens from slot 10
[2022-12-11 16:34:07] [SEVERE ] removing tokens from slot 11
[2022-12-11 16:34:07] [SEVERE ] removing card from slot 4
[2022-12-11 16:34:07] [SEVERE ] Key 87 was pressed by player 0
[2022-12-11 16:34:07] [SEVERE ] player 0 placing token on slot 1
[2022-12-11 16:34:07] [SEVERE ] removing card from slot 5
[2022-12-11 16:34:07] [SEVERE ] Key 69 was pressed by player 0
[2022-12-11 16:34:07] [SEVERE ] player 0 placing token on slot 2
[2022-12-11 16:34:07] [SEVERE ] removing card from slot 0
[2022-12-11 16:34:07] [SEVERE ] setting player 0 score to 12
[2022-12-11 16:34:07] [SEVERE ] placing card 48 in slot 0
[2022-12-11 16:34:07] [SEVERE ] placing card 62 in slot 4
[2022-12-11 16:34:07] [SEVERE ] placing card 50 in slot 5
[2022-12-11 16:34:07] [INFO   ] Thread dealerstarting.
[2022-12-11 16:34:08] [SEVERE ] Key 81 was pressed by player 0
[2022-12-11 16:34:08] [SEVERE ] player 0 placing token on slot 0
[2022-12-11 16:34:08] [INFO   ] Thread dealer terminated.
[2022-12-11 16:34:08] [SEVERE ] removing all tokens
[2022-12-11 16:34:08] [SEVERE ] removing tokens from slot 0
[2022-12-11 16:34:08] [SEVERE ] removing tokens from slot 1
[2022-12-11 16:34:08] [SEVERE ] removing tokens from slot 2
[2022-12-11 16:34:08] [SEVERE ] removing tokens from slot 3
[2022-12-11 16:34:08] [SEVERE ] removing tokens from slot 4
[2022-12-11 16:34:08] [SEVERE ] removing tokens from slot 5
[2022-12-11 16:34:08] [SEVERE ] removing tokens from slot 6
[2022-12-11 16:34:08] [SEVERE ] removing tokens from slot 7
[2022-12-11 16:34:08] [SEVERE ] removing tokens from slot 8
[2022-12-11 16:34:08] [SEVERE ] removing tokens from slot 9
[2022-12-11 16:34:08] [SEVERE ] removing tokens from slot 10
[2022-12-11 16:34:08] [SEVERE ] removing tokens from slot 11
[2022-12-11 16:34:08] [SEVERE ] removing card from slot 1
[2022-12-11 16:34:08] [SEVERE ] Key 87 was pressed by player 0
[2022-12-11 16:34:08] [SEVERE ] removing card from slot 2
[2022-12-11 16:34:08] [SEVERE ] Key 69 was pressed by player 0
[2022-12-11 16:34:08] [SEVERE ] removing card from slot 0
[2022-12-11 16:34:08] [SEVERE ] setting player 0 score to 13
[2022-12-11 16:34:08] [SEVERE ] placing card 68 in slot 0
[2022-12-11 16:34:08] [SEVERE ] placing card 5 in slot 1
[2022-12-11 16:34:08] [SEVERE ] placing card 77 in slot 2
[2022-12-11 16:34:08] [INFO   ] Thread dealerstarting.
[2022-12-11 16:34:09] [SEVERE ] Key 81 was pressed by player 0
[2022-12-11 16:34:09] [SEVERE ] player 0 placing token on slot 0
[2022-12-11 16:34:09] [SEVERE ] Key 87 was pressed by player 0
[2022-12-11 16:34:09] [SEVERE ] player 0 placing token on slot 1
[2022-12-11 16:34:09] [SEVERE ] Key 69 was pressed by player 0
[2022-12-11 16:34:09] [SEVERE ] player 0 placing token on slot 2
[2022-12-11 16:34:09] [INFO   ] Thread dealer terminated.
[2022-12-11 16:34:09] [SEVERE ] removing all tokens
[2022-12-11 16:34:09] [SEVERE ] removing tokens from slot 0
[2022-12-11 16:34:09] [SEVERE ] removing tokens from slot 1
[2022-12-11 16:34:09] [SEVERE ] removing tokens from slot 2
[2022-12-11 16:34:09] [SEVERE ] removing tokens from slot 3
[2022-12-11 16:34:09] [SEVERE ] removing tokens from slot 4
[2022-12-11 16:34:09] [SEVERE ] removing tokens from slot 5
[2022-12-11 16:34:09] [SEVERE ] removing tokens from slot 6
[2022-12-11 16:34:09] [SEVERE ] removing tokens from slot 7
[2022-12-11 16:34:09] [SEVERE ] removing tokens from slot 8
[2022-12-11 16:34:09] [SEVERE ] removing tokens from slot 9
[2022-12-11 16:34:09] [SEVERE ] removing tokens from slot 10
[2022-12-11 16:34:09] [SEVERE ] removing tokens from slot 11
[2022-12-11 16:34:09] [SEVERE ] removing card from slot 0
[2022-12-11 16:34:09] [SEVERE ] removing card from slot 1
[2022-12-11 16:34:09] [SEVERE ] removing card from slot 2
[2022-12-11 16:34:09] [SEVERE ] setting player 0 score to 14
[2022-12-11 16:34:09] [SEVERE ] placing card 53 in slot 0
[2022-12-11 16:34:09] [SEVERE ] placing card 76 in slot 1
[2022-12-11 16:34:09] [SEVERE ] placing card 20 in slot 2
[2022-12-11 16:34:09] [INFO   ] Thread dealerstarting.
[2022-12-11 16:34:10] [SEVERE ] Key 81 was pressed by player 0
[2022-12-11 16:34:10] [SEVERE ] player 0 placing token on slot 0
[2022-12-11 16:34:10] [SEVERE ] Key 87 was pressed by player 0
[2022-12-11 16:34:10] [SEVERE ] player 0 placing token on slot 1
[2022-12-11 16:34:10] [SEVERE ] Key 69 was pressed by player 0
[2022-12-11 16:34:10] [SEVERE ] player 0 placing token on slot 2
[2022-12-11 16:34:10] [INFO   ] Thread dealer terminated.
[2022-12-11 16:34:10] [SEVERE ] removing all tokens
[2022-12-11 16:34:10] [SEVERE ] removing tokens from slot 0
[2022-12-11 16:34:10] [SEVERE ] removing tokens from slot 1
[2022-12-11 16:34:10] [SEVERE ] removing tokens from slot 2
[2022-12-11 16:34:10] [SEVERE ] removing tokens from slot 3
[2022-12-11 16:34:10] [SEVERE ] removing tokens from slot 4
[2022-12-11 16:34:10] [SEVERE ] removing tokens from slot 5
[2022-12-11 16:34:10] [SEVERE ] removing tokens from slot 6
[2022-12-11 16:34:10] [SEVERE ] removing tokens from slot 7
[2022-12-11 16:34:10] [SEVERE ] removing tokens from slot 8
[2022-12-11 16:34:10] [SEVERE ] removing tokens from slot 9
[2022-12-11 16:34:10] [SEVERE ] removing tokens from slot 10
[2022-12-11 16:34:10] [SEVERE ] removing tokens from slot 11
[2022-12-11 16:34:10] [SEVERE ] removing card from slot 0
[2022-12-11 16:34:10] [SEVERE ] removing card from slot 1
[2022-12-11 16:34:10] [SEVERE ] removing card from slot 2
[2022-12-11 16:34:10] [SEVERE ] setting player 0 score to 15
[2022-12-11 16:34:10] [SEVERE ] placing card 36 in slot 0
[2022-12-11 16:34:10] [SEVERE ] placing card 54 in slot 1
[2022-12-11 16:34:10] [SEVERE ] placing card 44 in slot 2
[2022-12-11 16:34:10] [INFO   ] Thread dealerstarting.
[2022-12-11 16:34:10] [SEVERE ] Key 81 was pressed by player 0
[2022-12-11 16:34:10] [SEVERE ] player 0 placing token on slot 0
[2022-12-11 16:34:10] [SEVERE ] Key 87 was pressed by player 0
[2022-12-11 16:34:10] [SEVERE ] player 0 placing token on slot 1
[2022-12-11 16:34:11] [SEVERE ] Key 69 was pressed by player 0
[2022-12-11 16:34:11] [SEVERE ] player 0 placing token on slot 2
[2022-12-11 16:34:11] [INFO   ] Thread dealer terminated.
[2022-12-11 16:34:11] [SEVERE ] removing all tokens
[2022-12-11 16:34:11] [SEVERE ] removing tokens from slot 0
[2022-12-11 16:34:11] [SEVERE ] removing tokens from slot 1
[2022-12-11 16:34:11] [SEVERE ] removing tokens from slot 2
[2022-12-11 16:34:11] [SEVERE ] removing tokens from slot 3
[2022-12-11 16:34:11] [SEVERE ] removing tokens from slot 4
[2022-12-11 16:34:11] [SEVERE ] removing tokens from slot 5
[2022-12-11 16:34:11] [SEVERE ] removing tokens from slot 6
[2022-12-11 16:34:11] [SEVERE ] removing tokens from slot 7
[2022-12-11 16:34:11] [SEVERE ] removing tokens from slot 8
[2022-12-11 16:34:11] [SEVERE ] removing tokens from slot 9
[2022-12-11 16:34:11] [SEVERE ] removing tokens from slot 10
[2022-12-11 16:34:11] [SEVERE ] removing tokens from slot 11
[2022-12-11 16:34:11] [SEVERE ] removing card from slot 0
[2022-12-11 16:34:11] [SEVERE ] removing card from slot 1
[2022-12-11 16:34:11] [SEVERE ] removing card from slot 2
[2022-12-11 16:34:11] [SEVERE ] setting player 0 score to 16
[2022-12-11 16:34:11] [SEVERE ] placing card 63 in slot 0
[2022-12-11 16:34:11] [SEVERE ] placing card 34 in slot 1
[2022-12-11 16:34:11] [SEVERE ] placing card 35 in slot 2
[2022-12-11 16:34:11] [INFO   ] Thread dealerstarting.
[2022-12-11 16:34:11] [SEVERE ] Key 81 was pressed by player 0
[2022-12-11 16:34:11] [SEVERE ] player 0 placing token on slot 0
[2022-12-11 16:34:11] [SEVERE ] Key 87 was pressed by player 0
[2022-12-11 16:34:11] [SEVERE ] player 0 placing token on slot 1
[2022-12-11 16:34:11] [SEVERE ] Key 69 was pressed by player 0
[2022-12-11 16:34:11] [SEVERE ] player 0 placing token on slot 2
[2022-12-11 16:34:11] [INFO   ] Thread dealer terminated.
[2022-12-11 16:34:11] [SEVERE ] removing all tokens
[2022-12-11 16:34:11] [SEVERE ] removing tokens from slot 0
[2022-12-11 16:34:11] [SEVERE ] removing tokens from slot 1
[2022-12-11 16:34:11] [SEVERE ] removing tokens from slot 2
[2022-12-11 16:34:11] [SEVERE ] removing tokens from slot 3
[2022-12-11 16:34:11] [SEVERE ] removing tokens from slot 4
[2022-12-11 16:34:11] [SEVERE ] removing tokens from slot 5
[2022-12-11 16:34:11] [SEVERE ] removing tokens from slot 6
[2022-12-11 16:34:11] [SEVERE ] removing tokens from slot 7
[2022-12-11 16:34:11] [SEVERE ] removing tokens from slot 8
[2022-12-11 16:34:11] [SEVERE ] removing tokens from slot 9
[2022-12-11 16:34:11] [SEVERE ] removing tokens from slot 10
[2022-12-11 16:34:11] [SEVERE ] removing tokens from slot 11
[2022-12-11 16:34:11] [SEVERE ] removing card from slot 0
[2022-12-11 16:34:11] [SEVERE ] removing card from slot 1
[2022-12-11 16:34:12] [SEVERE ] removing card from slot 2
[2022-12-11 16:34:12] [SEVERE ] setting player 0 score to 17
[2022-12-11 16:34:12] [SEVERE ] placing card 60 in slot 0
[2022-12-11 16:34:12] [SEVERE ] placing card 28 in slot 1
[2022-12-11 16:34:12] [SEVERE ] placing card 38 in slot 2
[2022-12-11 16:34:12] [INFO   ] Thread dealerstarting.
[2022-12-11 16:34:12] [SEVERE ] Key 81 was pressed by player 0
[2022-12-11 16:34:12] [SEVERE ] player 0 placing token on slot 0
[2022-12-11 16:34:12] [SEVERE ] Key 87 was pressed by player 0
[2022-12-11 16:34:12] [SEVERE ] player 0 placing token on slot 1
[2022-12-11 16:34:12] [SEVERE ] Key 69 was pressed by player 0
[2022-12-11 16:34:12] [SEVERE ] player 0 placing token on slot 2
[2022-12-11 16:34:12] [INFO   ] Thread dealer terminated.
[2022-12-11 16:34:12] [SEVERE ] removing all tokens
[2022-12-11 16:34:12] [SEVERE ] removing tokens from slot 0
[2022-12-11 16:34:12] [SEVERE ] removing tokens from slot 1
[2022-12-11 16:34:12] [SEVERE ] removing tokens from slot 2
[2022-12-11 16:34:12] [SEVERE ] removing tokens from slot 3
[2022-12-11 16:34:12] [SEVERE ] removing tokens from slot 4
[2022-12-11 16:34:12] [SEVERE ] removing tokens from slot 5
[2022-12-11 16:34:12] [SEVERE ] removing tokens from slot 6
[2022-12-11 16:34:12] [SEVERE ] removing tokens from slot 7
[2022-12-11 16:34:12] [SEVERE ] removing tokens from slot 8
[2022-12-11 16:34:12] [SEVERE ] removing tokens from slot 9
[2022-12-11 16:34:12] [SEVERE ] removing tokens from slot 10
[2022-12-11 16:34:12] [SEVERE ] removing tokens from slot 11
[2022-12-11 16:34:12] [SEVERE ] removing card from slot 0
[2022-12-11 16:34:12] [SEVERE ] removing card from slot 1
[2022-12-11 16:34:12] [SEVERE ] removing card from slot 2
[2022-12-11 16:34:12] [SEVERE ] setting player 0 score to 18
[2022-12-11 16:34:12] [SEVERE ] placing card 78 in slot 0
[2022-12-11 16:34:12] [SEVERE ] Key 81 was pressed by player 0
[2022-12-11 16:34:12] [SEVERE ] player 0 placing token on slot 0
[2022-12-11 16:34:13] [SEVERE ] Key 87 was pressed by player 0
[2022-12-11 16:34:13] [SEVERE ] placing card 64 in slot 1
[2022-12-11 16:34:13] [SEVERE ] Key 69 was pressed by player 0
[2022-12-11 16:34:13] [SEVERE ] placing card 72 in slot 2
[2022-12-11 16:34:13] [INFO   ] Thread dealerstarting.
[2022-12-11 16:34:13] [SEVERE ] Key 81 was pressed by player 0
[2022-12-11 16:34:13] [SEVERE ] removing player 0 token from slot 0
[2022-12-11 16:34:13] [SEVERE ] Key 87 was pressed by player 0
[2022-12-11 16:34:13] [SEVERE ] player 0 placing token on slot 1
[2022-12-11 16:34:13] [SEVERE ] Key 69 was pressed by player 0
[2022-12-11 16:34:13] [SEVERE ] player 0 placing token on slot 2
[2022-12-11 16:34:14] [SEVERE ] Key 81 was pressed by player 0
[2022-12-11 16:34:14] [SEVERE ] player 0 placing token on slot 0
[2022-12-11 16:34:14] [INFO   ] Thread dealer terminated.
[2022-12-11 16:34:14] [SEVERE ] removing all tokens
[2022-12-11 16:34:14] [SEVERE ] removing tokens from slot 0
[2022-12-11 16:34:14] [SEVERE ] removing tokens from slot 1
[2022-12-11 16:34:14] [SEVERE ] removing tokens from slot 2
[2022-12-11 16:34:14] [SEVERE ] removing tokens from slot 3
[2022-12-11 16:34:14] [SEVERE ] removing tokens from slot 4
[2022-12-11 16:34:14] [SEVERE ] removing tokens from slot 5
[2022-12-11 16:34:14] [SEVERE ] removing tokens from slot 6
[2022-12-11 16:34:14] [SEVERE ] removing tokens from slot 7
[2022-12-11 16:34:14] [SEVERE ] removing tokens from slot 8
[2022-12-11 16:34:14] [SEVERE ] removing tokens from slot 9
[2022-12-11 16:34:14] [SEVERE ] removing tokens from slot 10
[2022-12-11 16:34:14] [SEVERE ] removing tokens from slot 11
[2022-12-11 16:34:14] [SEVERE ] removing card from slot 1
[2022-12-11 16:34:14] [SEVERE ] Key 87 was pressed by player 0
[2022-12-11 16:34:14] [SEVERE ] removing card from slot 2
[2022-12-11 16:34:14] [SEVERE ] removing card from slot 0
[2022-12-11 16:34:14] [SEVERE ] setting player 0 score to 19
[2022-12-11 16:34:14] [SEVERE ] Key 69 was pressed by player 0
[2022-12-11 16:34:14] [SEVERE ] placing card 12 in slot 0
[2022-12-11 16:34:14] [SEVERE ] placing card 56 in slot 1
[2022-12-11 16:34:14] [SEVERE ] placing card 25 in slot 2
[2022-12-11 16:34:14] [INFO   ] Thread dealerstarting.
[2022-12-11 16:34:15] [SEVERE ] Key 81 was pressed by player 0
[2022-12-11 16:34:15] [SEVERE ] player 0 placing token on slot 0
[2022-12-11 16:34:15] [SEVERE ] Key 87 was pressed by player 0
[2022-12-11 16:34:15] [SEVERE ] player 0 placing token on slot 1
[2022-12-11 16:34:16] [SEVERE ] Key 69 was pressed by player 0
[2022-12-11 16:34:16] [SEVERE ] player 0 placing token on slot 2
[2022-12-11 16:34:16] [INFO   ] Thread dealer terminated.
[2022-12-11 16:34:16] [SEVERE ] removing all tokens
[2022-12-11 16:34:16] [SEVERE ] removing tokens from slot 0
[2022-12-11 16:34:16] [SEVERE ] removing tokens from slot 1
[2022-12-11 16:34:16] [SEVERE ] removing tokens from slot 2
[2022-12-11 16:34:16] [SEVERE ] removing tokens from slot 3
[2022-12-11 16:34:16] [SEVERE ] removing tokens from slot 4
[2022-12-11 16:34:16] [SEVERE ] removing tokens from slot 5
[2022-12-11 16:34:16] [SEVERE ] removing tokens from slot 6
[2022-12-11 16:34:16] [SEVERE ] removing tokens from slot 7
[2022-12-11 16:34:16] [SEVERE ] removing tokens from slot 8
[2022-12-11 16:34:16] [SEVERE ] removing tokens from slot 9
[2022-12-11 16:34:16] [SEVERE ] removing tokens from slot 10
[2022-12-11 16:34:16] [SEVERE ] removing tokens from slot 11
[2022-12-11 16:34:16] [SEVERE ] removing card from slot 0
[2022-12-11 16:34:16] [SEVERE ] removing card from slot 1
[2022-12-11 16:34:16] [SEVERE ] removing card from slot 2
[2022-12-11 16:34:16] [SEVERE ] setting player 0 score to 20
[2022-12-11 16:34:16] [SEVERE ] placing card 17 in slot 0
[2022-12-11 16:34:16] [SEVERE ] placing card 18 in slot 1
[2022-12-11 16:34:16] [SEVERE ] placing card 59 in slot 2
[2022-12-11 16:34:16] [INFO   ] Thread dealerstarting.
[2022-12-11 16:34:17] [SEVERE ] Key 81 was pressed by player 0
[2022-12-11 16:34:17] [SEVERE ] player 0 placing token on slot 0
[2022-12-11 16:34:17] [SEVERE ] Key 87 was pressed by player 0
[2022-12-11 16:34:17] [SEVERE ] player 0 placing token on slot 1
[2022-12-11 16:34:17] [SEVERE ] Key 69 was pressed by player 0
[2022-12-11 16:34:17] [SEVERE ] player 0 placing token on slot 2
[2022-12-11 16:34:17] [INFO   ] Thread dealer terminated.
[2022-12-11 16:34:17] [SEVERE ] removing all tokens
[2022-12-11 16:34:17] [SEVERE ] removing tokens from slot 0
[2022-12-11 16:34:17] [SEVERE ] removing tokens from slot 1
[2022-12-11 16:34:17] [SEVERE ] removing tokens from slot 2
[2022-12-11 16:34:17] [SEVERE ] removing tokens from slot 3
[2022-12-11 16:34:17] [SEVERE ] removing tokens from slot 4
[2022-12-11 16:34:17] [SEVERE ] removing tokens from slot 5
[2022-12-11 16:34:17] [SEVERE ] removing tokens from slot 6
[2022-12-11 16:34:17] [SEVERE ] removing tokens from slot 7
[2022-12-11 16:34:17] [SEVERE ] removing tokens from slot 8
[2022-12-11 16:34:17] [SEVERE ] removing tokens from slot 9
[2022-12-11 16:34:17] [SEVERE ] removing tokens from slot 10
[2022-12-11 16:34:17] [SEVERE ] removing tokens from slot 11
[2022-12-11 16:34:17] [SEVERE ] removing card from slot 0
[2022-12-11 16:34:17] [SEVERE ] removing card from slot 1
[2022-12-11 16:34:17] [SEVERE ] removing card from slot 2
[2022-12-11 16:34:17] [SEVERE ] setting player 0 score to 21
[2022-12-11 16:34:17] [SEVERE ] placing card 16 in slot 0
[2022-12-11 16:34:17] [SEVERE ] placing card 22 in slot 1
[2022-12-11 16:34:17] [SEVERE ] placing card 21 in slot 2
[2022-12-11 16:34:17] [INFO   ] Thread dealerstarting.
[2022-12-11 16:34:18] [SEVERE ] Key 81 was pressed by player 0
[2022-12-11 16:34:18] [SEVERE ] player 0 placing token on slot 0
[2022-12-11 16:34:18] [SEVERE ] Key 87 was pressed by player 0
[2022-12-11 16:34:18] [SEVERE ] player 0 placing token on slot 1
[2022-12-11 16:34:18] [SEVERE ] Key 69 was pressed by player 0
[2022-12-11 16:34:18] [SEVERE ] player 0 placing token on slot 2
[2022-12-11 16:34:18] [INFO   ] Thread dealer terminated.
[2022-12-11 16:34:18] [SEVERE ] removing all tokens
[2022-12-11 16:34:18] [SEVERE ] removing tokens from slot 0
[2022-12-11 16:34:18] [SEVERE ] removing tokens from slot 1
[2022-12-11 16:34:18] [SEVERE ] removing tokens from slot 2
[2022-12-11 16:34:18] [SEVERE ] removing tokens from slot 3
[2022-12-11 16:34:18] [SEVERE ] removing tokens from slot 4
[2022-12-11 16:34:18] [SEVERE ] removing tokens from slot 5
[2022-12-11 16:34:18] [SEVERE ] removing tokens from slot 6
[2022-12-11 16:34:18] [SEVERE ] removing tokens from slot 7
[2022-12-11 16:34:18] [SEVERE ] removing tokens from slot 8
[2022-12-11 16:34:18] [SEVERE ] removing tokens from slot 9
[2022-12-11 16:34:18] [SEVERE ] removing tokens from slot 10
[2022-12-11 16:34:18] [SEVERE ] removing tokens from slot 11
[2022-12-11 16:34:18] [SEVERE ] removing card from slot 0
[2022-12-11 16:34:18] [SEVERE ] removing card from slot 1
[2022-12-11 16:34:18] [SEVERE ] removing card from slot 2
[2022-12-11 16:34:18] [SEVERE ] setting player 0 score to 22
[2022-12-11 16:34:18] [SEVERE ] placing card 24 in slot 0
[2022-12-11 16:34:18] [SEVERE ] placing card 14 in slot 1
[2022-12-11 16:34:18] [SEVERE ] placing card 74 in slot 2
[2022-12-11 16:34:18] [INFO   ] Thread dealerstarting.
[2022-12-11 16:34:19] [SEVERE ] Key 81 was pressed by player 0
[2022-12-11 16:34:19] [SEVERE ] player 0 placing token on slot 0
[2022-12-11 16:34:19] [SEVERE ] Key 87 was pressed by player 0
[2022-12-11 16:34:19] [SEVERE ] player 0 placing token on slot 1
[2022-12-11 16:34:19] [SEVERE ] Key 69 was pressed by player 0
[2022-12-11 16:34:19] [SEVERE ] player 0 placing token on slot 2
[2022-12-11 16:34:19] [INFO   ] Thread dealer terminated.
[2022-12-11 16:34:19] [SEVERE ] removing all tokens
[2022-12-11 16:34:19] [SEVERE ] removing tokens from slot 0
[2022-12-11 16:34:19] [SEVERE ] removing tokens from slot 1
[2022-12-11 16:34:19] [SEVERE ] removing tokens from slot 2
[2022-12-11 16:34:19] [SEVERE ] removing tokens from slot 3
[2022-12-11 16:34:19] [SEVERE ] removing tokens from slot 4
[2022-12-11 16:34:19] [SEVERE ] removing tokens from slot 5
[2022-12-11 16:34:19] [SEVERE ] removing tokens from slot 6
[2022-12-11 16:34:19] [SEVERE ] removing tokens from slot 7
[2022-12-11 16:34:19] [SEVERE ] removing tokens from slot 8
[2022-12-11 16:34:19] [SEVERE ] removing tokens from slot 9
[2022-12-11 16:34:19] [SEVERE ] removing tokens from slot 10
[2022-12-11 16:34:19] [SEVERE ] removing tokens from slot 11
[2022-12-11 16:34:19] [SEVERE ] removing card from slot 0
[2022-12-11 16:34:19] [SEVERE ] removing card from slot 1
[2022-12-11 16:34:19] [SEVERE ] removing card from slot 2
[2022-12-11 16:34:19] [SEVERE ] setting player 0 score to 23
[2022-12-11 16:34:19] [SEVERE ] placing card 43 in slot 0
[2022-12-11 16:34:19] [SEVERE ] placing card 57 in slot 1
[2022-12-11 16:34:19] [SEVERE ] placing card 80 in slot 2
[2022-12-11 16:34:19] [INFO   ] Thread dealerstarting.
[2022-12-11 16:34:20] [SEVERE ] Key 81 was pressed by player 0
[2022-12-11 16:34:20] [SEVERE ] player 0 placing token on slot 0
[2022-12-11 16:34:20] [SEVERE ] Key 87 was pressed by player 0
[2022-12-11 16:34:20] [SEVERE ] player 0 placing token on slot 1
[2022-12-11 16:34:20] [SEVERE ] Key 69 was pressed by player 0
[2022-12-11 16:34:20] [SEVERE ] player 0 placing token on slot 2
[2022-12-11 16:34:20] [INFO   ] Thread dealer terminated.
[2022-12-11 16:34:20] [SEVERE ] removing all tokens
[2022-12-11 16:34:20] [SEVERE ] removing tokens from slot 0
[2022-12-11 16:34:20] [SEVERE ] removing tokens from slot 1
[2022-12-11 16:34:20] [SEVERE ] removing tokens from slot 2
[2022-12-11 16:34:20] [SEVERE ] removing tokens from slot 3
[2022-12-11 16:34:20] [SEVERE ] removing tokens from slot 4
[2022-12-11 16:34:20] [SEVERE ] removing tokens from slot 5
[2022-12-11 16:34:20] [SEVERE ] removing tokens from slot 6
[2022-12-11 16:34:20] [SEVERE ] removing tokens from slot 7
[2022-12-11 16:34:20] [SEVERE ] removing tokens from slot 8
[2022-12-11 16:34:20] [SEVERE ] removing tokens from slot 9
[2022-12-11 16:34:20] [SEVERE ] removing tokens from slot 10
[2022-12-11 16:34:20] [SEVERE ] removing tokens from slot 11
[2022-12-11 16:34:20] [SEVERE ] removing card from slot 0
[2022-12-11 16:34:20] [SEVERE ] removing card from slot 1
[2022-12-11 16:34:20] [SEVERE ] removing card from slot 2
[2022-12-11 16:34:20] [SEVERE ] setting player 0 score to 24
[2022-12-11 16:34:20] [INFO   ] Thread dealerstarting.
[2022-12-11 16:34:21] [SEVERE ] Key 65 was pressed by player 0
[2022-12-11 16:34:21] [SEVERE ] player 0 placing token on slot 4
[2022-12-11 16:34:21] [SEVERE ] Key 83 was pressed by player 0
[2022-12-11 16:34:21] [SEVERE ] player 0 placing token on slot 5
[2022-12-11 16:34:21] [SEVERE ] Key 68 was pressed by player 0
[2022-12-11 16:34:21] [SEVERE ] player 0 placing token on slot 6
[2022-12-11 16:34:21] [INFO   ] Thread dealer terminated.
[2022-12-11 16:34:21] [SEVERE ] removing all tokens
[2022-12-11 16:34:21] [SEVERE ] removing tokens from slot 0
[2022-12-11 16:34:21] [SEVERE ] removing tokens from slot 1
[2022-12-11 16:34:21] [SEVERE ] removing tokens from slot 2
[2022-12-11 16:34:21] [SEVERE ] removing tokens from slot 3
[2022-12-11 16:34:21] [SEVERE ] removing tokens from slot 4
[2022-12-11 16:34:21] [SEVERE ] removing tokens from slot 5
[2022-12-11 16:34:21] [SEVERE ] removing tokens from slot 6
[2022-12-11 16:34:21] [SEVERE ] removing tokens from slot 7
[2022-12-11 16:34:21] [SEVERE ] removing tokens from slot 8
[2022-12-11 16:34:21] [SEVERE ] removing tokens from slot 9
[2022-12-11 16:34:21] [SEVERE ] removing tokens from slot 10
[2022-12-11 16:34:21] [SEVERE ] removing tokens from slot 11
[2022-12-11 16:34:21] [SEVERE ] removing card from slot 4
[2022-12-11 16:34:21] [SEVERE ] removing card from slot 5
[2022-12-11 16:34:21] [SEVERE ] removing card from slot 6
[2022-12-11 16:34:21] [SEVERE ] setting player 0 score to 25
[2022-12-11 16:34:21] [INFO   ] Thread dealerstarting.
[2022-12-11 16:34:23] [SEVERE ] Key 90 was pressed by player 0
[2022-12-11 16:34:23] [SEVERE ] player 0 placing token on slot 8
[2022-12-11 16:34:23] [SEVERE ] Key 88 was pressed by player 0
[2022-12-11 16:34:23] [SEVERE ] player 0 placing token on slot 9
[2022-12-11 16:34:23] [SEVERE ] Key 67 was pressed by player 0
[2022-12-11 16:34:23] [SEVERE ] player 0 placing token on slot 10
[2022-12-11 16:34:23] [INFO   ] Thread dealer terminated.
[2022-12-11 16:34:23] [SEVERE ] removing all tokens
[2022-12-11 16:34:23] [SEVERE ] removing tokens from slot 0
[2022-12-11 16:34:23] [SEVERE ] removing tokens from slot 1
[2022-12-11 16:34:23] [SEVERE ] removing tokens from slot 2
[2022-12-11 16:34:23] [SEVERE ] removing tokens from slot 3
[2022-12-11 16:34:23] [SEVERE ] removing tokens from slot 4
[2022-12-11 16:34:23] [SEVERE ] removing tokens from slot 5
[2022-12-11 16:34:23] [SEVERE ] removing tokens from slot 6
[2022-12-11 16:34:23] [SEVERE ] removing tokens from slot 7
[2022-12-11 16:34:23] [SEVERE ] removing tokens from slot 8
[2022-12-11 16:34:23] [SEVERE ] removing tokens from slot 9
[2022-12-11 16:34:23] [SEVERE ] removing tokens from slot 10
[2022-12-11 16:34:23] [SEVERE ] removing tokens from slot 11
[2022-12-11 16:34:23] [SEVERE ] removing card from slot 8
[2022-12-11 16:34:23] [SEVERE ] removing card from slot 9
[2022-12-11 16:34:23] [SEVERE ] removing card from slot 10
[2022-12-11 16:34:23] [SEVERE ] setting player 0 score to 26
[2022-12-11 16:34:23] [INFO   ] Thread dealerstarting.
[2022-12-11 16:34:24] [SEVERE ] Key 82 was pressed by player 0
[2022-12-11 16:34:24] [SEVERE ] player 0 placing token on slot 3
[2022-12-11 16:34:25] [SEVERE ] Key 70 was pressed by player 0
[2022-12-11 16:34:25] [SEVERE ] player 0 placing token on slot 7
[2022-12-11 16:34:26] [SEVERE ] Key 68 was pressed by player 0
[2022-12-11 16:34:26] [SEVERE ] Key 86 was pressed by player 0
[2022-12-11 16:34:26] [SEVERE ] player 0 placing token on slot 11
[2022-12-11 16:34:26] [INFO   ] Thread dealer terminated.
[2022-12-11 16:34:26] [SEVERE ] removing all tokens
[2022-12-11 16:34:26] [SEVERE ] removing tokens from slot 0
[2022-12-11 16:34:26] [SEVERE ] removing tokens from slot 1
[2022-12-11 16:34:26] [SEVERE ] removing tokens from slot 2
[2022-12-11 16:34:26] [SEVERE ] removing tokens from slot 3
[2022-12-11 16:34:26] [SEVERE ] removing tokens from slot 4
[2022-12-11 16:34:26] [SEVERE ] removing tokens from slot 5
[2022-12-11 16:34:26] [SEVERE ] removing tokens from slot 6
[2022-12-11 16:34:26] [SEVERE ] removing tokens from slot 7
[2022-12-11 16:34:26] [SEVERE ] removing tokens from slot 8
[2022-12-11 16:34:26] [SEVERE ] removing tokens from slot 9
[2022-12-11 16:34:26] [SEVERE ] removing tokens from slot 10
[2022-12-11 16:34:26] [SEVERE ] removing tokens from slot 11
[2022-12-11 16:34:26] [SEVERE ] removing card from slot 3
[2022-12-11 16:34:27] [SEVERE ] removing card from slot 7
[2022-12-11 16:34:27] [SEVERE ] removing card from slot 11
[2022-12-11 16:34:27] [SEVERE ] setting player 0 score to 27
[2022-12-11 16:34:27] [INFO   ] Thread dealerstarting.
[2022-12-11 16:34:28] [SEVERE ] Key 83 was pressed by player 0
[2022-12-11 16:34:28] [SEVERE ] Key 65 was pressed by player 0
[2022-12-11 16:34:28] [SEVERE ] Key 68 was pressed by player 0
[2022-12-11 16:34:29] [SEVERE ] Key 90 was pressed by player 0
[2022-12-11 16:34:29] [SEVERE ] Key 88 was pressed by player 0
[2022-12-11 16:34:30] [SEVERE ] Key 90 was pressed by player 0
[2022-12-11 16:34:30] [SEVERE ] Key 88 was pressed by player 0
[2022-12-11 16:34:30] [SEVERE ] Key 67 was pressed by player 0
[2022-12-11 16:34:30] [SEVERE ] Key 83 was pressed by player 0
[2022-12-11 16:34:30] [SEVERE ] Key 67 was pressed by player 0
[2022-12-11 16:34:30] [SEVERE ] Key 68 was pressed by player 0
[2022-12-11 16:34:30] [SEVERE ] Key 65 was pressed by player 0
[2022-12-11 16:34:35] [SEVERE ] Key 65 was pressed by player 0
[2022-12-11 16:34:35] [SEVERE ] Key 83 was pressed by player 0
[2022-12-11 16:34:35] [SEVERE ] Key 68 was pressed by player 0
[2022-12-11 16:34:36] [SEVERE ] Key 65 was pressed by player 0
[2022-12-11 16:34:36] [SEVERE ] Key 83 was pressed by player 0
[2022-12-11 16:34:36] [SEVERE ] Key 68 was pressed by player 0
[2022-12-11 16:34:37] [SEVERE ] Key 65 was pressed by player 0
[2022-12-11 16:34:37] [SEVERE ] Key 83 was pressed by player 0
[2022-12-11 16:34:38] [SEVERE ] Key 68 was pressed by player 0
