[2022-12-11 19:17:19] [INFO   ] cannot read configuration file config.properties trying from resources.
[2022-12-11 19:17:19] [INFO   ] configuration file was loaded from resources directory.
[2022-12-11 19:17:20] [INFO   ] Thread dealer starting.
[2022-12-11 19:17:20] [SEVERE ] placing card 79 in slot 0
[2022-12-11 19:17:20] [SEVERE ] placing card 72 in slot 1
[2022-12-11 19:17:20] [SEVERE ] placing card 2 in slot 2
[2022-12-11 19:17:21] [SEVERE ] placing card 10 in slot 3
[2022-12-11 19:17:21] [SEVERE ] placing card 76 in slot 4
[2022-12-11 19:17:21] [SEVERE ] placing card 48 in slot 5
[2022-12-11 19:17:21] [SEVERE ] placing card 70 in slot 6
[2022-12-11 19:17:21] [SEVERE ] placing card 22 in slot 7
[2022-12-11 19:17:21] [SEVERE ] placing card 15 in slot 8
[2022-12-11 19:17:21] [SEVERE ] placing card 43 in slot 9
[2022-12-11 19:17:21] [SEVERE ] placing card 57 in slot 10
[2022-12-11 19:17:21] [SEVERE ] placing card 13 in slot 11
[2022-12-11 19:17:21] [INFO   ] Thread Thread-0starting.
[2022-12-11 19:17:21] [INFO   ] Thread Thread-1starting.
[2022-12-11 19:17:28] [SEVERE ] Key 81 was pressed by player 0
[2022-12-11 19:17:28] [SEVERE ] player 0 placing token on slot 0
[2022-12-11 19:17:29] [SEVERE ] Key 87 was pressed by player 0
[2022-12-11 19:17:29] [SEVERE ] player 0 placing token on slot 1
[2022-12-11 19:17:29] [SEVERE ] Key 69 was pressed by player 0
[2022-12-11 19:17:29] [SEVERE ] player 0 placing token on slot 2
[2022-12-11 19:17:29] [SEVERE ] removing all tokens
[2022-12-11 19:17:29] [INFO   ] Thread Thread-0 terminated.
[2022-12-11 19:17:29] [SEVERE ] removing tokens from slot 0
[2022-12-11 19:17:29] [SEVERE ] removing tokens from slot 1
[2022-12-11 19:17:29] [SEVERE ] removing tokens from slot 2
[2022-12-11 19:17:29] [SEVERE ] removing tokens from slot 3
[2022-12-11 19:17:29] [SEVERE ] removing tokens from slot 4
[2022-12-11 19:17:29] [SEVERE ] removing tokens from slot 5
[2022-12-11 19:17:29] [SEVERE ] removing tokens from slot 6
[2022-12-11 19:17:29] [SEVERE ] removing tokens from slot 7
[2022-12-11 19:17:29] [SEVERE ] removing tokens from slot 8
[2022-12-11 19:17:29] [SEVERE ] removing tokens from slot 9
[2022-12-11 19:17:29] [SEVERE ] removing tokens from slot 10
[2022-12-11 19:17:29] [SEVERE ] removing tokens from slot 11
[2022-12-11 19:17:29] [SEVERE ] removing card from slot 0
[2022-12-11 19:17:29] [SEVERE ] removing card from slot 1
[2022-12-11 19:17:29] [SEVERE ] removing card from slot 2
[2022-12-11 19:17:29] [SEVERE ] setting player 0 score to 1
[2022-12-11 19:17:29] [SEVERE ] placing card 1 in slot 0
[2022-12-11 19:17:30] [SEVERE ] placing card 38 in slot 1
[2022-12-11 19:17:30] [SEVERE ] placing card 34 in slot 2
[2022-12-11 19:17:30] [SEVERE ] Key 65 was pressed by player 0
[2022-12-11 19:17:30] [SEVERE ] player 0 placing token on slot 4
[2022-12-11 19:17:30] [SEVERE ] Key 83 was pressed by player 0
[2022-12-11 19:17:30] [SEVERE ] player 0 placing token on slot 5
[2022-12-11 19:17:31] [SEVERE ] Key 68 was pressed by player 0
[2022-12-11 19:17:31] [SEVERE ] player 0 placing token on slot 6
[2022-12-11 19:17:31] [SEVERE ] removing all tokens
[2022-12-11 19:17:31] [SEVERE ] removing tokens from slot 0
[2022-12-11 19:17:31] [SEVERE ] removing tokens from slot 1
[2022-12-11 19:17:31] [SEVERE ] removing tokens from slot 2
[2022-12-11 19:17:31] [SEVERE ] removing tokens from slot 3
[2022-12-11 19:17:31] [SEVERE ] removing tokens from slot 4
[2022-12-11 19:17:31] [SEVERE ] removing tokens from slot 5
[2022-12-11 19:17:31] [SEVERE ] removing tokens from slot 6
[2022-12-11 19:17:31] [SEVERE ] removing tokens from slot 7
[2022-12-11 19:17:31] [SEVERE ] removing tokens from slot 8
[2022-12-11 19:17:31] [SEVERE ] removing tokens from slot 9
[2022-12-11 19:17:31] [SEVERE ] removing tokens from slot 10
[2022-12-11 19:17:31] [SEVERE ] removing tokens from slot 11
[2022-12-11 19:17:31] [SEVERE ] removing card from slot 4
[2022-12-11 19:17:31] [SEVERE ] removing card from slot 5
[2022-12-11 19:17:31] [SEVERE ] removing card from slot 6
[2022-12-11 19:17:31] [SEVERE ] setting player 0 score to 2
[2022-12-11 19:17:31] [SEVERE ] placing card 47 in slot 4
[2022-12-11 19:17:31] [SEVERE ] placing card 41 in slot 5
[2022-12-11 19:17:31] [SEVERE ] placing card 35 in slot 6
[2022-12-11 19:17:34] [SEVERE ] Key 90 was pressed by player 0
[2022-12-11 19:17:34] [SEVERE ] player 0 placing token on slot 8
[2022-12-11 19:17:34] [SEVERE ] Key 88 was pressed by player 0
[2022-12-11 19:17:34] [SEVERE ] player 0 placing token on slot 9
[2022-12-11 19:17:34] [SEVERE ] Key 67 was pressed by player 0
[2022-12-11 19:17:34] [SEVERE ] player 0 placing token on slot 10
[2022-12-11 19:17:34] [SEVERE ] removing all tokens
[2022-12-11 19:17:34] [SEVERE ] removing tokens from slot 0
[2022-12-11 19:17:34] [SEVERE ] removing tokens from slot 1
[2022-12-11 19:17:34] [SEVERE ] removing tokens from slot 2
[2022-12-11 19:17:34] [SEVERE ] removing tokens from slot 3
[2022-12-11 19:17:34] [SEVERE ] removing tokens from slot 4
[2022-12-11 19:17:34] [SEVERE ] removing tokens from slot 5
[2022-12-11 19:17:34] [SEVERE ] removing tokens from slot 6
[2022-12-11 19:17:34] [SEVERE ] removing tokens from slot 7
[2022-12-11 19:17:34] [SEVERE ] removing tokens from slot 8
[2022-12-11 19:17:34] [SEVERE ] removing tokens from slot 9
[2022-12-11 19:17:34] [SEVERE ] removing tokens from slot 10
[2022-12-11 19:17:34] [SEVERE ] removing tokens from slot 11
[2022-12-11 19:17:34] [SEVERE ] removing card from slot 8
[2022-12-11 19:17:34] [SEVERE ] removing card from slot 9
[2022-12-11 19:17:34] [SEVERE ] removing card from slot 10
[2022-12-11 19:17:34] [SEVERE ] setting player 0 score to 3
[2022-12-11 19:17:34] [SEVERE ] placing card 30 in slot 8
[2022-12-11 19:17:34] [SEVERE ] placing card 54 in slot 9
[2022-12-11 19:17:35] [SEVERE ] placing card 37 in slot 10
[2022-12-11 19:17:35] [SEVERE ] Key 65 was pressed by player 0
[2022-12-11 19:17:35] [SEVERE ] player 0 placing token on slot 4
[2022-12-11 19:17:35] [SEVERE ] Key 83 was pressed by player 0
[2022-12-11 19:17:35] [SEVERE ] player 0 placing token on slot 5
[2022-12-11 19:17:35] [SEVERE ] Key 68 was pressed by player 0
[2022-12-11 19:17:35] [SEVERE ] player 0 placing token on slot 6
[2022-12-11 19:17:35] [SEVERE ] removing all tokens
[2022-12-11 19:17:35] [SEVERE ] removing tokens from slot 0
[2022-12-11 19:17:35] [SEVERE ] removing tokens from slot 1
[2022-12-11 19:17:35] [SEVERE ] removing tokens from slot 2
[2022-12-11 19:17:35] [SEVERE ] removing tokens from slot 3
[2022-12-11 19:17:35] [SEVERE ] removing tokens from slot 4
[2022-12-11 19:17:35] [SEVERE ] removing tokens from slot 5
[2022-12-11 19:17:35] [SEVERE ] removing tokens from slot 6
[2022-12-11 19:17:35] [SEVERE ] removing tokens from slot 7
[2022-12-11 19:17:35] [SEVERE ] removing tokens from slot 8
[2022-12-11 19:17:35] [SEVERE ] removing tokens from slot 9
[2022-12-11 19:17:35] [SEVERE ] removing tokens from slot 10
[2022-12-11 19:17:35] [SEVERE ] removing tokens from slot 11
[2022-12-11 19:17:35] [SEVERE ] removing card from slot 4
[2022-12-11 19:17:35] [SEVERE ] removing card from slot 5
[2022-12-11 19:17:36] [SEVERE ] removing card from slot 6
[2022-12-11 19:17:36] [SEVERE ] setting player 0 score to 4
[2022-12-11 19:17:36] [SEVERE ] placing card 42 in slot 4
[2022-12-11 19:17:36] [SEVERE ] placing card 26 in slot 5
[2022-12-11 19:17:36] [SEVERE ] placing card 17 in slot 6
[2022-12-11 19:17:36] [SEVERE ] Key 81 was pressed by player 0
[2022-12-11 19:17:36] [SEVERE ] player 0 placing token on slot 0
[2022-12-11 19:17:36] [SEVERE ] Key 87 was pressed by player 0
[2022-12-11 19:17:36] [SEVERE ] player 0 placing token on slot 1
[2022-12-11 19:17:36] [SEVERE ] Key 69 was pressed by player 0
[2022-12-11 19:17:36] [SEVERE ] player 0 placing token on slot 2
[2022-12-11 19:17:36] [SEVERE ] removing all tokens
[2022-12-11 19:17:36] [SEVERE ] removing tokens from slot 0
[2022-12-11 19:17:36] [SEVERE ] removing tokens from slot 1
[2022-12-11 19:17:36] [SEVERE ] removing tokens from slot 2
[2022-12-11 19:17:36] [SEVERE ] removing tokens from slot 3
[2022-12-11 19:17:36] [SEVERE ] removing tokens from slot 4
[2022-12-11 19:17:36] [SEVERE ] removing tokens from slot 5
[2022-12-11 19:17:36] [SEVERE ] removing tokens from slot 6
[2022-12-11 19:17:36] [SEVERE ] removing tokens from slot 7
[2022-12-11 19:17:36] [SEVERE ] removing tokens from slot 8
[2022-12-11 19:17:36] [SEVERE ] removing tokens from slot 9
[2022-12-11 19:17:36] [SEVERE ] removing tokens from slot 10
[2022-12-11 19:17:36] [SEVERE ] removing tokens from slot 11
[2022-12-11 19:17:36] [SEVERE ] removing card from slot 0
[2022-12-11 19:17:37] [SEVERE ] removing card from slot 1
[2022-12-11 19:17:37] [SEVERE ] removing card from slot 2
[2022-12-11 19:17:37] [SEVERE ] setting player 0 score to 5
[2022-12-11 19:17:37] [SEVERE ] placing card 25 in slot 0
[2022-12-11 19:17:37] [SEVERE ] placing card 63 in slot 1
[2022-12-11 19:17:37] [SEVERE ] placing card 5 in slot 2
[2022-12-11 19:17:38] [SEVERE ] Key 79 was pressed by player 1
[2022-12-11 19:17:38] [SEVERE ] player 1 placing token on slot 2
[2022-12-11 19:17:38] [SEVERE ] Key 73 was pressed by player 1
[2022-12-11 19:17:38] [SEVERE ] player 1 placing token on slot 1
[2022-12-11 19:17:38] [SEVERE ] Key 85 was pressed by player 1
[2022-12-11 19:17:38] [SEVERE ] player 1 placing token on slot 0
[2022-12-11 19:17:38] [SEVERE ] removing all tokens
[2022-12-11 19:17:38] [SEVERE ] removing tokens from slot 0
[2022-12-11 19:17:38] [INFO   ] Thread Thread-1 terminated.
[2022-12-11 19:17:38] [SEVERE ] removing tokens from slot 1
[2022-12-11 19:17:38] [SEVERE ] removing tokens from slot 2
[2022-12-11 19:17:38] [SEVERE ] removing tokens from slot 3
[2022-12-11 19:17:38] [SEVERE ] removing tokens from slot 4
[2022-12-11 19:17:38] [SEVERE ] removing tokens from slot 5
[2022-12-11 19:17:38] [SEVERE ] removing tokens from slot 6
[2022-12-11 19:17:38] [SEVERE ] removing tokens from slot 7
[2022-12-11 19:17:38] [SEVERE ] removing tokens from slot 8
[2022-12-11 19:17:38] [SEVERE ] removing tokens from slot 9
[2022-12-11 19:17:38] [SEVERE ] removing tokens from slot 10
[2022-12-11 19:17:38] [SEVERE ] removing tokens from slot 11
[2022-12-11 19:17:38] [SEVERE ] removing card from slot 2
[2022-12-11 19:17:39] [SEVERE ] removing card from slot 1
[2022-12-11 19:17:39] [SEVERE ] removing card from slot 0
[2022-12-11 19:17:39] [SEVERE ] setting player 1 score to 1
[2022-12-11 19:17:39] [SEVERE ] placing card 66 in slot 0
[2022-12-11 19:17:39] [SEVERE ] placing card 23 in slot 1
[2022-12-11 19:17:39] [SEVERE ] placing card 67 in slot 2
[2022-12-11 19:17:39] [SEVERE ] Key 76 was pressed by player 1
[2022-12-11 19:17:39] [SEVERE ] player 1 placing token on slot 6
[2022-12-11 19:17:40] [SEVERE ] Key 75 was pressed by player 1
[2022-12-11 19:17:40] [SEVERE ] player 1 placing token on slot 5
[2022-12-11 19:17:40] [SEVERE ] Key 74 was pressed by player 1
[2022-12-11 19:17:40] [SEVERE ] player 1 placing token on slot 4
[2022-12-11 19:17:40] [SEVERE ] removing all tokens
[2022-12-11 19:17:40] [SEVERE ] removing tokens from slot 0
[2022-12-11 19:17:40] [SEVERE ] removing tokens from slot 1
[2022-12-11 19:17:40] [SEVERE ] removing tokens from slot 2
[2022-12-11 19:17:40] [SEVERE ] removing tokens from slot 3
[2022-12-11 19:17:40] [SEVERE ] removing tokens from slot 4
[2022-12-11 19:17:40] [SEVERE ] removing tokens from slot 5
[2022-12-11 19:17:40] [SEVERE ] removing tokens from slot 6
[2022-12-11 19:17:40] [SEVERE ] removing tokens from slot 7
[2022-12-11 19:17:40] [SEVERE ] removing tokens from slot 8
[2022-12-11 19:17:40] [SEVERE ] removing tokens from slot 9
[2022-12-11 19:17:40] [SEVERE ] removing tokens from slot 10
[2022-12-11 19:17:40] [SEVERE ] removing tokens from slot 11
[2022-12-11 19:17:40] [SEVERE ] removing card from slot 6
[2022-12-11 19:17:40] [SEVERE ] removing card from slot 5
[2022-12-11 19:17:40] [SEVERE ] removing card from slot 4
[2022-12-11 19:17:40] [SEVERE ] setting player 1 score to 2
[2022-12-11 19:17:40] [SEVERE ] placing card 77 in slot 4
[2022-12-11 19:17:40] [SEVERE ] placing card 55 in slot 5
[2022-12-11 19:17:40] [SEVERE ] placing card 11 in slot 6
[2022-12-11 19:17:40] [SEVERE ] Key 79 was pressed by player 1
[2022-12-11 19:17:40] [SEVERE ] player 1 placing token on slot 2
[2022-12-11 19:17:41] [SEVERE ] Key 85 was pressed by player 1
[2022-12-11 19:17:41] [SEVERE ] player 1 placing token on slot 0
[2022-12-11 19:17:41] [SEVERE ] Key 73 was pressed by player 1
[2022-12-11 19:17:41] [SEVERE ] player 1 placing token on slot 1
[2022-12-11 19:17:41] [SEVERE ] removing all tokens
[2022-12-11 19:17:41] [SEVERE ] removing tokens from slot 0
[2022-12-11 19:17:41] [SEVERE ] removing tokens from slot 1
[2022-12-11 19:17:41] [SEVERE ] removing tokens from slot 2
[2022-12-11 19:17:41] [SEVERE ] removing tokens from slot 3
[2022-12-11 19:17:41] [SEVERE ] removing tokens from slot 4
[2022-12-11 19:17:41] [SEVERE ] removing tokens from slot 5
[2022-12-11 19:17:41] [SEVERE ] removing tokens from slot 6
[2022-12-11 19:17:41] [SEVERE ] removing tokens from slot 7
[2022-12-11 19:17:41] [SEVERE ] removing tokens from slot 8
[2022-12-11 19:17:41] [SEVERE ] removing tokens from slot 9
[2022-12-11 19:17:41] [SEVERE ] removing tokens from slot 10
[2022-12-11 19:17:41] [SEVERE ] removing tokens from slot 11
[2022-12-11 19:17:41] [SEVERE ] removing card from slot 2
[2022-12-11 19:17:41] [SEVERE ] removing card from slot 0
[2022-12-11 19:17:41] [SEVERE ] removing card from slot 1
[2022-12-11 19:17:41] [SEVERE ] setting player 1 score to 3
[2022-12-11 19:17:41] [SEVERE ] placing card 8 in slot 0
[2022-12-11 19:17:41] [SEVERE ] placing card 50 in slot 1
[2022-12-11 19:17:41] [SEVERE ] placing card 9 in slot 2
[2022-12-11 19:17:41] [SEVERE ] Key 76 was pressed by player 1
[2022-12-11 19:17:41] [SEVERE ] player 1 placing token on slot 6
[2022-12-11 19:17:42] [SEVERE ] Key 74 was pressed by player 1
[2022-12-11 19:17:42] [SEVERE ] player 1 placing token on slot 4
[2022-12-11 19:17:42] [SEVERE ] Key 75 was pressed by player 1
[2022-12-11 19:17:42] [SEVERE ] player 1 placing token on slot 5
[2022-12-11 19:17:42] [SEVERE ] removing all tokens
[2022-12-11 19:17:42] [SEVERE ] removing tokens from slot 0
[2022-12-11 19:17:42] [SEVERE ] removing tokens from slot 1
[2022-12-11 19:17:42] [SEVERE ] removing tokens from slot 2
[2022-12-11 19:17:42] [SEVERE ] removing tokens from slot 3
[2022-12-11 19:17:42] [SEVERE ] removing tokens from slot 4
[2022-12-11 19:17:42] [SEVERE ] removing tokens from slot 5
[2022-12-11 19:17:42] [SEVERE ] removing tokens from slot 6
[2022-12-11 19:17:42] [SEVERE ] removing tokens from slot 7
[2022-12-11 19:17:42] [SEVERE ] removing tokens from slot 8
[2022-12-11 19:17:42] [SEVERE ] removing tokens from slot 9
[2022-12-11 19:17:42] [SEVERE ] removing tokens from slot 10
[2022-12-11 19:17:42] [SEVERE ] removing tokens from slot 11
[2022-12-11 19:17:42] [SEVERE ] removing card from slot 6
[2022-12-11 19:17:42] [SEVERE ] removing card from slot 4
[2022-12-11 19:17:42] [SEVERE ] removing card from slot 5
[2022-12-11 19:17:42] [SEVERE ] setting player 1 score to 4
[2022-12-11 19:17:42] [SEVERE ] placing card 28 in slot 4
[2022-12-11 19:17:42] [SEVERE ] Key 44 was pressed by player 1
[2022-12-11 19:17:42] [SEVERE ] player 1 placing token on slot 9
[2022-12-11 19:17:42] [SEVERE ] placing card 46 in slot 5
[2022-12-11 19:17:42] [SEVERE ] Key 77 was pressed by player 1
[2022-12-11 19:17:42] [SEVERE ] player 1 placing token on slot 8
[2022-12-11 19:17:42] [SEVERE ] Key 46 was pressed by player 1
[2022-12-11 19:17:42] [SEVERE ] player 1 placing token on slot 10
[2022-12-11 19:17:42] [SEVERE ] placing card 29 in slot 6
[2022-12-11 19:17:42] [SEVERE ] removing all tokens
[2022-12-11 19:17:42] [SEVERE ] removing tokens from slot 0
[2022-12-11 19:17:42] [SEVERE ] removing tokens from slot 1
[2022-12-11 19:17:42] [SEVERE ] removing tokens from slot 2
[2022-12-11 19:17:42] [SEVERE ] removing tokens from slot 3
[2022-12-11 19:17:42] [SEVERE ] removing tokens from slot 4
[2022-12-11 19:17:42] [SEVERE ] removing tokens from slot 5
[2022-12-11 19:17:42] [SEVERE ] removing tokens from slot 6
[2022-12-11 19:17:42] [SEVERE ] removing tokens from slot 7
[2022-12-11 19:17:42] [SEVERE ] removing tokens from slot 8
[2022-12-11 19:17:42] [SEVERE ] removing tokens from slot 9
[2022-12-11 19:17:42] [SEVERE ] removing tokens from slot 10
[2022-12-11 19:17:42] [SEVERE ] removing tokens from slot 11
[2022-12-11 19:17:42] [SEVERE ] removing card from slot 9
[2022-12-11 19:17:42] [SEVERE ] removing card from slot 8
[2022-12-11 19:17:43] [SEVERE ] removing card from slot 10
[2022-12-11 19:17:43] [SEVERE ] setting player 1 score to 5
[2022-12-11 19:17:43] [SEVERE ] Key 75 was pressed by player 1
[2022-12-11 19:17:43] [SEVERE ] player 1 placing token on slot 5
[2022-12-11 19:17:43] [SEVERE ] Key 73 was pressed by player 1
[2022-12-11 19:17:43] [SEVERE ] player 1 placing token on slot 1
[2022-12-11 19:17:43] [SEVERE ] Key 85 was pressed by player 1
[2022-12-11 19:17:43] [SEVERE ] player 1 placing token on slot 0
[2022-12-11 19:17:43] [SEVERE ] placing card 19 in slot 8
[2022-12-11 19:17:43] [SEVERE ] Key 79 was pressed by player 1
[2022-12-11 19:17:43] [SEVERE ] placing card 58 in slot 9
[2022-12-11 19:17:43] [SEVERE ] Key 76 was pressed by player 1
[2022-12-11 19:17:43] [SEVERE ] placing card 36 in slot 10
[2022-12-11 19:17:43] [SEVERE ] removing all tokens
[2022-12-11 19:17:43] [SEVERE ] removing tokens from slot 0
[2022-12-11 19:17:43] [SEVERE ] removing tokens from slot 1
[2022-12-11 19:17:43] [SEVERE ] removing tokens from slot 2
[2022-12-11 19:17:43] [SEVERE ] removing tokens from slot 3
[2022-12-11 19:17:43] [SEVERE ] removing tokens from slot 4
[2022-12-11 19:17:43] [SEVERE ] removing tokens from slot 5
[2022-12-11 19:17:43] [SEVERE ] removing tokens from slot 6
[2022-12-11 19:17:43] [SEVERE ] removing tokens from slot 7
[2022-12-11 19:17:43] [SEVERE ] removing tokens from slot 8
[2022-12-11 19:17:43] [SEVERE ] removing tokens from slot 9
[2022-12-11 19:17:43] [SEVERE ] removing tokens from slot 10
[2022-12-11 19:17:43] [SEVERE ] removing tokens from slot 11
[2022-12-11 19:17:43] [SEVERE ] Key 73 was pressed by player 1
[2022-12-11 19:17:43] [SEVERE ] player 1 placing token on slot 1
[2022-12-11 19:17:43] [SEVERE ] Key 85 was pressed by player 1
[2022-12-11 19:17:43] [SEVERE ] player 1 placing token on slot 0
[2022-12-11 19:17:43] [SEVERE ] removing card from slot 5
[2022-12-11 19:17:43] [SEVERE ] Key 79 was pressed by player 1
[2022-12-11 19:17:43] [SEVERE ] player 1 placing token on slot 2
[2022-12-11 19:17:43] [SEVERE ] removing card from slot 1
[2022-12-11 19:17:43] [SEVERE ] removing card from slot 0
[2022-12-11 19:17:43] [SEVERE ] setting player 1 score to 6
[2022-12-11 19:17:43] [SEVERE ] Key 73 was pressed by player 1
[2022-12-11 19:17:43] [SEVERE ] Key 85 was pressed by player 1
[2022-12-11 19:17:43] [SEVERE ] placing card 75 in slot 0
[2022-12-11 19:17:43] [SEVERE ] Key 79 was pressed by player 1
[2022-12-11 19:17:43] [SEVERE ] removing player 1 token from slot 2
[2022-12-11 19:17:43] [SEVERE ] placing card 16 in slot 1
[2022-12-11 19:17:44] [SEVERE ] placing card 64 in slot 5
[2022-12-11 19:17:44] [SEVERE ] Key 73 was pressed by player 1
[2022-12-11 19:17:44] [SEVERE ] removing player 1 token from slot 1
[2022-12-11 19:17:44] [SEVERE ] Key 76 was pressed by player 1
[2022-12-11 19:17:44] [SEVERE ] player 1 placing token on slot 6
[2022-12-11 19:17:44] [SEVERE ] Key 75 was pressed by player 1
[2022-12-11 19:17:44] [SEVERE ] player 1 placing token on slot 5
[2022-12-11 19:17:44] [SEVERE ] removing all tokens
[2022-12-11 19:17:44] [SEVERE ] removing tokens from slot 0
[2022-12-11 19:17:44] [SEVERE ] removing tokens from slot 1
[2022-12-11 19:17:44] [SEVERE ] removing tokens from slot 2
[2022-12-11 19:17:44] [SEVERE ] removing tokens from slot 3
[2022-12-11 19:17:44] [SEVERE ] removing tokens from slot 4
[2022-12-11 19:17:44] [SEVERE ] removing tokens from slot 5
[2022-12-11 19:17:44] [SEVERE ] removing tokens from slot 6
[2022-12-11 19:17:44] [SEVERE ] removing tokens from slot 7
[2022-12-11 19:17:44] [SEVERE ] removing tokens from slot 8
[2022-12-11 19:17:44] [SEVERE ] removing tokens from slot 9
[2022-12-11 19:17:44] [SEVERE ] removing tokens from slot 10
[2022-12-11 19:17:44] [SEVERE ] removing tokens from slot 11
[2022-12-11 19:17:44] [SEVERE ] Key 74 was pressed by player 1
[2022-12-11 19:17:44] [SEVERE ] player 1 placing token on slot 4
[2022-12-11 19:17:44] [SEVERE ] removing card from slot 0
[2022-12-11 19:17:44] [SEVERE ] Key 76 was pressed by player 1
[2022-12-11 19:17:44] [SEVERE ] player 1 placing token on slot 6
[2022-12-11 19:17:44] [SEVERE ] removing card from slot 6
[2022-12-11 19:17:44] [SEVERE ] removing card from slot 5
[2022-12-11 19:17:44] [SEVERE ] setting player 1 score to 7
[2022-12-11 19:17:44] [SEVERE ] Key 73 was pressed by player 1
[2022-12-11 19:17:44] [SEVERE ] player 1 placing token on slot 1
[2022-12-11 19:17:44] [SEVERE ] Key 85 was pressed by player 1
[2022-12-11 19:17:44] [SEVERE ] placing card 69 in slot 0
[2022-12-11 19:17:44] [SEVERE ] Key 79 was pressed by player 1
[2022-12-11 19:17:44] [SEVERE ] Key 76 was pressed by player 1
[2022-12-11 19:17:44] [SEVERE ] placing card 44 in slot 5
[2022-12-11 19:17:44] [SEVERE ] placing card 53 in slot 6
[2022-12-11 19:17:44] [SEVERE ] removing all tokens
[2022-12-11 19:17:44] [SEVERE ] removing tokens from slot 0
[2022-12-11 19:17:44] [SEVERE ] removing tokens from slot 1
[2022-12-11 19:17:44] [SEVERE ] Key 73 was pressed by player 1
[2022-12-11 19:17:44] [SEVERE ] removing tokens from slot 2
[2022-12-11 19:17:44] [SEVERE ] removing tokens from slot 3
[2022-12-11 19:17:44] [SEVERE ] removing tokens from slot 4
[2022-12-11 19:17:44] [SEVERE ] removing tokens from slot 5
[2022-12-11 19:17:44] [SEVERE ] removing player 1 token from slot 1
[2022-12-11 19:17:45] [SEVERE ] removing tokens from slot 6
[2022-12-11 19:17:45] [SEVERE ] removing tokens from slot 7
[2022-12-11 19:17:45] [SEVERE ] removing tokens from slot 8
[2022-12-11 19:17:45] [SEVERE ] removing tokens from slot 9
[2022-12-11 19:17:45] [SEVERE ] removing tokens from slot 10
[2022-12-11 19:17:45] [SEVERE ] removing tokens from slot 11
[2022-12-11 19:17:45] [SEVERE ] Key 85 was pressed by player 1
[2022-12-11 19:17:45] [SEVERE ] player 1 placing token on slot 0
[2022-12-11 19:17:45] [SEVERE ] removing card from slot 4
[2022-12-11 19:17:45] [SEVERE ] Key 76 was pressed by player 1
[2022-12-11 19:17:45] [SEVERE ] player 1 placing token on slot 6
[2022-12-11 19:17:45] [SEVERE ] removing card from slot 6
[2022-12-11 19:17:45] [SEVERE ] Key 73 was pressed by player 1
[2022-12-11 19:17:45] [SEVERE ] player 1 placing token on slot 1
[2022-12-11 19:17:45] [SEVERE ] Key 85 was pressed by player 1
[2022-12-11 19:17:45] [SEVERE ] removing player 1 token from slot 0
[2022-12-11 19:17:45] [SEVERE ] removing card from slot 1
[2022-12-11 19:17:45] [SEVERE ] setting player 1 score to 8
[2022-12-11 19:17:45] [SEVERE ] Key 76 was pressed by player 1
[2022-12-11 19:17:45] [SEVERE ] placing card 49 in slot 1
[2022-12-11 19:17:45] [SEVERE ] placing card 27 in slot 4
[2022-12-11 19:17:45] [SEVERE ] Key 73 was pressed by player 1
[2022-12-11 19:17:45] [SEVERE ] removing player 1 token from slot 1
[2022-12-11 19:17:45] [SEVERE ] Key 85 was pressed by player 1
[2022-12-11 19:17:45] [SEVERE ] player 1 placing token on slot 0
[2022-12-11 19:17:45] [SEVERE ] Key 79 was pressed by player 1
[2022-12-11 19:17:45] [SEVERE ] player 1 placing token on slot 2
[2022-12-11 19:17:45] [SEVERE ] Key 76 was pressed by player 1
[2022-12-11 19:17:45] [SEVERE ] placing card 3 in slot 6
[2022-12-11 19:17:45] [SEVERE ] removing all tokens
[2022-12-11 19:17:45] [SEVERE ] removing tokens from slot 0
[2022-12-11 19:17:45] [SEVERE ] removing tokens from slot 1
[2022-12-11 19:17:45] [SEVERE ] removing tokens from slot 2
[2022-12-11 19:17:45] [SEVERE ] removing tokens from slot 3
[2022-12-11 19:17:45] [SEVERE ] removing tokens from slot 4
[2022-12-11 19:17:45] [SEVERE ] removing tokens from slot 5
[2022-12-11 19:17:45] [SEVERE ] removing tokens from slot 6
[2022-12-11 19:17:45] [SEVERE ] removing tokens from slot 7
[2022-12-11 19:17:45] [SEVERE ] removing tokens from slot 8
[2022-12-11 19:17:45] [SEVERE ] removing tokens from slot 9
[2022-12-11 19:17:45] [SEVERE ] removing tokens from slot 10
[2022-12-11 19:17:45] [SEVERE ] removing tokens from slot 11
[2022-12-11 19:17:45] [SEVERE ] removing card from slot 6
[2022-12-11 19:17:45] [SEVERE ] Key 73 was pressed by player 1
[2022-12-11 19:17:45] [SEVERE ] player 1 placing token on slot 1
[2022-12-11 19:17:45] [SEVERE ] Key 79 was pressed by player 1
[2022-12-11 19:17:45] [SEVERE ] player 1 placing token on slot 2
[2022-12-11 19:17:45] [SEVERE ] Key 85 was pressed by player 1
[2022-12-11 19:17:45] [SEVERE ] player 1 placing token on slot 0
[2022-12-11 19:17:45] [SEVERE ] removing card from slot 0
[2022-12-11 19:17:45] [SEVERE ] Key 76 was pressed by player 1
[2022-12-11 19:17:45] [SEVERE ] removing card from slot 2
[2022-12-11 19:17:45] [SEVERE ] setting player 1 score to 9
[2022-12-11 19:17:45] [SEVERE ] Key 85 was pressed by player 1
[2022-12-11 19:17:46] [SEVERE ] Key 73 was pressed by player 1
[2022-12-11 19:17:46] [SEVERE ] removing player 1 token from slot 1
[2022-12-11 19:17:46] [SEVERE ] placing card 52 in slot 0
[2022-12-11 19:17:46] [SEVERE ] Key 76 was pressed by player 1
[2022-12-11 19:17:46] [SEVERE ] placing card 45 in slot 2
[2022-12-11 19:17:46] [SEVERE ] placing card 59 in slot 6
[2022-12-11 19:17:46] [SEVERE ] Key 85 was pressed by player 1
[2022-12-11 19:17:46] [SEVERE ] removing player 1 token from slot 0
[2022-12-11 19:17:46] [SEVERE ] Key 73 was pressed by player 1
[2022-12-11 19:17:46] [SEVERE ] player 1 placing token on slot 1
[2022-12-11 19:17:46] [SEVERE ] Key 79 was pressed by player 1
[2022-12-11 19:17:46] [SEVERE ] removing player 1 token from slot 2
[2022-12-11 19:17:46] [SEVERE ] Key 59 was pressed by player 1
[2022-12-11 19:17:46] [SEVERE ] player 1 placing token on slot 7
[2022-12-11 19:17:46] [SEVERE ] Key 76 was pressed by player 1
[2022-12-11 19:17:46] [SEVERE ] player 1 placing token on slot 6
[2022-12-11 19:17:46] [SEVERE ] removing all tokens
[2022-12-11 19:17:46] [SEVERE ] removing tokens from slot 0
[2022-12-11 19:17:46] [SEVERE ] removing tokens from slot 1
[2022-12-11 19:17:46] [SEVERE ] removing tokens from slot 2
[2022-12-11 19:17:46] [SEVERE ] removing tokens from slot 3
[2022-12-11 19:17:46] [SEVERE ] removing tokens from slot 4
[2022-12-11 19:17:46] [SEVERE ] removing tokens from slot 5
[2022-12-11 19:17:46] [SEVERE ] removing tokens from slot 6
[2022-12-11 19:17:46] [SEVERE ] removing tokens from slot 7
[2022-12-11 19:17:46] [SEVERE ] removing tokens from slot 8
[2022-12-11 19:17:46] [SEVERE ] removing tokens from slot 9
[2022-12-11 19:17:46] [SEVERE ] removing tokens from slot 10
[2022-12-11 19:17:46] [SEVERE ] removing tokens from slot 11
[2022-12-11 19:17:46] [SEVERE ] removing card from slot 1
[2022-12-11 19:17:46] [SEVERE ] removing card from slot 7
[2022-12-11 19:17:46] [SEVERE ] Key 73 was pressed by player 1
[2022-12-11 19:17:46] [SEVERE ] Key 85 was pressed by player 1
[2022-12-11 19:17:46] [SEVERE ] player 1 placing token on slot 0
[2022-12-11 19:17:46] [SEVERE ] Key 79 was pressed by player 1
[2022-12-11 19:17:46] [SEVERE ] player 1 placing token on slot 2
[2022-12-11 19:17:46] [SEVERE ] removing card from slot 6
[2022-12-11 19:17:46] [SEVERE ] setting player 1 score to 10
[2022-12-11 19:17:46] [SEVERE ] Key 76 was pressed by player 1
[2022-12-11 19:17:46] [SEVERE ] Key 74 was pressed by player 1
[2022-12-11 19:17:46] [SEVERE ] player 1 placing token on slot 4
[2022-12-11 19:17:47] [SEVERE ] placing card 0 in slot 1
[2022-12-11 19:17:47] [SEVERE ] placing card 21 in slot 6
[2022-12-11 19:17:47] [SEVERE ] placing card 6 in slot 7
[2022-12-11 19:17:47] [SEVERE ] removing all tokens
[2022-12-11 19:17:47] [SEVERE ] removing tokens from slot 0
[2022-12-11 19:17:47] [SEVERE ] removing tokens from slot 1
[2022-12-11 19:17:47] [SEVERE ] removing tokens from slot 2
[2022-12-11 19:17:47] [SEVERE ] removing tokens from slot 3
[2022-12-11 19:17:47] [SEVERE ] removing tokens from slot 4
[2022-12-11 19:17:47] [SEVERE ] removing tokens from slot 5
[2022-12-11 19:17:47] [SEVERE ] removing tokens from slot 6
[2022-12-11 19:17:47] [SEVERE ] removing tokens from slot 7
[2022-12-11 19:17:47] [SEVERE ] removing tokens from slot 8
[2022-12-11 19:17:47] [SEVERE ] removing tokens from slot 9
[2022-12-11 19:17:47] [SEVERE ] removing tokens from slot 10
[2022-12-11 19:17:47] [SEVERE ] removing tokens from slot 11
[2022-12-11 19:17:47] [SEVERE ] removing card from slot 0
[2022-12-11 19:17:47] [SEVERE ] removing card from slot 2
[2022-12-11 19:17:47] [SEVERE ] removing card from slot 4
[2022-12-11 19:17:47] [SEVERE ] setting player 1 score to 11
[2022-12-11 19:17:47] [SEVERE ] placing card 32 in slot 0
[2022-12-11 19:17:47] [SEVERE ] placing card 4 in slot 2
[2022-12-11 19:17:47] [SEVERE ] placing card 51 in slot 4
[2022-12-11 19:17:48] [SEVERE ] Key 73 was pressed by player 1
[2022-12-11 19:17:48] [SEVERE ] player 1 placing token on slot 1
[2022-12-11 19:17:48] [SEVERE ] Key 85 was pressed by player 1
[2022-12-11 19:17:48] [SEVERE ] player 1 placing token on slot 0
[2022-12-11 19:17:48] [SEVERE ] Key 76 was pressed by player 1
[2022-12-11 19:17:48] [SEVERE ] player 1 placing token on slot 6
[2022-12-11 19:17:48] [SEVERE ] removing all tokens
[2022-12-11 19:17:48] [SEVERE ] removing tokens from slot 0
[2022-12-11 19:17:48] [SEVERE ] removing tokens from slot 1
[2022-12-11 19:17:48] [SEVERE ] removing tokens from slot 2
[2022-12-11 19:17:48] [SEVERE ] removing tokens from slot 3
[2022-12-11 19:17:48] [SEVERE ] removing tokens from slot 4
[2022-12-11 19:17:48] [SEVERE ] removing tokens from slot 5
[2022-12-11 19:17:48] [SEVERE ] removing tokens from slot 6
[2022-12-11 19:17:48] [SEVERE ] removing tokens from slot 7
[2022-12-11 19:17:48] [SEVERE ] removing tokens from slot 8
[2022-12-11 19:17:48] [SEVERE ] removing tokens from slot 9
[2022-12-11 19:17:48] [SEVERE ] removing tokens from slot 10
[2022-12-11 19:17:48] [SEVERE ] removing tokens from slot 11
[2022-12-11 19:17:48] [SEVERE ] removing card from slot 1
[2022-12-11 19:17:48] [SEVERE ] removing card from slot 0
[2022-12-11 19:17:48] [SEVERE ] removing card from slot 6
[2022-12-11 19:17:48] [SEVERE ] setting player 1 score to 12
[2022-12-11 19:17:48] [SEVERE ] placing card 65 in slot 0
[2022-12-11 19:17:48] [SEVERE ] placing card 56 in slot 1
[2022-12-11 19:17:48] [SEVERE ] placing card 20 in slot 6
[2022-12-11 19:17:48] [SEVERE ] Key 85 was pressed by player 1
[2022-12-11 19:17:48] [SEVERE ] player 1 placing token on slot 0
[2022-12-11 19:17:49] [SEVERE ] Key 73 was pressed by player 1
[2022-12-11 19:17:49] [SEVERE ] player 1 placing token on slot 1
[2022-12-11 19:17:49] [SEVERE ] Key 76 was pressed by player 1
[2022-12-11 19:17:49] [SEVERE ] player 1 placing token on slot 6
[2022-12-11 19:17:49] [SEVERE ] removing all tokens
[2022-12-11 19:17:49] [SEVERE ] removing tokens from slot 0
[2022-12-11 19:17:49] [SEVERE ] removing tokens from slot 1
[2022-12-11 19:17:49] [SEVERE ] removing tokens from slot 2
[2022-12-11 19:17:49] [SEVERE ] removing tokens from slot 3
[2022-12-11 19:17:49] [SEVERE ] removing tokens from slot 4
[2022-12-11 19:17:49] [SEVERE ] removing tokens from slot 5
[2022-12-11 19:17:49] [SEVERE ] removing tokens from slot 6
[2022-12-11 19:17:49] [SEVERE ] removing tokens from slot 7
[2022-12-11 19:17:49] [SEVERE ] removing tokens from slot 8
[2022-12-11 19:17:49] [SEVERE ] removing tokens from slot 9
[2022-12-11 19:17:49] [SEVERE ] removing tokens from slot 10
[2022-12-11 19:17:49] [SEVERE ] removing tokens from slot 11
[2022-12-11 19:17:49] [SEVERE ] removing card from slot 0
[2022-12-11 19:17:49] [SEVERE ] removing card from slot 1
[2022-12-11 19:17:49] [SEVERE ] removing card from slot 6
[2022-12-11 19:17:49] [SEVERE ] setting player 1 score to 13
[2022-12-11 19:17:49] [SEVERE ] placing card 31 in slot 0
[2022-12-11 19:17:49] [SEVERE ] placing card 18 in slot 1
[2022-12-11 19:17:49] [SEVERE ] placing card 7 in slot 6
[2022-12-11 19:18:22] [SEVERE ] removing card from slot 0
[2022-12-11 19:18:22] [SEVERE ] removing card from slot 1
[2022-12-11 19:18:22] [SEVERE ] removing card from slot 2
[2022-12-11 19:18:22] [SEVERE ] removing card from slot 3
[2022-12-11 19:18:22] [SEVERE ] removing card from slot 4
[2022-12-11 19:18:22] [SEVERE ] removing card from slot 5
[2022-12-11 19:18:22] [SEVERE ] removing card from slot 6
[2022-12-11 19:18:22] [SEVERE ] removing card from slot 7
[2022-12-11 19:18:22] [SEVERE ] removing card from slot 8
[2022-12-11 19:18:23] [SEVERE ] removing card from slot 9
[2022-12-11 19:18:23] [SEVERE ] removing card from slot 10
[2022-12-11 19:18:23] [SEVERE ] removing card from slot 11
[2022-12-11 19:18:23] [SEVERE ] placing card 80 in slot 0
[2022-12-11 19:18:23] [SEVERE ] placing card 74 in slot 1
[2022-12-11 19:18:23] [SEVERE ] placing card 78 in slot 2
[2022-12-11 19:18:23] [SEVERE ] placing card 44 in slot 3
[2022-12-11 19:18:23] [SEVERE ] placing card 6 in slot 4
[2022-12-11 19:18:23] [SEVERE ] placing card 39 in slot 5
[2022-12-11 19:18:23] [SEVERE ] placing card 31 in slot 6
[2022-12-11 19:18:24] [SEVERE ] placing card 24 in slot 7
[2022-12-11 19:18:24] [SEVERE ] placing card 7 in slot 8
[2022-12-11 19:18:24] [SEVERE ] placing card 61 in slot 9
[2022-12-11 19:18:24] [SEVERE ] placing card 51 in slot 10
[2022-12-11 19:18:24] [SEVERE ] placing card 60 in slot 11
[2022-12-11 19:18:24] [INFO   ] Thread Thread-2starting.
[2022-12-11 19:18:24] [INFO   ] Thread Thread-3starting.
[2022-12-11 19:18:58] [SEVERE ] Key 81 was pressed by player 0
[2022-12-11 19:18:58] [SEVERE ] player 0 placing token on slot 0
[2022-12-11 19:18:58] [SEVERE ] Key 87 was pressed by player 0
[2022-12-11 19:18:58] [SEVERE ] player 0 placing token on slot 1
[2022-12-11 19:18:58] [SEVERE ] Key 69 was pressed by player 0
[2022-12-11 19:18:58] [SEVERE ] player 0 placing token on slot 2
[2022-12-11 19:18:58] [SEVERE ] removing all tokens
[2022-12-11 19:18:58] [INFO   ] Thread Thread-2 terminated.
[2022-12-11 19:18:58] [SEVERE ] removing tokens from slot 0
[2022-12-11 19:18:58] [SEVERE ] removing tokens from slot 1
[2022-12-11 19:18:58] [SEVERE ] removing tokens from slot 2
[2022-12-11 19:18:58] [SEVERE ] removing tokens from slot 3
[2022-12-11 19:18:58] [SEVERE ] removing tokens from slot 4
[2022-12-11 19:18:58] [SEVERE ] removing tokens from slot 5
[2022-12-11 19:18:58] [SEVERE ] removing tokens from slot 6
[2022-12-11 19:18:58] [SEVERE ] removing tokens from slot 7
[2022-12-11 19:18:58] [SEVERE ] removing tokens from slot 8
[2022-12-11 19:18:58] [SEVERE ] removing tokens from slot 9
[2022-12-11 19:18:58] [SEVERE ] removing tokens from slot 10
[2022-12-11 19:18:58] [SEVERE ] removing tokens from slot 11
[2022-12-11 19:18:58] [SEVERE ] removing card from slot 0
[2022-12-11 19:18:58] [SEVERE ] removing card from slot 1
[2022-12-11 19:18:58] [SEVERE ] removing card from slot 2
[2022-12-11 19:18:58] [SEVERE ] setting player 0 score to 6
[2022-12-11 19:18:58] [SEVERE ] placing card 4 in slot 0
[2022-12-11 19:18:59] [SEVERE ] placing card 62 in slot 1
[2022-12-11 19:18:59] [SEVERE ] placing card 10 in slot 2
[2022-12-11 19:19:00] [SEVERE ] Key 79 was pressed by player 1
[2022-12-11 19:19:00] [SEVERE ] player 1 placing token on slot 2
[2022-12-11 19:19:01] [SEVERE ] Key 73 was pressed by player 1
[2022-12-11 19:19:01] [SEVERE ] player 1 placing token on slot 1
[2022-12-11 19:19:01] [SEVERE ] Key 85 was pressed by player 1
[2022-12-11 19:19:01] [SEVERE ] player 1 placing token on slot 0
[2022-12-11 19:19:01] [SEVERE ] removing all tokens
[2022-12-11 19:19:01] [SEVERE ] removing tokens from slot 0
[2022-12-11 19:19:01] [INFO   ] Thread Thread-3 terminated.
[2022-12-11 19:19:01] [SEVERE ] removing tokens from slot 1
[2022-12-11 19:19:01] [SEVERE ] removing tokens from slot 2
[2022-12-11 19:19:01] [SEVERE ] removing tokens from slot 3
[2022-12-11 19:19:01] [SEVERE ] removing tokens from slot 4
[2022-12-11 19:19:01] [SEVERE ] removing tokens from slot 5
[2022-12-11 19:19:01] [SEVERE ] removing tokens from slot 6
[2022-12-11 19:19:01] [SEVERE ] removing tokens from slot 7
[2022-12-11 19:19:01] [SEVERE ] removing tokens from slot 8
[2022-12-11 19:19:01] [SEVERE ] removing tokens from slot 9
[2022-12-11 19:19:01] [SEVERE ] removing tokens from slot 10
[2022-12-11 19:19:01] [SEVERE ] removing tokens from slot 11
[2022-12-11 19:19:01] [SEVERE ] removing card from slot 2
[2022-12-11 19:19:01] [SEVERE ] removing card from slot 1
[2022-12-11 19:19:01] [SEVERE ] removing card from slot 0
[2022-12-11 19:19:01] [SEVERE ] setting player 1 score to 14
[2022-12-11 19:19:01] [SEVERE ] placing card 18 in slot 0
[2022-12-11 19:19:02] [SEVERE ] placing card 33 in slot 1
[2022-12-11 19:19:02] [SEVERE ] placing card 73 in slot 2
[2022-12-11 19:19:03] [SEVERE ] Key 79 was pressed by player 1
[2022-12-11 19:19:03] [SEVERE ] player 1 placing token on slot 2
[2022-12-11 19:19:03] [SEVERE ] Key 73 was pressed by player 1
[2022-12-11 19:19:03] [SEVERE ] player 1 placing token on slot 1
[2022-12-11 19:19:03] [SEVERE ] Key 85 was pressed by player 1
[2022-12-11 19:19:03] [SEVERE ] player 1 placing token on slot 0
[2022-12-11 19:19:03] [SEVERE ] removing all tokens
[2022-12-11 19:19:03] [SEVERE ] removing tokens from slot 0
[2022-12-11 19:19:03] [SEVERE ] removing tokens from slot 1
[2022-12-11 19:19:03] [SEVERE ] removing tokens from slot 2
[2022-12-11 19:19:03] [SEVERE ] removing tokens from slot 3
[2022-12-11 19:19:03] [SEVERE ] removing tokens from slot 4
[2022-12-11 19:19:03] [SEVERE ] removing tokens from slot 5
[2022-12-11 19:19:03] [SEVERE ] removing tokens from slot 6
[2022-12-11 19:19:03] [SEVERE ] removing tokens from slot 7
[2022-12-11 19:19:03] [SEVERE ] removing tokens from slot 8
[2022-12-11 19:19:03] [SEVERE ] removing tokens from slot 9
[2022-12-11 19:19:03] [SEVERE ] removing tokens from slot 10
[2022-12-11 19:19:03] [SEVERE ] removing tokens from slot 11
[2022-12-11 19:19:03] [SEVERE ] removing card from slot 2
[2022-12-11 19:19:03] [SEVERE ] removing card from slot 1
[2022-12-11 19:19:03] [SEVERE ] removing card from slot 0
[2022-12-11 19:19:03] [SEVERE ] setting player 1 score to 15
[2022-12-11 19:19:03] [SEVERE ] placing card 19 in slot 0
[2022-12-11 19:19:03] [SEVERE ] placing card 12 in slot 1
[2022-12-11 19:19:04] [SEVERE ] placing card 58 in slot 2
[2022-12-11 19:19:07] [SEVERE ] Key 85 was pressed by player 1
[2022-12-11 19:19:07] [SEVERE ] player 1 placing token on slot 0
[2022-12-11 19:19:07] [SEVERE ] Key 73 was pressed by player 1
[2022-12-11 19:19:07] [SEVERE ] player 1 placing token on slot 1
[2022-12-11 19:19:07] [SEVERE ] Key 79 was pressed by player 1
[2022-12-11 19:19:07] [SEVERE ] player 1 placing token on slot 2
[2022-12-11 19:19:07] [SEVERE ] removing all tokens
[2022-12-11 19:19:07] [SEVERE ] removing tokens from slot 0
[2022-12-11 19:19:07] [SEVERE ] removing tokens from slot 1
[2022-12-11 19:19:07] [SEVERE ] removing tokens from slot 2
[2022-12-11 19:19:07] [SEVERE ] removing tokens from slot 3
[2022-12-11 19:19:07] [SEVERE ] removing tokens from slot 4
[2022-12-11 19:19:07] [SEVERE ] removing tokens from slot 5
[2022-12-11 19:19:07] [SEVERE ] removing tokens from slot 6
[2022-12-11 19:19:07] [SEVERE ] removing tokens from slot 7
[2022-12-11 19:19:07] [SEVERE ] removing tokens from slot 8
[2022-12-11 19:19:07] [SEVERE ] removing tokens from slot 9
[2022-12-11 19:19:07] [SEVERE ] removing tokens from slot 10
[2022-12-11 19:19:07] [SEVERE ] removing tokens from slot 11
[2022-12-11 19:19:07] [SEVERE ] removing card from slot 0
[2022-12-11 19:19:08] [SEVERE ] removing card from slot 1
[2022-12-11 19:19:08] [SEVERE ] removing card from slot 2
[2022-12-11 19:19:08] [SEVERE ] setting player 1 score to 16
[2022-12-11 19:19:08] [SEVERE ] placing card 36 in slot 0
[2022-12-11 19:19:08] [SEVERE ] placing card 40 in slot 1
[2022-12-11 19:19:08] [SEVERE ] placing card 68 in slot 2
[2022-12-11 19:19:08] [SEVERE ] Key 79 was pressed by player 1
[2022-12-11 19:19:08] [SEVERE ] player 1 placing token on slot 2
[2022-12-11 19:19:09] [SEVERE ] Key 85 was pressed by player 1
[2022-12-11 19:19:09] [SEVERE ] player 1 placing token on slot 0
[2022-12-11 19:19:09] [SEVERE ] Key 73 was pressed by player 1
[2022-12-11 19:19:09] [SEVERE ] player 1 placing token on slot 1
[2022-12-11 19:19:09] [SEVERE ] removing all tokens
[2022-12-11 19:19:09] [SEVERE ] removing tokens from slot 0
[2022-12-11 19:19:09] [SEVERE ] removing tokens from slot 1
[2022-12-11 19:19:09] [SEVERE ] removing tokens from slot 2
[2022-12-11 19:19:09] [SEVERE ] removing tokens from slot 3
[2022-12-11 19:19:09] [SEVERE ] removing tokens from slot 4
[2022-12-11 19:19:09] [SEVERE ] removing tokens from slot 5
[2022-12-11 19:19:09] [SEVERE ] removing tokens from slot 6
[2022-12-11 19:19:09] [SEVERE ] removing tokens from slot 7
[2022-12-11 19:19:09] [SEVERE ] removing tokens from slot 8
[2022-12-11 19:19:09] [SEVERE ] removing tokens from slot 9
[2022-12-11 19:19:09] [SEVERE ] removing tokens from slot 10
[2022-12-11 19:19:09] [SEVERE ] removing tokens from slot 11
[2022-12-11 19:19:10] [SEVERE ] removing card from slot 2
[2022-12-11 19:19:10] [SEVERE ] Key 79 was pressed by player 1
[2022-12-11 19:19:10] [SEVERE ] removing card from slot 0
[2022-12-11 19:19:10] [SEVERE ] removing card from slot 1
[2022-12-11 19:19:10] [SEVERE ] setting player 1 score to 17
[2022-12-11 19:19:10] [SEVERE ] placing card 71 in slot 0
[2022-12-11 19:19:10] [SEVERE ] placing card 14 in slot 1
[2022-12-11 19:19:10] [SEVERE ] placing card 13 in slot 2
[2022-12-11 19:19:10] [SEVERE ] Key 85 was pressed by player 1
[2022-12-11 19:19:10] [SEVERE ] player 1 placing token on slot 0
[2022-12-11 19:19:10] [SEVERE ] Key 73 was pressed by player 1
[2022-12-11 19:19:10] [SEVERE ] player 1 placing token on slot 1
[2022-12-11 19:19:11] [SEVERE ] Key 79 was pressed by player 1
[2022-12-11 19:19:11] [SEVERE ] player 1 placing token on slot 2
[2022-12-11 19:19:11] [SEVERE ] removing all tokens
[2022-12-11 19:19:11] [SEVERE ] removing tokens from slot 0
[2022-12-11 19:19:11] [SEVERE ] removing tokens from slot 1
[2022-12-11 19:19:11] [SEVERE ] removing tokens from slot 2
[2022-12-11 19:19:11] [SEVERE ] removing tokens from slot 3
[2022-12-11 19:19:11] [SEVERE ] removing tokens from slot 4
[2022-12-11 19:19:11] [SEVERE ] removing tokens from slot 5
[2022-12-11 19:19:11] [SEVERE ] removing tokens from slot 6
[2022-12-11 19:19:11] [SEVERE ] removing tokens from slot 7
[2022-12-11 19:19:11] [SEVERE ] removing tokens from slot 8
[2022-12-11 19:19:11] [SEVERE ] removing tokens from slot 9
[2022-12-11 19:19:11] [SEVERE ] removing tokens from slot 10
[2022-12-11 19:19:11] [SEVERE ] removing tokens from slot 11
[2022-12-11 19:19:11] [SEVERE ] removing card from slot 0
[2022-12-11 19:19:11] [SEVERE ] removing card from slot 1
[2022-12-11 19:19:11] [SEVERE ] removing card from slot 2
[2022-12-11 19:19:11] [SEVERE ] setting player 1 score to 18
[2022-12-11 19:19:11] [SEVERE ] Key 85 was pressed by player 1
[2022-12-11 19:19:11] [SEVERE ] Key 73 was pressed by player 1
[2022-12-11 19:19:11] [SEVERE ] Key 79 was pressed by player 1
[2022-12-11 19:19:12] [SEVERE ] Key 75 was pressed by player 1
[2022-12-11 19:19:12] [SEVERE ] player 1 placing token on slot 5
[2022-12-11 19:19:12] [SEVERE ] Key 74 was pressed by player 1
[2022-12-11 19:19:12] [SEVERE ] player 1 placing token on slot 4
[2022-12-11 19:19:12] [SEVERE ] Key 76 was pressed by player 1
[2022-12-11 19:19:12] [SEVERE ] player 1 placing token on slot 6
[2022-12-11 19:19:12] [SEVERE ] removing all tokens
[2022-12-11 19:19:12] [SEVERE ] removing tokens from slot 0
[2022-12-11 19:19:12] [SEVERE ] removing tokens from slot 1
[2022-12-11 19:19:12] [SEVERE ] removing tokens from slot 2
[2022-12-11 19:19:12] [SEVERE ] removing tokens from slot 3
[2022-12-11 19:19:12] [SEVERE ] removing tokens from slot 4
[2022-12-11 19:19:12] [SEVERE ] removing tokens from slot 5
[2022-12-11 19:19:12] [SEVERE ] removing tokens from slot 6
[2022-12-11 19:19:12] [SEVERE ] removing tokens from slot 7
[2022-12-11 19:19:12] [SEVERE ] removing tokens from slot 8
[2022-12-11 19:19:12] [SEVERE ] removing tokens from slot 9
[2022-12-11 19:19:12] [SEVERE ] removing tokens from slot 10
[2022-12-11 19:19:12] [SEVERE ] removing tokens from slot 11
[2022-12-11 19:19:13] [SEVERE ] removing card from slot 5
[2022-12-11 19:19:13] [SEVERE ] removing card from slot 4
[2022-12-11 19:19:13] [SEVERE ] removing card from slot 6
[2022-12-11 19:19:13] [SEVERE ] setting player 1 score to 19
[2022-12-11 19:19:13] [SEVERE ] Key 74 was pressed by player 1
[2022-12-11 19:19:13] [SEVERE ] Key 75 was pressed by player 1
[2022-12-11 19:19:13] [SEVERE ] Key 76 was pressed by player 1
[2022-12-11 19:19:15] [SEVERE ] Key 81 was pressed by player 0
[2022-12-11 19:19:15] [SEVERE ] Key 87 was pressed by player 0
[2022-12-11 19:19:15] [SEVERE ] Key 69 was pressed by player 0
[2022-12-11 19:19:16] [SEVERE ] Key 65 was pressed by player 0
[2022-12-11 19:19:17] [SEVERE ] Key 83 was pressed by player 0
[2022-12-11 19:19:17] [SEVERE ] Key 68 was pressed by player 0
[2022-12-11 19:19:17] [SEVERE ] Key 90 was pressed by player 0
[2022-12-11 19:19:17] [SEVERE ] player 0 placing token on slot 8
[2022-12-11 19:19:17] [SEVERE ] Key 88 was pressed by player 0
[2022-12-11 19:19:17] [SEVERE ] player 0 placing token on slot 9
[2022-12-11 19:19:17] [SEVERE ] Key 67 was pressed by player 0
[2022-12-11 19:19:17] [SEVERE ] player 0 placing token on slot 10
[2022-12-11 19:19:17] [SEVERE ] removing all tokens
[2022-12-11 19:19:17] [SEVERE ] removing tokens from slot 0
[2022-12-11 19:19:17] [SEVERE ] removing tokens from slot 1
[2022-12-11 19:19:17] [SEVERE ] removing tokens from slot 2
[2022-12-11 19:19:17] [SEVERE ] removing tokens from slot 3
[2022-12-11 19:19:17] [SEVERE ] removing tokens from slot 4
[2022-12-11 19:19:17] [SEVERE ] removing tokens from slot 5
[2022-12-11 19:19:17] [SEVERE ] removing tokens from slot 6
[2022-12-11 19:19:17] [SEVERE ] removing tokens from slot 7
[2022-12-11 19:19:17] [SEVERE ] removing tokens from slot 8
[2022-12-11 19:19:17] [SEVERE ] removing tokens from slot 9
[2022-12-11 19:19:17] [SEVERE ] removing tokens from slot 10
[2022-12-11 19:19:17] [SEVERE ] removing tokens from slot 11
[2022-12-11 19:19:18] [SEVERE ] removing card from slot 8
[2022-12-11 19:19:18] [SEVERE ] removing card from slot 9
[2022-12-11 19:19:18] [SEVERE ] removing card from slot 10
[2022-12-11 19:19:18] [SEVERE ] setting player 0 score to 7
[2022-12-11 19:19:19] [SEVERE ] Key 79 was pressed by player 1
[2022-12-11 19:19:20] [SEVERE ] Key 82 was pressed by player 0
[2022-12-11 19:19:20] [SEVERE ] player 0 placing token on slot 3
[2022-12-11 19:19:20] [SEVERE ] Key 70 was pressed by player 0
[2022-12-11 19:19:20] [SEVERE ] player 0 placing token on slot 7
[2022-12-11 19:19:21] [SEVERE ] Key 67 was pressed by player 0
[2022-12-11 19:19:22] [SEVERE ] Key 86 was pressed by player 0
[2022-12-11 19:19:22] [SEVERE ] player 0 placing token on slot 11
[2022-12-11 19:19:22] [SEVERE ] removing all tokens
[2022-12-11 19:19:22] [SEVERE ] removing tokens from slot 0
[2022-12-11 19:19:22] [SEVERE ] removing tokens from slot 1
[2022-12-11 19:19:22] [SEVERE ] removing tokens from slot 2
[2022-12-11 19:19:22] [SEVERE ] removing tokens from slot 3
[2022-12-11 19:19:22] [SEVERE ] removing tokens from slot 4
[2022-12-11 19:19:22] [SEVERE ] removing tokens from slot 5
[2022-12-11 19:19:22] [SEVERE ] removing tokens from slot 6
[2022-12-11 19:19:22] [SEVERE ] removing tokens from slot 7
[2022-12-11 19:19:22] [SEVERE ] removing tokens from slot 8
[2022-12-11 19:19:22] [SEVERE ] removing tokens from slot 9
[2022-12-11 19:19:22] [SEVERE ] removing tokens from slot 10
[2022-12-11 19:19:22] [SEVERE ] removing tokens from slot 11
[2022-12-11 19:19:22] [SEVERE ] removing card from slot 3
[2022-12-11 19:19:22] [SEVERE ] removing card from slot 7
[2022-12-11 19:19:22] [SEVERE ] removing card from slot 11
[2022-12-11 19:19:22] [SEVERE ] setting player 0 score to 8
[2022-12-11 19:19:24] [INFO   ] Thread main terminated.
