[2022-12-11 16:27:32] [INFO   ] cannot read configuration file config.properties trying from resources.
[2022-12-11 16:27:32] [INFO   ] configuration file was loaded from resources directory.
[2022-12-11 16:27:34] [SEVERE ] Key 65 was pressed by player 0
[2022-12-11 16:27:34] [SEVERE ] Key 83 was pressed by player 0
[2022-12-11 16:27:34] [SEVERE ] Key 68 was pressed by player 0
[2022-12-11 16:27:34] [SEVERE ] removing all tokens
[2022-12-11 16:27:34] [SEVERE ] removing tokens from slot 0
[2022-12-11 16:27:34] [SEVERE ] removing tokens from slot 1
[2022-12-11 16:27:34] [SEVERE ] removing tokens from slot 2
[2022-12-11 16:27:34] [SEVERE ] removing tokens from slot 3
[2022-12-11 16:27:34] [SEVERE ] removing tokens from slot 4
[2022-12-11 16:27:34] [SEVERE ] removing tokens from slot 5
[2022-12-11 16:27:34] [SEVERE ] removing tokens from slot 6
[2022-12-11 16:27:34] [SEVERE ] removing tokens from slot 7
[2022-12-11 16:27:34] [SEVERE ] removing tokens from slot 8
[2022-12-11 16:27:34] [SEVERE ] removing tokens from slot 9
[2022-12-11 16:27:34] [SEVERE ] removing tokens from slot 10
[2022-12-11 16:27:34] [SEVERE ] removing tokens from slot 11
[2022-12-11 16:27:35] [SEVERE ] setting player 0 score to 1
[2022-12-11 16:27:35] [SEVERE ] Exit button pressed
