[2022-12-11 19:24:21] [INFO   ] cannot read configuration file config.properties trying from resources.
[2022-12-11 19:24:21] [INFO   ] configuration file was loaded from resources directory.
[2022-12-11 19:24:23] [INFO   ] Thread dealer starting.
[2022-12-11 19:24:23] [SEVERE ] placing card 49 in slot 0
[2022-12-11 19:24:23] [SEVERE ] placing card 25 in slot 1
[2022-12-11 19:24:23] [SEVERE ] placing card 43 in slot 2
[2022-12-11 19:24:23] [SEVERE ] placing card 42 in slot 3
[2022-12-11 19:24:23] [SEVERE ] placing card 57 in slot 4
[2022-12-11 19:24:23] [SEVERE ] placing card 71 in slot 5
[2022-12-11 19:24:24] [SEVERE ] placing card 39 in slot 6
[2022-12-11 19:24:24] [SEVERE ] placing card 55 in slot 7
[2022-12-11 19:24:24] [SEVERE ] placing card 59 in slot 8
[2022-12-11 19:24:24] [SEVERE ] placing card 77 in slot 9
[2022-12-11 19:24:24] [SEVERE ] placing card 1 in slot 10
[2022-12-11 19:24:24] [SEVERE ] placing card 38 in slot 11
[2022-12-11 19:24:24] [INFO   ] Thread Thread-0starting.
[2022-12-11 19:24:32] [INFO   ] Thread Thread-1starting.
[2022-12-11 19:24:41] [SEVERE ] Key 81 was pressed by player 0
[2022-12-11 19:24:41] [SEVERE ] player 0 placing token on slot 0
[2022-12-11 19:24:42] [SEVERE ] Key 87 was pressed by player 0
[2022-12-11 19:24:42] [SEVERE ] player 0 placing token on slot 1
[2022-12-11 19:24:44] [SEVERE ] Key 69 was pressed by player 0
[2022-12-11 19:24:44] [SEVERE ] player 0 placing token on slot 2
[2022-12-11 19:24:44] [SEVERE ] removing all tokens
[2022-12-11 19:24:44] [SEVERE ] removing tokens from slot 0
[2022-12-11 19:27:07] [SEVERE ] removing tokens from slot 1
[2022-12-11 19:27:07] [SEVERE ] removing tokens from slot 2
[2022-12-11 19:27:07] [SEVERE ] removing tokens from slot 3
[2022-12-11 19:27:07] [INFO   ] Thread Thread-0 terminated.
[2022-12-11 19:27:07] [SEVERE ] removing tokens from slot 4
[2022-12-11 19:27:07] [SEVERE ] removing tokens from slot 5
[2022-12-11 19:27:07] [SEVERE ] removing tokens from slot 6
[2022-12-11 19:27:07] [SEVERE ] removing tokens from slot 7
[2022-12-11 19:27:07] [SEVERE ] removing tokens from slot 8
[2022-12-11 19:27:07] [SEVERE ] removing tokens from slot 9
[2022-12-11 19:27:07] [SEVERE ] removing tokens from slot 10
[2022-12-11 19:27:07] [SEVERE ] removing tokens from slot 11
