[2022-12-11 20:37:44] [INFO   ] cannot read configuration file config.properties trying from resources.
[2022-12-11 20:37:44] [INFO   ] configuration file was loaded from resources directory.
[2022-12-11 20:37:45] [INFO   ] Thread dealer starting.
[2022-12-11 20:37:45] [INFO   ] Thread Thread-1starting.
[2022-12-11 20:37:45] [INFO   ] Thread Thread-0starting.
[2022-12-11 20:37:45] [SEVERE ] placing card 17 in slot 0
[2022-12-11 20:37:45] [SEVERE ] placing card 78 in slot 1
[2022-12-11 20:37:46] [SEVERE ] placing card 58 in slot 2
[2022-12-11 20:37:46] [SEVERE ] placing card 41 in slot 3
[2022-12-11 20:37:46] [SEVERE ] placing card 76 in slot 4
[2022-12-11 20:37:46] [SEVERE ] placing card 11 in slot 5
[2022-12-11 20:37:46] [SEVERE ] placing card 16 in slot 6
[2022-12-11 20:37:46] [SEVERE ] placing card 54 in slot 7
[2022-12-11 20:37:46] [SEVERE ] placing card 33 in slot 8
[2022-12-11 20:37:46] [SEVERE ] placing card 79 in slot 9
[2022-12-11 20:37:46] [SEVERE ] placing card 50 in slot 10
[2022-12-11 20:37:46] [SEVERE ] placing card 55 in slot 11
[2022-12-11 20:37:48] [SEVERE ] Key 81 was pressed by player 0
[2022-12-11 20:37:48] [SEVERE ] player 0 placing token on slot 0
[2022-12-11 20:37:48] [SEVERE ] Key 87 was pressed by player 0
[2022-12-11 20:37:48] [SEVERE ] player 0 placing token on slot 1
[2022-12-11 20:37:48] [SEVERE ] Key 69 was pressed by player 0
[2022-12-11 20:37:48] [SEVERE ] player 0 placing token on slot 2
[2022-12-11 20:37:48] [SEVERE ] removing player 0 token from slot 0
[2022-12-11 20:37:48] [SEVERE ] removing player 0 token from slot 1
[2022-12-11 20:37:48] [SEVERE ] removing player 0 token from slot 2
[2022-12-11 20:37:48] [SEVERE ] removing card from slot 0
[2022-12-11 20:37:48] [SEVERE ] removing card from slot 1
[2022-12-11 20:37:48] [SEVERE ] removing card from slot 2
[2022-12-11 20:37:48] [SEVERE ] setting player 0 score to 1
[2022-12-11 20:37:48] [SEVERE ] placing card 69 in slot 0
[2022-12-11 20:37:48] [SEVERE ] placing card 38 in slot 1
[2022-12-11 20:37:48] [SEVERE ] placing card 9 in slot 2
[2022-12-11 20:37:49] [SEVERE ] Key 81 was pressed by player 0
[2022-12-11 20:37:49] [SEVERE ] player 0 placing token on slot 0
[2022-12-11 20:37:49] [SEVERE ] Key 87 was pressed by player 0
[2022-12-11 20:37:49] [SEVERE ] player 0 placing token on slot 1
[2022-12-11 20:37:49] [SEVERE ] Key 69 was pressed by player 0
[2022-12-11 20:37:49] [SEVERE ] player 0 placing token on slot 2
[2022-12-11 20:37:49] [SEVERE ] removing player 0 token from slot 0
[2022-12-11 20:37:49] [SEVERE ] removing player 0 token from slot 1
[2022-12-11 20:37:49] [SEVERE ] removing player 0 token from slot 2
[2022-12-11 20:37:49] [SEVERE ] removing card from slot 0
[2022-12-11 20:37:49] [SEVERE ] removing card from slot 1
[2022-12-11 20:37:49] [SEVERE ] removing card from slot 2
[2022-12-11 20:37:49] [SEVERE ] setting player 0 score to 2
[2022-12-11 20:37:49] [SEVERE ] placing card 34 in slot 0
[2022-12-11 20:37:50] [SEVERE ] placing card 5 in slot 1
[2022-12-11 20:37:50] [SEVERE ] placing card 68 in slot 2
[2022-12-11 20:37:52] [SEVERE ] removing all tokens
[2022-12-11 20:37:52] [SEVERE ] removing tokens from slot 0
[2022-12-11 20:37:52] [SEVERE ] removing tokens from slot 1
[2022-12-11 20:37:52] [SEVERE ] removing tokens from slot 2
[2022-12-11 20:37:52] [SEVERE ] removing tokens from slot 3
[2022-12-11 20:37:52] [SEVERE ] removing tokens from slot 4
[2022-12-11 20:37:52] [SEVERE ] removing tokens from slot 5
[2022-12-11 20:37:52] [SEVERE ] removing tokens from slot 6
[2022-12-11 20:37:52] [SEVERE ] removing tokens from slot 7
[2022-12-11 20:37:52] [SEVERE ] removing tokens from slot 8
[2022-12-11 20:37:52] [SEVERE ] removing tokens from slot 9
[2022-12-11 20:37:52] [SEVERE ] removing tokens from slot 10
[2022-12-11 20:37:52] [SEVERE ] removing tokens from slot 11
[2022-12-11 20:37:53] [SEVERE ] removing card from slot 0
[2022-12-11 20:37:53] [SEVERE ] removing card from slot 1
[2022-12-11 20:37:53] [SEVERE ] removing card from slot 2
[2022-12-11 20:37:53] [SEVERE ] removing card from slot 3
[2022-12-11 20:37:53] [SEVERE ] removing card from slot 4
[2022-12-11 20:37:53] [SEVERE ] removing card from slot 5
[2022-12-11 20:37:53] [SEVERE ] removing card from slot 6
[2022-12-11 20:37:53] [SEVERE ] removing card from slot 7
[2022-12-11 20:37:53] [SEVERE ] removing card from slot 8
[2022-12-11 20:37:54] [SEVERE ] removing card from slot 9
[2022-12-11 20:37:54] [SEVERE ] removing card from slot 10
[2022-12-11 20:37:54] [SEVERE ] removing card from slot 11
[2022-12-11 20:37:54] [SEVERE ] placing card 20 in slot 0
[2022-12-11 20:37:54] [SEVERE ] placing card 31 in slot 1
[2022-12-11 20:37:54] [SEVERE ] placing card 37 in slot 2
[2022-12-11 20:37:54] [SEVERE ] placing card 54 in slot 3
[2022-12-11 20:37:54] [SEVERE ] placing card 13 in slot 4
[2022-12-11 20:37:54] [SEVERE ] placing card 28 in slot 5
[2022-12-11 20:37:55] [SEVERE ] placing card 71 in slot 6
[2022-12-11 20:37:55] [SEVERE ] placing card 40 in slot 7
[2022-12-11 20:37:55] [SEVERE ] placing card 36 in slot 8
[2022-12-11 20:37:55] [SEVERE ] placing card 51 in slot 9
[2022-12-11 20:37:55] [SEVERE ] placing card 29 in slot 10
[2022-12-11 20:37:55] [SEVERE ] placing card 26 in slot 11
[2022-12-11 20:38:01] [SEVERE ] removing all tokens
[2022-12-11 20:38:01] [SEVERE ] removing tokens from slot 0
[2022-12-11 20:38:01] [SEVERE ] removing tokens from slot 1
[2022-12-11 20:38:01] [SEVERE ] removing tokens from slot 2
[2022-12-11 20:38:01] [SEVERE ] removing tokens from slot 3
[2022-12-11 20:38:01] [SEVERE ] removing tokens from slot 4
[2022-12-11 20:38:01] [SEVERE ] removing tokens from slot 5
[2022-12-11 20:38:01] [SEVERE ] removing tokens from slot 6
[2022-12-11 20:38:01] [SEVERE ] removing tokens from slot 7
[2022-12-11 20:38:01] [SEVERE ] removing tokens from slot 8
[2022-12-11 20:38:01] [SEVERE ] removing tokens from slot 9
[2022-12-11 20:38:01] [SEVERE ] removing tokens from slot 10
[2022-12-11 20:38:01] [SEVERE ] removing tokens from slot 11
[2022-12-11 20:38:01] [SEVERE ] removing card from slot 0
[2022-12-11 20:38:01] [SEVERE ] removing card from slot 1
[2022-12-11 20:38:01] [SEVERE ] removing card from slot 2
[2022-12-11 20:38:02] [SEVERE ] removing card from slot 3
[2022-12-11 20:38:02] [SEVERE ] removing card from slot 4
[2022-12-11 20:38:02] [SEVERE ] removing card from slot 5
[2022-12-11 20:38:02] [SEVERE ] removing card from slot 6
[2022-12-11 20:38:02] [SEVERE ] removing card from slot 7
[2022-12-11 20:38:02] [SEVERE ] removing card from slot 8
[2022-12-11 20:38:02] [SEVERE ] removing card from slot 9
[2022-12-11 20:38:02] [SEVERE ] removing card from slot 10
[2022-12-11 20:38:02] [SEVERE ] removing card from slot 11
[2022-12-11 20:38:03] [SEVERE ] placing card 52 in slot 0
[2022-12-11 20:38:03] [SEVERE ] placing card 37 in slot 1
[2022-12-11 20:38:03] [SEVERE ] placing card 34 in slot 2
[2022-12-11 20:38:03] [SEVERE ] placing card 27 in slot 3
[2022-12-11 20:38:03] [SEVERE ] placing card 8 in slot 4
[2022-12-11 20:38:03] [SEVERE ] placing card 35 in slot 5
[2022-12-11 20:38:03] [SEVERE ] placing card 33 in slot 6
[2022-12-11 20:38:03] [SEVERE ] placing card 22 in slot 7
[2022-12-11 20:38:03] [SEVERE ] placing card 40 in slot 8
[2022-12-11 20:38:03] [SEVERE ] placing card 45 in slot 9
[2022-12-11 20:38:04] [SEVERE ] placing card 4 in slot 10
[2022-12-11 20:38:04] [SEVERE ] placing card 12 in slot 11
[2022-12-11 20:38:10] [SEVERE ] removing all tokens
[2022-12-11 20:38:10] [SEVERE ] removing tokens from slot 0
[2022-12-11 20:38:10] [SEVERE ] removing tokens from slot 1
[2022-12-11 20:38:10] [SEVERE ] removing tokens from slot 2
[2022-12-11 20:38:10] [SEVERE ] removing tokens from slot 3
[2022-12-11 20:38:10] [SEVERE ] removing tokens from slot 4
[2022-12-11 20:38:10] [SEVERE ] removing tokens from slot 5
[2022-12-11 20:38:10] [SEVERE ] removing tokens from slot 6
[2022-12-11 20:38:10] [SEVERE ] removing tokens from slot 7
[2022-12-11 20:38:10] [SEVERE ] removing tokens from slot 8
[2022-12-11 20:38:10] [SEVERE ] removing tokens from slot 9
[2022-12-11 20:38:10] [SEVERE ] removing tokens from slot 10
[2022-12-11 20:38:10] [SEVERE ] removing tokens from slot 11
[2022-12-11 20:38:10] [SEVERE ] removing card from slot 0
[2022-12-11 20:38:10] [SEVERE ] removing card from slot 1
[2022-12-11 20:38:10] [SEVERE ] removing card from slot 2
[2022-12-11 20:38:10] [SEVERE ] removing card from slot 3
[2022-12-11 20:38:10] [SEVERE ] removing card from slot 4
[2022-12-11 20:38:10] [SEVERE ] removing card from slot 5
[2022-12-11 20:38:10] [SEVERE ] removing card from slot 6
[2022-12-11 20:38:11] [SEVERE ] removing card from slot 7
[2022-12-11 20:38:11] [SEVERE ] removing card from slot 8
[2022-12-11 20:38:11] [SEVERE ] removing card from slot 9
[2022-12-11 20:38:11] [SEVERE ] removing card from slot 10
[2022-12-11 20:38:11] [SEVERE ] removing card from slot 11
[2022-12-11 20:38:11] [SEVERE ] placing card 40 in slot 0
[2022-12-11 20:38:11] [SEVERE ] placing card 30 in slot 1
[2022-12-11 20:38:11] [SEVERE ] placing card 44 in slot 2
[2022-12-11 20:38:11] [SEVERE ] placing card 76 in slot 3
[2022-12-11 20:38:12] [SEVERE ] placing card 51 in slot 4
[2022-12-11 20:38:12] [SEVERE ] placing card 4 in slot 5
[2022-12-11 20:38:12] [SEVERE ] placing card 37 in slot 6
[2022-12-11 20:38:12] [SEVERE ] placing card 60 in slot 7
[2022-12-11 20:38:12] [SEVERE ] placing card 67 in slot 8
[2022-12-11 20:38:12] [SEVERE ] placing card 33 in slot 9
[2022-12-11 20:38:12] [SEVERE ] placing card 32 in slot 10
[2022-12-11 20:38:12] [SEVERE ] placing card 15 in slot 11
[2022-12-11 20:38:18] [SEVERE ] removing all tokens
[2022-12-11 20:38:18] [SEVERE ] removing tokens from slot 0
[2022-12-11 20:38:18] [SEVERE ] removing tokens from slot 1
[2022-12-11 20:38:18] [SEVERE ] removing tokens from slot 2
[2022-12-11 20:38:18] [SEVERE ] removing tokens from slot 3
[2022-12-11 20:38:18] [SEVERE ] removing tokens from slot 4
[2022-12-11 20:38:18] [SEVERE ] removing tokens from slot 5
[2022-12-11 20:38:18] [SEVERE ] removing tokens from slot 6
[2022-12-11 20:38:18] [SEVERE ] removing tokens from slot 7
[2022-12-11 20:38:18] [SEVERE ] removing tokens from slot 8
[2022-12-11 20:38:18] [SEVERE ] removing tokens from slot 9
[2022-12-11 20:38:18] [SEVERE ] removing tokens from slot 10
[2022-12-11 20:38:18] [SEVERE ] removing tokens from slot 11
[2022-12-11 20:38:18] [SEVERE ] removing card from slot 0
[2022-12-11 20:38:19] [SEVERE ] removing card from slot 1
[2022-12-11 20:38:19] [SEVERE ] removing card from slot 2
[2022-12-11 20:38:19] [SEVERE ] removing card from slot 3
[2022-12-11 20:38:19] [SEVERE ] removing card from slot 4
[2022-12-11 20:38:19] [SEVERE ] removing card from slot 5
[2022-12-11 20:38:19] [SEVERE ] removing card from slot 6
[2022-12-11 20:38:19] [SEVERE ] removing card from slot 7
[2022-12-11 20:38:19] [SEVERE ] removing card from slot 8
[2022-12-11 20:38:19] [SEVERE ] removing card from slot 9
[2022-12-11 20:38:19] [SEVERE ] removing card from slot 10
[2022-12-11 20:38:20] [SEVERE ] removing card from slot 11
[2022-12-11 20:38:20] [SEVERE ] placing card 70 in slot 0
[2022-12-11 20:38:20] [SEVERE ] placing card 1 in slot 1
[2022-12-11 20:38:20] [SEVERE ] placing card 50 in slot 2
[2022-12-11 20:38:20] [SEVERE ] placing card 25 in slot 3
[2022-12-11 20:38:20] [SEVERE ] placing card 59 in slot 4
[2022-12-11 20:38:20] [SEVERE ] placing card 8 in slot 5
[2022-12-11 20:38:20] [SEVERE ] placing card 5 in slot 6
[2022-12-11 20:38:20] [SEVERE ] placing card 73 in slot 7
[2022-12-11 20:38:21] [SEVERE ] placing card 16 in slot 8
[2022-12-11 20:38:21] [SEVERE ] placing card 49 in slot 9
[2022-12-11 20:38:21] [SEVERE ] placing card 22 in slot 10
[2022-12-11 20:38:21] [SEVERE ] placing card 32 in slot 11
[2022-12-11 20:38:27] [SEVERE ] removing all tokens
[2022-12-11 20:38:27] [SEVERE ] removing tokens from slot 0
[2022-12-11 20:38:27] [SEVERE ] removing tokens from slot 1
[2022-12-11 20:38:27] [SEVERE ] removing tokens from slot 2
[2022-12-11 20:38:27] [SEVERE ] removing tokens from slot 3
[2022-12-11 20:38:27] [SEVERE ] removing tokens from slot 4
[2022-12-11 20:38:27] [SEVERE ] removing tokens from slot 5
[2022-12-11 20:38:27] [SEVERE ] removing tokens from slot 6
[2022-12-11 20:38:27] [SEVERE ] removing tokens from slot 7
[2022-12-11 20:38:27] [SEVERE ] removing tokens from slot 8
[2022-12-11 20:38:27] [SEVERE ] removing tokens from slot 9
[2022-12-11 20:38:27] [SEVERE ] removing tokens from slot 10
[2022-12-11 20:38:27] [SEVERE ] removing tokens from slot 11
[2022-12-11 20:38:27] [SEVERE ] removing card from slot 0
[2022-12-11 20:38:27] [SEVERE ] removing card from slot 1
[2022-12-11 20:38:27] [SEVERE ] removing card from slot 2
[2022-12-11 20:38:27] [SEVERE ] removing card from slot 3
[2022-12-11 20:38:27] [SEVERE ] removing card from slot 4
[2022-12-11 20:38:28] [SEVERE ] removing card from slot 5
[2022-12-11 20:38:28] [SEVERE ] removing card from slot 6
[2022-12-11 20:38:28] [SEVERE ] removing card from slot 7
[2022-12-11 20:38:28] [SEVERE ] removing card from slot 8
[2022-12-11 20:38:28] [SEVERE ] removing card from slot 9
[2022-12-11 20:38:28] [SEVERE ] removing card from slot 10
[2022-12-11 20:38:28] [SEVERE ] removing card from slot 11
[2022-12-11 20:38:28] [SEVERE ] placing card 50 in slot 0
[2022-12-11 20:38:28] [SEVERE ] placing card 68 in slot 1
[2022-12-11 20:38:29] [SEVERE ] placing card 0 in slot 2
[2022-12-11 20:38:29] [SEVERE ] placing card 27 in slot 3
[2022-12-11 20:38:29] [SEVERE ] placing card 18 in slot 4
[2022-12-11 20:38:29] [SEVERE ] placing card 21 in slot 5
[2022-12-11 20:38:29] [SEVERE ] placing card 15 in slot 6
[2022-12-11 20:38:29] [SEVERE ] placing card 22 in slot 7
[2022-12-11 20:38:29] [SEVERE ] placing card 24 in slot 8
[2022-12-11 20:38:29] [SEVERE ] placing card 71 in slot 9
[2022-12-11 20:38:29] [SEVERE ] placing card 25 in slot 10
[2022-12-11 20:38:29] [SEVERE ] placing card 10 in slot 11
[2022-12-11 20:38:35] [SEVERE ] removing all tokens
[2022-12-11 20:38:35] [SEVERE ] removing tokens from slot 0
[2022-12-11 20:38:35] [SEVERE ] removing tokens from slot 1
[2022-12-11 20:38:35] [SEVERE ] removing tokens from slot 2
[2022-12-11 20:38:35] [SEVERE ] removing tokens from slot 3
[2022-12-11 20:38:35] [SEVERE ] removing tokens from slot 4
[2022-12-11 20:38:35] [SEVERE ] removing tokens from slot 5
[2022-12-11 20:38:35] [SEVERE ] removing tokens from slot 6
[2022-12-11 20:38:35] [SEVERE ] removing tokens from slot 7
[2022-12-11 20:38:35] [SEVERE ] removing tokens from slot 8
[2022-12-11 20:38:35] [SEVERE ] removing tokens from slot 9
[2022-12-11 20:38:35] [SEVERE ] removing tokens from slot 10
[2022-12-11 20:38:35] [SEVERE ] removing tokens from slot 11
[2022-12-11 20:38:36] [SEVERE ] removing card from slot 0
[2022-12-11 20:38:36] [SEVERE ] removing card from slot 1
[2022-12-11 20:38:36] [SEVERE ] removing card from slot 2
[2022-12-11 20:38:36] [SEVERE ] removing card from slot 3
[2022-12-11 20:38:36] [SEVERE ] removing card from slot 4
[2022-12-11 20:38:36] [SEVERE ] removing card from slot 5
[2022-12-11 20:38:36] [SEVERE ] removing card from slot 6
[2022-12-11 20:38:36] [SEVERE ] removing card from slot 7
[2022-12-11 20:38:36] [SEVERE ] removing card from slot 8
[2022-12-11 20:38:37] [SEVERE ] removing card from slot 9
[2022-12-11 20:38:37] [SEVERE ] removing card from slot 10
[2022-12-11 20:38:37] [SEVERE ] removing card from slot 11
[2022-12-11 20:38:37] [SEVERE ] placing card 29 in slot 0
[2022-12-11 20:38:37] [SEVERE ] placing card 42 in slot 1
[2022-12-11 20:38:37] [SEVERE ] placing card 53 in slot 2
[2022-12-11 20:38:37] [SEVERE ] placing card 67 in slot 3
[2022-12-11 20:38:37] [SEVERE ] placing card 24 in slot 4
[2022-12-11 20:38:37] [SEVERE ] placing card 33 in slot 5
[2022-12-11 20:38:38] [SEVERE ] placing card 54 in slot 6
[2022-12-11 20:38:38] [SEVERE ] placing card 60 in slot 7
[2022-12-11 20:38:38] [SEVERE ] placing card 4 in slot 8
[2022-12-11 20:38:38] [SEVERE ] placing card 16 in slot 9
[2022-12-11 20:38:38] [SEVERE ] placing card 72 in slot 10
[2022-12-11 20:38:38] [SEVERE ] placing card 57 in slot 11
