[2022-12-11 21:46:24] [INFO   ] cannot read configuration file config.properties trying from resources.
[2022-12-11 21:46:24] [INFO   ] configuration file was loaded from resources directory.
[2022-12-11 21:46:25] [INFO   ] Thread dealer starting.
[2022-12-11 21:46:25] [INFO   ] Thread Thread-0starting.
[2022-12-11 21:46:25] [INFO   ] Thread Thread-1starting.
[2022-12-11 21:46:25] [SEVERE ] placing card 23 in slot 0
[2022-12-11 21:46:25] [SEVERE ] placing card 39 in slot 1
[2022-12-11 21:46:25] [SEVERE ] placing card 72 in slot 2
[2022-12-11 21:46:25] [SEVERE ] placing card 54 in slot 3
[2022-12-11 21:46:25] [SEVERE ] placing card 31 in slot 4
[2022-12-11 21:46:26] [SEVERE ] placing card 19 in slot 5
[2022-12-11 21:46:26] [SEVERE ] placing card 25 in slot 6
[2022-12-11 21:46:26] [SEVERE ] placing card 20 in slot 7
[2022-12-11 21:46:26] [SEVERE ] placing card 63 in slot 8
[2022-12-11 21:46:26] [SEVERE ] placing card 58 in slot 9
[2022-12-11 21:46:26] [SEVERE ] placing card 30 in slot 10
[2022-12-11 21:46:26] [SEVERE ] placing card 34 in slot 11
[2022-12-11 21:46:32] [SEVERE ] removing all tokens
[2022-12-11 21:46:32] [SEVERE ] removing tokens from slot 0
[2022-12-11 21:46:32] [SEVERE ] removing tokens from slot 1
[2022-12-11 21:46:32] [SEVERE ] removing tokens from slot 2
[2022-12-11 21:46:32] [SEVERE ] removing tokens from slot 3
[2022-12-11 21:46:32] [SEVERE ] removing tokens from slot 4
[2022-12-11 21:46:32] [SEVERE ] removing tokens from slot 5
[2022-12-11 21:46:32] [SEVERE ] removing tokens from slot 6
[2022-12-11 21:46:32] [SEVERE ] removing tokens from slot 7
[2022-12-11 21:46:32] [SEVERE ] removing tokens from slot 8
[2022-12-11 21:46:32] [SEVERE ] removing tokens from slot 9
[2022-12-11 21:46:32] [SEVERE ] removing tokens from slot 10
[2022-12-11 21:46:32] [SEVERE ] removing tokens from slot 11
[2022-12-11 21:46:32] [SEVERE ] removing card from slot 0
[2022-12-11 21:46:32] [SEVERE ] removing card from slot 1
[2022-12-11 21:46:32] [SEVERE ] removing card from slot 2
[2022-12-11 21:46:33] [SEVERE ] removing card from slot 3
[2022-12-11 21:46:33] [SEVERE ] removing card from slot 4
[2022-12-11 21:46:33] [SEVERE ] removing card from slot 5
[2022-12-11 21:46:33] [SEVERE ] removing card from slot 6
[2022-12-11 21:46:33] [SEVERE ] removing card from slot 7
[2022-12-11 21:46:33] [SEVERE ] removing card from slot 8
[2022-12-11 21:46:33] [SEVERE ] removing card from slot 9
[2022-12-11 21:46:33] [SEVERE ] removing card from slot 10
[2022-12-11 21:46:33] [SEVERE ] removing card from slot 11
[2022-12-11 21:46:34] [SEVERE ] placing card 37 in slot 0
[2022-12-11 21:46:34] [SEVERE ] placing card 80 in slot 1
[2022-12-11 21:46:34] [SEVERE ] placing card 57 in slot 2
[2022-12-11 21:46:34] [SEVERE ] placing card 5 in slot 3
[2022-12-11 21:46:34] [SEVERE ] placing card 32 in slot 4
[2022-12-11 21:46:34] [SEVERE ] placing card 22 in slot 5
[2022-12-11 21:46:34] [SEVERE ] placing card 49 in slot 6
[2022-12-11 21:46:34] [SEVERE ] placing card 63 in slot 7
[2022-12-11 21:46:34] [SEVERE ] placing card 15 in slot 8
[2022-12-11 21:46:35] [SEVERE ] placing card 31 in slot 9
[2022-12-11 21:46:35] [SEVERE ] placing card 30 in slot 10
[2022-12-11 21:46:35] [SEVERE ] placing card 35 in slot 11
[2022-12-11 21:46:41] [SEVERE ] removing all tokens
[2022-12-11 21:46:41] [SEVERE ] removing tokens from slot 0
[2022-12-11 21:46:41] [SEVERE ] removing tokens from slot 1
[2022-12-11 21:46:41] [SEVERE ] removing tokens from slot 2
[2022-12-11 21:46:41] [SEVERE ] removing tokens from slot 3
[2022-12-11 21:46:41] [SEVERE ] removing tokens from slot 4
[2022-12-11 21:46:41] [SEVERE ] removing tokens from slot 5
[2022-12-11 21:46:41] [SEVERE ] removing tokens from slot 6
[2022-12-11 21:46:41] [SEVERE ] removing tokens from slot 7
[2022-12-11 21:46:41] [SEVERE ] removing tokens from slot 8
[2022-12-11 21:46:41] [SEVERE ] removing tokens from slot 9
[2022-12-11 21:46:41] [SEVERE ] removing tokens from slot 10
[2022-12-11 21:46:41] [SEVERE ] removing tokens from slot 11
[2022-12-11 21:46:41] [SEVERE ] removing card from slot 0
[2022-12-11 21:46:41] [SEVERE ] removing card from slot 1
[2022-12-11 21:46:41] [SEVERE ] removing card from slot 2
[2022-12-11 21:46:41] [SEVERE ] removing card from slot 3
[2022-12-11 21:46:41] [SEVERE ] removing card from slot 4
[2022-12-11 21:46:41] [SEVERE ] removing card from slot 5
[2022-12-11 21:46:42] [SEVERE ] removing card from slot 6
[2022-12-11 21:46:42] [SEVERE ] removing card from slot 7
[2022-12-11 21:46:42] [SEVERE ] removing card from slot 8
[2022-12-11 21:46:42] [SEVERE ] removing card from slot 9
[2022-12-11 21:46:42] [SEVERE ] removing card from slot 10
[2022-12-11 21:46:42] [SEVERE ] removing card from slot 11
[2022-12-11 21:46:42] [SEVERE ] placing card 8 in slot 0
[2022-12-11 21:46:42] [SEVERE ] placing card 39 in slot 1
[2022-12-11 21:46:42] [SEVERE ] placing card 59 in slot 2
[2022-12-11 21:46:43] [SEVERE ] placing card 32 in slot 3
[2022-12-11 21:46:43] [SEVERE ] placing card 18 in slot 4
[2022-12-11 21:46:43] [SEVERE ] placing card 52 in slot 5
[2022-12-11 21:46:43] [SEVERE ] placing card 71 in slot 6
[2022-12-11 21:46:43] [SEVERE ] placing card 60 in slot 7
[2022-12-11 21:46:43] [SEVERE ] placing card 15 in slot 8
[2022-12-11 21:46:43] [SEVERE ] placing card 5 in slot 9
[2022-12-11 21:46:43] [SEVERE ] placing card 0 in slot 10
[2022-12-11 21:46:43] [SEVERE ] placing card 23 in slot 11
[2022-12-11 21:46:49] [SEVERE ] removing all tokens
[2022-12-11 21:46:49] [SEVERE ] removing tokens from slot 0
[2022-12-11 21:46:49] [SEVERE ] removing tokens from slot 1
[2022-12-11 21:46:49] [SEVERE ] removing tokens from slot 2
[2022-12-11 21:46:49] [SEVERE ] removing tokens from slot 3
[2022-12-11 21:46:49] [SEVERE ] removing tokens from slot 4
[2022-12-11 21:46:49] [SEVERE ] removing tokens from slot 5
[2022-12-11 21:46:49] [SEVERE ] removing tokens from slot 6
[2022-12-11 21:46:49] [SEVERE ] removing tokens from slot 7
[2022-12-11 21:46:49] [SEVERE ] removing tokens from slot 8
[2022-12-11 21:46:49] [SEVERE ] removing tokens from slot 9
[2022-12-11 21:46:49] [SEVERE ] removing tokens from slot 10
[2022-12-11 21:46:49] [SEVERE ] removing tokens from slot 11
[2022-12-11 21:46:49] [SEVERE ] removing card from slot 0
[2022-12-11 21:46:50] [SEVERE ] removing card from slot 1
[2022-12-11 21:46:50] [SEVERE ] removing card from slot 2
[2022-12-11 21:46:50] [SEVERE ] removing card from slot 3
[2022-12-11 21:46:50] [SEVERE ] removing card from slot 4
[2022-12-11 21:46:50] [SEVERE ] removing card from slot 5
[2022-12-11 21:46:50] [SEVERE ] removing card from slot 6
[2022-12-11 21:46:50] [SEVERE ] removing card from slot 7
[2022-12-11 21:46:50] [SEVERE ] removing card from slot 8
[2022-12-11 21:46:50] [SEVERE ] removing card from slot 9
[2022-12-11 21:46:51] [SEVERE ] removing card from slot 10
[2022-12-11 21:46:51] [SEVERE ] removing card from slot 11
[2022-12-11 21:46:51] [SEVERE ] placing card 66 in slot 0
[2022-12-11 21:46:51] [SEVERE ] placing card 4 in slot 1
[2022-12-11 21:46:51] [SEVERE ] placing card 61 in slot 2
[2022-12-11 21:46:51] [SEVERE ] placing card 17 in slot 3
[2022-12-11 21:46:51] [SEVERE ] placing card 30 in slot 4
[2022-12-11 21:46:51] [SEVERE ] placing card 54 in slot 5
[2022-12-11 21:46:51] [SEVERE ] placing card 36 in slot 6
[2022-12-11 21:46:52] [SEVERE ] placing card 74 in slot 7
[2022-12-11 21:46:52] [SEVERE ] placing card 49 in slot 8
[2022-12-11 21:46:52] [SEVERE ] placing card 15 in slot 9
[2022-12-11 21:46:52] [SEVERE ] placing card 19 in slot 10
[2022-12-11 21:46:52] [SEVERE ] placing card 16 in slot 11
[2022-12-11 21:46:58] [SEVERE ] removing all tokens
[2022-12-11 21:46:58] [SEVERE ] removing tokens from slot 0
[2022-12-11 21:46:58] [SEVERE ] removing tokens from slot 1
[2022-12-11 21:46:58] [SEVERE ] removing tokens from slot 2
[2022-12-11 21:46:58] [SEVERE ] removing tokens from slot 3
[2022-12-11 21:46:58] [SEVERE ] removing tokens from slot 4
[2022-12-11 21:46:58] [SEVERE ] removing tokens from slot 5
[2022-12-11 21:46:58] [SEVERE ] removing tokens from slot 6
[2022-12-11 21:46:58] [SEVERE ] removing tokens from slot 7
[2022-12-11 21:46:58] [SEVERE ] removing tokens from slot 8
[2022-12-11 21:46:58] [SEVERE ] removing tokens from slot 9
[2022-12-11 21:46:58] [SEVERE ] removing tokens from slot 10
[2022-12-11 21:46:58] [SEVERE ] removing tokens from slot 11
[2022-12-11 21:46:58] [SEVERE ] removing card from slot 0
[2022-12-11 21:46:58] [SEVERE ] removing card from slot 1
[2022-12-11 21:46:58] [SEVERE ] removing card from slot 2
[2022-12-11 21:46:58] [SEVERE ] removing card from slot 3
[2022-12-11 21:46:59] [SEVERE ] removing card from slot 4
[2022-12-11 21:46:59] [SEVERE ] removing card from slot 5
[2022-12-11 21:46:59] [SEVERE ] removing card from slot 6
[2022-12-11 21:46:59] [SEVERE ] removing card from slot 7
[2022-12-11 21:46:59] [SEVERE ] removing card from slot 8
[2022-12-11 21:46:59] [SEVERE ] removing card from slot 9
[2022-12-11 21:46:59] [SEVERE ] removing card from slot 10
[2022-12-11 21:46:59] [SEVERE ] removing card from slot 11
[2022-12-11 21:46:59] [SEVERE ] placing card 77 in slot 0
[2022-12-11 21:47:00] [SEVERE ] placing card 59 in slot 1
[2022-12-11 21:47:00] [SEVERE ] placing card 37 in slot 2
[2022-12-11 21:47:00] [SEVERE ] placing card 34 in slot 3
[2022-12-11 21:47:00] [SEVERE ] placing card 32 in slot 4
[2022-12-11 21:47:00] [SEVERE ] placing card 66 in slot 5
[2022-12-11 21:47:00] [SEVERE ] placing card 64 in slot 6
[2022-12-11 21:47:00] [SEVERE ] placing card 76 in slot 7
[2022-12-11 21:47:00] [SEVERE ] placing card 27 in slot 8
[2022-12-11 21:47:00] [SEVERE ] placing card 79 in slot 9
[2022-12-11 21:47:00] [SEVERE ] placing card 23 in slot 10
[2022-12-11 21:47:01] [SEVERE ] placing card 24 in slot 11
[2022-12-11 21:47:07] [SEVERE ] removing all tokens
[2022-12-11 21:47:07] [SEVERE ] removing tokens from slot 0
[2022-12-11 21:47:07] [SEVERE ] removing tokens from slot 1
[2022-12-11 21:47:07] [SEVERE ] removing tokens from slot 2
[2022-12-11 21:47:07] [SEVERE ] removing tokens from slot 3
[2022-12-11 21:47:07] [SEVERE ] removing tokens from slot 4
[2022-12-11 21:47:07] [SEVERE ] removing tokens from slot 5
[2022-12-11 21:47:07] [SEVERE ] removing tokens from slot 6
[2022-12-11 21:47:07] [SEVERE ] removing tokens from slot 7
[2022-12-11 21:47:07] [SEVERE ] removing tokens from slot 8
[2022-12-11 21:47:07] [SEVERE ] removing tokens from slot 9
[2022-12-11 21:47:07] [SEVERE ] removing tokens from slot 10
[2022-12-11 21:47:07] [SEVERE ] removing tokens from slot 11
[2022-12-11 21:47:07] [SEVERE ] removing card from slot 0
[2022-12-11 21:47:07] [SEVERE ] removing card from slot 1
[2022-12-11 21:47:07] [SEVERE ] removing card from slot 2
[2022-12-11 21:47:07] [SEVERE ] removing card from slot 3
[2022-12-11 21:47:07] [SEVERE ] removing card from slot 4
[2022-12-11 21:47:07] [SEVERE ] removing card from slot 5
[2022-12-11 21:47:07] [SEVERE ] removing card from slot 6
[2022-12-11 21:47:07] [SEVERE ] removing card from slot 7
[2022-12-11 21:47:08] [SEVERE ] removing card from slot 8
[2022-12-11 21:47:08] [SEVERE ] removing card from slot 9
[2022-12-11 21:47:08] [SEVERE ] removing card from slot 10
[2022-12-11 21:47:08] [SEVERE ] removing card from slot 11
[2022-12-11 21:47:08] [SEVERE ] placing card 7 in slot 0
[2022-12-11 21:47:08] [SEVERE ] placing card 8 in slot 1
[2022-12-11 21:47:08] [SEVERE ] placing card 2 in slot 2
[2022-12-11 21:47:08] [SEVERE ] placing card 55 in slot 3
[2022-12-11 21:47:08] [SEVERE ] placing card 5 in slot 4
[2022-12-11 21:47:09] [SEVERE ] placing card 14 in slot 5
[2022-12-11 21:47:09] [SEVERE ] placing card 45 in slot 6
[2022-12-11 21:47:09] [SEVERE ] placing card 72 in slot 7
[2022-12-11 21:47:09] [SEVERE ] placing card 66 in slot 8
[2022-12-11 21:47:09] [SEVERE ] placing card 71 in slot 9
[2022-12-11 21:47:09] [SEVERE ] placing card 60 in slot 10
[2022-12-11 21:47:09] [SEVERE ] placing card 76 in slot 11
[2022-12-11 21:47:15] [SEVERE ] removing all tokens
[2022-12-11 21:47:15] [SEVERE ] removing tokens from slot 0
[2022-12-11 21:47:15] [SEVERE ] removing tokens from slot 1
[2022-12-11 21:47:15] [SEVERE ] removing tokens from slot 2
[2022-12-11 21:47:15] [SEVERE ] removing tokens from slot 3
[2022-12-11 21:47:15] [SEVERE ] removing tokens from slot 4
[2022-12-11 21:47:15] [SEVERE ] removing tokens from slot 5
[2022-12-11 21:47:15] [SEVERE ] removing tokens from slot 6
[2022-12-11 21:47:15] [SEVERE ] removing tokens from slot 7
[2022-12-11 21:47:15] [SEVERE ] removing tokens from slot 8
[2022-12-11 21:47:15] [SEVERE ] removing tokens from slot 9
[2022-12-11 21:47:15] [SEVERE ] removing tokens from slot 10
[2022-12-11 21:47:15] [SEVERE ] removing tokens from slot 11
[2022-12-11 21:47:15] [SEVERE ] removing card from slot 0
[2022-12-11 21:47:15] [SEVERE ] removing card from slot 1
[2022-12-11 21:47:16] [SEVERE ] removing card from slot 2
[2022-12-11 21:47:16] [SEVERE ] removing card from slot 3
[2022-12-11 21:47:16] [SEVERE ] removing card from slot 4
[2022-12-11 21:47:16] [SEVERE ] removing card from slot 5
[2022-12-11 21:47:16] [SEVERE ] removing card from slot 6
[2022-12-11 21:47:16] [SEVERE ] removing card from slot 7
[2022-12-11 21:47:16] [SEVERE ] removing card from slot 8
[2022-12-11 21:47:16] [SEVERE ] removing card from slot 9
[2022-12-11 21:47:16] [SEVERE ] removing card from slot 10
[2022-12-11 21:47:16] [SEVERE ] removing card from slot 11
[2022-12-11 21:47:17] [SEVERE ] placing card 69 in slot 0
[2022-12-11 21:47:17] [SEVERE ] placing card 55 in slot 1
[2022-12-11 21:47:17] [SEVERE ] placing card 44 in slot 2
[2022-12-11 21:47:17] [SEVERE ] placing card 12 in slot 3
[2022-12-11 21:47:17] [SEVERE ] placing card 35 in slot 4
[2022-12-11 21:47:17] [SEVERE ] placing card 77 in slot 5
[2022-12-11 21:47:17] [SEVERE ] placing card 22 in slot 6
[2022-12-11 21:47:17] [SEVERE ] placing card 74 in slot 7
[2022-12-11 21:47:17] [SEVERE ] placing card 28 in slot 8
[2022-12-11 21:47:18] [SEVERE ] placing card 10 in slot 9
[2022-12-11 21:47:18] [SEVERE ] placing card 80 in slot 10
[2022-12-11 21:47:18] [SEVERE ] placing card 61 in slot 11
[2022-12-11 21:47:24] [SEVERE ] removing all tokens
[2022-12-11 21:47:24] [SEVERE ] removing tokens from slot 0
[2022-12-11 21:47:24] [SEVERE ] removing tokens from slot 1
[2022-12-11 21:47:24] [SEVERE ] removing tokens from slot 2
[2022-12-11 21:47:24] [SEVERE ] removing tokens from slot 3
[2022-12-11 21:47:24] [SEVERE ] removing tokens from slot 4
[2022-12-11 21:47:24] [SEVERE ] removing tokens from slot 5
[2022-12-11 21:47:24] [SEVERE ] removing tokens from slot 6
[2022-12-11 21:47:24] [SEVERE ] removing tokens from slot 7
[2022-12-11 21:47:24] [SEVERE ] removing tokens from slot 8
[2022-12-11 21:47:24] [SEVERE ] removing tokens from slot 9
[2022-12-11 21:47:24] [SEVERE ] removing tokens from slot 10
[2022-12-11 21:47:24] [SEVERE ] removing tokens from slot 11
[2022-12-11 21:47:24] [SEVERE ] removing card from slot 0
[2022-12-11 21:47:24] [SEVERE ] removing card from slot 1
[2022-12-11 21:47:24] [SEVERE ] removing card from slot 2
[2022-12-11 21:47:24] [SEVERE ] removing card from slot 3
[2022-12-11 21:47:24] [SEVERE ] removing card from slot 4
[2022-12-11 21:47:24] [SEVERE ] removing card from slot 5
[2022-12-11 21:47:25] [SEVERE ] removing card from slot 6
[2022-12-11 21:47:25] [SEVERE ] removing card from slot 7
[2022-12-11 21:47:25] [SEVERE ] removing card from slot 8
[2022-12-11 21:47:25] [SEVERE ] removing card from slot 9
[2022-12-11 21:47:25] [SEVERE ] removing card from slot 10
[2022-12-11 21:47:25] [SEVERE ] removing card from slot 11
[2022-12-11 21:47:25] [SEVERE ] placing card 40 in slot 0
[2022-12-11 21:47:25] [SEVERE ] placing card 8 in slot 1
[2022-12-11 21:47:25] [SEVERE ] placing card 10 in slot 2
[2022-12-11 21:47:25] [SEVERE ] placing card 28 in slot 3
[2022-12-11 21:47:26] [SEVERE ] placing card 76 in slot 4
[2022-12-11 21:47:26] [SEVERE ] placing card 65 in slot 5
[2022-12-11 21:47:26] [SEVERE ] placing card 78 in slot 6
[2022-12-11 21:47:26] [SEVERE ] placing card 23 in slot 7
[2022-12-11 21:47:26] [SEVERE ] placing card 22 in slot 8
[2022-12-11 21:47:26] [SEVERE ] placing card 72 in slot 9
[2022-12-11 21:47:26] [SEVERE ] placing card 41 in slot 10
[2022-12-11 21:47:26] [SEVERE ] placing card 73 in slot 11
[2022-12-11 21:47:32] [SEVERE ] removing all tokens
[2022-12-11 21:47:32] [SEVERE ] removing tokens from slot 0
[2022-12-11 21:47:32] [SEVERE ] removing tokens from slot 1
[2022-12-11 21:47:32] [SEVERE ] removing tokens from slot 2
[2022-12-11 21:47:32] [SEVERE ] removing tokens from slot 3
[2022-12-11 21:47:32] [SEVERE ] removing tokens from slot 4
[2022-12-11 21:47:32] [SEVERE ] removing tokens from slot 5
[2022-12-11 21:47:32] [SEVERE ] removing tokens from slot 6
[2022-12-11 21:47:32] [SEVERE ] removing tokens from slot 7
[2022-12-11 21:47:32] [SEVERE ] removing tokens from slot 8
[2022-12-11 21:47:32] [SEVERE ] removing tokens from slot 9
[2022-12-11 21:47:32] [SEVERE ] removing tokens from slot 10
[2022-12-11 21:47:32] [SEVERE ] removing tokens from slot 11
[2022-12-11 21:47:32] [SEVERE ] removing card from slot 0
[2022-12-11 21:47:33] [SEVERE ] removing card from slot 1
[2022-12-11 21:47:33] [SEVERE ] removing card from slot 2
[2022-12-11 21:47:33] [SEVERE ] removing card from slot 3
[2022-12-11 21:47:33] [SEVERE ] removing card from slot 4
[2022-12-11 21:47:33] [SEVERE ] removing card from slot 5
[2022-12-11 21:47:33] [SEVERE ] removing card from slot 6
[2022-12-11 21:47:33] [SEVERE ] removing card from slot 7
[2022-12-11 21:47:33] [SEVERE ] removing card from slot 8
[2022-12-11 21:47:33] [SEVERE ] removing card from slot 9
[2022-12-11 21:47:34] [SEVERE ] removing card from slot 10
[2022-12-11 21:47:34] [SEVERE ] removing card from slot 11
[2022-12-11 21:47:34] [SEVERE ] placing card 41 in slot 0
[2022-12-11 21:47:34] [SEVERE ] placing card 39 in slot 1
[2022-12-11 21:47:34] [SEVERE ] placing card 52 in slot 2
[2022-12-11 21:47:34] [SEVERE ] placing card 13 in slot 3
[2022-12-11 21:47:34] [SEVERE ] placing card 70 in slot 4
[2022-12-11 21:47:34] [SEVERE ] placing card 5 in slot 5
[2022-12-11 21:47:34] [SEVERE ] placing card 22 in slot 6
[2022-12-11 21:47:35] [SEVERE ] placing card 17 in slot 7
[2022-12-11 21:47:35] [SEVERE ] placing card 58 in slot 8
[2022-12-11 21:47:35] [SEVERE ] placing card 50 in slot 9
[2022-12-11 21:47:35] [SEVERE ] placing card 18 in slot 10
[2022-12-11 21:47:35] [SEVERE ] placing card 28 in slot 11
[2022-12-11 21:47:41] [SEVERE ] removing all tokens
[2022-12-11 21:47:41] [SEVERE ] removing tokens from slot 0
[2022-12-11 21:47:41] [SEVERE ] removing tokens from slot 1
[2022-12-11 21:47:41] [SEVERE ] removing tokens from slot 2
[2022-12-11 21:47:41] [SEVERE ] removing tokens from slot 3
[2022-12-11 21:47:41] [SEVERE ] removing tokens from slot 4
[2022-12-11 21:47:41] [SEVERE ] removing tokens from slot 5
[2022-12-11 21:47:41] [SEVERE ] removing tokens from slot 6
[2022-12-11 21:47:41] [SEVERE ] removing tokens from slot 7
[2022-12-11 21:47:41] [SEVERE ] removing tokens from slot 8
[2022-12-11 21:47:41] [SEVERE ] removing tokens from slot 9
[2022-12-11 21:47:41] [SEVERE ] removing tokens from slot 10
[2022-12-11 21:47:41] [SEVERE ] removing tokens from slot 11
[2022-12-11 21:47:41] [SEVERE ] removing card from slot 0
[2022-12-11 21:47:41] [SEVERE ] removing card from slot 1
[2022-12-11 21:47:41] [SEVERE ] removing card from slot 2
[2022-12-11 21:47:41] [SEVERE ] removing card from slot 3
[2022-12-11 21:47:42] [SEVERE ] removing card from slot 4
[2022-12-11 21:47:42] [SEVERE ] removing card from slot 5
[2022-12-11 21:47:42] [SEVERE ] removing card from slot 6
[2022-12-11 21:47:42] [SEVERE ] removing card from slot 7
[2022-12-11 21:47:42] [SEVERE ] removing card from slot 8
[2022-12-11 21:47:42] [SEVERE ] removing card from slot 9
[2022-12-11 21:47:42] [SEVERE ] removing card from slot 10
[2022-12-11 21:47:42] [SEVERE ] removing card from slot 11
[2022-12-11 21:47:42] [SEVERE ] placing card 79 in slot 0
[2022-12-11 21:47:43] [SEVERE ] placing card 26 in slot 1
[2022-12-11 21:47:43] [SEVERE ] placing card 50 in slot 2
[2022-12-11 21:47:43] [SEVERE ] placing card 7 in slot 3
[2022-12-11 21:47:43] [SEVERE ] placing card 41 in slot 4
[2022-12-11 21:47:43] [SEVERE ] placing card 71 in slot 5
[2022-12-11 21:47:43] [SEVERE ] placing card 8 in slot 6
[2022-12-11 21:47:43] [SEVERE ] placing card 29 in slot 7
[2022-12-11 21:47:43] [SEVERE ] placing card 20 in slot 8
[2022-12-11 21:47:43] [SEVERE ] placing card 22 in slot 9
[2022-12-11 21:47:43] [SEVERE ] placing card 69 in slot 10
[2022-12-11 21:47:44] [SEVERE ] placing card 42 in slot 11
[2022-12-11 21:47:50] [SEVERE ] removing all tokens
[2022-12-11 21:47:50] [SEVERE ] removing tokens from slot 0
[2022-12-11 21:47:50] [SEVERE ] removing tokens from slot 1
[2022-12-11 21:47:50] [SEVERE ] removing tokens from slot 2
[2022-12-11 21:47:50] [SEVERE ] removing tokens from slot 3
[2022-12-11 21:47:50] [SEVERE ] removing tokens from slot 4
[2022-12-11 21:47:50] [SEVERE ] removing tokens from slot 5
[2022-12-11 21:47:50] [SEVERE ] removing tokens from slot 6
[2022-12-11 21:47:50] [SEVERE ] removing tokens from slot 7
[2022-12-11 21:47:50] [SEVERE ] removing tokens from slot 8
[2022-12-11 21:47:50] [SEVERE ] removing tokens from slot 9
[2022-12-11 21:47:50] [SEVERE ] removing tokens from slot 10
[2022-12-11 21:47:50] [SEVERE ] removing tokens from slot 11
[2022-12-11 21:47:50] [SEVERE ] removing card from slot 0
[2022-12-11 21:47:50] [SEVERE ] removing card from slot 1
[2022-12-11 21:47:50] [SEVERE ] removing card from slot 2
[2022-12-11 21:47:50] [SEVERE ] removing card from slot 3
[2022-12-11 21:47:50] [SEVERE ] removing card from slot 4
[2022-12-11 21:47:50] [SEVERE ] removing card from slot 5
[2022-12-11 21:47:50] [SEVERE ] removing card from slot 6
[2022-12-11 21:47:50] [SEVERE ] removing card from slot 7
[2022-12-11 21:47:51] [SEVERE ] removing card from slot 8
[2022-12-11 21:47:51] [SEVERE ] removing card from slot 9
[2022-12-11 21:47:51] [SEVERE ] removing card from slot 10
[2022-12-11 21:47:51] [SEVERE ] removing card from slot 11
[2022-12-11 21:47:51] [SEVERE ] placing card 76 in slot 0
[2022-12-11 21:47:51] [SEVERE ] placing card 57 in slot 1
[2022-12-11 21:47:51] [SEVERE ] placing card 65 in slot 2
[2022-12-11 21:47:51] [SEVERE ] placing card 69 in slot 3
[2022-12-11 21:47:51] [SEVERE ] placing card 35 in slot 4
[2022-12-11 21:47:52] [SEVERE ] placing card 44 in slot 5
[2022-12-11 21:47:52] [SEVERE ] placing card 47 in slot 6
[2022-12-11 21:47:52] [SEVERE ] placing card 11 in slot 7
[2022-12-11 21:47:52] [SEVERE ] placing card 53 in slot 8
[2022-12-11 21:47:52] [SEVERE ] placing card 18 in slot 9
[2022-12-11 21:47:52] [SEVERE ] placing card 2 in slot 10
[2022-12-11 21:47:52] [SEVERE ] placing card 63 in slot 11
[2022-12-11 21:47:58] [SEVERE ] removing all tokens
[2022-12-11 21:47:58] [SEVERE ] removing tokens from slot 0
[2022-12-11 21:47:58] [SEVERE ] removing tokens from slot 1
[2022-12-11 21:47:58] [SEVERE ] removing tokens from slot 2
[2022-12-11 21:47:58] [SEVERE ] removing tokens from slot 3
[2022-12-11 21:47:58] [SEVERE ] removing tokens from slot 4
[2022-12-11 21:47:58] [SEVERE ] removing tokens from slot 5
[2022-12-11 21:47:58] [SEVERE ] removing tokens from slot 6
[2022-12-11 21:47:58] [SEVERE ] removing tokens from slot 7
[2022-12-11 21:47:58] [SEVERE ] removing tokens from slot 8
[2022-12-11 21:47:58] [SEVERE ] removing tokens from slot 9
[2022-12-11 21:47:58] [SEVERE ] removing tokens from slot 10
[2022-12-11 21:47:58] [SEVERE ] removing tokens from slot 11
[2022-12-11 21:47:58] [SEVERE ] removing card from slot 0
[2022-12-11 21:47:58] [SEVERE ] removing card from slot 1
[2022-12-11 21:47:59] [SEVERE ] removing card from slot 2
[2022-12-11 21:47:59] [SEVERE ] removing card from slot 3
[2022-12-11 21:47:59] [SEVERE ] removing card from slot 4
[2022-12-11 21:47:59] [SEVERE ] removing card from slot 5
[2022-12-11 21:47:59] [SEVERE ] removing card from slot 6
[2022-12-11 21:47:59] [SEVERE ] removing card from slot 7
[2022-12-11 21:47:59] [SEVERE ] removing card from slot 8
[2022-12-11 21:47:59] [SEVERE ] removing card from slot 9
[2022-12-11 21:47:59] [SEVERE ] removing card from slot 10
[2022-12-11 21:47:59] [SEVERE ] removing card from slot 11
[2022-12-11 21:48:00] [SEVERE ] placing card 40 in slot 0
[2022-12-11 21:48:00] [SEVERE ] placing card 8 in slot 1
[2022-12-11 21:48:00] [SEVERE ] placing card 56 in slot 2
[2022-12-11 21:48:00] [SEVERE ] placing card 53 in slot 3
[2022-12-11 21:48:00] [SEVERE ] placing card 62 in slot 4
[2022-12-11 21:48:00] [SEVERE ] placing card 52 in slot 5
[2022-12-11 21:48:00] [SEVERE ] placing card 38 in slot 6
[2022-12-11 21:48:00] [SEVERE ] placing card 15 in slot 7
[2022-12-11 21:48:00] [SEVERE ] placing card 30 in slot 8
[2022-12-11 21:48:01] [SEVERE ] placing card 12 in slot 9
[2022-12-11 21:48:01] [SEVERE ] placing card 66 in slot 10
[2022-12-11 21:48:01] [SEVERE ] placing card 17 in slot 11
[2022-12-11 21:48:07] [SEVERE ] removing all tokens
[2022-12-11 21:48:07] [SEVERE ] removing tokens from slot 0
[2022-12-11 21:48:07] [SEVERE ] removing tokens from slot 1
[2022-12-11 21:48:07] [SEVERE ] removing tokens from slot 2
[2022-12-11 21:48:07] [SEVERE ] removing tokens from slot 3
[2022-12-11 21:48:07] [SEVERE ] removing tokens from slot 4
[2022-12-11 21:48:07] [SEVERE ] removing tokens from slot 5
[2022-12-11 21:48:07] [SEVERE ] removing tokens from slot 6
[2022-12-11 21:48:07] [SEVERE ] removing tokens from slot 7
[2022-12-11 21:48:07] [SEVERE ] removing tokens from slot 8
[2022-12-11 21:48:07] [SEVERE ] removing tokens from slot 9
[2022-12-11 21:48:07] [SEVERE ] removing tokens from slot 10
[2022-12-11 21:48:07] [SEVERE ] removing tokens from slot 11
[2022-12-11 21:48:07] [SEVERE ] removing card from slot 0
[2022-12-11 21:48:07] [SEVERE ] removing card from slot 1
[2022-12-11 21:48:07] [SEVERE ] removing card from slot 2
[2022-12-11 21:48:07] [SEVERE ] removing card from slot 3
[2022-12-11 21:48:07] [SEVERE ] removing card from slot 4
[2022-12-11 21:48:07] [SEVERE ] removing card from slot 5
[2022-12-11 21:48:08] [SEVERE ] removing card from slot 6
[2022-12-11 21:48:08] [SEVERE ] removing card from slot 7
[2022-12-11 21:48:08] [SEVERE ] removing card from slot 8
[2022-12-11 21:48:08] [SEVERE ] removing card from slot 9
[2022-12-11 21:48:08] [SEVERE ] removing card from slot 10
[2022-12-11 21:48:08] [SEVERE ] removing card from slot 11
[2022-12-11 21:48:08] [SEVERE ] placing card 67 in slot 0
[2022-12-11 21:48:08] [SEVERE ] placing card 38 in slot 1
[2022-12-11 21:48:08] [SEVERE ] placing card 76 in slot 2
