[2022-12-11 18:31:56] [INFO   ] cannot read configuration file config.properties trying from resources.
[2022-12-11 18:31:56] [INFO   ] configuration file was loaded from resources directory.
[2022-12-11 18:31:58] [INFO   ] Thread dealer starting.
[2022-12-11 18:31:58] [SEVERE ] placing card 47 in slot 0
[2022-12-11 18:31:58] [SEVERE ] placing card 58 in slot 1
[2022-12-11 18:31:58] [SEVERE ] placing card 20 in slot 2
[2022-12-11 18:31:58] [SEVERE ] placing card 36 in slot 3
[2022-12-11 18:31:58] [SEVERE ] placing card 24 in slot 4
[2022-12-11 18:31:59] [SEVERE ] placing card 14 in slot 5
[2022-12-11 18:31:59] [SEVERE ] placing card 43 in slot 6
[2022-12-11 18:31:59] [SEVERE ] placing card 0 in slot 7
[2022-12-11 18:31:59] [SEVERE ] placing card 28 in slot 8
[2022-12-11 18:31:59] [SEVERE ] placing card 74 in slot 9
[2022-12-11 18:31:59] [SEVERE ] placing card 56 in slot 10
[2022-12-11 18:31:59] [SEVERE ] placing card 64 in slot 11
[2022-12-11 18:32:13] [INFO   ] Thread dealerstarting.
[2022-12-11 18:32:33] [SEVERE ] Key 81 was pressed by player 0
[2022-12-11 18:32:33] [SEVERE ] player 0 placing token on slot 0
[2022-12-11 18:32:37] [SEVERE ] Key 87 was pressed by player 0
[2022-12-11 18:32:37] [SEVERE ] player 0 placing token on slot 1
[2022-12-11 18:32:38] [SEVERE ] Key 81 was pressed by player 0
[2022-12-11 18:32:38] [SEVERE ] removing player 0 token from slot 0
[2022-12-11 18:32:39] [SEVERE ] Key 81 was pressed by player 0
[2022-12-11 18:32:39] [SEVERE ] player 0 placing token on slot 0
[2022-12-11 18:32:39] [SEVERE ] Key 81 was pressed by player 0
[2022-12-11 18:32:39] [SEVERE ] removing player 0 token from slot 0
[2022-12-11 18:32:39] [SEVERE ] Key 81 was pressed by player 0
[2022-12-11 18:32:39] [SEVERE ] player 0 placing token on slot 0
[2022-12-11 18:32:40] [SEVERE ] Key 81 was pressed by player 0
[2022-12-11 18:32:40] [SEVERE ] removing player 0 token from slot 0
[2022-12-11 18:32:40] [SEVERE ] Key 81 was pressed by player 0
[2022-12-11 18:32:40] [SEVERE ] player 0 placing token on slot 0
[2022-12-11 18:32:40] [SEVERE ] Key 81 was pressed by player 0
[2022-12-11 18:32:40] [SEVERE ] removing player 0 token from slot 0
[2022-12-11 18:32:40] [SEVERE ] Key 81 was pressed by player 0
[2022-12-11 18:32:40] [SEVERE ] player 0 placing token on slot 0
[2022-12-11 18:32:41] [SEVERE ] Key 81 was pressed by player 0
[2022-12-11 18:32:41] [SEVERE ] removing player 0 token from slot 0
[2022-12-11 18:32:41] [SEVERE ] Key 81 was pressed by player 0
[2022-12-11 18:32:41] [SEVERE ] player 0 placing token on slot 0
[2022-12-11 18:32:41] [SEVERE ] Key 81 was pressed by player 0
[2022-12-11 18:32:41] [SEVERE ] removing player 0 token from slot 0
[2022-12-11 18:32:42] [SEVERE ] Key 81 was pressed by player 0
[2022-12-11 18:32:42] [SEVERE ] player 0 placing token on slot 0
[2022-12-11 18:32:42] [SEVERE ] Key 81 was pressed by player 0
[2022-12-11 18:32:42] [SEVERE ] removing player 0 token from slot 0
[2022-12-11 18:32:42] [SEVERE ] Key 81 was pressed by player 0
[2022-12-11 18:32:42] [SEVERE ] player 0 placing token on slot 0
[2022-12-11 18:32:42] [SEVERE ] Key 81 was pressed by player 0
[2022-12-11 18:32:42] [SEVERE ] removing player 0 token from slot 0
[2022-12-11 18:32:43] [SEVERE ] Key 81 was pressed by player 0
[2022-12-11 18:32:43] [SEVERE ] player 0 placing token on slot 0
[2022-12-11 18:32:43] [SEVERE ] Key 81 was pressed by player 0
[2022-12-11 18:32:43] [SEVERE ] removing player 0 token from slot 0
[2022-12-11 18:32:43] [SEVERE ] Key 81 was pressed by player 0
[2022-12-11 18:32:43] [SEVERE ] player 0 placing token on slot 0
[2022-12-11 18:32:43] [SEVERE ] Key 81 was pressed by player 0
[2022-12-11 18:32:43] [SEVERE ] removing player 0 token from slot 0
[2022-12-11 18:32:44] [SEVERE ] Key 81 was pressed by player 0
[2022-12-11 18:32:44] [SEVERE ] player 0 placing token on slot 0
[2022-12-11 18:32:44] [SEVERE ] Key 81 was pressed by player 0
[2022-12-11 18:32:44] [SEVERE ] removing player 0 token from slot 0
