[2022-12-11 17:24:54] [INFO   ] cannot read configuration file config.properties trying from resources.
[2022-12-11 17:24:54] [INFO   ] configuration file was loaded from resources directory.
[2022-12-11 17:24:56] [INFO   ] Thread dealer starting.
[2022-12-11 17:24:56] [SEVERE ] placing card 46 in slot 0
[2022-12-11 17:24:56] [SEVERE ] placing card 18 in slot 1
[2022-12-11 17:24:56] [SEVERE ] placing card 0 in slot 2
[2022-12-11 17:24:56] [SEVERE ] placing card 7 in slot 3
[2022-12-11 17:24:56] [SEVERE ] placing card 38 in slot 4
[2022-12-11 17:24:56] [SEVERE ] placing card 69 in slot 5
[2022-12-11 17:24:57] [SEVERE ] placing card 56 in slot 6
[2022-12-11 17:24:57] [SEVERE ] placing card 45 in slot 7
[2022-12-11 17:24:57] [SEVERE ] placing card 49 in slot 8
[2022-12-11 17:24:57] [SEVERE ] placing card 76 in slot 9
[2022-12-11 17:24:57] [SEVERE ] placing card 79 in slot 10
[2022-12-11 17:24:57] [SEVERE ] placing card 21 in slot 11
[2022-12-11 17:24:57] [INFO   ] Thread dealerstarting.
[2022-12-11 17:24:58] [SEVERE ] Key 81 was pressed by player 0
[2022-12-11 17:24:58] [SEVERE ] player 0 placing token on slot 0
[2022-12-11 17:24:58] [SEVERE ] Key 87 was pressed by player 0
[2022-12-11 17:24:58] [SEVERE ] player 0 placing token on slot 1
[2022-12-11 17:24:58] [SEVERE ] Key 69 was pressed by player 0
[2022-12-11 17:24:58] [SEVERE ] player 0 placing token on slot 2
[2022-12-11 17:24:58] [INFO   ] Thread dealer terminated.
[2022-12-11 17:25:16] [SEVERE ] removing all tokens
[2022-12-11 17:25:16] [SEVERE ] removing tokens from slot 0
[2022-12-11 17:25:16] [SEVERE ] removing tokens from slot 1
[2022-12-11 17:25:16] [SEVERE ] removing tokens from slot 2
[2022-12-11 17:25:16] [SEVERE ] removing tokens from slot 3
[2022-12-11 17:25:16] [SEVERE ] removing tokens from slot 4
[2022-12-11 17:25:16] [SEVERE ] removing tokens from slot 5
[2022-12-11 17:25:16] [SEVERE ] removing tokens from slot 6
[2022-12-11 17:25:16] [SEVERE ] removing tokens from slot 7
[2022-12-11 17:25:16] [SEVERE ] removing tokens from slot 8
[2022-12-11 17:25:16] [SEVERE ] removing tokens from slot 9
[2022-12-11 17:25:16] [SEVERE ] removing tokens from slot 10
[2022-12-11 17:25:16] [SEVERE ] removing tokens from slot 11
[2022-12-11 17:25:28] [SEVERE ] removing card from slot 0
[2022-12-11 17:25:29] [SEVERE ] removing card from slot 1
[2022-12-11 17:25:30] [SEVERE ] removing card from slot 2
[2022-12-11 17:25:30] [SEVERE ] setting player 0 score to 1
[2022-12-11 17:25:36] [SEVERE ] placing card 53 in slot 0
[2022-12-11 17:25:36] [SEVERE ] placing card 77 in slot 1
[2022-12-11 17:25:36] [SEVERE ] placing card 41 in slot 2
[2022-12-11 18:31:52] [INFO   ] Thread dealerstarting.
