[2022-12-11 21:54:19] [INFO   ] cannot read configuration file config.properties trying from resources.
[2022-12-11 21:54:19] [INFO   ] configuration file was loaded from resources directory.
[2022-12-11 21:54:21] [INFO   ] Thread dealer starting.
[2022-12-11 21:54:21] [INFO   ] Thread Thread-0starting.
[2022-12-11 21:54:21] [INFO   ] Thread Thread-1starting.
[2022-12-11 21:54:21] [SEVERE ] placing card 56 in slot 0
[2022-12-11 21:54:21] [SEVERE ] placing card 3 in slot 1
[2022-12-11 21:54:21] [SEVERE ] placing card 58 in slot 2
[2022-12-11 21:54:21] [SEVERE ] placing card 79 in slot 3
[2022-12-11 21:54:21] [SEVERE ] placing card 67 in slot 4
[2022-12-11 21:54:21] [SEVERE ] placing card 68 in slot 5
[2022-12-11 21:54:21] [SEVERE ] placing card 73 in slot 6
[2022-12-11 21:54:22] [SEVERE ] placing card 66 in slot 7
[2022-12-11 21:54:22] [SEVERE ] placing card 6 in slot 8
[2022-12-11 21:54:22] [SEVERE ] placing card 21 in slot 9
[2022-12-11 21:54:22] [SEVERE ] placing card 33 in slot 10
[2022-12-11 21:54:22] [SEVERE ] placing card 28 in slot 11
[2022-12-11 21:54:24] [SEVERE ] Exit button pressed
[2022-12-11 21:54:24] [SEVERE ] removing all tokens
[2022-12-11 21:54:24] [INFO   ] Thanks for playing... it was fun!
[2022-12-11 21:54:24] [SEVERE ] removing tokens from slot 0
[2022-12-11 21:54:24] [SEVERE ] removing tokens from slot 1
[2022-12-11 21:54:24] [SEVERE ] removing tokens from slot 2
[2022-12-11 21:54:24] [SEVERE ] removing tokens from slot 3
[2022-12-11 21:54:24] [SEVERE ] removing tokens from slot 4
[2022-12-11 21:54:24] [SEVERE ] removing tokens from slot 5
[2022-12-11 21:54:24] [SEVERE ] removing tokens from slot 6
[2022-12-11 21:54:24] [SEVERE ] removing tokens from slot 7
[2022-12-11 21:54:24] [SEVERE ] removing tokens from slot 8
[2022-12-11 21:54:24] [SEVERE ] removing tokens from slot 9
[2022-12-11 21:54:24] [SEVERE ] removing tokens from slot 10
[2022-12-11 21:54:24] [SEVERE ] removing tokens from slot 11
