[2022-12-11 19:41:24] [INFO   ] cannot read configuration file config.properties trying from resources.
[2022-12-11 19:41:24] [INFO   ] configuration file was loaded from resources directory.
[2022-12-11 19:41:25] [INFO   ] Thread dealer starting.
[2022-12-11 19:41:25] [SEVERE ] placing card 1 in slot 0
[2022-12-11 19:41:25] [SEVERE ] placing card 56 in slot 1
[2022-12-11 19:41:25] [SEVERE ] placing card 43 in slot 2
[2022-12-11 19:41:26] [SEVERE ] placing card 31 in slot 3
[2022-12-11 19:41:26] [SEVERE ] placing card 57 in slot 4
[2022-12-11 19:41:26] [SEVERE ] placing card 58 in slot 5
[2022-12-11 19:41:26] [SEVERE ] placing card 38 in slot 6
[2022-12-11 19:41:26] [SEVERE ] placing card 13 in slot 7
[2022-12-11 19:41:26] [SEVERE ] placing card 19 in slot 8
[2022-12-11 19:41:26] [SEVERE ] placing card 10 in slot 9
[2022-12-11 19:41:26] [SEVERE ] placing card 63 in slot 10
[2022-12-11 19:41:26] [SEVERE ] placing card 21 in slot 11
[2022-12-11 19:41:26] [INFO   ] Thread Thread-1starting.
[2022-12-11 19:41:26] [INFO   ] Thread Thread-0starting.
[2022-12-11 19:41:27] [SEVERE ] Key 81 was pressed by player 0
[2022-12-11 19:41:27] [SEVERE ] player 0 placing token on slot 0
[2022-12-11 19:41:27] [SEVERE ] Key 87 was pressed by player 0
[2022-12-11 19:41:27] [SEVERE ] player 0 placing token on slot 1
[2022-12-11 19:41:28] [SEVERE ] Key 69 was pressed by player 0
[2022-12-11 19:41:28] [SEVERE ] player 0 placing token on slot 2
[2022-12-11 19:41:28] [SEVERE ] removing all tokens
[2022-12-11 19:41:28] [SEVERE ] removing tokens from slot 0
[2022-12-11 19:41:28] [SEVERE ] removing tokens from slot 1
[2022-12-11 19:41:28] [SEVERE ] removing tokens from slot 2
[2022-12-11 19:41:28] [SEVERE ] removing tokens from slot 3
[2022-12-11 19:41:28] [SEVERE ] removing tokens from slot 4
[2022-12-11 19:41:28] [SEVERE ] removing tokens from slot 5
[2022-12-11 19:41:28] [SEVERE ] removing tokens from slot 6
[2022-12-11 19:41:28] [SEVERE ] removing tokens from slot 7
[2022-12-11 19:41:28] [SEVERE ] removing tokens from slot 8
[2022-12-11 19:41:28] [SEVERE ] removing tokens from slot 9
[2022-12-11 19:41:28] [SEVERE ] removing tokens from slot 10
[2022-12-11 19:41:28] [SEVERE ] removing tokens from slot 11
[2022-12-11 19:41:28] [SEVERE ] removing card from slot 0
[2022-12-11 19:41:28] [SEVERE ] removing card from slot 1
[2022-12-11 19:41:28] [SEVERE ] removing card from slot 2
[2022-12-11 19:41:28] [SEVERE ] setting player 0 score to 1
[2022-12-11 19:41:28] [SEVERE ] placing card 51 in slot 0
[2022-12-11 19:41:28] [SEVERE ] placing card 30 in slot 1
[2022-12-11 19:41:28] [SEVERE ] placing card 65 in slot 2
[2022-12-11 19:41:29] [SEVERE ] Key 65 was pressed by player 0
[2022-12-11 19:41:29] [SEVERE ] player 0 placing token on slot 4
[2022-12-11 19:41:29] [SEVERE ] Key 83 was pressed by player 0
[2022-12-11 19:41:29] [SEVERE ] player 0 placing token on slot 5
[2022-12-11 19:41:29] [SEVERE ] Key 68 was pressed by player 0
[2022-12-11 19:41:29] [SEVERE ] player 0 placing token on slot 6
[2022-12-11 19:41:29] [SEVERE ] removing all tokens
[2022-12-11 19:41:29] [SEVERE ] removing tokens from slot 0
[2022-12-11 19:41:29] [SEVERE ] removing tokens from slot 1
[2022-12-11 19:41:29] [SEVERE ] removing tokens from slot 2
[2022-12-11 19:41:29] [SEVERE ] removing tokens from slot 3
[2022-12-11 19:41:29] [SEVERE ] removing tokens from slot 4
[2022-12-11 19:41:29] [SEVERE ] removing tokens from slot 5
[2022-12-11 19:41:29] [SEVERE ] removing tokens from slot 6
[2022-12-11 19:41:29] [SEVERE ] removing tokens from slot 7
[2022-12-11 19:41:29] [SEVERE ] removing tokens from slot 8
[2022-12-11 19:41:29] [SEVERE ] removing tokens from slot 9
[2022-12-11 19:41:29] [SEVERE ] removing tokens from slot 10
[2022-12-11 19:41:29] [SEVERE ] removing tokens from slot 11
[2022-12-11 19:41:29] [SEVERE ] removing card from slot 4
[2022-12-11 19:41:30] [SEVERE ] removing card from slot 5
[2022-12-11 19:41:30] [SEVERE ] removing card from slot 6
[2022-12-11 19:41:30] [SEVERE ] setting player 0 score to 2
[2022-12-11 19:41:30] [SEVERE ] placing card 9 in slot 4
[2022-12-11 19:41:30] [SEVERE ] placing card 40 in slot 5
[2022-12-11 19:41:30] [SEVERE ] placing card 55 in slot 6
[2022-12-11 19:41:32] [SEVERE ] Key 90 was pressed by player 0
[2022-12-11 19:41:32] [SEVERE ] player 0 placing token on slot 8
[2022-12-11 19:41:32] [SEVERE ] Key 88 was pressed by player 0
[2022-12-11 19:41:32] [SEVERE ] player 0 placing token on slot 9
[2022-12-11 19:41:32] [SEVERE ] Key 67 was pressed by player 0
[2022-12-11 19:41:32] [SEVERE ] player 0 placing token on slot 10
[2022-12-11 19:41:32] [SEVERE ] removing all tokens
[2022-12-11 19:41:32] [SEVERE ] removing tokens from slot 0
[2022-12-11 19:41:32] [SEVERE ] removing tokens from slot 1
[2022-12-11 19:41:32] [SEVERE ] removing tokens from slot 2
[2022-12-11 19:41:32] [SEVERE ] removing tokens from slot 3
[2022-12-11 19:41:32] [SEVERE ] removing tokens from slot 4
[2022-12-11 19:41:32] [SEVERE ] removing tokens from slot 5
[2022-12-11 19:41:32] [SEVERE ] removing tokens from slot 6
[2022-12-11 19:41:32] [SEVERE ] removing tokens from slot 7
[2022-12-11 19:41:32] [SEVERE ] removing tokens from slot 8
[2022-12-11 19:41:32] [SEVERE ] removing tokens from slot 9
[2022-12-11 19:41:32] [SEVERE ] removing tokens from slot 10
[2022-12-11 19:41:32] [SEVERE ] removing tokens from slot 11
[2022-12-11 19:41:32] [SEVERE ] removing card from slot 8
[2022-12-11 19:41:32] [SEVERE ] removing card from slot 9
[2022-12-11 19:41:32] [SEVERE ] removing card from slot 10
[2022-12-11 19:41:32] [SEVERE ] setting player 0 score to 3
[2022-12-11 19:41:32] [SEVERE ] placing card 18 in slot 8
[2022-12-11 19:41:33] [SEVERE ] placing card 7 in slot 9
[2022-12-11 19:41:33] [SEVERE ] placing card 14 in slot 10
[2022-12-11 19:41:33] [SEVERE ] Key 90 was pressed by player 0
[2022-12-11 19:41:33] [SEVERE ] player 0 placing token on slot 8
[2022-12-11 19:41:34] [SEVERE ] Key 88 was pressed by player 0
[2022-12-11 19:41:34] [SEVERE ] player 0 placing token on slot 9
[2022-12-11 19:41:34] [SEVERE ] Key 67 was pressed by player 0
[2022-12-11 19:41:34] [SEVERE ] player 0 placing token on slot 10
[2022-12-11 19:41:34] [SEVERE ] removing all tokens
[2022-12-11 19:41:34] [SEVERE ] removing tokens from slot 0
[2022-12-11 19:41:34] [SEVERE ] removing tokens from slot 1
[2022-12-11 19:41:34] [SEVERE ] removing tokens from slot 2
[2022-12-11 19:41:34] [SEVERE ] removing tokens from slot 3
[2022-12-11 19:41:34] [SEVERE ] removing tokens from slot 4
[2022-12-11 19:41:34] [SEVERE ] removing tokens from slot 5
[2022-12-11 19:41:34] [SEVERE ] removing tokens from slot 6
[2022-12-11 19:41:34] [SEVERE ] removing tokens from slot 7
[2022-12-11 19:41:34] [SEVERE ] removing tokens from slot 8
[2022-12-11 19:41:34] [SEVERE ] removing tokens from slot 9
[2022-12-11 19:41:34] [SEVERE ] removing tokens from slot 10
[2022-12-11 19:41:34] [SEVERE ] removing tokens from slot 11
[2022-12-11 19:41:34] [SEVERE ] removing card from slot 8
[2022-12-11 19:41:34] [SEVERE ] removing card from slot 9
[2022-12-11 19:41:34] [SEVERE ] removing card from slot 10
[2022-12-11 19:41:34] [SEVERE ] setting player 0 score to 4
[2022-12-11 19:41:34] [SEVERE ] placing card 74 in slot 8
[2022-12-11 19:41:34] [SEVERE ] placing card 37 in slot 9
[2022-12-11 19:41:34] [SEVERE ] placing card 33 in slot 10
[2022-12-11 19:42:27] [SEVERE ] removing card from slot 0
[2022-12-11 19:42:27] [SEVERE ] removing card from slot 1
[2022-12-11 19:42:27] [SEVERE ] removing card from slot 2
[2022-12-11 19:42:27] [SEVERE ] removing card from slot 3
[2022-12-11 19:42:27] [SEVERE ] removing card from slot 4
[2022-12-11 19:42:27] [SEVERE ] removing card from slot 5
[2022-12-11 19:42:27] [SEVERE ] removing card from slot 6
[2022-12-11 19:42:27] [SEVERE ] removing card from slot 7
[2022-12-11 19:42:27] [SEVERE ] removing card from slot 8
[2022-12-11 19:42:28] [SEVERE ] removing card from slot 9
[2022-12-11 19:42:28] [SEVERE ] removing card from slot 10
[2022-12-11 19:42:28] [SEVERE ] removing card from slot 11
[2022-12-11 19:42:28] [SEVERE ] placing card 29 in slot 0
[2022-12-11 19:42:28] [SEVERE ] placing card 5 in slot 1
[2022-12-11 19:42:28] [SEVERE ] placing card 39 in slot 2
[2022-12-11 19:42:28] [SEVERE ] placing card 20 in slot 3
[2022-12-11 19:42:28] [SEVERE ] placing card 74 in slot 4
[2022-12-11 19:42:28] [SEVERE ] placing card 41 in slot 5
[2022-12-11 19:42:29] [SEVERE ] placing card 40 in slot 6
[2022-12-11 19:42:29] [SEVERE ] placing card 22 in slot 7
[2022-12-11 19:42:29] [SEVERE ] placing card 67 in slot 8
[2022-12-11 19:42:29] [SEVERE ] placing card 11 in slot 9
[2022-12-11 19:42:29] [SEVERE ] placing card 0 in slot 10
[2022-12-11 19:42:29] [SEVERE ] placing card 73 in slot 11
[2022-12-11 19:42:29] [INFO   ] Thread Thread-3starting.
[2022-12-11 19:42:29] [INFO   ] Thread Thread-2starting.
[2022-12-11 19:43:29] [SEVERE ] removing card from slot 0
[2022-12-11 19:43:29] [SEVERE ] removing card from slot 1
[2022-12-11 19:43:29] [SEVERE ] removing card from slot 2
[2022-12-11 19:43:30] [SEVERE ] removing card from slot 3
[2022-12-11 19:43:30] [SEVERE ] removing card from slot 4
[2022-12-11 19:43:30] [SEVERE ] removing card from slot 5
[2022-12-11 19:43:30] [SEVERE ] removing card from slot 6
[2022-12-11 19:43:30] [SEVERE ] removing card from slot 7
[2022-12-11 19:43:30] [SEVERE ] removing card from slot 8
[2022-12-11 19:43:30] [SEVERE ] removing card from slot 9
[2022-12-11 19:43:30] [SEVERE ] removing card from slot 10
[2022-12-11 19:43:30] [SEVERE ] removing card from slot 11
[2022-12-11 19:43:31] [SEVERE ] placing card 64 in slot 0
[2022-12-11 19:43:31] [SEVERE ] placing card 79 in slot 1
[2022-12-11 19:43:31] [SEVERE ] placing card 51 in slot 2
[2022-12-11 19:43:31] [SEVERE ] placing card 42 in slot 3
[2022-12-11 19:43:31] [SEVERE ] placing card 78 in slot 4
[2022-12-11 19:43:31] [SEVERE ] placing card 70 in slot 5
[2022-12-11 19:43:31] [SEVERE ] placing card 20 in slot 6
[2022-12-11 19:43:31] [SEVERE ] placing card 60 in slot 7
[2022-12-11 19:43:31] [SEVERE ] placing card 0 in slot 8
[2022-12-11 19:43:32] [SEVERE ] placing card 75 in slot 9
[2022-12-11 19:43:32] [SEVERE ] placing card 8 in slot 10
[2022-12-11 19:43:32] [SEVERE ] placing card 15 in slot 11
[2022-12-11 19:43:32] [INFO   ] Thread Thread-4starting.
[2022-12-11 19:43:32] [INFO   ] Thread Thread-5starting.
[2022-12-11 19:44:32] [SEVERE ] removing card from slot 0
[2022-12-11 19:44:32] [SEVERE ] removing card from slot 1
[2022-12-11 19:44:32] [SEVERE ] removing card from slot 2
[2022-12-11 19:44:32] [SEVERE ] removing card from slot 3
[2022-12-11 19:44:32] [SEVERE ] removing card from slot 4
[2022-12-11 19:44:32] [SEVERE ] removing card from slot 5
[2022-12-11 19:44:32] [SEVERE ] removing card from slot 6
[2022-12-11 19:44:33] [SEVERE ] removing card from slot 7
[2022-12-11 19:44:33] [SEVERE ] removing card from slot 8
[2022-12-11 19:44:33] [SEVERE ] removing card from slot 9
[2022-12-11 19:44:33] [SEVERE ] removing card from slot 10
[2022-12-11 19:44:33] [SEVERE ] removing card from slot 11
[2022-12-11 19:44:33] [SEVERE ] placing card 71 in slot 0
[2022-12-11 19:44:33] [SEVERE ] placing card 69 in slot 1
[2022-12-11 19:44:33] [SEVERE ] placing card 0 in slot 2
[2022-12-11 19:44:33] [SEVERE ] placing card 46 in slot 3
[2022-12-11 19:44:34] [SEVERE ] placing card 23 in slot 4
[2022-12-11 19:44:34] [SEVERE ] placing card 61 in slot 5
[2022-12-11 19:44:34] [SEVERE ] placing card 54 in slot 6
[2022-12-11 19:44:34] [SEVERE ] placing card 28 in slot 7
[2022-12-11 19:44:34] [SEVERE ] placing card 45 in slot 8
[2022-12-11 19:44:34] [SEVERE ] placing card 66 in slot 9
[2022-12-11 19:44:34] [SEVERE ] placing card 39 in slot 10
[2022-12-11 19:44:34] [SEVERE ] placing card 70 in slot 11
[2022-12-11 19:44:34] [INFO   ] Thread Thread-6starting.
[2022-12-11 19:44:34] [INFO   ] Thread Thread-7starting.
[2022-12-11 19:45:34] [SEVERE ] removing card from slot 0
[2022-12-11 19:45:35] [SEVERE ] removing card from slot 1
[2022-12-11 19:45:35] [SEVERE ] removing card from slot 2
[2022-12-11 19:45:35] [SEVERE ] removing card from slot 3
[2022-12-11 19:45:35] [SEVERE ] removing card from slot 4
[2022-12-11 19:45:35] [SEVERE ] removing card from slot 5
[2022-12-11 19:45:35] [SEVERE ] removing card from slot 6
[2022-12-11 19:45:35] [SEVERE ] removing card from slot 7
[2022-12-11 19:45:35] [SEVERE ] removing card from slot 8
[2022-12-11 19:45:35] [SEVERE ] removing card from slot 9
[2022-12-11 19:45:36] [SEVERE ] removing card from slot 10
[2022-12-11 19:45:36] [SEVERE ] removing card from slot 11
[2022-12-11 19:45:36] [SEVERE ] placing card 21 in slot 0
[2022-12-11 19:45:36] [SEVERE ] placing card 61 in slot 1
[2022-12-11 19:45:36] [SEVERE ] placing card 22 in slot 2
[2022-12-11 19:45:36] [SEVERE ] placing card 52 in slot 3
[2022-12-11 19:45:36] [SEVERE ] placing card 68 in slot 4
[2022-12-11 19:45:36] [SEVERE ] placing card 25 in slot 5
[2022-12-11 19:45:36] [SEVERE ] placing card 23 in slot 6
[2022-12-11 19:45:37] [SEVERE ] placing card 5 in slot 7
[2022-12-11 19:45:37] [SEVERE ] placing card 53 in slot 8
[2022-12-11 19:45:37] [SEVERE ] placing card 54 in slot 9
[2022-12-11 19:45:37] [SEVERE ] placing card 0 in slot 10
[2022-12-11 19:45:37] [SEVERE ] placing card 49 in slot 11
[2022-12-11 19:45:37] [INFO   ] Thread Thread-8starting.
[2022-12-11 19:45:37] [INFO   ] Thread Thread-9starting.
[2022-12-11 19:46:37] [SEVERE ] removing card from slot 0
[2022-12-11 19:46:37] [SEVERE ] removing card from slot 1
[2022-12-11 19:46:37] [SEVERE ] removing card from slot 2
[2022-12-11 19:46:37] [SEVERE ] removing card from slot 3
[2022-12-11 19:46:38] [SEVERE ] removing card from slot 4
[2022-12-11 19:46:38] [SEVERE ] removing card from slot 5
[2022-12-11 19:46:38] [SEVERE ] removing card from slot 6
[2022-12-11 19:46:38] [SEVERE ] removing card from slot 7
[2022-12-11 19:46:38] [SEVERE ] removing card from slot 8
[2022-12-11 19:46:38] [SEVERE ] removing card from slot 9
[2022-12-11 19:46:38] [SEVERE ] removing card from slot 10
[2022-12-11 19:46:38] [SEVERE ] removing card from slot 11
[2022-12-11 19:46:38] [SEVERE ] placing card 25 in slot 0
[2022-12-11 19:46:39] [SEVERE ] placing card 55 in slot 1
[2022-12-11 19:46:39] [SEVERE ] placing card 70 in slot 2
[2022-12-11 19:46:39] [SEVERE ] placing card 76 in slot 3
[2022-12-11 19:46:39] [SEVERE ] placing card 61 in slot 4
[2022-12-11 19:46:39] [SEVERE ] placing card 41 in slot 5
[2022-12-11 19:46:39] [SEVERE ] placing card 33 in slot 6
[2022-12-11 19:46:39] [SEVERE ] placing card 30 in slot 7
[2022-12-11 19:46:39] [SEVERE ] placing card 11 in slot 8
[2022-12-11 19:46:39] [SEVERE ] placing card 64 in slot 9
[2022-12-11 19:46:40] [SEVERE ] placing card 78 in slot 10
[2022-12-11 19:46:40] [SEVERE ] placing card 26 in slot 11
[2022-12-11 19:46:40] [INFO   ] Thread Thread-11starting.
[2022-12-11 19:46:40] [INFO   ] Thread Thread-10starting.
[2022-12-11 19:47:40] [SEVERE ] removing card from slot 0
[2022-12-11 19:47:40] [SEVERE ] removing card from slot 1
[2022-12-11 19:47:40] [SEVERE ] removing card from slot 2
[2022-12-11 19:47:40] [SEVERE ] removing card from slot 3
[2022-12-11 19:47:40] [SEVERE ] removing card from slot 4
[2022-12-11 19:47:40] [SEVERE ] removing card from slot 5
[2022-12-11 19:47:40] [SEVERE ] removing card from slot 6
[2022-12-11 19:47:40] [SEVERE ] removing card from slot 7
[2022-12-11 19:47:41] [SEVERE ] removing card from slot 8
[2022-12-11 19:47:41] [SEVERE ] removing card from slot 9
[2022-12-11 19:47:41] [SEVERE ] removing card from slot 10
[2022-12-11 19:47:41] [SEVERE ] removing card from slot 11
[2022-12-11 19:47:41] [SEVERE ] placing card 36 in slot 0
[2022-12-11 19:47:41] [SEVERE ] placing card 23 in slot 1
[2022-12-11 19:47:41] [SEVERE ] placing card 53 in slot 2
[2022-12-11 19:47:41] [SEVERE ] placing card 73 in slot 3
[2022-12-11 19:47:41] [SEVERE ] placing card 77 in slot 4
[2022-12-11 19:47:42] [SEVERE ] placing card 64 in slot 5
[2022-12-11 19:47:42] [SEVERE ] placing card 22 in slot 6
[2022-12-11 19:47:42] [SEVERE ] placing card 37 in slot 7
[2022-12-11 19:47:42] [SEVERE ] placing card 17 in slot 8
[2022-12-11 19:47:42] [SEVERE ] placing card 25 in slot 9
[2022-12-11 19:47:42] [SEVERE ] placing card 78 in slot 10
[2022-12-11 19:47:42] [SEVERE ] placing card 5 in slot 11
[2022-12-11 19:47:42] [INFO   ] Thread Thread-12starting.
[2022-12-11 19:47:42] [INFO   ] Thread Thread-13starting.
[2022-12-11 19:48:42] [SEVERE ] removing card from slot 0
[2022-12-11 19:48:42] [SEVERE ] removing card from slot 1
[2022-12-11 19:48:43] [SEVERE ] removing card from slot 2
[2022-12-11 19:48:43] [SEVERE ] removing card from slot 3
[2022-12-11 19:48:43] [SEVERE ] removing card from slot 4
[2022-12-11 19:48:43] [SEVERE ] removing card from slot 5
[2022-12-11 19:48:43] [SEVERE ] removing card from slot 6
[2022-12-11 19:48:43] [SEVERE ] removing card from slot 7
[2022-12-11 19:48:43] [SEVERE ] removing card from slot 8
[2022-12-11 19:48:43] [SEVERE ] removing card from slot 9
[2022-12-11 19:48:43] [SEVERE ] removing card from slot 10
[2022-12-11 19:48:44] [SEVERE ] removing card from slot 11
[2022-12-11 19:48:44] [SEVERE ] placing card 36 in slot 0
[2022-12-11 19:48:44] [SEVERE ] placing card 69 in slot 1
[2022-12-11 19:48:44] [SEVERE ] placing card 77 in slot 2
[2022-12-11 19:48:44] [SEVERE ] placing card 46 in slot 3
[2022-12-11 19:48:44] [SEVERE ] placing card 13 in slot 4
[2022-12-11 19:48:44] [SEVERE ] placing card 40 in slot 5
[2022-12-11 19:48:44] [SEVERE ] placing card 70 in slot 6
[2022-12-11 19:48:44] [SEVERE ] placing card 6 in slot 7
[2022-12-11 19:48:45] [SEVERE ] placing card 39 in slot 8
[2022-12-11 19:48:45] [SEVERE ] placing card 62 in slot 9
[2022-12-11 19:48:45] [SEVERE ] placing card 54 in slot 10
[2022-12-11 19:48:45] [SEVERE ] placing card 27 in slot 11
[2022-12-11 19:48:45] [INFO   ] Thread Thread-14starting.
[2022-12-11 19:48:45] [INFO   ] Thread Thread-15starting.
[2022-12-11 19:49:45] [SEVERE ] removing card from slot 0
[2022-12-11 19:49:45] [SEVERE ] removing card from slot 1
[2022-12-11 19:49:45] [SEVERE ] removing card from slot 2
[2022-12-11 19:49:45] [SEVERE ] removing card from slot 3
[2022-12-11 19:49:45] [SEVERE ] removing card from slot 4
[2022-12-11 19:49:46] [SEVERE ] removing card from slot 5
[2022-12-11 19:49:46] [SEVERE ] removing card from slot 6
[2022-12-11 19:49:46] [SEVERE ] removing card from slot 7
[2022-12-11 19:49:46] [SEVERE ] removing card from slot 8
[2022-12-11 19:49:46] [SEVERE ] removing card from slot 9
[2022-12-11 19:49:46] [SEVERE ] removing card from slot 10
[2022-12-11 19:49:46] [SEVERE ] removing card from slot 11
[2022-12-11 19:49:46] [SEVERE ] placing card 72 in slot 0
[2022-12-11 19:49:46] [SEVERE ] placing card 26 in slot 1
[2022-12-11 19:49:47] [SEVERE ] placing card 75 in slot 2
[2022-12-11 19:49:47] [SEVERE ] placing card 13 in slot 3
[2022-12-11 19:49:47] [SEVERE ] placing card 53 in slot 4
[2022-12-11 19:49:47] [SEVERE ] placing card 59 in slot 5
[2022-12-11 19:49:47] [SEVERE ] placing card 78 in slot 6
[2022-12-11 19:49:47] [SEVERE ] placing card 62 in slot 7
[2022-12-11 19:49:47] [SEVERE ] placing card 76 in slot 8
[2022-12-11 19:49:47] [SEVERE ] placing card 68 in slot 9
[2022-12-11 19:49:47] [SEVERE ] placing card 36 in slot 10
[2022-12-11 19:49:47] [SEVERE ] placing card 39 in slot 11
[2022-12-11 19:49:47] [INFO   ] Thread Thread-16starting.
[2022-12-11 19:49:47] [INFO   ] Thread Thread-17starting.
[2022-12-11 19:50:48] [SEVERE ] removing card from slot 0
[2022-12-11 19:50:48] [SEVERE ] removing card from slot 1
[2022-12-11 19:50:48] [SEVERE ] removing card from slot 2
[2022-12-11 19:50:48] [SEVERE ] removing card from slot 3
[2022-12-11 19:50:48] [SEVERE ] removing card from slot 4
[2022-12-11 19:50:48] [SEVERE ] removing card from slot 5
[2022-12-11 19:50:48] [SEVERE ] removing card from slot 6
[2022-12-11 19:50:48] [SEVERE ] removing card from slot 7
[2022-12-11 19:50:48] [SEVERE ] removing card from slot 8
[2022-12-11 19:50:49] [SEVERE ] removing card from slot 9
[2022-12-11 19:50:49] [SEVERE ] removing card from slot 10
[2022-12-11 19:50:49] [SEVERE ] removing card from slot 11
[2022-12-11 19:50:49] [SEVERE ] placing card 34 in slot 0
[2022-12-11 19:50:49] [SEVERE ] placing card 71 in slot 1
[2022-12-11 19:50:49] [SEVERE ] placing card 60 in slot 2
[2022-12-11 19:50:49] [SEVERE ] placing card 42 in slot 3
[2022-12-11 19:50:49] [SEVERE ] placing card 3 in slot 4
[2022-12-11 19:50:49] [SEVERE ] placing card 22 in slot 5
[2022-12-11 19:50:50] [SEVERE ] placing card 76 in slot 6
[2022-12-11 19:50:50] [SEVERE ] placing card 79 in slot 7
[2022-12-11 19:50:50] [SEVERE ] placing card 61 in slot 8
[2022-12-11 19:50:50] [SEVERE ] placing card 21 in slot 9
[2022-12-11 19:50:50] [SEVERE ] placing card 17 in slot 10
[2022-12-11 19:50:50] [SEVERE ] placing card 55 in slot 11
[2022-12-11 19:50:50] [INFO   ] Thread Thread-18starting.
[2022-12-11 19:50:50] [INFO   ] Thread Thread-19starting.
[2022-12-11 19:51:50] [SEVERE ] removing card from slot 0
[2022-12-11 19:51:50] [SEVERE ] removing card from slot 1
[2022-12-11 19:51:50] [SEVERE ] removing card from slot 2
[2022-12-11 19:51:51] [SEVERE ] removing card from slot 3
[2022-12-11 19:51:51] [SEVERE ] removing card from slot 4
[2022-12-11 19:51:51] [SEVERE ] removing card from slot 5
[2022-12-11 19:51:51] [SEVERE ] removing card from slot 6
[2022-12-11 19:51:51] [SEVERE ] removing card from slot 7
[2022-12-11 19:51:51] [SEVERE ] removing card from slot 8
[2022-12-11 19:51:51] [SEVERE ] removing card from slot 9
[2022-12-11 19:51:51] [SEVERE ] removing card from slot 10
[2022-12-11 19:51:51] [SEVERE ] removing card from slot 11
[2022-12-11 19:51:52] [SEVERE ] placing card 41 in slot 0
[2022-12-11 19:51:52] [SEVERE ] placing card 72 in slot 1
[2022-12-11 19:51:52] [SEVERE ] placing card 8 in slot 2
[2022-12-11 19:51:52] [SEVERE ] placing card 12 in slot 3
[2022-12-11 19:51:52] [SEVERE ] placing card 6 in slot 4
[2022-12-11 19:51:52] [SEVERE ] placing card 22 in slot 5
[2022-12-11 19:51:52] [SEVERE ] placing card 71 in slot 6
[2022-12-11 19:51:52] [SEVERE ] placing card 61 in slot 7
[2022-12-11 19:51:52] [SEVERE ] placing card 49 in slot 8
[2022-12-11 19:51:53] [SEVERE ] placing card 44 in slot 9
[2022-12-11 19:51:53] [SEVERE ] placing card 4 in slot 10
[2022-12-11 19:51:53] [SEVERE ] placing card 3 in slot 11
[2022-12-11 19:51:53] [INFO   ] Thread Thread-20starting.
[2022-12-11 19:51:53] [INFO   ] Thread Thread-21starting.
[2022-12-11 19:52:53] [SEVERE ] removing card from slot 0
[2022-12-11 19:52:53] [SEVERE ] removing card from slot 1
[2022-12-11 19:52:53] [SEVERE ] removing card from slot 2
[2022-12-11 19:52:53] [SEVERE ] removing card from slot 3
[2022-12-11 19:52:53] [SEVERE ] removing card from slot 4
[2022-12-11 19:52:53] [SEVERE ] removing card from slot 5
[2022-12-11 19:52:54] [SEVERE ] removing card from slot 6
[2022-12-11 19:52:54] [SEVERE ] removing card from slot 7
[2022-12-11 19:52:54] [SEVERE ] removing card from slot 8
[2022-12-11 19:52:54] [SEVERE ] removing card from slot 9
[2022-12-11 19:52:54] [SEVERE ] removing card from slot 10
[2022-12-11 19:52:54] [SEVERE ] removing card from slot 11
[2022-12-11 19:52:54] [SEVERE ] placing card 35 in slot 0
[2022-12-11 19:52:54] [SEVERE ] placing card 23 in slot 1
[2022-12-11 19:52:54] [SEVERE ] placing card 48 in slot 2
[2022-12-11 19:52:54] [SEVERE ] placing card 79 in slot 3
[2022-12-11 19:52:55] [SEVERE ] placing card 15 in slot 4
[2022-12-11 19:52:55] [SEVERE ] placing card 22 in slot 5
[2022-12-11 19:52:55] [SEVERE ] placing card 34 in slot 6
[2022-12-11 19:52:55] [SEVERE ] placing card 0 in slot 7
[2022-12-11 19:52:55] [SEVERE ] placing card 12 in slot 8
[2022-12-11 19:52:55] [SEVERE ] placing card 4 in slot 9
[2022-12-11 19:52:55] [SEVERE ] placing card 37 in slot 10
[2022-12-11 19:52:55] [SEVERE ] placing card 41 in slot 11
[2022-12-11 19:52:55] [INFO   ] Thread Thread-22starting.
[2022-12-11 19:52:55] [INFO   ] Thread Thread-23starting.
[2022-12-11 19:53:55] [SEVERE ] removing card from slot 0
[2022-12-11 19:53:56] [SEVERE ] removing card from slot 1
[2022-12-11 19:53:56] [SEVERE ] removing card from slot 2
[2022-12-11 19:53:56] [SEVERE ] removing card from slot 3
[2022-12-11 19:53:56] [SEVERE ] removing card from slot 4
[2022-12-11 19:53:56] [SEVERE ] removing card from slot 5
[2022-12-11 19:53:56] [SEVERE ] removing card from slot 6
[2022-12-11 19:53:56] [SEVERE ] removing card from slot 7
[2022-12-11 19:53:56] [SEVERE ] removing card from slot 8
[2022-12-11 19:53:56] [SEVERE ] removing card from slot 9
[2022-12-11 19:53:57] [SEVERE ] removing card from slot 10
[2022-12-11 19:53:57] [SEVERE ] removing card from slot 11
[2022-12-11 19:53:57] [SEVERE ] placing card 8 in slot 0
[2022-12-11 19:53:57] [SEVERE ] placing card 24 in slot 1
[2022-12-11 19:53:57] [SEVERE ] placing card 3 in slot 2
[2022-12-11 19:53:57] [SEVERE ] placing card 15 in slot 3
[2022-12-11 19:53:57] [SEVERE ] placing card 5 in slot 4
[2022-12-11 19:53:57] [SEVERE ] placing card 25 in slot 5
[2022-12-11 19:53:57] [SEVERE ] placing card 30 in slot 6
[2022-12-11 19:53:58] [SEVERE ] placing card 36 in slot 7
[2022-12-11 19:53:58] [SEVERE ] placing card 20 in slot 8
[2022-12-11 19:53:58] [SEVERE ] placing card 6 in slot 9
[2022-12-11 19:53:58] [SEVERE ] placing card 16 in slot 10
[2022-12-11 19:53:58] [SEVERE ] placing card 21 in slot 11
[2022-12-11 19:53:58] [INFO   ] Thread Thread-24starting.
[2022-12-11 19:53:58] [INFO   ] Thread Thread-25starting.
[2022-12-11 19:54:58] [SEVERE ] removing card from slot 0
[2022-12-11 19:54:58] [SEVERE ] removing card from slot 1
[2022-12-11 19:54:58] [SEVERE ] removing card from slot 2
[2022-12-11 19:54:58] [SEVERE ] removing card from slot 3
[2022-12-11 19:54:59] [SEVERE ] removing card from slot 4
[2022-12-11 19:54:59] [SEVERE ] removing card from slot 5
[2022-12-11 19:54:59] [SEVERE ] removing card from slot 6
[2022-12-11 19:54:59] [SEVERE ] removing card from slot 7
[2022-12-11 19:54:59] [SEVERE ] removing card from slot 8
[2022-12-11 19:54:59] [SEVERE ] removing card from slot 9
[2022-12-11 19:54:59] [SEVERE ] removing card from slot 10
[2022-12-11 19:54:59] [SEVERE ] removing card from slot 11
[2022-12-11 19:54:59] [SEVERE ] placing card 78 in slot 0
[2022-12-11 19:55:00] [SEVERE ] placing card 64 in slot 1
[2022-12-11 19:55:00] [SEVERE ] placing card 37 in slot 2
[2022-12-11 19:55:00] [SEVERE ] placing card 65 in slot 3
[2022-12-11 19:55:00] [SEVERE ] placing card 59 in slot 4
[2022-12-11 19:55:00] [SEVERE ] placing card 8 in slot 5
[2022-12-11 19:55:00] [SEVERE ] placing card 72 in slot 6
[2022-12-11 19:55:00] [SEVERE ] placing card 71 in slot 7
[2022-12-11 19:55:00] [SEVERE ] placing card 69 in slot 8
[2022-12-11 19:55:00] [SEVERE ] placing card 61 in slot 9
[2022-12-11 19:55:01] [SEVERE ] placing card 31 in slot 10
[2022-12-11 19:55:01] [SEVERE ] placing card 75 in slot 11
[2022-12-11 19:55:01] [INFO   ] Thread Thread-26starting.
[2022-12-11 19:55:01] [INFO   ] Thread Thread-27starting.
[2022-12-11 19:56:01] [SEVERE ] removing card from slot 0
[2022-12-11 19:56:01] [SEVERE ] removing card from slot 1
[2022-12-11 19:56:01] [SEVERE ] removing card from slot 2
[2022-12-11 19:56:01] [SEVERE ] removing card from slot 3
[2022-12-11 19:56:01] [SEVERE ] removing card from slot 4
[2022-12-11 19:56:01] [SEVERE ] removing card from slot 5
[2022-12-11 19:56:01] [SEVERE ] removing card from slot 6
[2022-12-11 19:56:02] [SEVERE ] removing card from slot 7
[2022-12-11 19:56:02] [SEVERE ] removing card from slot 8
[2022-12-11 19:56:02] [SEVERE ] removing card from slot 9
[2022-12-11 19:56:02] [SEVERE ] removing card from slot 10
[2022-12-11 19:56:02] [SEVERE ] removing card from slot 11
[2022-12-11 19:56:02] [SEVERE ] placing card 72 in slot 0
[2022-12-11 19:56:02] [SEVERE ] placing card 45 in slot 1
[2022-12-11 19:56:02] [SEVERE ] placing card 77 in slot 2
[2022-12-11 19:56:02] [SEVERE ] placing card 67 in slot 3
[2022-12-11 19:56:02] [SEVERE ] placing card 74 in slot 4
[2022-12-11 19:56:03] [SEVERE ] placing card 2 in slot 5
[2022-12-11 19:56:03] [SEVERE ] placing card 49 in slot 6
[2022-12-11 19:56:03] [SEVERE ] placing card 69 in slot 7
[2022-12-11 19:56:03] [SEVERE ] placing card 76 in slot 8
[2022-12-11 19:56:03] [SEVERE ] placing card 15 in slot 9
[2022-12-11 19:56:03] [SEVERE ] placing card 79 in slot 10
[2022-12-11 19:56:03] [SEVERE ] placing card 64 in slot 11
[2022-12-11 19:56:03] [INFO   ] Thread Thread-28starting.
[2022-12-11 19:56:03] [INFO   ] Thread Thread-29starting.
[2022-12-11 19:57:03] [SEVERE ] removing card from slot 0
[2022-12-11 19:57:03] [SEVERE ] removing card from slot 1
[2022-12-11 19:57:04] [SEVERE ] removing card from slot 2
[2022-12-11 19:57:04] [SEVERE ] removing card from slot 3
[2022-12-11 19:57:04] [SEVERE ] removing card from slot 4
[2022-12-11 19:57:04] [SEVERE ] removing card from slot 5
[2022-12-11 19:57:04] [SEVERE ] removing card from slot 6
[2022-12-11 19:57:04] [SEVERE ] removing card from slot 7
[2022-12-11 19:57:04] [SEVERE ] removing card from slot 8
[2022-12-11 19:57:04] [SEVERE ] removing card from slot 9
[2022-12-11 19:57:04] [SEVERE ] removing card from slot 10
[2022-12-11 19:57:05] [SEVERE ] removing card from slot 11
[2022-12-11 19:57:05] [SEVERE ] placing card 68 in slot 0
[2022-12-11 19:57:05] [SEVERE ] placing card 9 in slot 1
[2022-12-11 19:57:05] [SEVERE ] placing card 33 in slot 2
[2022-12-11 19:57:05] [SEVERE ] placing card 2 in slot 3
[2022-12-11 19:57:05] [SEVERE ] placing card 50 in slot 4
[2022-12-11 19:57:05] [SEVERE ] placing card 49 in slot 5
[2022-12-11 19:57:05] [SEVERE ] placing card 51 in slot 6
[2022-12-11 19:57:05] [SEVERE ] placing card 35 in slot 7
[2022-12-11 19:57:06] [SEVERE ] placing card 39 in slot 8
[2022-12-11 19:57:06] [SEVERE ] placing card 46 in slot 9
[2022-12-11 19:57:06] [SEVERE ] placing card 47 in slot 10
[2022-12-11 19:57:06] [SEVERE ] placing card 21 in slot 11
[2022-12-11 19:57:06] [INFO   ] Thread Thread-30starting.
[2022-12-11 19:57:06] [INFO   ] Thread Thread-31starting.
[2022-12-11 19:58:06] [SEVERE ] removing card from slot 0
[2022-12-11 19:58:06] [SEVERE ] removing card from slot 1
[2022-12-11 19:58:06] [SEVERE ] removing card from slot 2
[2022-12-11 19:58:06] [SEVERE ] removing card from slot 3
[2022-12-11 19:58:06] [SEVERE ] removing card from slot 4
[2022-12-11 19:58:07] [SEVERE ] removing card from slot 5
[2022-12-11 19:58:07] [SEVERE ] removing card from slot 6
[2022-12-11 19:58:07] [SEVERE ] removing card from slot 7
[2022-12-11 19:58:07] [SEVERE ] removing card from slot 8
[2022-12-11 19:58:07] [SEVERE ] removing card from slot 9
[2022-12-11 19:58:07] [SEVERE ] removing card from slot 10
[2022-12-11 19:58:07] [SEVERE ] removing card from slot 11
[2022-12-11 19:58:07] [SEVERE ] placing card 73 in slot 0
[2022-12-11 19:58:07] [SEVERE ] placing card 53 in slot 1
[2022-12-11 19:58:08] [SEVERE ] placing card 44 in slot 2
[2022-12-11 19:58:08] [SEVERE ] placing card 33 in slot 3
[2022-12-11 19:58:08] [SEVERE ] placing card 41 in slot 4
[2022-12-11 19:58:08] [SEVERE ] placing card 27 in slot 5
[2022-12-11 19:58:08] [SEVERE ] placing card 64 in slot 6
[2022-12-11 19:58:08] [SEVERE ] placing card 59 in slot 7
[2022-12-11 19:58:08] [SEVERE ] placing card 16 in slot 8
[2022-12-11 19:58:08] [SEVERE ] placing card 4 in slot 9
[2022-12-11 19:58:08] [SEVERE ] placing card 76 in slot 10
[2022-12-11 19:58:09] [SEVERE ] placing card 79 in slot 11
[2022-12-11 19:58:09] [INFO   ] Thread Thread-32starting.
[2022-12-11 19:58:09] [INFO   ] Thread Thread-33starting.
[2022-12-11 19:59:09] [SEVERE ] removing card from slot 0
[2022-12-11 19:59:09] [SEVERE ] removing card from slot 1
[2022-12-11 19:59:09] [SEVERE ] removing card from slot 2
[2022-12-11 19:59:09] [SEVERE ] removing card from slot 3
[2022-12-11 19:59:09] [SEVERE ] removing card from slot 4
[2022-12-11 19:59:09] [SEVERE ] removing card from slot 5
[2022-12-11 19:59:09] [SEVERE ] removing card from slot 6
[2022-12-11 19:59:09] [SEVERE ] removing card from slot 7
[2022-12-11 19:59:09] [SEVERE ] removing card from slot 8
[2022-12-11 19:59:10] [SEVERE ] removing card from slot 9
[2022-12-11 19:59:10] [SEVERE ] removing card from slot 10
[2022-12-11 19:59:10] [SEVERE ] removing card from slot 11
[2022-12-11 19:59:10] [SEVERE ] placing card 71 in slot 0
[2022-12-11 19:59:10] [SEVERE ] placing card 44 in slot 1
[2022-12-11 19:59:10] [SEVERE ] placing card 27 in slot 2
[2022-12-11 19:59:10] [SEVERE ] placing card 11 in slot 3
[2022-12-11 19:59:10] [SEVERE ] placing card 45 in slot 4
[2022-12-11 19:59:10] [SEVERE ] placing card 69 in slot 5
[2022-12-11 19:59:11] [SEVERE ] placing card 23 in slot 6
[2022-12-11 19:59:11] [SEVERE ] placing card 17 in slot 7
[2022-12-11 19:59:11] [SEVERE ] placing card 70 in slot 8
[2022-12-11 19:59:11] [SEVERE ] placing card 72 in slot 9
[2022-12-11 19:59:11] [SEVERE ] placing card 4 in slot 10
[2022-12-11 19:59:11] [SEVERE ] placing card 32 in slot 11
[2022-12-11 19:59:11] [INFO   ] Thread Thread-34starting.
[2022-12-11 19:59:11] [INFO   ] Thread Thread-35starting.
[2022-12-11 20:00:11] [SEVERE ] removing card from slot 0
[2022-12-11 20:00:11] [SEVERE ] removing card from slot 1
[2022-12-11 20:00:11] [SEVERE ] removing card from slot 2
[2022-12-11 20:00:12] [SEVERE ] removing card from slot 3
[2022-12-11 20:00:12] [SEVERE ] removing card from slot 4
[2022-12-11 20:00:12] [SEVERE ] removing card from slot 5
[2022-12-11 20:00:12] [SEVERE ] removing card from slot 6
[2022-12-11 20:00:12] [SEVERE ] removing card from slot 7
[2022-12-11 20:00:12] [SEVERE ] removing card from slot 8
[2022-12-11 20:00:12] [SEVERE ] removing card from slot 9
[2022-12-11 20:00:12] [SEVERE ] removing card from slot 10
[2022-12-11 20:00:12] [SEVERE ] removing card from slot 11
[2022-12-11 20:00:13] [SEVERE ] placing card 37 in slot 0
[2022-12-11 20:00:13] [SEVERE ] placing card 72 in slot 1
[2022-12-11 20:00:13] [SEVERE ] placing card 67 in slot 2
[2022-12-11 20:00:13] [SEVERE ] placing card 26 in slot 3
[2022-12-11 20:00:13] [SEVERE ] placing card 68 in slot 4
[2022-12-11 20:00:13] [SEVERE ] placing card 9 in slot 5
[2022-12-11 20:00:13] [SEVERE ] placing card 13 in slot 6
[2022-12-11 20:00:13] [SEVERE ] placing card 36 in slot 7
[2022-12-11 20:00:13] [SEVERE ] placing card 17 in slot 8
[2022-12-11 20:00:14] [SEVERE ] placing card 3 in slot 9
[2022-12-11 20:00:14] [SEVERE ] placing card 16 in slot 10
[2022-12-11 20:00:14] [SEVERE ] placing card 65 in slot 11
[2022-12-11 20:00:14] [INFO   ] Thread Thread-36starting.
[2022-12-11 20:00:14] [INFO   ] Thread Thread-37starting.
[2022-12-11 20:01:14] [SEVERE ] removing card from slot 0
[2022-12-11 20:01:14] [SEVERE ] removing card from slot 1
[2022-12-11 20:01:14] [SEVERE ] removing card from slot 2
[2022-12-11 20:01:14] [SEVERE ] removing card from slot 3
[2022-12-11 20:01:14] [SEVERE ] removing card from slot 4
[2022-12-11 20:01:14] [SEVERE ] removing card from slot 5
[2022-12-11 20:01:15] [SEVERE ] removing card from slot 6
[2022-12-11 20:01:15] [SEVERE ] removing card from slot 7
[2022-12-11 20:01:15] [SEVERE ] removing card from slot 8
[2022-12-11 20:01:15] [SEVERE ] removing card from slot 9
[2022-12-11 20:01:15] [SEVERE ] removing card from slot 10
[2022-12-11 20:01:15] [SEVERE ] removing card from slot 11
[2022-12-11 20:01:15] [SEVERE ] placing card 50 in slot 0
[2022-12-11 20:01:15] [SEVERE ] placing card 34 in slot 1
[2022-12-11 20:01:15] [SEVERE ] placing card 53 in slot 2
[2022-12-11 20:01:16] [SEVERE ] placing card 49 in slot 3
[2022-12-11 20:01:16] [SEVERE ] placing card 52 in slot 4
[2022-12-11 20:01:16] [SEVERE ] placing card 46 in slot 5
[2022-12-11 20:01:16] [SEVERE ] placing card 36 in slot 6
[2022-12-11 20:01:16] [SEVERE ] placing card 74 in slot 7
[2022-12-11 20:01:16] [SEVERE ] placing card 29 in slot 8
[2022-12-11 20:01:16] [SEVERE ] placing card 15 in slot 9
[2022-12-11 20:01:16] [SEVERE ] placing card 78 in slot 10
[2022-12-11 20:01:16] [SEVERE ] placing card 66 in slot 11
[2022-12-11 20:01:16] [INFO   ] Thread Thread-38starting.
[2022-12-11 20:01:16] [INFO   ] Thread Thread-39starting.
[2022-12-11 20:02:17] [SEVERE ] removing card from slot 0
[2022-12-11 20:02:17] [SEVERE ] removing card from slot 1
[2022-12-11 20:02:17] [SEVERE ] removing card from slot 2
[2022-12-11 20:02:17] [SEVERE ] removing card from slot 3
[2022-12-11 20:02:17] [SEVERE ] removing card from slot 4
[2022-12-11 20:02:17] [SEVERE ] removing card from slot 5
[2022-12-11 20:02:17] [SEVERE ] removing card from slot 6
[2022-12-11 20:02:17] [SEVERE ] removing card from slot 7
[2022-12-11 20:02:17] [SEVERE ] removing card from slot 8
[2022-12-11 20:02:17] [SEVERE ] removing card from slot 9
[2022-12-11 20:02:18] [SEVERE ] removing card from slot 10
[2022-12-11 20:02:18] [SEVERE ] removing card from slot 11
[2022-12-11 20:02:18] [SEVERE ] placing card 4 in slot 0
[2022-12-11 20:02:18] [SEVERE ] placing card 71 in slot 1
[2022-12-11 20:02:18] [SEVERE ] placing card 32 in slot 2
[2022-12-11 20:02:18] [SEVERE ] placing card 28 in slot 3
[2022-12-11 20:02:18] [SEVERE ] placing card 13 in slot 4
[2022-12-11 20:02:18] [SEVERE ] placing card 5 in slot 5
[2022-12-11 20:02:18] [SEVERE ] placing card 48 in slot 6
[2022-12-11 20:02:19] [SEVERE ] placing card 70 in slot 7
[2022-12-11 20:02:19] [SEVERE ] placing card 34 in slot 8
[2022-12-11 20:02:19] [SEVERE ] placing card 33 in slot 9
[2022-12-11 20:02:19] [SEVERE ] placing card 29 in slot 10
[2022-12-11 20:02:19] [SEVERE ] placing card 39 in slot 11
[2022-12-11 20:02:19] [INFO   ] Thread Thread-40starting.
[2022-12-11 20:02:19] [INFO   ] Thread Thread-41starting.
[2022-12-11 20:03:19] [SEVERE ] removing card from slot 0
[2022-12-11 20:03:19] [SEVERE ] removing card from slot 1
[2022-12-11 20:03:19] [SEVERE ] removing card from slot 2
[2022-12-11 20:03:19] [SEVERE ] removing card from slot 3
[2022-12-11 20:03:20] [SEVERE ] removing card from slot 4
[2022-12-11 20:03:20] [SEVERE ] removing card from slot 5
[2022-12-11 20:03:20] [SEVERE ] removing card from slot 6
[2022-12-11 20:03:20] [SEVERE ] removing card from slot 7
[2022-12-11 20:03:20] [SEVERE ] removing card from slot 8
[2022-12-11 20:03:20] [SEVERE ] removing card from slot 9
[2022-12-11 20:03:20] [SEVERE ] removing card from slot 10
[2022-12-11 20:03:20] [SEVERE ] removing card from slot 11
[2022-12-11 20:03:20] [SEVERE ] placing card 36 in slot 0
[2022-12-11 20:03:21] [SEVERE ] placing card 4 in slot 1
[2022-12-11 20:03:21] [SEVERE ] placing card 44 in slot 2
[2022-12-11 20:03:21] [SEVERE ] placing card 65 in slot 3
[2022-12-11 20:03:21] [SEVERE ] placing card 35 in slot 4
[2022-12-11 20:03:21] [SEVERE ] placing card 32 in slot 5
[2022-12-11 20:03:21] [SEVERE ] placing card 52 in slot 6
[2022-12-11 20:03:21] [SEVERE ] placing card 71 in slot 7
[2022-12-11 20:03:21] [SEVERE ] placing card 46 in slot 8
[2022-12-11 20:03:21] [SEVERE ] placing card 45 in slot 9
[2022-12-11 20:03:22] [SEVERE ] placing card 5 in slot 10
[2022-12-11 20:03:22] [SEVERE ] placing card 28 in slot 11
[2022-12-11 20:03:22] [INFO   ] Thread Thread-42starting.
[2022-12-11 20:03:22] [INFO   ] Thread Thread-43starting.
[2022-12-11 20:04:22] [SEVERE ] removing card from slot 0
[2022-12-11 20:04:22] [SEVERE ] removing card from slot 1
[2022-12-11 20:04:22] [SEVERE ] removing card from slot 2
[2022-12-11 20:04:22] [SEVERE ] removing card from slot 3
[2022-12-11 20:04:22] [SEVERE ] removing card from slot 4
[2022-12-11 20:04:22] [SEVERE ] removing card from slot 5
[2022-12-11 20:04:22] [SEVERE ] removing card from slot 6
[2022-12-11 20:04:23] [SEVERE ] removing card from slot 7
[2022-12-11 20:04:23] [SEVERE ] removing card from slot 8
[2022-12-11 20:04:23] [SEVERE ] removing card from slot 9
[2022-12-11 20:04:23] [SEVERE ] removing card from slot 10
[2022-12-11 20:04:23] [SEVERE ] removing card from slot 11
[2022-12-11 20:04:23] [SEVERE ] placing card 36 in slot 0
[2022-12-11 20:04:23] [SEVERE ] placing card 21 in slot 1
[2022-12-11 20:04:23] [SEVERE ] placing card 20 in slot 2
[2022-12-11 20:04:23] [SEVERE ] placing card 62 in slot 3
[2022-12-11 20:04:23] [SEVERE ] placing card 60 in slot 4
[2022-12-11 20:04:24] [SEVERE ] placing card 66 in slot 5
[2022-12-11 20:04:24] [SEVERE ] placing card 9 in slot 6
[2022-12-11 20:04:24] [SEVERE ] placing card 15 in slot 7
[2022-12-11 20:04:24] [SEVERE ] placing card 54 in slot 8
[2022-12-11 20:04:24] [SEVERE ] placing card 0 in slot 9
[2022-12-11 20:04:24] [SEVERE ] placing card 27 in slot 10
[2022-12-11 20:04:24] [SEVERE ] placing card 70 in slot 11
[2022-12-11 20:04:24] [INFO   ] Thread Thread-45starting.
[2022-12-11 20:04:24] [INFO   ] Thread Thread-44starting.
