[2022-12-11 17:13:05] [INFO   ] cannot read configuration file config.properties trying from resources.
[2022-12-11 17:13:05] [INFO   ] configuration file was loaded from resources directory.
[2022-12-11 17:13:06] [INFO   ] Thread dealer starting.
[2022-12-11 17:13:06] [SEVERE ] placing card 22 in slot 0
[2022-12-11 17:13:06] [SEVERE ] placing card 45 in slot 1
[2022-12-11 17:13:07] [SEVERE ] placing card 78 in slot 2
[2022-12-11 17:13:07] [SEVERE ] placing card 67 in slot 3
[2022-12-11 17:13:07] [SEVERE ] placing card 14 in slot 4
[2022-12-11 17:13:07] [SEVERE ] placing card 40 in slot 5
[2022-12-11 17:13:07] [SEVERE ] placing card 47 in slot 6
[2022-12-11 17:13:07] [SEVERE ] placing card 7 in slot 7
[2022-12-11 17:13:07] [SEVERE ] placing card 59 in slot 8
[2022-12-11 17:13:07] [SEVERE ] placing card 39 in slot 9
[2022-12-11 17:13:07] [SEVERE ] placing card 56 in slot 10
[2022-12-11 17:13:08] [SEVERE ] placing card 15 in slot 11
[2022-12-11 17:13:08] [INFO   ] Thread dealerstarting.
[2022-12-11 17:13:39] [SEVERE ] Key 81 was pressed by player 0
[2022-12-11 17:13:39] [SEVERE ] player 0 placing token on slot 0
[2022-12-11 17:13:39] [SEVERE ] Key 87 was pressed by player 0
[2022-12-11 17:13:39] [SEVERE ] player 0 placing token on slot 1
[2022-12-11 17:13:39] [SEVERE ] Key 69 was pressed by player 0
[2022-12-11 17:13:39] [SEVERE ] player 0 placing token on slot 2
[2022-12-11 17:13:39] [INFO   ] Thread dealer terminated.
[2022-12-11 17:13:39] [SEVERE ] removing all tokens
[2022-12-11 17:13:39] [SEVERE ] removing tokens from slot 0
[2022-12-11 17:13:39] [SEVERE ] removing tokens from slot 1
[2022-12-11 17:13:39] [SEVERE ] removing tokens from slot 2
[2022-12-11 17:13:39] [SEVERE ] removing tokens from slot 3
[2022-12-11 17:13:39] [SEVERE ] removing tokens from slot 4
[2022-12-11 17:13:39] [SEVERE ] removing tokens from slot 5
[2022-12-11 17:13:39] [SEVERE ] removing tokens from slot 6
[2022-12-11 17:13:39] [SEVERE ] removing tokens from slot 7
[2022-12-11 17:13:39] [SEVERE ] removing tokens from slot 8
[2022-12-11 17:13:39] [SEVERE ] removing tokens from slot 9
[2022-12-11 17:13:39] [SEVERE ] removing tokens from slot 10
[2022-12-11 17:13:39] [SEVERE ] removing tokens from slot 11
[2022-12-11 17:13:39] [SEVERE ] removing card from slot 0
[2022-12-11 17:13:39] [SEVERE ] removing card from slot 1
[2022-12-11 17:13:39] [SEVERE ] removing card from slot 2
[2022-12-11 17:13:39] [SEVERE ] setting player 0 score to 1
[2022-12-11 17:13:39] [SEVERE ] placing card 51 in slot 0
[2022-12-11 17:13:39] [SEVERE ] placing card 58 in slot 1
[2022-12-11 17:13:39] [SEVERE ] placing card 24 in slot 2
[2022-12-11 17:13:39] [INFO   ] Thread dealerstarting.
[2022-12-11 17:13:41] [SEVERE ] Key 81 was pressed by player 0
[2022-12-11 17:13:41] [SEVERE ] player 0 placing token on slot 0
[2022-12-11 17:13:41] [SEVERE ] Key 87 was pressed by player 0
[2022-12-11 17:13:41] [SEVERE ] player 0 placing token on slot 1
[2022-12-11 17:13:41] [SEVERE ] Key 69 was pressed by player 0
[2022-12-11 17:13:41] [SEVERE ] player 0 placing token on slot 2
[2022-12-11 17:13:41] [INFO   ] Thread dealer terminated.
[2022-12-11 17:13:41] [SEVERE ] removing all tokens
[2022-12-11 17:13:41] [SEVERE ] removing tokens from slot 0
[2022-12-11 17:13:41] [SEVERE ] removing tokens from slot 1
[2022-12-11 17:13:41] [SEVERE ] removing tokens from slot 2
[2022-12-11 17:13:41] [SEVERE ] removing tokens from slot 3
[2022-12-11 17:13:41] [SEVERE ] removing tokens from slot 4
[2022-12-11 17:13:41] [SEVERE ] removing tokens from slot 5
[2022-12-11 17:13:41] [SEVERE ] removing tokens from slot 6
[2022-12-11 17:13:41] [SEVERE ] removing tokens from slot 7
[2022-12-11 17:13:41] [SEVERE ] removing tokens from slot 8
[2022-12-11 17:13:41] [SEVERE ] removing tokens from slot 9
[2022-12-11 17:13:41] [SEVERE ] removing tokens from slot 10
[2022-12-11 17:13:41] [SEVERE ] removing tokens from slot 11
[2022-12-11 17:13:41] [SEVERE ] removing card from slot 0
[2022-12-11 17:13:41] [SEVERE ] removing card from slot 1
[2022-12-11 17:13:41] [SEVERE ] removing card from slot 2
[2022-12-11 17:13:41] [SEVERE ] setting player 0 score to 2
[2022-12-11 17:13:41] [SEVERE ] placing card 79 in slot 0
[2022-12-11 17:13:42] [SEVERE ] placing card 38 in slot 1
[2022-12-11 17:13:42] [SEVERE ] placing card 44 in slot 2
[2022-12-11 17:13:42] [INFO   ] Thread dealerstarting.
[2022-12-11 17:13:42] [SEVERE ] Key 81 was pressed by player 0
[2022-12-11 17:13:42] [SEVERE ] player 0 placing token on slot 0
[2022-12-11 17:13:42] [SEVERE ] Key 87 was pressed by player 0
[2022-12-11 17:13:42] [SEVERE ] player 0 placing token on slot 1
[2022-12-11 17:13:43] [SEVERE ] Key 69 was pressed by player 0
[2022-12-11 17:13:43] [SEVERE ] player 0 placing token on slot 2
[2022-12-11 17:13:43] [INFO   ] Thread dealer terminated.
[2022-12-11 17:13:43] [SEVERE ] removing all tokens
[2022-12-11 17:13:43] [SEVERE ] removing tokens from slot 0
[2022-12-11 17:13:43] [SEVERE ] removing tokens from slot 1
[2022-12-11 17:13:43] [SEVERE ] removing tokens from slot 2
[2022-12-11 17:13:43] [SEVERE ] removing tokens from slot 3
[2022-12-11 17:13:43] [SEVERE ] removing tokens from slot 4
[2022-12-11 17:13:43] [SEVERE ] removing tokens from slot 5
[2022-12-11 17:13:43] [SEVERE ] removing tokens from slot 6
[2022-12-11 17:13:43] [SEVERE ] removing tokens from slot 7
[2022-12-11 17:13:43] [SEVERE ] removing tokens from slot 8
[2022-12-11 17:13:43] [SEVERE ] removing tokens from slot 9
[2022-12-11 17:13:43] [SEVERE ] removing tokens from slot 10
[2022-12-11 17:13:43] [SEVERE ] removing tokens from slot 11
[2022-12-11 17:13:43] [SEVERE ] removing card from slot 0
[2022-12-11 17:13:43] [SEVERE ] removing card from slot 1
[2022-12-11 17:13:43] [SEVERE ] removing card from slot 2
[2022-12-11 17:13:43] [SEVERE ] setting player 0 score to 3
[2022-12-11 17:13:43] [SEVERE ] placing card 68 in slot 0
[2022-12-11 17:13:43] [SEVERE ] placing card 54 in slot 1
[2022-12-11 17:13:43] [SEVERE ] placing card 6 in slot 2
[2022-12-11 17:13:43] [INFO   ] Thread dealerstarting.
