[2022-12-11 16:25:53] [INFO   ] cannot read configuration file config.properties trying from resources.
[2022-12-11 16:25:53] [INFO   ] configuration file was loaded from resources directory.
[2022-12-11 16:25:54] [INFO   ] Thread dealer starting.
[2022-12-11 16:25:54] [SEVERE ] placing card 46 in slot 0
[2022-12-11 16:25:54] [SEVERE ] placing card 70 in slot 1
[2022-12-11 16:25:54] [SEVERE ] placing card 76 in slot 2
[2022-12-11 16:25:54] [SEVERE ] placing card 15 in slot 3
[2022-12-11 16:25:55] [SEVERE ] placing card 39 in slot 4
[2022-12-11 16:25:55] [SEVERE ] placing card 32 in slot 5
[2022-12-11 16:25:55] [SEVERE ] placing card 5 in slot 6
[2022-12-11 16:25:55] [SEVERE ] placing card 43 in slot 7
[2022-12-11 16:25:55] [SEVERE ] placing card 51 in slot 8
[2022-12-11 16:25:55] [SEVERE ] placing card 57 in slot 9
[2022-12-11 16:25:55] [SEVERE ] placing card 42 in slot 10
[2022-12-11 16:25:55] [SEVERE ] placing card 18 in slot 11
[2022-12-11 16:25:55] [INFO   ] Thread dealerstarting.
[2022-12-11 16:25:55] [SEVERE ] Key 81 was pressed by player 0
[2022-12-11 16:25:55] [SEVERE ] player 0 placing token on slot 0
[2022-12-11 16:25:55] [SEVERE ] Key 87 was pressed by player 0
[2022-12-11 16:25:55] [SEVERE ] player 0 placing token on slot 1
[2022-12-11 16:25:56] [SEVERE ] Key 69 was pressed by player 0
[2022-12-11 16:25:56] [SEVERE ] player 0 placing token on slot 2
[2022-12-11 16:25:56] [INFO   ] Thread dealer terminated.
[2022-12-11 16:25:56] [SEVERE ] removing all tokens
[2022-12-11 16:25:56] [SEVERE ] removing tokens from slot 0
[2022-12-11 16:25:56] [SEVERE ] removing tokens from slot 1
[2022-12-11 16:25:56] [SEVERE ] removing tokens from slot 2
[2022-12-11 16:25:56] [SEVERE ] removing tokens from slot 3
[2022-12-11 16:25:56] [SEVERE ] removing tokens from slot 4
[2022-12-11 16:25:56] [SEVERE ] removing tokens from slot 5
[2022-12-11 16:25:56] [SEVERE ] removing tokens from slot 6
[2022-12-11 16:25:56] [SEVERE ] removing tokens from slot 7
[2022-12-11 16:25:56] [SEVERE ] removing tokens from slot 8
[2022-12-11 16:25:56] [SEVERE ] removing tokens from slot 9
[2022-12-11 16:25:56] [SEVERE ] removing tokens from slot 10
[2022-12-11 16:25:56] [SEVERE ] removing tokens from slot 11
[2022-12-11 16:25:56] [SEVERE ] removing card from slot 0
[2022-12-11 16:25:56] [SEVERE ] removing card from slot 1
[2022-12-11 16:25:56] [SEVERE ] removing card from slot 2
[2022-12-11 16:25:56] [SEVERE ] setting player 0 score to 1
[2022-12-11 16:25:56] [SEVERE ] placing card 4 in slot 0
[2022-12-11 16:25:56] [SEVERE ] placing card 48 in slot 1
[2022-12-11 16:25:56] [SEVERE ] placing card 9 in slot 2
[2022-12-11 16:25:56] [INFO   ] Thread dealerstarting.
[2022-12-11 16:25:56] [SEVERE ] Key 81 was pressed by player 0
[2022-12-11 16:25:56] [SEVERE ] player 0 placing token on slot 0
[2022-12-11 16:25:56] [SEVERE ] Key 87 was pressed by player 0
[2022-12-11 16:25:56] [SEVERE ] player 0 placing token on slot 1
[2022-12-11 16:25:56] [SEVERE ] Key 69 was pressed by player 0
[2022-12-11 16:25:56] [SEVERE ] player 0 placing token on slot 2
[2022-12-11 16:25:56] [INFO   ] Thread dealer terminated.
[2022-12-11 16:25:56] [SEVERE ] removing all tokens
[2022-12-11 16:25:56] [SEVERE ] removing tokens from slot 0
[2022-12-11 16:25:56] [SEVERE ] removing tokens from slot 1
[2022-12-11 16:25:56] [SEVERE ] removing tokens from slot 2
[2022-12-11 16:25:56] [SEVERE ] removing tokens from slot 3
[2022-12-11 16:25:56] [SEVERE ] removing tokens from slot 4
[2022-12-11 16:25:56] [SEVERE ] removing tokens from slot 5
[2022-12-11 16:25:56] [SEVERE ] removing tokens from slot 6
[2022-12-11 16:25:56] [SEVERE ] removing tokens from slot 7
[2022-12-11 16:25:56] [SEVERE ] removing tokens from slot 8
[2022-12-11 16:25:56] [SEVERE ] removing tokens from slot 9
[2022-12-11 16:25:56] [SEVERE ] removing tokens from slot 10
[2022-12-11 16:25:56] [SEVERE ] removing tokens from slot 11
[2022-12-11 16:25:56] [SEVERE ] removing card from slot 0
[2022-12-11 16:25:56] [SEVERE ] removing card from slot 1
[2022-12-11 16:25:57] [SEVERE ] removing card from slot 2
[2022-12-11 16:25:57] [SEVERE ] setting player 0 score to 2
[2022-12-11 16:25:57] [SEVERE ] placing card 6 in slot 0
[2022-12-11 16:25:57] [SEVERE ] placing card 54 in slot 1
[2022-12-11 16:25:57] [SEVERE ] placing card 64 in slot 2
[2022-12-11 16:25:57] [INFO   ] Thread dealerstarting.
