[2022-12-11 20:05:20] [INFO   ] cannot read configuration file config.properties trying from resources.
[2022-12-11 20:05:20] [INFO   ] configuration file was loaded from resources directory.
[2022-12-11 20:05:22] [INFO   ] Thread dealer starting.
[2022-12-11 20:05:22] [SEVERE ] placing card 2 in slot 0
[2022-12-11 20:05:22] [SEVERE ] placing card 69 in slot 1
[2022-12-11 20:05:22] [SEVERE ] placing card 32 in slot 2
[2022-12-11 20:05:22] [SEVERE ] placing card 56 in slot 3
[2022-12-11 20:05:22] [SEVERE ] placing card 52 in slot 4
[2022-12-11 20:05:22] [SEVERE ] placing card 65 in slot 5
[2022-12-11 20:05:22] [SEVERE ] placing card 7 in slot 6
[2022-12-11 20:05:22] [SEVERE ] placing card 75 in slot 7
[2022-12-11 20:05:23] [SEVERE ] placing card 42 in slot 8
[2022-12-11 20:05:23] [SEVERE ] placing card 4 in slot 9
[2022-12-11 20:05:23] [SEVERE ] placing card 10 in slot 10
[2022-12-11 20:05:23] [SEVERE ] placing card 55 in slot 11
[2022-12-11 20:05:23] [INFO   ] Thread Thread-2starting.
[2022-12-11 20:05:23] [INFO   ] Thread Thread-3starting.
[2022-12-11 20:05:25] [SEVERE ] Key 81 was pressed by player 0
[2022-12-11 20:05:25] [SEVERE ] player 0 placing token on slot 0
[2022-12-11 20:05:25] [SEVERE ] Key 87 was pressed by player 0
[2022-12-11 20:05:25] [SEVERE ] player 0 placing token on slot 1
[2022-12-11 20:05:25] [SEVERE ] Key 69 was pressed by player 0
[2022-12-11 20:05:25] [SEVERE ] player 0 placing token on slot 2
[2022-12-11 20:05:25] [SEVERE ] removing all tokens
[2022-12-11 20:05:25] [SEVERE ] removing tokens from slot 0
[2022-12-11 20:05:25] [SEVERE ] removing tokens from slot 1
[2022-12-11 20:05:25] [SEVERE ] removing tokens from slot 2
[2022-12-11 20:05:25] [SEVERE ] removing tokens from slot 3
[2022-12-11 20:05:25] [SEVERE ] removing tokens from slot 4
[2022-12-11 20:05:25] [SEVERE ] removing tokens from slot 5
[2022-12-11 20:05:25] [SEVERE ] removing tokens from slot 6
[2022-12-11 20:05:25] [SEVERE ] removing tokens from slot 7
[2022-12-11 20:05:25] [SEVERE ] removing tokens from slot 8
[2022-12-11 20:05:25] [SEVERE ] removing tokens from slot 9
[2022-12-11 20:05:25] [SEVERE ] removing tokens from slot 10
[2022-12-11 20:05:25] [SEVERE ] removing tokens from slot 11
[2022-12-11 20:05:26] [SEVERE ] removing card from slot 0
[2022-12-11 20:05:26] [SEVERE ] removing card from slot 1
[2022-12-11 20:05:26] [SEVERE ] removing card from slot 2
[2022-12-11 20:05:26] [SEVERE ] setting player 0 score to 1
[2022-12-11 20:05:26] [SEVERE ] placing card 36 in slot 0
[2022-12-11 20:05:26] [SEVERE ] placing card 79 in slot 1
[2022-12-11 20:05:26] [SEVERE ] placing card 37 in slot 2
[2022-12-11 20:05:27] [SEVERE ] Key 80 was pressed by player 1
[2022-12-11 20:05:27] [SEVERE ] player 1 placing token on slot 3
[2022-12-11 20:05:27] [SEVERE ] Key 79 was pressed by player 1
[2022-12-11 20:05:27] [SEVERE ] player 1 placing token on slot 2
[2022-12-11 20:05:27] [SEVERE ] Key 73 was pressed by player 1
[2022-12-11 20:05:27] [SEVERE ] player 1 placing token on slot 1
[2022-12-11 20:05:27] [SEVERE ] removing all tokens
[2022-12-11 20:05:27] [SEVERE ] removing tokens from slot 0
[2022-12-11 20:05:27] [SEVERE ] removing tokens from slot 1
[2022-12-11 20:05:27] [SEVERE ] removing tokens from slot 2
[2022-12-11 20:05:27] [SEVERE ] removing tokens from slot 3
[2022-12-11 20:05:27] [SEVERE ] removing tokens from slot 4
[2022-12-11 20:05:27] [SEVERE ] removing tokens from slot 5
[2022-12-11 20:05:27] [SEVERE ] removing tokens from slot 6
[2022-12-11 20:05:27] [SEVERE ] removing tokens from slot 7
[2022-12-11 20:05:27] [SEVERE ] removing tokens from slot 8
[2022-12-11 20:05:27] [SEVERE ] removing tokens from slot 9
[2022-12-11 20:05:27] [SEVERE ] removing tokens from slot 10
[2022-12-11 20:05:27] [SEVERE ] removing tokens from slot 11
[2022-12-11 20:05:27] [SEVERE ] removing card from slot 3
[2022-12-11 20:05:27] [SEVERE ] removing card from slot 2
[2022-12-11 20:05:27] [SEVERE ] removing card from slot 1
[2022-12-11 20:05:27] [SEVERE ] setting player 1 score to 1
[2022-12-11 20:05:27] [SEVERE ] placing card 15 in slot 1
[2022-12-11 20:05:28] [SEVERE ] placing card 12 in slot 2
[2022-12-11 20:05:28] [SEVERE ] placing card 70 in slot 3
[2022-12-11 20:05:28] [SEVERE ] Key 80 was pressed by player 1
[2022-12-11 20:05:28] [SEVERE ] player 1 placing token on slot 3
[2022-12-11 20:05:28] [SEVERE ] Key 79 was pressed by player 1
[2022-12-11 20:05:28] [SEVERE ] player 1 placing token on slot 2
[2022-12-11 20:05:28] [SEVERE ] Key 73 was pressed by player 1
[2022-12-11 20:05:28] [SEVERE ] player 1 placing token on slot 1
[2022-12-11 20:05:28] [SEVERE ] removing all tokens
[2022-12-11 20:05:28] [SEVERE ] removing tokens from slot 0
[2022-12-11 20:05:28] [SEVERE ] removing tokens from slot 1
[2022-12-11 20:05:28] [SEVERE ] removing tokens from slot 2
[2022-12-11 20:05:28] [SEVERE ] removing tokens from slot 3
[2022-12-11 20:05:28] [SEVERE ] removing tokens from slot 4
[2022-12-11 20:05:28] [SEVERE ] removing tokens from slot 5
[2022-12-11 20:05:28] [SEVERE ] removing tokens from slot 6
[2022-12-11 20:05:28] [SEVERE ] removing tokens from slot 7
[2022-12-11 20:05:28] [SEVERE ] removing tokens from slot 8
[2022-12-11 20:05:28] [SEVERE ] removing tokens from slot 9
[2022-12-11 20:05:28] [SEVERE ] removing tokens from slot 10
[2022-12-11 20:05:28] [SEVERE ] removing tokens from slot 11
[2022-12-11 20:05:28] [SEVERE ] Key 87 was pressed by player 0
[2022-12-11 20:05:28] [SEVERE ] player 0 placing token on slot 1
[2022-12-11 20:05:28] [SEVERE ] Key 81 was pressed by player 0
[2022-12-11 20:05:28] [SEVERE ] player 0 placing token on slot 0
[2022-12-11 20:05:28] [SEVERE ] removing card from slot 3
[2022-12-11 20:05:28] [SEVERE ] Key 69 was pressed by player 0
[2022-12-11 20:05:28] [SEVERE ] player 0 placing token on slot 2
[2022-12-11 20:05:29] [SEVERE ] removing card from slot 2
[2022-12-11 20:05:29] [SEVERE ] removing card from slot 1
[2022-12-11 20:05:29] [SEVERE ] setting player 1 score to 2
[2022-12-11 20:05:29] [SEVERE ] placing card 31 in slot 1
[2022-12-11 20:05:29] [SEVERE ] placing card 16 in slot 2
[2022-12-11 20:05:29] [SEVERE ] placing card 5 in slot 3
[2022-12-11 20:05:29] [SEVERE ] removing all tokens
[2022-12-11 20:05:29] [SEVERE ] removing tokens from slot 0
[2022-12-11 20:05:29] [SEVERE ] removing tokens from slot 1
[2022-12-11 20:05:29] [SEVERE ] removing tokens from slot 2
[2022-12-11 20:05:29] [SEVERE ] removing tokens from slot 3
[2022-12-11 20:05:29] [SEVERE ] removing tokens from slot 4
[2022-12-11 20:05:29] [SEVERE ] removing tokens from slot 5
[2022-12-11 20:05:29] [SEVERE ] removing tokens from slot 6
[2022-12-11 20:05:29] [SEVERE ] removing tokens from slot 7
[2022-12-11 20:05:29] [SEVERE ] removing tokens from slot 8
[2022-12-11 20:05:29] [SEVERE ] removing tokens from slot 9
[2022-12-11 20:05:29] [SEVERE ] removing tokens from slot 10
[2022-12-11 20:05:29] [SEVERE ] removing tokens from slot 11
[2022-12-11 20:05:29] [SEVERE ] Key 73 was pressed by player 1
[2022-12-11 20:05:29] [SEVERE ] player 1 placing token on slot 1
[2022-12-11 20:05:29] [SEVERE ] removing card from slot 1
[2022-12-11 20:05:29] [SEVERE ] removing card from slot 0
[2022-12-11 20:05:29] [SEVERE ] removing card from slot 2
[2022-12-11 20:05:29] [SEVERE ] setting player 0 score to 2
[2022-12-11 20:05:29] [SEVERE ] Key 87 was pressed by player 0
[2022-12-11 20:05:29] [SEVERE ] placing card 63 in slot 0
[2022-12-11 20:05:29] [SEVERE ] Key 69 was pressed by player 0
[2022-12-11 20:05:29] [SEVERE ] placing card 78 in slot 1
[2022-12-11 20:05:30] [SEVERE ] placing card 29 in slot 2
[2022-12-11 20:05:30] [SEVERE ] Key 79 was pressed by player 1
[2022-12-11 20:05:30] [SEVERE ] player 1 placing token on slot 2
[2022-12-11 20:05:30] [SEVERE ] Key 73 was pressed by player 1
[2022-12-11 20:05:30] [SEVERE ] removing player 1 token from slot 1
[2022-12-11 20:05:30] [SEVERE ] Key 81 was pressed by player 0
[2022-12-11 20:05:30] [SEVERE ] player 0 placing token on slot 0
[2022-12-11 20:05:30] [SEVERE ] Key 87 was pressed by player 0
[2022-12-11 20:05:30] [SEVERE ] player 0 placing token on slot 1
[2022-12-11 20:05:30] [SEVERE ] Key 69 was pressed by player 0
[2022-12-11 20:05:30] [SEVERE ] player 0 placing token on slot 2
[2022-12-11 20:05:30] [SEVERE ] removing all tokens
[2022-12-11 20:05:30] [SEVERE ] removing tokens from slot 0
[2022-12-11 20:05:30] [SEVERE ] removing tokens from slot 1
[2022-12-11 20:05:30] [SEVERE ] removing tokens from slot 2
[2022-12-11 20:05:30] [SEVERE ] removing tokens from slot 3
[2022-12-11 20:05:30] [SEVERE ] removing tokens from slot 4
[2022-12-11 20:05:30] [SEVERE ] removing tokens from slot 5
[2022-12-11 20:05:30] [SEVERE ] removing tokens from slot 6
[2022-12-11 20:05:30] [SEVERE ] removing tokens from slot 7
[2022-12-11 20:05:30] [SEVERE ] removing tokens from slot 8
[2022-12-11 20:05:30] [SEVERE ] removing tokens from slot 9
[2022-12-11 20:05:30] [SEVERE ] removing tokens from slot 10
[2022-12-11 20:05:30] [SEVERE ] removing tokens from slot 11
[2022-12-11 20:05:30] [SEVERE ] removing card from slot 0
[2022-12-11 20:05:30] [SEVERE ] removing card from slot 1
[2022-12-11 20:05:30] [SEVERE ] removing card from slot 2
[2022-12-11 20:05:30] [SEVERE ] setting player 0 score to 3
[2022-12-11 20:05:30] [SEVERE ] Key 83 was pressed by player 0
[2022-12-11 20:05:30] [SEVERE ] player 0 placing token on slot 5
[2022-12-11 20:05:30] [SEVERE ] Key 65 was pressed by player 0
[2022-12-11 20:05:30] [SEVERE ] player 0 placing token on slot 4
[2022-12-11 20:05:30] [SEVERE ] placing card 46 in slot 0
[2022-12-11 20:05:31] [SEVERE ] placing card 64 in slot 1
[2022-12-11 20:05:31] [SEVERE ] Key 68 was pressed by player 0
[2022-12-11 20:05:31] [SEVERE ] player 0 placing token on slot 6
[2022-12-11 20:05:31] [SEVERE ] placing card 61 in slot 2
[2022-12-11 20:05:31] [SEVERE ] removing all tokens
[2022-12-11 20:05:31] [SEVERE ] removing tokens from slot 0
[2022-12-11 20:05:31] [SEVERE ] removing tokens from slot 1
[2022-12-11 20:05:31] [SEVERE ] removing tokens from slot 2
[2022-12-11 20:05:31] [SEVERE ] removing tokens from slot 3
[2022-12-11 20:05:31] [SEVERE ] removing tokens from slot 4
[2022-12-11 20:05:31] [SEVERE ] removing tokens from slot 5
[2022-12-11 20:05:31] [SEVERE ] removing tokens from slot 6
[2022-12-11 20:05:31] [SEVERE ] removing tokens from slot 7
[2022-12-11 20:05:31] [SEVERE ] removing tokens from slot 8
[2022-12-11 20:05:31] [SEVERE ] removing tokens from slot 9
[2022-12-11 20:05:31] [SEVERE ] removing tokens from slot 10
[2022-12-11 20:05:31] [SEVERE ] removing tokens from slot 11
[2022-12-11 20:05:31] [SEVERE ] Key 75 was pressed by player 1
[2022-12-11 20:05:31] [SEVERE ] player 1 placing token on slot 5
[2022-12-11 20:05:31] [SEVERE ] removing card from slot 5
[2022-12-11 20:05:31] [SEVERE ] removing card from slot 4
[2022-12-11 20:05:31] [SEVERE ] removing card from slot 6
[2022-12-11 20:05:31] [SEVERE ] setting player 0 score to 4
[2022-12-11 20:05:31] [SEVERE ] Key 76 was pressed by player 1
[2022-12-11 20:05:31] [SEVERE ] Key 81 was pressed by player 0
[2022-12-11 20:05:31] [SEVERE ] player 0 placing token on slot 0
[2022-12-11 20:05:31] [SEVERE ] Key 87 was pressed by player 0
[2022-12-11 20:05:31] [SEVERE ] player 0 placing token on slot 1
[2022-12-11 20:05:31] [SEVERE ] placing card 59 in slot 4
[2022-12-11 20:05:31] [SEVERE ] Key 75 was pressed by player 1
[2022-12-11 20:05:31] [SEVERE ] Key 69 was pressed by player 0
[2022-12-11 20:05:31] [SEVERE ] player 0 placing token on slot 2
[2022-12-11 20:05:31] [SEVERE ] placing card 23 in slot 5
[2022-12-11 20:05:31] [SEVERE ] Key 73 was pressed by player 1
[2022-12-11 20:05:31] [SEVERE ] player 1 placing token on slot 1
[2022-12-11 20:05:31] [SEVERE ] Key 79 was pressed by player 1
[2022-12-11 20:05:31] [SEVERE ] removing player 1 token from slot 2
[2022-12-11 20:05:31] [SEVERE ] placing card 11 in slot 6
[2022-12-11 20:05:31] [SEVERE ] removing all tokens
[2022-12-11 20:05:31] [SEVERE ] removing tokens from slot 0
[2022-12-11 20:05:31] [SEVERE ] removing tokens from slot 1
[2022-12-11 20:05:31] [SEVERE ] removing tokens from slot 2
[2022-12-11 20:05:31] [SEVERE ] removing tokens from slot 3
[2022-12-11 20:05:31] [SEVERE ] removing tokens from slot 4
[2022-12-11 20:05:31] [SEVERE ] removing tokens from slot 5
[2022-12-11 20:05:31] [SEVERE ] removing tokens from slot 6
[2022-12-11 20:05:31] [SEVERE ] removing tokens from slot 7
[2022-12-11 20:05:31] [SEVERE ] removing tokens from slot 8
[2022-12-11 20:05:31] [SEVERE ] removing tokens from slot 9
[2022-12-11 20:05:31] [SEVERE ] removing tokens from slot 10
[2022-12-11 20:05:31] [SEVERE ] removing tokens from slot 11
[2022-12-11 20:05:31] [SEVERE ] removing card from slot 0
[2022-12-11 20:05:32] [SEVERE ] removing card from slot 1
[2022-12-11 20:05:32] [SEVERE ] removing card from slot 2
[2022-12-11 20:05:32] [SEVERE ] setting player 0 score to 5
[2022-12-11 20:05:32] [SEVERE ] Key 79 was pressed by player 1
[2022-12-11 20:05:32] [SEVERE ] placing card 0 in slot 0
[2022-12-11 20:05:32] [SEVERE ] Key 80 was pressed by player 1
[2022-12-11 20:05:32] [SEVERE ] player 1 placing token on slot 3
[2022-12-11 20:05:32] [SEVERE ] placing card 47 in slot 1
[2022-12-11 20:05:32] [SEVERE ] placing card 58 in slot 2
[2022-12-11 20:05:32] [SEVERE ] removing all tokens
[2022-12-11 20:05:32] [SEVERE ] removing tokens from slot 0
[2022-12-11 20:05:32] [SEVERE ] removing tokens from slot 1
[2022-12-11 20:05:32] [SEVERE ] removing tokens from slot 2
[2022-12-11 20:05:32] [SEVERE ] removing tokens from slot 3
[2022-12-11 20:05:32] [SEVERE ] removing tokens from slot 4
[2022-12-11 20:05:32] [SEVERE ] removing tokens from slot 5
[2022-12-11 20:05:32] [SEVERE ] removing tokens from slot 6
[2022-12-11 20:05:32] [SEVERE ] removing tokens from slot 7
[2022-12-11 20:05:32] [SEVERE ] removing tokens from slot 8
[2022-12-11 20:05:32] [SEVERE ] removing tokens from slot 9
[2022-12-11 20:05:32] [SEVERE ] removing tokens from slot 10
[2022-12-11 20:05:32] [SEVERE ] removing tokens from slot 11
[2022-12-11 20:05:32] [SEVERE ] removing card from slot 5
[2022-12-11 20:05:32] [SEVERE ] removing card from slot 1
[2022-12-11 20:05:32] [SEVERE ] removing card from slot 3
[2022-12-11 20:05:32] [SEVERE ] setting player 1 score to 3
[2022-12-11 20:05:32] [SEVERE ] Key 81 was pressed by player 0
[2022-12-11 20:05:32] [SEVERE ] player 0 placing token on slot 0
[2022-12-11 20:05:32] [SEVERE ] placing card 1 in slot 1
[2022-12-11 20:05:32] [SEVERE ] Key 87 was pressed by player 0
[2022-12-11 20:05:32] [SEVERE ] player 0 placing token on slot 1
[2022-12-11 20:05:32] [SEVERE ] placing card 54 in slot 3
[2022-12-11 20:05:33] [SEVERE ] placing card 25 in slot 5
[2022-12-11 20:05:33] [SEVERE ] Key 69 was pressed by player 0
[2022-12-11 20:05:33] [SEVERE ] player 0 placing token on slot 2
[2022-12-11 20:05:33] [SEVERE ] removing all tokens
[2022-12-11 20:05:33] [SEVERE ] removing tokens from slot 0
[2022-12-11 20:05:33] [SEVERE ] removing tokens from slot 1
[2022-12-11 20:05:33] [SEVERE ] removing tokens from slot 2
[2022-12-11 20:05:33] [SEVERE ] removing tokens from slot 3
[2022-12-11 20:05:33] [SEVERE ] removing tokens from slot 4
[2022-12-11 20:05:33] [SEVERE ] removing tokens from slot 5
[2022-12-11 20:05:33] [SEVERE ] removing tokens from slot 6
[2022-12-11 20:05:33] [SEVERE ] removing tokens from slot 7
[2022-12-11 20:05:33] [SEVERE ] removing tokens from slot 8
[2022-12-11 20:05:33] [SEVERE ] removing tokens from slot 9
[2022-12-11 20:05:33] [SEVERE ] removing tokens from slot 10
[2022-12-11 20:05:33] [SEVERE ] removing tokens from slot 11
[2022-12-11 20:05:33] [SEVERE ] removing card from slot 0
[2022-12-11 20:05:33] [SEVERE ] removing card from slot 1
[2022-12-11 20:05:33] [SEVERE ] removing card from slot 2
[2022-12-11 20:05:33] [SEVERE ] setting player 0 score to 6
[2022-12-11 20:05:33] [SEVERE ] placing card 21 in slot 0
[2022-12-11 20:05:33] [SEVERE ] placing card 57 in slot 1
[2022-12-11 20:05:33] [SEVERE ] placing card 34 in slot 2
[2022-12-11 20:05:39] [SEVERE ] Key 80 was pressed by player 1
[2022-12-11 20:05:39] [SEVERE ] player 1 placing token on slot 3
[2022-12-11 20:05:39] [SEVERE ] Key 79 was pressed by player 1
[2022-12-11 20:05:39] [SEVERE ] player 1 placing token on slot 2
[2022-12-11 20:05:39] [SEVERE ] Key 73 was pressed by player 1
[2022-12-11 20:05:39] [SEVERE ] player 1 placing token on slot 1
[2022-12-11 20:05:39] [SEVERE ] removing all tokens
[2022-12-11 20:05:39] [SEVERE ] removing tokens from slot 0
[2022-12-11 20:05:39] [SEVERE ] removing tokens from slot 1
[2022-12-11 20:05:39] [SEVERE ] removing tokens from slot 2
[2022-12-11 20:05:39] [SEVERE ] removing tokens from slot 3
[2022-12-11 20:05:39] [SEVERE ] removing tokens from slot 4
[2022-12-11 20:05:39] [SEVERE ] removing tokens from slot 5
[2022-12-11 20:05:39] [SEVERE ] removing tokens from slot 6
[2022-12-11 20:05:39] [SEVERE ] removing tokens from slot 7
[2022-12-11 20:05:39] [SEVERE ] removing tokens from slot 8
[2022-12-11 20:05:39] [SEVERE ] removing tokens from slot 9
[2022-12-11 20:05:39] [SEVERE ] removing tokens from slot 10
[2022-12-11 20:05:39] [SEVERE ] removing tokens from slot 11
[2022-12-11 20:05:39] [SEVERE ] removing card from slot 3
[2022-12-11 20:05:39] [SEVERE ] removing card from slot 2
[2022-12-11 20:05:39] [SEVERE ] removing card from slot 1
[2022-12-11 20:05:39] [SEVERE ] setting player 1 score to 4
[2022-12-11 20:05:39] [SEVERE ] Key 76 was pressed by player 1
[2022-12-11 20:05:39] [SEVERE ] player 1 placing token on slot 6
[2022-12-11 20:05:39] [SEVERE ] placing card 66 in slot 1
[2022-12-11 20:05:39] [SEVERE ] Key 75 was pressed by player 1
[2022-12-11 20:05:39] [SEVERE ] player 1 placing token on slot 5
[2022-12-11 20:05:39] [SEVERE ] placing card 73 in slot 2
[2022-12-11 20:05:40] [SEVERE ] placing card 62 in slot 3
[2022-12-11 20:05:40] [SEVERE ] Key 81 was pressed by player 0
[2022-12-11 20:05:40] [SEVERE ] player 0 placing token on slot 0
[2022-12-11 20:05:40] [SEVERE ] Key 87 was pressed by player 0
[2022-12-11 20:05:40] [SEVERE ] player 0 placing token on slot 1
[2022-12-11 20:05:40] [SEVERE ] Key 69 was pressed by player 0
[2022-12-11 20:05:40] [SEVERE ] player 0 placing token on slot 2
[2022-12-11 20:05:40] [SEVERE ] removing all tokens
[2022-12-11 20:05:40] [SEVERE ] removing tokens from slot 0
[2022-12-11 20:05:40] [SEVERE ] removing tokens from slot 1
[2022-12-11 20:05:40] [SEVERE ] removing tokens from slot 2
[2022-12-11 20:05:40] [SEVERE ] removing tokens from slot 3
[2022-12-11 20:05:40] [SEVERE ] removing tokens from slot 4
[2022-12-11 20:05:40] [SEVERE ] removing tokens from slot 5
[2022-12-11 20:05:40] [SEVERE ] removing tokens from slot 6
[2022-12-11 20:05:40] [SEVERE ] removing tokens from slot 7
[2022-12-11 20:05:40] [SEVERE ] removing tokens from slot 8
[2022-12-11 20:05:40] [SEVERE ] removing tokens from slot 9
[2022-12-11 20:05:40] [SEVERE ] removing tokens from slot 10
[2022-12-11 20:05:40] [SEVERE ] removing tokens from slot 11
[2022-12-11 20:05:40] [SEVERE ] removing card from slot 0
[2022-12-11 20:05:40] [SEVERE ] removing card from slot 1
[2022-12-11 20:05:40] [SEVERE ] Key 79 was pressed by player 1
[2022-12-11 20:05:40] [SEVERE ] player 1 placing token on slot 2
[2022-12-11 20:05:40] [SEVERE ] Key 80 was pressed by player 1
[2022-12-11 20:05:40] [SEVERE ] removing card from slot 2
[2022-12-11 20:05:40] [SEVERE ] setting player 0 score to 7
[2022-12-11 20:05:40] [SEVERE ] placing card 45 in slot 0
[2022-12-11 20:05:40] [SEVERE ] Key 73 was pressed by player 1
[2022-12-11 20:05:40] [SEVERE ] placing card 74 in slot 1
[2022-12-11 20:05:41] [SEVERE ] placing card 22 in slot 2
[2022-12-11 20:05:41] [SEVERE ] removing all tokens
[2022-12-11 20:05:41] [SEVERE ] removing tokens from slot 0
[2022-12-11 20:05:41] [SEVERE ] removing tokens from slot 1
[2022-12-11 20:05:41] [SEVERE ] removing tokens from slot 2
[2022-12-11 20:05:41] [SEVERE ] removing tokens from slot 3
[2022-12-11 20:05:41] [SEVERE ] removing tokens from slot 4
[2022-12-11 20:05:41] [SEVERE ] removing tokens from slot 5
[2022-12-11 20:05:41] [SEVERE ] removing tokens from slot 6
[2022-12-11 20:05:41] [SEVERE ] removing tokens from slot 7
[2022-12-11 20:05:41] [SEVERE ] removing tokens from slot 8
[2022-12-11 20:05:41] [SEVERE ] removing tokens from slot 9
[2022-12-11 20:05:41] [SEVERE ] removing tokens from slot 10
[2022-12-11 20:05:41] [SEVERE ] removing tokens from slot 11
[2022-12-11 20:05:41] [SEVERE ] removing card from slot 6
[2022-12-11 20:05:41] [SEVERE ] removing card from slot 5
[2022-12-11 20:05:41] [SEVERE ] removing card from slot 2
[2022-12-11 20:05:41] [SEVERE ] setting player 1 score to 5
[2022-12-11 20:05:41] [SEVERE ] placing card 41 in slot 2
[2022-12-11 20:05:41] [SEVERE ] Key 80 was pressed by player 1
[2022-12-11 20:05:41] [SEVERE ] player 1 placing token on slot 3
[2022-12-11 20:05:41] [SEVERE ] placing card 77 in slot 5
[2022-12-11 20:05:41] [SEVERE ] placing card 76 in slot 6
[2022-12-11 20:05:41] [SEVERE ] Key 79 was pressed by player 1
[2022-12-11 20:05:41] [SEVERE ] player 1 placing token on slot 2
[2022-12-11 20:05:41] [SEVERE ] Key 73 was pressed by player 1
[2022-12-11 20:05:41] [SEVERE ] player 1 placing token on slot 1
[2022-12-11 20:05:41] [SEVERE ] removing all tokens
[2022-12-11 20:05:41] [SEVERE ] removing tokens from slot 0
[2022-12-11 20:05:41] [SEVERE ] removing tokens from slot 1
[2022-12-11 20:05:41] [SEVERE ] removing tokens from slot 2
[2022-12-11 20:05:41] [SEVERE ] removing tokens from slot 3
[2022-12-11 20:05:41] [SEVERE ] removing tokens from slot 4
[2022-12-11 20:05:41] [SEVERE ] removing tokens from slot 5
[2022-12-11 20:05:41] [SEVERE ] removing tokens from slot 6
[2022-12-11 20:05:41] [SEVERE ] removing tokens from slot 7
[2022-12-11 20:05:41] [SEVERE ] removing tokens from slot 8
[2022-12-11 20:05:41] [SEVERE ] removing tokens from slot 9
[2022-12-11 20:05:41] [SEVERE ] removing tokens from slot 10
[2022-12-11 20:05:41] [SEVERE ] removing tokens from slot 11
[2022-12-11 20:05:41] [SEVERE ] removing card from slot 3
[2022-12-11 20:05:41] [SEVERE ] Key 87 was pressed by player 0
[2022-12-11 20:05:41] [SEVERE ] player 0 placing token on slot 1
[2022-12-11 20:05:41] [SEVERE ] Key 69 was pressed by player 0
[2022-12-11 20:05:41] [SEVERE ] player 0 placing token on slot 2
[2022-12-11 20:05:42] [SEVERE ] removing card from slot 2
[2022-12-11 20:05:42] [SEVERE ] Key 81 was pressed by player 0
[2022-12-11 20:05:42] [SEVERE ] player 0 placing token on slot 0
[2022-12-11 20:05:42] [SEVERE ] removing card from slot 1
[2022-12-11 20:05:42] [SEVERE ] setting player 1 score to 6
[2022-12-11 20:05:42] [SEVERE ] placing card 67 in slot 1
[2022-12-11 20:05:42] [SEVERE ] placing card 68 in slot 2
[2022-12-11 20:05:42] [SEVERE ] placing card 72 in slot 3
[2022-12-11 20:05:42] [SEVERE ] removing all tokens
[2022-12-11 20:05:42] [SEVERE ] removing tokens from slot 0
[2022-12-11 20:05:42] [SEVERE ] removing tokens from slot 1
[2022-12-11 20:05:42] [SEVERE ] removing tokens from slot 2
[2022-12-11 20:05:42] [SEVERE ] removing tokens from slot 3
[2022-12-11 20:05:42] [SEVERE ] removing tokens from slot 4
[2022-12-11 20:05:42] [SEVERE ] removing tokens from slot 5
[2022-12-11 20:05:42] [SEVERE ] removing tokens from slot 6
[2022-12-11 20:05:42] [SEVERE ] removing tokens from slot 7
[2022-12-11 20:05:42] [SEVERE ] removing tokens from slot 8
[2022-12-11 20:05:42] [SEVERE ] removing tokens from slot 9
[2022-12-11 20:05:42] [SEVERE ] removing tokens from slot 10
[2022-12-11 20:05:42] [SEVERE ] removing tokens from slot 11
[2022-12-11 20:05:42] [SEVERE ] removing card from slot 1
[2022-12-11 20:05:42] [SEVERE ] removing card from slot 2
[2022-12-11 20:05:42] [SEVERE ] removing card from slot 0
[2022-12-11 20:05:42] [SEVERE ] setting player 0 score to 8
[2022-12-11 20:05:42] [SEVERE ] placing card 40 in slot 0
[2022-12-11 20:05:42] [SEVERE ] placing card 71 in slot 1
[2022-12-11 20:05:43] [SEVERE ] placing card 17 in slot 2
