[2022-12-11 20:36:57] [INFO   ] cannot read configuration file config.properties trying from resources.
[2022-12-11 20:36:57] [INFO   ] configuration file was loaded from resources directory.
[2022-12-11 20:36:58] [INFO   ] Thread dealer starting.
[2022-12-11 20:36:58] [INFO   ] Thread Thread-0starting.
[2022-12-11 20:36:58] [INFO   ] Thread Thread-1starting.
[2022-12-11 20:36:58] [SEVERE ] placing card 12 in slot 0
[2022-12-11 20:36:58] [SEVERE ] placing card 79 in slot 1
[2022-12-11 20:36:58] [SEVERE ] placing card 61 in slot 2
[2022-12-11 20:36:59] [SEVERE ] placing card 76 in slot 3
[2022-12-11 20:36:59] [SEVERE ] placing card 78 in slot 4
[2022-12-11 20:36:59] [SEVERE ] placing card 30 in slot 5
[2022-12-11 20:36:59] [SEVERE ] placing card 57 in slot 6
[2022-12-11 20:36:59] [SEVERE ] placing card 18 in slot 7
[2022-12-11 20:36:59] [SEVERE ] placing card 35 in slot 8
[2022-12-11 20:36:59] [SEVERE ] placing card 67 in slot 9
[2022-12-11 20:36:59] [SEVERE ] placing card 55 in slot 10
[2022-12-11 20:36:59] [SEVERE ] placing card 69 in slot 11
[2022-12-11 20:37:02] [SEVERE ] removing all tokens
[2022-12-11 20:37:02] [SEVERE ] removing tokens from slot 0
[2022-12-11 20:37:02] [SEVERE ] removing tokens from slot 1
[2022-12-11 20:37:02] [SEVERE ] removing tokens from slot 2
[2022-12-11 20:37:02] [SEVERE ] removing tokens from slot 3
[2022-12-11 20:37:02] [SEVERE ] removing tokens from slot 4
[2022-12-11 20:37:02] [SEVERE ] removing tokens from slot 5
[2022-12-11 20:37:02] [SEVERE ] removing tokens from slot 6
[2022-12-11 20:37:02] [SEVERE ] removing tokens from slot 7
[2022-12-11 20:37:02] [SEVERE ] removing tokens from slot 8
[2022-12-11 20:37:02] [SEVERE ] removing tokens from slot 9
[2022-12-11 20:37:02] [SEVERE ] removing tokens from slot 10
[2022-12-11 20:37:02] [SEVERE ] removing tokens from slot 11
[2022-12-11 20:37:03] [SEVERE ] removing card from slot 0
[2022-12-11 20:37:03] [SEVERE ] removing card from slot 1
[2022-12-11 20:37:03] [SEVERE ] removing card from slot 2
[2022-12-11 20:37:03] [SEVERE ] removing card from slot 3
[2022-12-11 20:37:03] [SEVERE ] removing card from slot 4
[2022-12-11 20:37:03] [SEVERE ] removing card from slot 5
[2022-12-11 20:37:03] [SEVERE ] removing card from slot 6
[2022-12-11 20:37:03] [SEVERE ] removing card from slot 7
[2022-12-11 20:37:03] [SEVERE ] removing card from slot 8
[2022-12-11 20:37:04] [SEVERE ] removing card from slot 9
[2022-12-11 20:37:04] [SEVERE ] removing card from slot 10
[2022-12-11 20:37:04] [SEVERE ] removing card from slot 11
[2022-12-11 20:37:04] [SEVERE ] placing card 45 in slot 0
[2022-12-11 20:37:04] [SEVERE ] placing card 14 in slot 1
[2022-12-11 20:37:04] [SEVERE ] placing card 33 in slot 2
[2022-12-11 20:37:04] [SEVERE ] placing card 43 in slot 3
[2022-12-11 20:37:04] [SEVERE ] placing card 10 in slot 4
[2022-12-11 20:37:04] [SEVERE ] placing card 44 in slot 5
[2022-12-11 20:37:05] [SEVERE ] placing card 2 in slot 6
[2022-12-11 20:37:05] [SEVERE ] placing card 61 in slot 7
[2022-12-11 20:37:05] [SEVERE ] placing card 15 in slot 8
[2022-12-11 20:37:05] [SEVERE ] placing card 80 in slot 9
[2022-12-11 20:37:05] [SEVERE ] placing card 58 in slot 10
[2022-12-11 20:37:05] [SEVERE ] placing card 62 in slot 11
[2022-12-11 20:37:06] [SEVERE ] Key 81 was pressed by player 0
[2022-12-11 20:37:06] [SEVERE ] player 0 placing token on slot 0
[2022-12-11 20:37:06] [SEVERE ] Key 87 was pressed by player 0
[2022-12-11 20:37:06] [SEVERE ] player 0 placing token on slot 1
[2022-12-11 20:37:06] [SEVERE ] Key 69 was pressed by player 0
[2022-12-11 20:37:06] [SEVERE ] player 0 placing token on slot 2
[2022-12-11 20:37:06] [SEVERE ] removing player 0 token from slot 0
[2022-12-11 20:37:06] [SEVERE ] removing player 0 token from slot 1
[2022-12-11 20:37:06] [SEVERE ] removing player 0 token from slot 2
[2022-12-11 20:37:06] [SEVERE ] removing card from slot 0
[2022-12-11 20:37:06] [SEVERE ] removing card from slot 1
[2022-12-11 20:37:06] [SEVERE ] removing card from slot 2
[2022-12-11 20:37:06] [SEVERE ] setting player 0 score to 1
[2022-12-11 20:37:06] [SEVERE ] placing card 9 in slot 0
[2022-12-11 20:37:06] [SEVERE ] placing card 41 in slot 1
[2022-12-11 20:37:06] [SEVERE ] placing card 39 in slot 2
[2022-12-11 20:37:07] [SEVERE ] Key 81 was pressed by player 0
[2022-12-11 20:37:07] [SEVERE ] player 0 placing token on slot 0
[2022-12-11 20:37:07] [SEVERE ] Key 87 was pressed by player 0
[2022-12-11 20:37:07] [SEVERE ] player 0 placing token on slot 1
[2022-12-11 20:37:07] [SEVERE ] Key 69 was pressed by player 0
[2022-12-11 20:37:07] [SEVERE ] player 0 placing token on slot 2
[2022-12-11 20:37:07] [SEVERE ] removing player 0 token from slot 0
[2022-12-11 20:37:07] [SEVERE ] removing player 0 token from slot 1
[2022-12-11 20:37:07] [SEVERE ] removing player 0 token from slot 2
[2022-12-11 20:37:07] [SEVERE ] removing card from slot 0
[2022-12-11 20:37:07] [SEVERE ] removing card from slot 1
[2022-12-11 20:37:08] [SEVERE ] removing card from slot 2
[2022-12-11 20:37:08] [SEVERE ] setting player 0 score to 2
[2022-12-11 20:37:08] [SEVERE ] placing card 40 in slot 0
[2022-12-11 20:37:08] [SEVERE ] placing card 73 in slot 1
[2022-12-11 20:37:08] [SEVERE ] placing card 11 in slot 2
[2022-12-11 20:37:08] [SEVERE ] removing all tokens
[2022-12-11 20:37:08] [SEVERE ] removing tokens from slot 0
[2022-12-11 20:37:08] [SEVERE ] removing tokens from slot 1
[2022-12-11 20:37:08] [SEVERE ] removing tokens from slot 2
[2022-12-11 20:37:08] [SEVERE ] removing tokens from slot 3
[2022-12-11 20:37:08] [SEVERE ] removing tokens from slot 4
[2022-12-11 20:37:08] [SEVERE ] removing tokens from slot 5
[2022-12-11 20:37:08] [SEVERE ] removing tokens from slot 6
[2022-12-11 20:37:08] [SEVERE ] removing tokens from slot 7
[2022-12-11 20:37:08] [SEVERE ] removing tokens from slot 8
[2022-12-11 20:37:08] [SEVERE ] removing tokens from slot 9
[2022-12-11 20:37:08] [SEVERE ] removing tokens from slot 10
[2022-12-11 20:37:08] [SEVERE ] removing tokens from slot 11
[2022-12-11 20:37:08] [SEVERE ] removing card from slot 0
[2022-12-11 20:37:08] [SEVERE ] removing card from slot 1
[2022-12-11 20:37:08] [SEVERE ] removing card from slot 2
[2022-12-11 20:37:08] [SEVERE ] Key 81 was pressed by player 0
[2022-12-11 20:37:08] [SEVERE ] Key 87 was pressed by player 0
[2022-12-11 20:37:08] [SEVERE ] removing card from slot 3
[2022-12-11 20:37:09] [SEVERE ] Key 69 was pressed by player 0
[2022-12-11 20:37:09] [SEVERE ] removing card from slot 4
[2022-12-11 20:37:09] [SEVERE ] removing card from slot 5
[2022-12-11 20:37:09] [SEVERE ] removing card from slot 6
[2022-12-11 20:37:09] [SEVERE ] removing card from slot 7
[2022-12-11 20:37:09] [SEVERE ] removing card from slot 8
[2022-12-11 20:37:09] [SEVERE ] removing card from slot 9
[2022-12-11 20:37:09] [SEVERE ] removing card from slot 10
[2022-12-11 20:37:09] [SEVERE ] removing card from slot 11
[2022-12-11 20:37:09] [SEVERE ] placing card 20 in slot 0
[2022-12-11 20:37:10] [SEVERE ] placing card 71 in slot 1
[2022-12-11 20:37:10] [SEVERE ] placing card 56 in slot 2
[2022-12-11 20:37:10] [SEVERE ] placing card 47 in slot 3
[2022-12-11 20:37:10] [SEVERE ] placing card 46 in slot 4
[2022-12-11 20:37:10] [SEVERE ] placing card 63 in slot 5
[2022-12-11 20:37:10] [SEVERE ] placing card 11 in slot 6
[2022-12-11 20:37:10] [SEVERE ] placing card 60 in slot 7
[2022-12-11 20:37:10] [SEVERE ] placing card 72 in slot 8
[2022-12-11 20:37:11] [SEVERE ] placing card 34 in slot 9
[2022-12-11 20:37:11] [SEVERE ] placing card 31 in slot 10
[2022-12-11 20:37:11] [SEVERE ] placing card 78 in slot 11
[2022-12-11 20:37:14] [SEVERE ] removing all tokens
[2022-12-11 20:37:14] [SEVERE ] removing tokens from slot 0
[2022-12-11 20:37:14] [SEVERE ] removing tokens from slot 1
[2022-12-11 20:37:14] [SEVERE ] removing tokens from slot 2
[2022-12-11 20:37:14] [SEVERE ] removing tokens from slot 3
[2022-12-11 20:37:14] [SEVERE ] removing tokens from slot 4
[2022-12-11 20:37:14] [SEVERE ] removing tokens from slot 5
[2022-12-11 20:37:14] [SEVERE ] removing tokens from slot 6
[2022-12-11 20:37:14] [SEVERE ] removing tokens from slot 7
[2022-12-11 20:37:14] [SEVERE ] removing tokens from slot 8
[2022-12-11 20:37:14] [SEVERE ] removing tokens from slot 9
[2022-12-11 20:37:14] [SEVERE ] removing tokens from slot 10
[2022-12-11 20:37:14] [SEVERE ] removing tokens from slot 11
[2022-12-11 20:37:14] [SEVERE ] removing card from slot 0
[2022-12-11 20:37:14] [SEVERE ] removing card from slot 1
[2022-12-11 20:37:14] [SEVERE ] removing card from slot 2
[2022-12-11 20:37:14] [SEVERE ] removing card from slot 3
[2022-12-11 20:37:14] [SEVERE ] removing card from slot 4
[2022-12-11 20:37:14] [SEVERE ] removing card from slot 5
[2022-12-11 20:37:15] [SEVERE ] removing card from slot 6
[2022-12-11 20:37:15] [SEVERE ] removing card from slot 7
[2022-12-11 20:37:15] [SEVERE ] removing card from slot 8
[2022-12-11 20:37:15] [SEVERE ] removing card from slot 9
[2022-12-11 20:37:15] [SEVERE ] removing card from slot 10
[2022-12-11 20:37:15] [SEVERE ] removing card from slot 11
[2022-12-11 20:37:15] [SEVERE ] placing card 46 in slot 0
[2022-12-11 20:37:15] [SEVERE ] placing card 13 in slot 1
[2022-12-11 20:37:15] [SEVERE ] placing card 55 in slot 2
[2022-12-11 20:37:15] [SEVERE ] placing card 30 in slot 3
[2022-12-11 20:37:16] [SEVERE ] placing card 49 in slot 4
[2022-12-11 20:37:16] [SEVERE ] placing card 69 in slot 5
[2022-12-11 20:37:16] [SEVERE ] placing card 67 in slot 6
[2022-12-11 20:37:16] [SEVERE ] placing card 72 in slot 7
[2022-12-11 20:37:16] [SEVERE ] placing card 42 in slot 8
[2022-12-11 20:37:16] [SEVERE ] placing card 1 in slot 9
[2022-12-11 20:37:16] [SEVERE ] placing card 59 in slot 10
[2022-12-11 20:37:16] [SEVERE ] placing card 47 in slot 11
[2022-12-11 20:37:19] [SEVERE ] removing all tokens
[2022-12-11 20:37:19] [SEVERE ] removing tokens from slot 0
[2022-12-11 20:37:19] [SEVERE ] removing tokens from slot 1
[2022-12-11 20:37:19] [SEVERE ] removing tokens from slot 2
[2022-12-11 20:37:19] [SEVERE ] removing tokens from slot 3
[2022-12-11 20:37:19] [SEVERE ] removing tokens from slot 4
[2022-12-11 20:37:19] [SEVERE ] removing tokens from slot 5
[2022-12-11 20:37:19] [SEVERE ] removing tokens from slot 6
[2022-12-11 20:37:19] [SEVERE ] removing tokens from slot 7
[2022-12-11 20:37:19] [SEVERE ] removing tokens from slot 8
[2022-12-11 20:37:19] [SEVERE ] removing tokens from slot 9
[2022-12-11 20:37:19] [SEVERE ] removing tokens from slot 10
[2022-12-11 20:37:19] [SEVERE ] removing tokens from slot 11
[2022-12-11 20:37:19] [SEVERE ] removing card from slot 0
[2022-12-11 20:37:20] [SEVERE ] removing card from slot 1
[2022-12-11 20:37:20] [SEVERE ] removing card from slot 2
[2022-12-11 20:37:20] [SEVERE ] removing card from slot 3
[2022-12-11 20:37:20] [SEVERE ] removing card from slot 4
[2022-12-11 20:37:20] [SEVERE ] removing card from slot 5
[2022-12-11 20:37:20] [SEVERE ] removing card from slot 6
[2022-12-11 20:37:20] [SEVERE ] removing card from slot 7
[2022-12-11 20:37:20] [SEVERE ] removing card from slot 8
[2022-12-11 20:37:20] [SEVERE ] removing card from slot 9
[2022-12-11 20:37:21] [SEVERE ] removing card from slot 10
[2022-12-11 20:37:21] [SEVERE ] removing card from slot 11
[2022-12-11 20:37:21] [SEVERE ] placing card 15 in slot 0
[2022-12-11 20:37:21] [SEVERE ] placing card 62 in slot 1
[2022-12-11 20:37:21] [SEVERE ] placing card 34 in slot 2
[2022-12-11 20:37:21] [SEVERE ] placing card 21 in slot 3
[2022-12-11 20:37:21] [SEVERE ] placing card 78 in slot 4
[2022-12-11 20:37:21] [SEVERE ] placing card 20 in slot 5
[2022-12-11 20:37:21] [SEVERE ] placing card 22 in slot 6
[2022-12-11 20:37:22] [SEVERE ] placing card 77 in slot 7
[2022-12-11 20:37:22] [SEVERE ] placing card 65 in slot 8
[2022-12-11 20:37:22] [SEVERE ] placing card 19 in slot 9
[2022-12-11 20:37:22] [SEVERE ] placing card 73 in slot 10
[2022-12-11 20:37:22] [SEVERE ] placing card 66 in slot 11
[2022-12-11 20:37:25] [SEVERE ] removing all tokens
[2022-12-11 20:37:25] [SEVERE ] removing tokens from slot 0
[2022-12-11 20:37:25] [SEVERE ] removing tokens from slot 1
[2022-12-11 20:37:25] [SEVERE ] removing tokens from slot 2
[2022-12-11 20:37:25] [SEVERE ] removing tokens from slot 3
[2022-12-11 20:37:25] [SEVERE ] removing tokens from slot 4
[2022-12-11 20:37:25] [SEVERE ] removing tokens from slot 5
[2022-12-11 20:37:25] [SEVERE ] removing tokens from slot 6
[2022-12-11 20:37:25] [SEVERE ] removing tokens from slot 7
[2022-12-11 20:37:25] [SEVERE ] removing tokens from slot 8
[2022-12-11 20:37:25] [SEVERE ] removing tokens from slot 9
[2022-12-11 20:37:25] [SEVERE ] removing tokens from slot 10
[2022-12-11 20:37:25] [SEVERE ] removing tokens from slot 11
[2022-12-11 20:37:25] [SEVERE ] removing card from slot 0
[2022-12-11 20:37:25] [SEVERE ] removing card from slot 1
[2022-12-11 20:37:25] [SEVERE ] removing card from slot 2
[2022-12-11 20:37:25] [SEVERE ] removing card from slot 3
[2022-12-11 20:37:26] [SEVERE ] removing card from slot 4
[2022-12-11 20:37:26] [SEVERE ] removing card from slot 5
[2022-12-11 20:37:26] [SEVERE ] removing card from slot 6
[2022-12-11 20:37:26] [SEVERE ] removing card from slot 7
[2022-12-11 20:37:26] [SEVERE ] removing card from slot 8
[2022-12-11 20:37:26] [SEVERE ] removing card from slot 9
[2022-12-11 20:37:26] [SEVERE ] removing card from slot 10
[2022-12-11 20:37:26] [SEVERE ] removing card from slot 11
[2022-12-11 20:37:26] [SEVERE ] placing card 29 in slot 0
[2022-12-11 20:37:27] [SEVERE ] placing card 49 in slot 1
[2022-12-11 20:37:27] [SEVERE ] placing card 25 in slot 2
[2022-12-11 20:37:27] [SEVERE ] placing card 34 in slot 3
[2022-12-11 20:37:27] [SEVERE ] placing card 52 in slot 4
[2022-12-11 20:37:27] [SEVERE ] placing card 35 in slot 5
[2022-12-11 20:37:27] [SEVERE ] placing card 22 in slot 6
[2022-12-11 20:37:27] [SEVERE ] placing card 50 in slot 7
[2022-12-11 20:37:27] [SEVERE ] placing card 40 in slot 8
[2022-12-11 20:37:27] [SEVERE ] placing card 11 in slot 9
[2022-12-11 20:37:28] [SEVERE ] placing card 61 in slot 10
[2022-12-11 20:37:28] [SEVERE ] placing card 60 in slot 11
[2022-12-11 20:37:31] [SEVERE ] removing all tokens
[2022-12-11 20:37:31] [SEVERE ] removing tokens from slot 0
[2022-12-11 20:37:31] [SEVERE ] removing tokens from slot 1
[2022-12-11 20:37:31] [SEVERE ] removing tokens from slot 2
[2022-12-11 20:37:31] [SEVERE ] removing tokens from slot 3
[2022-12-11 20:37:31] [SEVERE ] removing tokens from slot 4
[2022-12-11 20:37:31] [SEVERE ] removing tokens from slot 5
[2022-12-11 20:37:31] [SEVERE ] removing tokens from slot 6
[2022-12-11 20:37:31] [SEVERE ] removing tokens from slot 7
[2022-12-11 20:37:31] [SEVERE ] removing tokens from slot 8
[2022-12-11 20:37:31] [SEVERE ] removing tokens from slot 9
[2022-12-11 20:37:31] [SEVERE ] removing tokens from slot 10
[2022-12-11 20:37:31] [SEVERE ] removing tokens from slot 11
[2022-12-11 20:37:31] [SEVERE ] removing card from slot 0
[2022-12-11 20:37:31] [SEVERE ] removing card from slot 1
[2022-12-11 20:37:31] [SEVERE ] removing card from slot 2
[2022-12-11 20:37:31] [SEVERE ] removing card from slot 3
[2022-12-11 20:37:31] [SEVERE ] removing card from slot 4
[2022-12-11 20:37:31] [SEVERE ] removing card from slot 5
[2022-12-11 20:37:31] [SEVERE ] removing card from slot 6
[2022-12-11 20:37:32] [SEVERE ] removing card from slot 7
[2022-12-11 20:37:32] [SEVERE ] removing card from slot 8
[2022-12-11 20:37:32] [SEVERE ] removing card from slot 9
[2022-12-11 20:37:32] [SEVERE ] removing card from slot 10
[2022-12-11 20:37:32] [SEVERE ] removing card from slot 11
[2022-12-11 20:37:32] [SEVERE ] placing card 32 in slot 0
[2022-12-11 20:37:32] [SEVERE ] placing card 25 in slot 1
[2022-12-11 20:37:32] [SEVERE ] placing card 49 in slot 2
[2022-12-11 20:37:32] [SEVERE ] placing card 18 in slot 3
[2022-12-11 20:37:32] [SEVERE ] placing card 67 in slot 4
[2022-12-11 20:37:33] [SEVERE ] placing card 22 in slot 5
[2022-12-11 20:37:33] [SEVERE ] placing card 34 in slot 6
[2022-12-11 20:37:33] [SEVERE ] placing card 50 in slot 7
[2022-12-11 20:37:33] [SEVERE ] placing card 73 in slot 8
[2022-12-11 20:37:33] [SEVERE ] placing card 43 in slot 9
[2022-12-11 20:37:33] [SEVERE ] placing card 0 in slot 10
[2022-12-11 20:37:33] [SEVERE ] placing card 65 in slot 11
[2022-12-11 20:37:36] [SEVERE ] removing all tokens
[2022-12-11 20:37:36] [SEVERE ] removing tokens from slot 0
[2022-12-11 20:37:36] [SEVERE ] removing tokens from slot 1
[2022-12-11 20:37:36] [SEVERE ] removing tokens from slot 2
[2022-12-11 20:37:36] [SEVERE ] removing tokens from slot 3
[2022-12-11 20:37:36] [SEVERE ] removing tokens from slot 4
[2022-12-11 20:37:36] [SEVERE ] removing tokens from slot 5
[2022-12-11 20:37:36] [SEVERE ] removing tokens from slot 6
[2022-12-11 20:37:36] [SEVERE ] removing tokens from slot 7
[2022-12-11 20:37:36] [SEVERE ] removing tokens from slot 8
[2022-12-11 20:37:36] [SEVERE ] removing tokens from slot 9
[2022-12-11 20:37:36] [SEVERE ] removing tokens from slot 10
[2022-12-11 20:37:36] [SEVERE ] removing tokens from slot 11
[2022-12-11 20:37:36] [SEVERE ] removing card from slot 0
[2022-12-11 20:37:36] [SEVERE ] removing card from slot 1
[2022-12-11 20:37:37] [SEVERE ] removing card from slot 2
[2022-12-11 20:37:37] [SEVERE ] removing card from slot 3
[2022-12-11 20:37:37] [SEVERE ] removing card from slot 4
[2022-12-11 20:37:37] [SEVERE ] removing card from slot 5
[2022-12-11 20:37:37] [SEVERE ] removing card from slot 6
[2022-12-11 20:37:37] [SEVERE ] removing card from slot 7
[2022-12-11 20:37:37] [SEVERE ] removing card from slot 8
[2022-12-11 20:37:37] [SEVERE ] removing card from slot 9
[2022-12-11 20:37:37] [SEVERE ] removing card from slot 10
[2022-12-11 20:37:38] [SEVERE ] removing card from slot 11
[2022-12-11 20:37:38] [SEVERE ] placing card 11 in slot 0
[2022-12-11 20:37:38] [SEVERE ] placing card 40 in slot 1
[2022-12-11 20:37:38] [SEVERE ] placing card 47 in slot 2
[2022-12-11 20:37:38] [SEVERE ] placing card 73 in slot 3
[2022-12-11 20:37:38] [SEVERE ] placing card 8 in slot 4
[2022-12-11 20:37:38] [SEVERE ] placing card 77 in slot 5
[2022-12-11 20:37:38] [SEVERE ] placing card 29 in slot 6
[2022-12-11 20:37:38] [SEVERE ] placing card 76 in slot 7
[2022-12-11 20:37:39] [SEVERE ] placing card 6 in slot 8
[2022-12-11 20:37:39] [SEVERE ] placing card 80 in slot 9
[2022-12-11 20:37:39] [SEVERE ] placing card 26 in slot 10
[2022-12-11 20:37:39] [SEVERE ] placing card 60 in slot 11
