[2022-12-11 19:35:48] [INFO   ] cannot read configuration file config.properties trying from resources.
[2022-12-11 19:35:48] [INFO   ] configuration file was loaded from resources directory.
[2022-12-11 19:35:49] [INFO   ] Thread dealer starting.
[2022-12-11 19:35:49] [SEVERE ] placing card 6 in slot 0
[2022-12-11 19:35:49] [SEVERE ] placing card 56 in slot 1
[2022-12-11 19:35:49] [SEVERE ] placing card 47 in slot 2
[2022-12-11 19:35:49] [SEVERE ] placing card 75 in slot 3
[2022-12-11 19:35:49] [SEVERE ] placing card 23 in slot 4
[2022-12-11 19:35:50] [SEVERE ] placing card 76 in slot 5
[2022-12-11 19:35:50] [SEVERE ] placing card 9 in slot 6
[2022-12-11 19:35:50] [SEVERE ] placing card 25 in slot 7
[2022-12-11 19:35:50] [SEVERE ] placing card 43 in slot 8
[2022-12-11 19:35:50] [SEVERE ] placing card 67 in slot 9
[2022-12-11 19:35:50] [SEVERE ] placing card 24 in slot 10
[2022-12-11 19:35:50] [SEVERE ] placing card 2 in slot 11
[2022-12-11 19:35:50] [INFO   ] Thread Thread-0starting.
[2022-12-11 19:35:50] [INFO   ] Thread Thread-1starting.
[2022-12-11 19:35:54] [SEVERE ] Key 81 was pressed by player 0
[2022-12-11 19:35:54] [SEVERE ] player 0 placing token on slot 0
[2022-12-11 19:35:54] [SEVERE ] Key 79 was pressed by player 1
[2022-12-11 19:35:54] [SEVERE ] player 1 placing token on slot 2
[2022-12-11 19:35:55] [SEVERE ] Key 73 was pressed by player 1
[2022-12-11 19:35:55] [SEVERE ] player 1 placing token on slot 1
[2022-12-11 19:35:55] [SEVERE ] Key 81 was pressed by player 0
[2022-12-11 19:35:55] [SEVERE ] removing player 0 token from slot 0
[2022-12-11 19:35:56] [SEVERE ] Key 76 was pressed by player 1
[2022-12-11 19:35:56] [SEVERE ] player 1 placing token on slot 6
[2022-12-11 19:35:56] [SEVERE ] removing all tokens
[2022-12-11 19:35:56] [SEVERE ] removing tokens from slot 0
[2022-12-11 19:35:56] [SEVERE ] removing tokens from slot 1
[2022-12-11 19:35:56] [SEVERE ] removing tokens from slot 2
[2022-12-11 19:35:56] [SEVERE ] removing tokens from slot 3
[2022-12-11 19:35:56] [SEVERE ] removing tokens from slot 4
[2022-12-11 19:35:56] [SEVERE ] removing tokens from slot 5
[2022-12-11 19:35:56] [SEVERE ] removing tokens from slot 6
[2022-12-11 19:35:56] [SEVERE ] removing tokens from slot 7
[2022-12-11 19:35:56] [SEVERE ] removing tokens from slot 8
[2022-12-11 19:35:56] [SEVERE ] removing tokens from slot 9
[2022-12-11 19:35:56] [SEVERE ] removing tokens from slot 10
[2022-12-11 19:35:56] [SEVERE ] removing tokens from slot 11
[2022-12-11 19:35:56] [SEVERE ] Key 81 was pressed by player 0
[2022-12-11 19:35:56] [SEVERE ] player 0 placing token on slot 0
[2022-12-11 19:35:56] [SEVERE ] removing card from slot 2
[2022-12-11 19:35:56] [SEVERE ] removing card from slot 1
[2022-12-11 19:35:56] [SEVERE ] removing card from slot 6
[2022-12-11 19:35:56] [SEVERE ] setting player 1 score to 1
[2022-12-11 19:35:57] [SEVERE ] placing card 66 in slot 1
[2022-12-11 19:35:57] [SEVERE ] placing card 58 in slot 2
[2022-12-11 19:35:57] [SEVERE ] placing card 74 in slot 6
[2022-12-11 19:36:00] [SEVERE ] Key 83 was pressed by player 0
[2022-12-11 19:36:00] [SEVERE ] player 0 placing token on slot 5
[2022-12-11 19:36:00] [SEVERE ] Key 76 was pressed by player 1
[2022-12-11 19:36:00] [SEVERE ] player 1 placing token on slot 6
[2022-12-11 19:36:01] [SEVERE ] Key 65 was pressed by player 0
[2022-12-11 19:36:01] [SEVERE ] player 0 placing token on slot 4
[2022-12-11 19:36:01] [SEVERE ] removing all tokens
[2022-12-11 19:36:01] [SEVERE ] removing tokens from slot 0
[2022-12-11 19:36:01] [SEVERE ] removing tokens from slot 1
[2022-12-11 19:36:01] [SEVERE ] removing tokens from slot 2
[2022-12-11 19:36:01] [SEVERE ] removing tokens from slot 3
[2022-12-11 19:36:01] [SEVERE ] removing tokens from slot 4
[2022-12-11 19:36:01] [SEVERE ] removing tokens from slot 5
[2022-12-11 19:36:01] [SEVERE ] removing tokens from slot 6
[2022-12-11 19:36:01] [SEVERE ] removing tokens from slot 7
[2022-12-11 19:36:01] [SEVERE ] removing tokens from slot 8
[2022-12-11 19:36:01] [SEVERE ] removing tokens from slot 9
[2022-12-11 19:36:01] [SEVERE ] removing tokens from slot 10
[2022-12-11 19:36:01] [SEVERE ] removing tokens from slot 11
[2022-12-11 19:36:01] [SEVERE ] Key 76 was pressed by player 1
[2022-12-11 19:36:01] [SEVERE ] removing player 1 token from slot 6
[2022-12-11 19:36:01] [SEVERE ] removing card from slot 0
[2022-12-11 19:36:01] [SEVERE ] removing card from slot 5
[2022-12-11 19:36:01] [SEVERE ] removing card from slot 4
[2022-12-11 19:36:01] [SEVERE ] setting player 0 score to 1
[2022-12-11 19:36:01] [SEVERE ] placing card 22 in slot 0
[2022-12-11 19:36:02] [SEVERE ] placing card 44 in slot 4
[2022-12-11 19:36:02] [SEVERE ] placing card 17 in slot 5
[2022-12-11 19:36:03] [SEVERE ] Key 76 was pressed by player 1
[2022-12-11 19:36:03] [SEVERE ] player 1 placing token on slot 6
[2022-12-11 19:36:03] [SEVERE ] Key 83 was pressed by player 0
[2022-12-11 19:36:03] [SEVERE ] player 0 placing token on slot 5
[2022-12-11 19:36:04] [SEVERE ] Key 76 was pressed by player 1
[2022-12-11 19:36:04] [SEVERE ] removing player 1 token from slot 6
[2022-12-11 19:36:05] [SEVERE ] Key 76 was pressed by player 1
[2022-12-11 19:36:05] [SEVERE ] player 1 placing token on slot 6
[2022-12-11 19:36:06] [SEVERE ] Key 79 was pressed by player 1
[2022-12-11 19:36:06] [SEVERE ] player 1 placing token on slot 2
[2022-12-11 19:36:06] [SEVERE ] Key 87 was pressed by player 0
[2022-12-11 19:36:06] [SEVERE ] player 0 placing token on slot 1
[2022-12-11 19:36:07] [SEVERE ] Key 81 was pressed by player 0
[2022-12-11 19:36:07] [SEVERE ] player 0 placing token on slot 0
[2022-12-11 19:36:07] [SEVERE ] removing all tokens
[2022-12-11 19:36:07] [SEVERE ] removing tokens from slot 0
[2022-12-11 19:36:07] [SEVERE ] removing tokens from slot 1
[2022-12-11 19:36:07] [SEVERE ] removing tokens from slot 2
[2022-12-11 19:36:07] [SEVERE ] removing tokens from slot 3
[2022-12-11 19:36:07] [SEVERE ] removing tokens from slot 4
[2022-12-11 19:36:07] [SEVERE ] removing tokens from slot 5
[2022-12-11 19:36:07] [SEVERE ] removing tokens from slot 6
[2022-12-11 19:36:07] [SEVERE ] removing tokens from slot 7
[2022-12-11 19:36:07] [SEVERE ] removing tokens from slot 8
[2022-12-11 19:36:07] [SEVERE ] removing tokens from slot 9
[2022-12-11 19:36:07] [SEVERE ] removing tokens from slot 10
[2022-12-11 19:36:07] [SEVERE ] removing tokens from slot 11
[2022-12-11 19:36:07] [SEVERE ] Key 76 was pressed by player 1
[2022-12-11 19:36:07] [SEVERE ] removing player 1 token from slot 6
[2022-12-11 19:36:07] [SEVERE ] removing card from slot 5
[2022-12-11 19:36:07] [SEVERE ] removing card from slot 1
[2022-12-11 19:36:07] [SEVERE ] removing card from slot 0
[2022-12-11 19:36:07] [SEVERE ] setting player 0 score to 2
[2022-12-11 19:36:07] [SEVERE ] placing card 46 in slot 0
[2022-12-11 19:36:07] [SEVERE ] placing card 32 in slot 1
[2022-12-11 19:36:07] [SEVERE ] placing card 79 in slot 5
[2022-12-11 19:36:09] [SEVERE ] Key 83 was pressed by player 0
[2022-12-11 19:36:09] [SEVERE ] player 0 placing token on slot 5
[2022-12-11 19:36:09] [SEVERE ] Key 79 was pressed by player 1
[2022-12-11 19:36:09] [SEVERE ] removing player 1 token from slot 2
[2022-12-11 19:36:10] [SEVERE ] Key 75 was pressed by player 1
[2022-12-11 19:36:10] [SEVERE ] player 1 placing token on slot 5
[2022-12-11 19:36:10] [SEVERE ] Key 87 was pressed by player 0
[2022-12-11 19:36:10] [SEVERE ] player 0 placing token on slot 1
[2022-12-11 19:36:11] [SEVERE ] Key 73 was pressed by player 1
[2022-12-11 19:36:11] [SEVERE ] player 1 placing token on slot 1
[2022-12-11 19:36:12] [SEVERE ] Key 85 was pressed by player 1
[2022-12-11 19:36:12] [SEVERE ] player 1 placing token on slot 0
[2022-12-11 19:36:12] [SEVERE ] removing all tokens
[2022-12-11 19:36:12] [SEVERE ] removing tokens from slot 0
[2022-12-11 19:36:12] [SEVERE ] removing tokens from slot 1
[2022-12-11 19:36:12] [SEVERE ] removing tokens from slot 2
[2022-12-11 19:36:12] [SEVERE ] removing tokens from slot 3
[2022-12-11 19:36:12] [SEVERE ] removing tokens from slot 4
[2022-12-11 19:36:12] [SEVERE ] removing tokens from slot 5
[2022-12-11 19:36:12] [SEVERE ] removing tokens from slot 6
[2022-12-11 19:36:12] [SEVERE ] removing tokens from slot 7
[2022-12-11 19:36:12] [SEVERE ] removing tokens from slot 8
[2022-12-11 19:36:12] [SEVERE ] removing tokens from slot 9
[2022-12-11 19:36:12] [SEVERE ] removing tokens from slot 10
[2022-12-11 19:36:12] [SEVERE ] removing tokens from slot 11
[2022-12-11 19:36:12] [SEVERE ] removing card from slot 5
[2022-12-11 19:36:12] [SEVERE ] removing card from slot 1
[2022-12-11 19:36:13] [SEVERE ] removing card from slot 0
[2022-12-11 19:36:13] [SEVERE ] setting player 1 score to 2
[2022-12-11 19:36:13] [SEVERE ] placing card 42 in slot 0
[2022-12-11 19:36:13] [SEVERE ] placing card 31 in slot 1
[2022-12-11 19:36:13] [SEVERE ] placing card 18 in slot 5
[2022-12-11 19:36:17] [SEVERE ] Key 80 was pressed by player 1
[2022-12-11 19:36:17] [SEVERE ] player 1 placing token on slot 3
[2022-12-11 19:36:17] [SEVERE ] Key 79 was pressed by player 1
[2022-12-11 19:36:17] [SEVERE ] player 1 placing token on slot 2
[2022-12-11 19:36:17] [SEVERE ] Key 75 was pressed by player 1
[2022-12-11 19:36:17] [SEVERE ] player 1 placing token on slot 5
[2022-12-11 19:36:17] [SEVERE ] removing all tokens
[2022-12-11 19:36:17] [SEVERE ] removing tokens from slot 0
[2022-12-11 19:36:17] [SEVERE ] removing tokens from slot 1
[2022-12-11 19:36:17] [SEVERE ] removing tokens from slot 2
[2022-12-11 19:36:17] [SEVERE ] removing tokens from slot 3
[2022-12-11 19:36:17] [SEVERE ] removing tokens from slot 4
[2022-12-11 19:36:17] [SEVERE ] removing tokens from slot 5
[2022-12-11 19:36:17] [SEVERE ] removing tokens from slot 6
[2022-12-11 19:36:17] [SEVERE ] removing tokens from slot 7
[2022-12-11 19:36:17] [SEVERE ] removing tokens from slot 8
[2022-12-11 19:36:17] [SEVERE ] removing tokens from slot 9
[2022-12-11 19:36:17] [SEVERE ] removing tokens from slot 10
[2022-12-11 19:36:17] [SEVERE ] removing tokens from slot 11
[2022-12-11 19:36:17] [SEVERE ] removing card from slot 3
[2022-12-11 19:36:18] [SEVERE ] removing card from slot 2
[2022-12-11 19:36:18] [SEVERE ] removing card from slot 5
[2022-12-11 19:36:18] [SEVERE ] setting player 1 score to 3
[2022-12-11 19:36:18] [SEVERE ] placing card 55 in slot 2
[2022-12-11 19:36:18] [SEVERE ] placing card 26 in slot 3
[2022-12-11 19:36:18] [SEVERE ] placing card 7 in slot 5
[2022-12-11 19:36:50] [SEVERE ] removing card from slot 0
[2022-12-11 19:36:50] [SEVERE ] removing card from slot 1
[2022-12-11 19:36:51] [SEVERE ] removing card from slot 2
[2022-12-11 19:36:51] [SEVERE ] removing card from slot 3
[2022-12-11 19:36:51] [SEVERE ] removing card from slot 4
[2022-12-11 19:36:51] [SEVERE ] removing card from slot 5
[2022-12-11 19:36:51] [SEVERE ] removing card from slot 6
[2022-12-11 19:36:51] [SEVERE ] removing card from slot 7
[2022-12-11 19:36:51] [SEVERE ] removing card from slot 8
[2022-12-11 19:36:51] [SEVERE ] removing card from slot 9
[2022-12-11 19:36:51] [SEVERE ] removing card from slot 10
[2022-12-11 19:36:52] [SEVERE ] removing card from slot 11
[2022-12-11 19:36:52] [SEVERE ] placing card 15 in slot 0
[2022-12-11 19:36:52] [SEVERE ] placing card 31 in slot 1
[2022-12-11 19:36:52] [SEVERE ] placing card 55 in slot 2
[2022-12-11 19:36:52] [SEVERE ] placing card 16 in slot 3
[2022-12-11 19:36:52] [SEVERE ] placing card 36 in slot 4
[2022-12-11 19:36:52] [SEVERE ] placing card 54 in slot 5
[2022-12-11 19:36:52] [SEVERE ] placing card 64 in slot 6
[2022-12-11 19:36:52] [SEVERE ] placing card 51 in slot 7
[2022-12-11 19:36:53] [SEVERE ] placing card 72 in slot 8
[2022-12-11 19:36:53] [SEVERE ] placing card 24 in slot 9
[2022-12-11 19:36:53] [SEVERE ] placing card 33 in slot 10
[2022-12-11 19:36:53] [SEVERE ] placing card 77 in slot 11
[2022-12-11 19:36:53] [INFO   ] Thread Thread-3starting.
[2022-12-11 19:36:53] [INFO   ] Thread Thread-2starting.
[2022-12-11 19:37:53] [SEVERE ] removing card from slot 0
[2022-12-11 19:37:53] [SEVERE ] removing card from slot 1
[2022-12-11 19:37:53] [SEVERE ] removing card from slot 2
[2022-12-11 19:37:53] [SEVERE ] removing card from slot 3
[2022-12-11 19:37:53] [SEVERE ] removing card from slot 4
[2022-12-11 19:37:54] [SEVERE ] removing card from slot 5
[2022-12-11 19:37:54] [SEVERE ] removing card from slot 6
[2022-12-11 19:37:54] [SEVERE ] removing card from slot 7
[2022-12-11 19:37:54] [SEVERE ] removing card from slot 8
[2022-12-11 19:37:54] [SEVERE ] removing card from slot 9
[2022-12-11 19:37:54] [SEVERE ] removing card from slot 10
[2022-12-11 19:37:54] [SEVERE ] removing card from slot 11
[2022-12-11 19:37:54] [SEVERE ] placing card 36 in slot 0
[2022-12-11 19:37:54] [SEVERE ] placing card 27 in slot 1
[2022-12-11 19:37:55] [SEVERE ] placing card 33 in slot 2
[2022-12-11 19:37:55] [SEVERE ] placing card 59 in slot 3
[2022-12-11 19:37:55] [SEVERE ] placing card 10 in slot 4
[2022-12-11 19:37:55] [SEVERE ] placing card 25 in slot 5
[2022-12-11 19:37:55] [SEVERE ] placing card 38 in slot 6
[2022-12-11 19:37:55] [SEVERE ] placing card 51 in slot 7
[2022-12-11 19:37:55] [SEVERE ] placing card 15 in slot 8
[2022-12-11 19:37:55] [SEVERE ] placing card 35 in slot 9
[2022-12-11 19:37:55] [SEVERE ] placing card 53 in slot 10
[2022-12-11 19:37:56] [SEVERE ] placing card 65 in slot 11
[2022-12-11 19:37:56] [INFO   ] Thread Thread-4starting.
[2022-12-11 19:37:56] [INFO   ] Thread Thread-5starting.
[2022-12-11 19:38:56] [SEVERE ] removing card from slot 0
[2022-12-11 19:38:56] [SEVERE ] removing card from slot 1
[2022-12-11 19:38:56] [SEVERE ] removing card from slot 2
[2022-12-11 19:38:56] [SEVERE ] removing card from slot 3
[2022-12-11 19:38:56] [SEVERE ] removing card from slot 4
[2022-12-11 19:38:56] [SEVERE ] removing card from slot 5
[2022-12-11 19:38:56] [SEVERE ] removing card from slot 6
[2022-12-11 19:38:56] [SEVERE ] removing card from slot 7
[2022-12-11 19:38:56] [SEVERE ] removing card from slot 8
[2022-12-11 19:38:57] [SEVERE ] removing card from slot 9
[2022-12-11 19:38:57] [SEVERE ] removing card from slot 10
[2022-12-11 19:38:57] [SEVERE ] removing card from slot 11
[2022-12-11 19:38:57] [SEVERE ] placing card 0 in slot 0
[2022-12-11 19:38:57] [SEVERE ] placing card 25 in slot 1
[2022-12-11 19:38:57] [SEVERE ] placing card 28 in slot 2
[2022-12-11 19:38:57] [SEVERE ] placing card 73 in slot 3
[2022-12-11 19:38:57] [SEVERE ] placing card 64 in slot 4
[2022-12-11 19:38:57] [SEVERE ] placing card 42 in slot 5
[2022-12-11 19:38:58] [SEVERE ] placing card 8 in slot 6
[2022-12-11 19:38:58] [SEVERE ] placing card 10 in slot 7
[2022-12-11 19:38:58] [SEVERE ] placing card 26 in slot 8
[2022-12-11 19:38:58] [SEVERE ] placing card 33 in slot 9
[2022-12-11 19:38:58] [SEVERE ] placing card 38 in slot 10
[2022-12-11 19:38:58] [SEVERE ] placing card 30 in slot 11
[2022-12-11 19:38:58] [INFO   ] Thread Thread-7starting.
[2022-12-11 19:38:58] [INFO   ] Thread Thread-6starting.
[2022-12-11 19:39:58] [SEVERE ] removing card from slot 0
[2022-12-11 19:39:58] [SEVERE ] removing card from slot 1
[2022-12-11 19:39:58] [SEVERE ] removing card from slot 2
[2022-12-11 19:39:59] [SEVERE ] removing card from slot 3
[2022-12-11 19:39:59] [SEVERE ] removing card from slot 4
[2022-12-11 19:39:59] [SEVERE ] removing card from slot 5
[2022-12-11 19:39:59] [SEVERE ] removing card from slot 6
[2022-12-11 19:39:59] [SEVERE ] removing card from slot 7
[2022-12-11 19:39:59] [SEVERE ] removing card from slot 8
[2022-12-11 19:39:59] [SEVERE ] removing card from slot 9
[2022-12-11 19:39:59] [SEVERE ] removing card from slot 10
[2022-12-11 19:39:59] [SEVERE ] removing card from slot 11
[2022-12-11 19:40:00] [SEVERE ] placing card 52 in slot 0
[2022-12-11 19:40:00] [SEVERE ] placing card 36 in slot 1
[2022-12-11 19:40:00] [SEVERE ] placing card 39 in slot 2
[2022-12-11 19:40:00] [SEVERE ] placing card 68 in slot 3
[2022-12-11 19:40:00] [SEVERE ] placing card 19 in slot 4
[2022-12-11 19:40:00] [SEVERE ] placing card 61 in slot 5
[2022-12-11 19:40:00] [SEVERE ] placing card 14 in slot 6
[2022-12-11 19:40:00] [SEVERE ] placing card 12 in slot 7
[2022-12-11 19:40:00] [SEVERE ] placing card 71 in slot 8
[2022-12-11 19:40:01] [SEVERE ] placing card 53 in slot 9
[2022-12-11 19:40:01] [SEVERE ] placing card 77 in slot 10
[2022-12-11 19:40:01] [SEVERE ] placing card 26 in slot 11
[2022-12-11 19:40:01] [INFO   ] Thread Thread-8starting.
[2022-12-11 19:40:01] [INFO   ] Thread Thread-9starting.
[2022-12-11 19:41:01] [SEVERE ] removing card from slot 0
[2022-12-11 19:41:01] [SEVERE ] removing card from slot 1
[2022-12-11 19:41:01] [SEVERE ] removing card from slot 2
[2022-12-11 19:41:01] [SEVERE ] removing card from slot 3
[2022-12-11 19:41:01] [SEVERE ] removing card from slot 4
[2022-12-11 19:41:01] [SEVERE ] removing card from slot 5
[2022-12-11 19:41:01] [SEVERE ] removing card from slot 6
[2022-12-11 19:41:02] [SEVERE ] removing card from slot 7
[2022-12-11 19:41:02] [SEVERE ] removing card from slot 8
[2022-12-11 19:41:02] [SEVERE ] removing card from slot 9
[2022-12-11 19:41:02] [SEVERE ] removing card from slot 10
[2022-12-11 19:41:02] [SEVERE ] removing card from slot 11
[2022-12-11 19:41:02] [SEVERE ] placing card 38 in slot 0
[2022-12-11 19:41:02] [SEVERE ] placing card 19 in slot 1
[2022-12-11 19:41:02] [SEVERE ] placing card 67 in slot 2
[2022-12-11 19:41:02] [SEVERE ] placing card 37 in slot 3
[2022-12-11 19:41:03] [SEVERE ] placing card 13 in slot 4
[2022-12-11 19:41:03] [SEVERE ] placing card 64 in slot 5
[2022-12-11 19:41:03] [SEVERE ] placing card 59 in slot 6
[2022-12-11 19:41:03] [SEVERE ] placing card 41 in slot 7
[2022-12-11 19:41:03] [SEVERE ] placing card 60 in slot 8
[2022-12-11 19:41:03] [SEVERE ] placing card 20 in slot 9
[2022-12-11 19:41:03] [SEVERE ] placing card 21 in slot 10
[2022-12-11 19:41:03] [SEVERE ] placing card 30 in slot 11
[2022-12-11 19:41:03] [INFO   ] Thread Thread-10starting.
[2022-12-11 19:41:03] [INFO   ] Thread Thread-11starting.
