[2022-12-11 20:19:39] [INFO   ] cannot read configuration file config.properties trying from resources.
[2022-12-11 20:19:39] [INFO   ] configuration file was loaded from resources directory.
[2022-12-11 20:19:41] [INFO   ] Thread dealer starting.
[2022-12-11 20:19:41] [SEVERE ] placing card 53 in slot 0
[2022-12-11 20:19:41] [SEVERE ] placing card 25 in slot 1
[2022-12-11 20:19:41] [SEVERE ] placing card 71 in slot 2
[2022-12-11 20:19:41] [SEVERE ] placing card 11 in slot 3
[2022-12-11 20:19:41] [SEVERE ] placing card 79 in slot 4
[2022-12-11 20:19:41] [SEVERE ] placing card 19 in slot 5
[2022-12-11 20:19:42] [SEVERE ] placing card 12 in slot 6
[2022-12-11 20:19:42] [SEVERE ] placing card 47 in slot 7
[2022-12-11 20:19:42] [SEVERE ] placing card 52 in slot 8
[2022-12-11 20:19:42] [SEVERE ] placing card 68 in slot 9
[2022-12-11 20:19:42] [SEVERE ] placing card 58 in slot 10
[2022-12-11 20:19:42] [SEVERE ] placing card 4 in slot 11
[2022-12-11 20:19:42] [INFO   ] Thread Thread-0starting.
[2022-12-11 20:19:42] [INFO   ] Thread Thread-1starting.
[2022-12-11 20:19:43] [SEVERE ] Key 81 was pressed by player 0
[2022-12-11 20:19:43] [SEVERE ] player 0 placing token on slot 0
[2022-12-11 20:19:43] [SEVERE ] Key 87 was pressed by player 0
[2022-12-11 20:19:43] [SEVERE ] player 0 placing token on slot 1
[2022-12-11 20:19:44] [SEVERE ] Key 69 was pressed by player 0
[2022-12-11 20:19:44] [SEVERE ] player 0 placing token on slot 2
[2022-12-11 20:19:44] [SEVERE ] removing all tokens
[2022-12-11 20:19:44] [SEVERE ] removing tokens from slot 0
[2022-12-11 20:19:44] [SEVERE ] removing tokens from slot 1
[2022-12-11 20:19:44] [SEVERE ] removing tokens from slot 2
[2022-12-11 20:19:44] [SEVERE ] removing tokens from slot 3
[2022-12-11 20:19:44] [SEVERE ] removing tokens from slot 4
[2022-12-11 20:19:44] [SEVERE ] removing tokens from slot 5
[2022-12-11 20:19:44] [SEVERE ] removing tokens from slot 6
[2022-12-11 20:19:44] [SEVERE ] removing tokens from slot 7
[2022-12-11 20:19:44] [SEVERE ] removing tokens from slot 8
[2022-12-11 20:19:44] [SEVERE ] removing tokens from slot 9
[2022-12-11 20:19:44] [SEVERE ] removing tokens from slot 10
[2022-12-11 20:19:44] [SEVERE ] removing tokens from slot 11
[2022-12-11 20:19:44] [SEVERE ] removing card from slot 0
[2022-12-11 20:19:44] [SEVERE ] removing card from slot 1
[2022-12-11 20:19:44] [SEVERE ] removing card from slot 2
[2022-12-11 20:19:44] [SEVERE ] setting player 0 score to 1
[2022-12-11 20:19:44] [SEVERE ] placing card 63 in slot 0
[2022-12-11 20:19:44] [SEVERE ] placing card 22 in slot 1
[2022-12-11 20:19:44] [SEVERE ] placing card 30 in slot 2
[2022-12-11 20:19:46] [SEVERE ] Key 79 was pressed by player 1
[2022-12-11 20:19:46] [SEVERE ] player 1 placing token on slot 2
[2022-12-11 20:19:46] [SEVERE ] Key 73 was pressed by player 1
[2022-12-11 20:19:46] [SEVERE ] player 1 placing token on slot 1
[2022-12-11 20:19:47] [SEVERE ] Key 81 was pressed by player 0
[2022-12-11 20:19:47] [SEVERE ] player 0 placing token on slot 0
[2022-12-11 20:19:47] [SEVERE ] Key 87 was pressed by player 0
[2022-12-11 20:19:47] [SEVERE ] player 0 placing token on slot 1
[2022-12-11 20:19:47] [SEVERE ] Key 69 was pressed by player 0
[2022-12-11 20:19:47] [SEVERE ] player 0 placing token on slot 2
[2022-12-11 20:19:47] [SEVERE ] removing all tokens
[2022-12-11 20:19:47] [SEVERE ] removing tokens from slot 0
[2022-12-11 20:19:47] [SEVERE ] removing tokens from slot 1
[2022-12-11 20:19:47] [SEVERE ] removing tokens from slot 2
[2022-12-11 20:19:47] [SEVERE ] removing tokens from slot 3
[2022-12-11 20:19:47] [SEVERE ] removing tokens from slot 4
[2022-12-11 20:19:47] [SEVERE ] removing tokens from slot 5
[2022-12-11 20:19:47] [SEVERE ] removing tokens from slot 6
[2022-12-11 20:19:47] [SEVERE ] removing tokens from slot 7
[2022-12-11 20:19:47] [SEVERE ] removing tokens from slot 8
[2022-12-11 20:19:47] [SEVERE ] removing tokens from slot 9
[2022-12-11 20:19:47] [SEVERE ] removing tokens from slot 10
[2022-12-11 20:19:47] [SEVERE ] removing tokens from slot 11
[2022-12-11 20:19:47] [SEVERE ] removing card from slot 0
[2022-12-11 20:19:47] [SEVERE ] removing card from slot 1
[2022-12-11 20:19:48] [SEVERE ] removing card from slot 2
[2022-12-11 20:19:48] [SEVERE ] setting player 0 score to 2
[2022-12-11 20:19:48] [SEVERE ] placing card 15 in slot 0
[2022-12-11 20:19:48] [SEVERE ] placing card 54 in slot 1
[2022-12-11 20:19:48] [SEVERE ] placing card 70 in slot 2
[2022-12-11 20:19:49] [SEVERE ] Key 80 was pressed by player 1
[2022-12-11 20:19:49] [SEVERE ] player 1 placing token on slot 3
[2022-12-11 20:19:49] [SEVERE ] removing all tokens
[2022-12-11 20:19:49] [SEVERE ] removing tokens from slot 0
[2022-12-11 20:19:49] [SEVERE ] removing tokens from slot 1
[2022-12-11 20:19:49] [SEVERE ] removing tokens from slot 2
[2022-12-11 20:19:49] [SEVERE ] removing tokens from slot 3
[2022-12-11 20:19:49] [SEVERE ] removing tokens from slot 4
[2022-12-11 20:19:49] [SEVERE ] removing tokens from slot 5
[2022-12-11 20:19:49] [SEVERE ] removing tokens from slot 6
[2022-12-11 20:19:49] [SEVERE ] removing tokens from slot 7
[2022-12-11 20:19:49] [SEVERE ] removing tokens from slot 8
[2022-12-11 20:19:49] [SEVERE ] removing tokens from slot 9
[2022-12-11 20:19:49] [SEVERE ] removing tokens from slot 10
[2022-12-11 20:19:49] [SEVERE ] removing tokens from slot 11
[2022-12-11 20:19:49] [SEVERE ] removing card from slot 2
[2022-12-11 20:19:49] [SEVERE ] removing card from slot 1
[2022-12-11 20:19:49] [SEVERE ] Key 79 was pressed by player 1
[2022-12-11 20:19:49] [SEVERE ] removing card from slot 3
[2022-12-11 20:19:49] [SEVERE ] setting player 1 score to 1
[2022-12-11 20:19:49] [SEVERE ] placing card 5 in slot 1
[2022-12-11 20:19:49] [SEVERE ] placing card 39 in slot 2
[2022-12-11 20:19:49] [SEVERE ] placing card 62 in slot 3
[2022-12-11 20:19:57] [SEVERE ] Key 81 was pressed by player 0
[2022-12-11 20:19:57] [SEVERE ] player 0 placing token on slot 0
[2022-12-11 20:19:57] [SEVERE ] Key 87 was pressed by player 0
[2022-12-11 20:19:57] [SEVERE ] player 0 placing token on slot 1
[2022-12-11 20:19:57] [SEVERE ] Key 69 was pressed by player 0
[2022-12-11 20:19:57] [SEVERE ] player 0 placing token on slot 2
[2022-12-11 20:19:57] [SEVERE ] removing all tokens
[2022-12-11 20:19:57] [SEVERE ] removing tokens from slot 0
[2022-12-11 20:19:57] [SEVERE ] removing tokens from slot 1
[2022-12-11 20:19:57] [SEVERE ] removing tokens from slot 2
[2022-12-11 20:19:57] [SEVERE ] removing tokens from slot 3
[2022-12-11 20:19:57] [SEVERE ] removing tokens from slot 4
[2022-12-11 20:19:57] [SEVERE ] removing tokens from slot 5
[2022-12-11 20:19:57] [SEVERE ] removing tokens from slot 6
[2022-12-11 20:19:57] [SEVERE ] removing tokens from slot 7
[2022-12-11 20:19:57] [SEVERE ] removing tokens from slot 8
[2022-12-11 20:19:57] [SEVERE ] removing tokens from slot 9
[2022-12-11 20:19:57] [SEVERE ] removing tokens from slot 10
[2022-12-11 20:19:57] [SEVERE ] removing tokens from slot 11
[2022-12-11 20:19:57] [SEVERE ] removing card from slot 0
[2022-12-11 20:19:57] [SEVERE ] removing card from slot 1
[2022-12-11 20:19:57] [SEVERE ] removing card from slot 2
[2022-12-11 20:19:57] [SEVERE ] setting player 0 score to 3
[2022-12-11 20:19:57] [SEVERE ] placing card 3 in slot 0
[2022-12-11 20:19:57] [SEVERE ] placing card 56 in slot 1
[2022-12-11 20:19:57] [SEVERE ] placing card 38 in slot 2
[2022-12-11 20:19:59] [SEVERE ] Key 81 was pressed by player 0
[2022-12-11 20:19:59] [SEVERE ] player 0 placing token on slot 0
[2022-12-11 20:19:59] [SEVERE ] Key 87 was pressed by player 0
[2022-12-11 20:19:59] [SEVERE ] player 0 placing token on slot 1
[2022-12-11 20:20:02] [SEVERE ] Key 79 was pressed by player 1
[2022-12-11 20:20:02] [SEVERE ] player 1 placing token on slot 2
[2022-12-11 20:20:02] [SEVERE ] Key 73 was pressed by player 1
[2022-12-11 20:20:02] [SEVERE ] player 1 placing token on slot 1
[2022-12-11 20:20:04] [SEVERE ] Key 80 was pressed by player 1
[2022-12-11 20:20:04] [SEVERE ] player 1 placing token on slot 3
[2022-12-11 20:20:04] [SEVERE ] removing all tokens
[2022-12-11 20:20:04] [SEVERE ] removing tokens from slot 0
[2022-12-11 20:20:04] [SEVERE ] removing tokens from slot 1
[2022-12-11 20:20:04] [SEVERE ] removing tokens from slot 2
[2022-12-11 20:20:04] [SEVERE ] removing tokens from slot 3
[2022-12-11 20:20:04] [SEVERE ] removing tokens from slot 4
[2022-12-11 20:20:04] [SEVERE ] removing tokens from slot 5
[2022-12-11 20:20:04] [SEVERE ] removing tokens from slot 6
[2022-12-11 20:20:04] [SEVERE ] removing tokens from slot 7
[2022-12-11 20:20:04] [SEVERE ] removing tokens from slot 8
[2022-12-11 20:20:04] [SEVERE ] removing tokens from slot 9
[2022-12-11 20:20:04] [SEVERE ] removing tokens from slot 10
[2022-12-11 20:20:04] [SEVERE ] removing tokens from slot 11
[2022-12-11 20:20:04] [SEVERE ] removing card from slot 2
[2022-12-11 20:20:04] [SEVERE ] removing card from slot 1
[2022-12-11 20:20:04] [SEVERE ] removing card from slot 3
[2022-12-11 20:20:04] [SEVERE ] setting player 1 score to 2
[2022-12-11 20:20:04] [SEVERE ] placing card 17 in slot 1
[2022-12-11 20:20:04] [SEVERE ] placing card 1 in slot 2
[2022-12-11 20:20:04] [SEVERE ] placing card 6 in slot 3
[2022-12-11 20:20:07] [SEVERE ] Key 81 was pressed by player 0
[2022-12-11 20:20:07] [SEVERE ] removing player 0 token from slot 0
[2022-12-11 20:20:08] [SEVERE ] Key 81 was pressed by player 0
[2022-12-11 20:20:08] [SEVERE ] player 0 placing token on slot 0
[2022-12-11 20:20:12] [SEVERE ] Key 81 was pressed by player 0
[2022-12-11 20:20:12] [SEVERE ] removing player 0 token from slot 0
[2022-12-11 20:20:13] [SEVERE ] Key 69 was pressed by player 0
[2022-12-11 20:20:13] [SEVERE ] player 0 placing token on slot 2
[2022-12-11 20:20:19] [SEVERE ] Key 69 was pressed by player 0
[2022-12-11 20:20:19] [SEVERE ] removing player 0 token from slot 2
[2022-12-11 20:20:19] [SEVERE ] Key 83 was pressed by player 0
[2022-12-11 20:20:19] [SEVERE ] player 0 placing token on slot 5
[2022-12-11 20:20:21] [SEVERE ] Key 68 was pressed by player 0
[2022-12-11 20:20:21] [SEVERE ] player 0 placing token on slot 6
[2022-12-11 20:20:21] [SEVERE ] removing all tokens
[2022-12-11 20:20:21] [SEVERE ] removing tokens from slot 0
[2022-12-11 20:20:21] [SEVERE ] removing tokens from slot 1
[2022-12-11 20:20:21] [SEVERE ] removing tokens from slot 2
[2022-12-11 20:20:21] [SEVERE ] removing tokens from slot 3
[2022-12-11 20:20:21] [SEVERE ] removing tokens from slot 4
[2022-12-11 20:20:21] [SEVERE ] removing tokens from slot 5
[2022-12-11 20:20:21] [SEVERE ] removing tokens from slot 6
[2022-12-11 20:20:21] [SEVERE ] removing tokens from slot 7
[2022-12-11 20:20:21] [SEVERE ] removing tokens from slot 8
[2022-12-11 20:20:21] [SEVERE ] removing tokens from slot 9
[2022-12-11 20:20:21] [SEVERE ] removing tokens from slot 10
[2022-12-11 20:20:21] [SEVERE ] removing tokens from slot 11
[2022-12-11 20:20:21] [SEVERE ] removing card from slot 1
[2022-12-11 20:20:21] [SEVERE ] removing card from slot 5
[2022-12-11 20:20:21] [SEVERE ] removing card from slot 6
[2022-12-11 20:20:21] [SEVERE ] setting player 0 score to 4
[2022-12-11 20:20:21] [SEVERE ] placing card 26 in slot 1
[2022-12-11 20:20:21] [SEVERE ] placing card 28 in slot 5
[2022-12-11 20:20:21] [SEVERE ] placing card 76 in slot 6
[2022-12-11 20:20:36] [SEVERE ] Key 79 was pressed by player 1
[2022-12-11 20:20:36] [SEVERE ] player 1 placing token on slot 2
[2022-12-11 20:20:36] [SEVERE ] Key 73 was pressed by player 1
[2022-12-11 20:20:36] [SEVERE ] player 1 placing token on slot 1
[2022-12-11 20:20:37] [SEVERE ] Key 80 was pressed by player 1
[2022-12-11 20:20:37] [SEVERE ] player 1 placing token on slot 3
[2022-12-11 20:20:37] [SEVERE ] removing all tokens
[2022-12-11 20:20:37] [SEVERE ] removing tokens from slot 0
[2022-12-11 20:20:37] [SEVERE ] removing tokens from slot 1
[2022-12-11 20:20:37] [SEVERE ] removing tokens from slot 2
[2022-12-11 20:20:37] [SEVERE ] removing tokens from slot 3
[2022-12-11 20:20:37] [SEVERE ] removing tokens from slot 4
[2022-12-11 20:20:37] [SEVERE ] removing tokens from slot 5
[2022-12-11 20:20:37] [SEVERE ] removing tokens from slot 6
[2022-12-11 20:20:37] [SEVERE ] removing tokens from slot 7
[2022-12-11 20:20:37] [SEVERE ] removing tokens from slot 8
[2022-12-11 20:20:37] [SEVERE ] removing tokens from slot 9
[2022-12-11 20:20:37] [SEVERE ] removing tokens from slot 10
[2022-12-11 20:20:37] [SEVERE ] removing tokens from slot 11
[2022-12-11 20:20:37] [SEVERE ] removing card from slot 2
[2022-12-11 20:20:37] [SEVERE ] removing card from slot 1
[2022-12-11 20:20:37] [SEVERE ] removing card from slot 3
[2022-12-11 20:20:37] [SEVERE ] setting player 1 score to 3
[2022-12-11 20:20:37] [SEVERE ] placing card 7 in slot 1
[2022-12-11 20:20:37] [SEVERE ] placing card 8 in slot 2
[2022-12-11 20:20:38] [SEVERE ] placing card 72 in slot 3
[2022-12-11 20:20:38] [SEVERE ] Key 80 was pressed by player 1
[2022-12-11 20:20:38] [SEVERE ] player 1 placing token on slot 3
[2022-12-11 20:20:39] [SEVERE ] Key 79 was pressed by player 1
[2022-12-11 20:20:39] [SEVERE ] player 1 placing token on slot 2
[2022-12-11 20:20:40] [SEVERE ] Key 80 was pressed by player 1
[2022-12-11 20:20:40] [SEVERE ] removing player 1 token from slot 3
[2022-12-11 20:20:40] [SEVERE ] Key 79 was pressed by player 1
[2022-12-11 20:20:40] [SEVERE ] removing player 1 token from slot 2
[2022-12-11 20:20:42] [SEVERE ] Key 81 was pressed by player 0
[2022-12-11 20:20:42] [SEVERE ] player 0 placing token on slot 0
[2022-12-11 20:20:42] [SEVERE ] removing card from slot 0
[2022-12-11 20:20:42] [SEVERE ] removing card from slot 1
[2022-12-11 20:20:42] [SEVERE ] removing card from slot 2
[2022-12-11 20:20:42] [SEVERE ] removing card from slot 3
[2022-12-11 20:20:43] [SEVERE ] removing card from slot 4
[2022-12-11 20:20:43] [SEVERE ] removing card from slot 5
[2022-12-11 20:20:43] [SEVERE ] removing card from slot 6
[2022-12-11 20:20:43] [SEVERE ] removing card from slot 7
[2022-12-11 20:20:43] [SEVERE ] removing card from slot 8
[2022-12-11 20:20:43] [SEVERE ] removing card from slot 9
[2022-12-11 20:20:43] [SEVERE ] removing card from slot 10
[2022-12-11 20:20:43] [SEVERE ] removing card from slot 11
[2022-12-11 20:20:43] [SEVERE ] placing card 29 in slot 0
[2022-12-11 20:20:44] [SEVERE ] placing card 51 in slot 1
[2022-12-11 20:20:44] [SEVERE ] placing card 58 in slot 2
[2022-12-11 20:20:44] [SEVERE ] placing card 64 in slot 3
[2022-12-11 20:20:44] [SEVERE ] placing card 66 in slot 4
[2022-12-11 20:20:44] [SEVERE ] placing card 7 in slot 5
[2022-12-11 20:20:44] [SEVERE ] placing card 16 in slot 6
[2022-12-11 20:20:44] [SEVERE ] placing card 8 in slot 7
[2022-12-11 20:20:44] [SEVERE ] placing card 78 in slot 8
[2022-12-11 20:20:44] [SEVERE ] placing card 27 in slot 9
[2022-12-11 20:20:45] [SEVERE ] placing card 57 in slot 10
[2022-12-11 20:20:45] [SEVERE ] placing card 14 in slot 11
[2022-12-11 20:20:45] [INFO   ] Thread Thread-2starting.
[2022-12-11 20:20:45] [INFO   ] Thread Thread-3starting.
[2022-12-11 20:20:53] [SEVERE ] Key 81 was pressed by player 0
[2022-12-11 20:20:53] [SEVERE ] removing player 0 token from slot 0
[2022-12-11 20:20:54] [SEVERE ] Key 81 was pressed by player 0
[2022-12-11 20:20:54] [SEVERE ] player 0 placing token on slot 0
[2022-12-11 20:20:57] [SEVERE ] Key 79 was pressed by player 1
[2022-12-11 20:20:57] [SEVERE ] player 1 placing token on slot 2
[2022-12-11 20:20:58] [SEVERE ] Key 73 was pressed by player 1
[2022-12-11 20:20:58] [SEVERE ] player 1 placing token on slot 1
[2022-12-11 20:20:58] [SEVERE ] Key 80 was pressed by player 1
[2022-12-11 20:20:58] [SEVERE ] player 1 placing token on slot 3
[2022-12-11 20:20:58] [SEVERE ] removing all tokens
[2022-12-11 20:20:58] [SEVERE ] removing tokens from slot 0
[2022-12-11 20:20:58] [SEVERE ] removing tokens from slot 1
[2022-12-11 20:20:58] [SEVERE ] removing tokens from slot 2
[2022-12-11 20:20:58] [SEVERE ] removing tokens from slot 3
[2022-12-11 20:20:58] [SEVERE ] removing tokens from slot 4
[2022-12-11 20:20:58] [SEVERE ] removing tokens from slot 5
[2022-12-11 20:20:58] [SEVERE ] removing tokens from slot 6
[2022-12-11 20:20:58] [SEVERE ] removing tokens from slot 7
[2022-12-11 20:20:58] [SEVERE ] removing tokens from slot 8
[2022-12-11 20:20:58] [SEVERE ] removing tokens from slot 9
[2022-12-11 20:20:58] [SEVERE ] removing tokens from slot 10
[2022-12-11 20:20:58] [SEVERE ] removing tokens from slot 11
[2022-12-11 20:20:59] [SEVERE ] removing card from slot 2
[2022-12-11 20:20:59] [SEVERE ] removing card from slot 1
[2022-12-11 20:20:59] [SEVERE ] removing card from slot 3
[2022-12-11 20:20:59] [SEVERE ] setting player 1 score to 4
[2022-12-11 20:20:59] [SEVERE ] placing card 72 in slot 1
[2022-12-11 20:20:59] [SEVERE ] placing card 33 in slot 2
[2022-12-11 20:20:59] [SEVERE ] placing card 42 in slot 3
[2022-12-11 20:21:01] [SEVERE ] Key 68 was pressed by player 0
[2022-12-11 20:21:01] [SEVERE ] player 0 placing token on slot 6
[2022-12-11 20:21:01] [SEVERE ] Key 83 was pressed by player 0
[2022-12-11 20:21:01] [SEVERE ] player 0 placing token on slot 5
[2022-12-11 20:21:01] [SEVERE ] removing all tokens
[2022-12-11 20:21:01] [SEVERE ] removing tokens from slot 0
[2022-12-11 20:21:01] [SEVERE ] removing tokens from slot 1
[2022-12-11 20:21:01] [SEVERE ] removing tokens from slot 2
[2022-12-11 20:21:01] [SEVERE ] removing tokens from slot 3
[2022-12-11 20:21:01] [SEVERE ] removing tokens from slot 4
[2022-12-11 20:21:01] [SEVERE ] removing tokens from slot 5
[2022-12-11 20:21:01] [SEVERE ] removing tokens from slot 6
[2022-12-11 20:21:01] [SEVERE ] removing tokens from slot 7
[2022-12-11 20:21:01] [SEVERE ] removing tokens from slot 8
[2022-12-11 20:21:01] [SEVERE ] removing tokens from slot 9
[2022-12-11 20:21:01] [SEVERE ] removing tokens from slot 10
[2022-12-11 20:21:01] [SEVERE ] removing tokens from slot 11
[2022-12-11 20:21:01] [SEVERE ] removing card from slot 0
[2022-12-11 20:21:01] [SEVERE ] removing card from slot 6
[2022-12-11 20:21:01] [SEVERE ] removing card from slot 5
[2022-12-11 20:21:01] [SEVERE ] setting player 0 score to 5
[2022-12-11 20:21:01] [SEVERE ] placing card 40 in slot 0
[2022-12-11 20:21:01] [SEVERE ] placing card 44 in slot 5
[2022-12-11 20:21:02] [SEVERE ] placing card 28 in slot 6
[2022-12-11 20:21:45] [SEVERE ] removing card from slot 0
[2022-12-11 20:21:45] [SEVERE ] removing card from slot 1
[2022-12-11 20:21:45] [SEVERE ] removing card from slot 2
[2022-12-11 20:21:45] [SEVERE ] removing card from slot 3
[2022-12-11 20:21:45] [SEVERE ] removing card from slot 4
[2022-12-11 20:21:45] [SEVERE ] removing card from slot 5
[2022-12-11 20:21:45] [SEVERE ] removing card from slot 6
[2022-12-11 20:21:45] [SEVERE ] removing card from slot 7
[2022-12-11 20:21:46] [SEVERE ] removing card from slot 8
[2022-12-11 20:21:46] [SEVERE ] removing card from slot 9
[2022-12-11 20:21:46] [SEVERE ] removing card from slot 10
[2022-12-11 20:21:46] [SEVERE ] removing card from slot 11
[2022-12-11 20:21:46] [SEVERE ] placing card 49 in slot 0
[2022-12-11 20:21:46] [SEVERE ] placing card 57 in slot 1
[2022-12-11 20:21:46] [SEVERE ] placing card 60 in slot 2
[2022-12-11 20:21:46] [SEVERE ] placing card 43 in slot 3
[2022-12-11 20:21:46] [SEVERE ] placing card 75 in slot 4
[2022-12-11 20:21:47] [SEVERE ] placing card 46 in slot 5
[2022-12-11 20:21:47] [SEVERE ] placing card 28 in slot 6
[2022-12-11 20:21:47] [SEVERE ] placing card 31 in slot 7
[2022-12-11 20:21:47] [SEVERE ] placing card 52 in slot 8
[2022-12-11 20:21:47] [SEVERE ] placing card 47 in slot 9
[2022-12-11 20:21:47] [SEVERE ] placing card 55 in slot 10
[2022-12-11 20:21:47] [SEVERE ] placing card 0 in slot 11
[2022-12-11 20:21:47] [INFO   ] Thread Thread-4starting.
[2022-12-11 20:21:47] [INFO   ] Thread Thread-5starting.
[2022-12-11 20:22:47] [SEVERE ] removing card from slot 0
[2022-12-11 20:22:47] [SEVERE ] removing card from slot 1
[2022-12-11 20:22:48] [SEVERE ] removing card from slot 2
[2022-12-11 20:22:48] [SEVERE ] removing card from slot 3
[2022-12-11 20:22:48] [SEVERE ] removing card from slot 4
[2022-12-11 20:22:48] [SEVERE ] removing card from slot 5
[2022-12-11 20:22:48] [SEVERE ] removing card from slot 6
[2022-12-11 20:22:48] [SEVERE ] removing card from slot 7
[2022-12-11 20:22:48] [SEVERE ] removing card from slot 8
[2022-12-11 20:22:48] [SEVERE ] removing card from slot 9
[2022-12-11 20:22:48] [SEVERE ] removing card from slot 10
[2022-12-11 20:22:49] [SEVERE ] removing card from slot 11
[2022-12-11 20:22:49] [SEVERE ] placing card 42 in slot 0
[2022-12-11 20:22:49] [SEVERE ] placing card 69 in slot 1
[2022-12-11 20:22:49] [SEVERE ] placing card 36 in slot 2
[2022-12-11 20:22:49] [SEVERE ] placing card 79 in slot 3
[2022-12-11 20:22:49] [SEVERE ] placing card 72 in slot 4
[2022-12-11 20:22:49] [SEVERE ] placing card 77 in slot 5
[2022-12-11 20:22:49] [SEVERE ] placing card 3 in slot 6
[2022-12-11 20:22:49] [SEVERE ] placing card 34 in slot 7
[2022-12-11 20:22:49] [SEVERE ] placing card 47 in slot 8
[2022-12-11 20:22:50] [SEVERE ] placing card 48 in slot 9
[2022-12-11 20:22:50] [SEVERE ] placing card 61 in slot 10
[2022-12-11 20:22:50] [SEVERE ] placing card 20 in slot 11
[2022-12-11 20:22:50] [INFO   ] Thread Thread-6starting.
[2022-12-11 20:22:50] [INFO   ] Thread Thread-7starting.
[2022-12-11 20:23:50] [SEVERE ] removing card from slot 0
[2022-12-11 20:23:50] [SEVERE ] removing card from slot 1
[2022-12-11 20:23:50] [SEVERE ] removing card from slot 2
[2022-12-11 20:23:50] [SEVERE ] removing card from slot 3
[2022-12-11 20:23:50] [SEVERE ] removing card from slot 4
[2022-12-11 20:23:50] [SEVERE ] removing card from slot 5
[2022-12-11 20:23:51] [SEVERE ] removing card from slot 6
[2022-12-11 20:23:51] [SEVERE ] removing card from slot 7
[2022-12-11 20:23:51] [SEVERE ] removing card from slot 8
[2022-12-11 20:23:51] [SEVERE ] removing card from slot 9
[2022-12-11 20:23:51] [SEVERE ] removing card from slot 10
[2022-12-11 20:23:51] [SEVERE ] removing card from slot 11
[2022-12-11 20:23:51] [SEVERE ] placing card 65 in slot 0
[2022-12-11 20:23:51] [SEVERE ] placing card 57 in slot 1
[2022-12-11 20:23:51] [SEVERE ] placing card 80 in slot 2
[2022-12-11 20:23:52] [SEVERE ] placing card 47 in slot 3
[2022-12-11 20:23:52] [SEVERE ] placing card 18 in slot 4
[2022-12-11 20:23:52] [SEVERE ] placing card 77 in slot 5
[2022-12-11 20:23:52] [SEVERE ] placing card 10 in slot 6
[2022-12-11 20:23:52] [SEVERE ] placing card 44 in slot 7
[2022-12-11 20:23:52] [SEVERE ] placing card 49 in slot 8
[2022-12-11 20:23:52] [SEVERE ] placing card 31 in slot 9
[2022-12-11 20:23:52] [SEVERE ] placing card 75 in slot 10
[2022-12-11 20:23:52] [SEVERE ] placing card 79 in slot 11
[2022-12-11 20:23:52] [INFO   ] Thread Thread-8starting.
[2022-12-11 20:23:52] [INFO   ] Thread Thread-9starting.
[2022-12-11 20:24:53] [SEVERE ] removing card from slot 0
[2022-12-11 20:24:53] [SEVERE ] removing card from slot 1
[2022-12-11 20:24:53] [SEVERE ] removing card from slot 2
[2022-12-11 20:24:53] [SEVERE ] removing card from slot 3
[2022-12-11 20:24:53] [SEVERE ] removing card from slot 4
[2022-12-11 20:24:53] [SEVERE ] removing card from slot 5
[2022-12-11 20:24:53] [SEVERE ] removing card from slot 6
[2022-12-11 20:24:53] [SEVERE ] removing card from slot 7
[2022-12-11 20:24:53] [SEVERE ] removing card from slot 8
[2022-12-11 20:24:54] [SEVERE ] removing card from slot 9
[2022-12-11 20:24:54] [SEVERE ] removing card from slot 10
[2022-12-11 20:24:54] [SEVERE ] removing card from slot 11
[2022-12-11 20:24:54] [SEVERE ] placing card 61 in slot 0
[2022-12-11 20:24:54] [SEVERE ] placing card 36 in slot 1
[2022-12-11 20:24:54] [SEVERE ] placing card 44 in slot 2
[2022-12-11 20:24:54] [SEVERE ] placing card 34 in slot 3
[2022-12-11 20:24:54] [SEVERE ] placing card 78 in slot 4
[2022-12-11 20:24:54] [SEVERE ] placing card 65 in slot 5
[2022-12-11 20:24:54] [SEVERE ] placing card 10 in slot 6
[2022-12-11 20:24:55] [SEVERE ] placing card 3 in slot 7
[2022-12-11 20:24:55] [SEVERE ] placing card 27 in slot 8
[2022-12-11 20:24:55] [SEVERE ] placing card 68 in slot 9
[2022-12-11 20:24:55] [SEVERE ] placing card 13 in slot 10
[2022-12-11 20:24:55] [SEVERE ] placing card 41 in slot 11
[2022-12-11 20:24:55] [INFO   ] Thread Thread-10starting.
[2022-12-11 20:24:55] [INFO   ] Thread Thread-11starting.
[2022-12-11 20:25:55] [SEVERE ] removing card from slot 0
[2022-12-11 20:25:55] [SEVERE ] removing card from slot 1
[2022-12-11 20:25:55] [SEVERE ] removing card from slot 2
[2022-12-11 20:25:55] [SEVERE ] removing card from slot 3
[2022-12-11 20:25:56] [SEVERE ] removing card from slot 4
[2022-12-11 20:25:56] [SEVERE ] removing card from slot 5
[2022-12-11 20:25:56] [SEVERE ] removing card from slot 6
[2022-12-11 20:25:56] [SEVERE ] removing card from slot 7
[2022-12-11 20:25:56] [SEVERE ] removing card from slot 8
[2022-12-11 20:25:56] [SEVERE ] removing card from slot 9
[2022-12-11 20:25:56] [SEVERE ] removing card from slot 10
[2022-12-11 20:25:56] [SEVERE ] removing card from slot 11
[2022-12-11 20:25:56] [SEVERE ] placing card 46 in slot 0
[2022-12-11 20:25:57] [SEVERE ] placing card 32 in slot 1
[2022-12-11 20:25:57] [SEVERE ] placing card 50 in slot 2
[2022-12-11 20:25:57] [SEVERE ] placing card 24 in slot 3
[2022-12-11 20:25:57] [SEVERE ] placing card 27 in slot 4
[2022-12-11 20:25:57] [SEVERE ] placing card 37 in slot 5
[2022-12-11 20:25:57] [SEVERE ] placing card 80 in slot 6
[2022-12-11 20:25:57] [SEVERE ] placing card 34 in slot 7
[2022-12-11 20:25:57] [SEVERE ] placing card 23 in slot 8
[2022-12-11 20:25:57] [SEVERE ] placing card 77 in slot 9
[2022-12-11 20:25:58] [SEVERE ] placing card 4 in slot 10
[2022-12-11 20:25:58] [SEVERE ] placing card 13 in slot 11
[2022-12-11 20:25:58] [INFO   ] Thread Thread-12starting.
[2022-12-11 20:25:58] [INFO   ] Thread Thread-13starting.
[2022-12-11 20:26:58] [SEVERE ] removing card from slot 0
[2022-12-11 20:26:58] [SEVERE ] removing card from slot 1
[2022-12-11 20:26:58] [SEVERE ] removing card from slot 2
[2022-12-11 20:26:58] [SEVERE ] removing card from slot 3
[2022-12-11 20:26:58] [SEVERE ] removing card from slot 4
[2022-12-11 20:26:58] [SEVERE ] removing card from slot 5
[2022-12-11 20:26:58] [SEVERE ] removing card from slot 6
[2022-12-11 20:26:59] [SEVERE ] removing card from slot 7
[2022-12-11 20:26:59] [SEVERE ] removing card from slot 8
[2022-12-11 20:26:59] [SEVERE ] removing card from slot 9
[2022-12-11 20:26:59] [SEVERE ] removing card from slot 10
[2022-12-11 20:26:59] [SEVERE ] removing card from slot 11
[2022-12-11 20:26:59] [SEVERE ] placing card 18 in slot 0
[2022-12-11 20:26:59] [SEVERE ] placing card 3 in slot 1
[2022-12-11 20:26:59] [SEVERE ] placing card 31 in slot 2
[2022-12-11 20:26:59] [SEVERE ] placing card 33 in slot 3
[2022-12-11 20:26:59] [SEVERE ] placing card 66 in slot 4
[2022-12-11 20:27:00] [SEVERE ] placing card 14 in slot 5
[2022-12-11 20:27:00] [SEVERE ] placing card 45 in slot 6
[2022-12-11 20:27:00] [SEVERE ] placing card 68 in slot 7
[2022-12-11 20:27:00] [SEVERE ] placing card 8 in slot 8
[2022-12-11 20:27:00] [SEVERE ] placing card 27 in slot 9
[2022-12-11 20:27:00] [SEVERE ] placing card 50 in slot 10
[2022-12-11 20:27:00] [SEVERE ] placing card 23 in slot 11
[2022-12-11 20:27:00] [INFO   ] Thread Thread-14starting.
[2022-12-11 20:27:00] [INFO   ] Thread Thread-15starting.
