[2022-12-11 19:22:45] [INFO   ] cannot read configuration file config.properties trying from resources.
[2022-12-11 19:22:45] [INFO   ] configuration file was loaded from resources directory.
[2022-12-11 19:22:47] [INFO   ] Thread dealer starting.
[2022-12-11 19:22:47] [SEVERE ] placing card 14 in slot 0
[2022-12-11 19:22:47] [SEVERE ] placing card 74 in slot 1
[2022-12-11 19:22:47] [SEVERE ] placing card 22 in slot 2
[2022-12-11 19:22:47] [SEVERE ] placing card 65 in slot 3
[2022-12-11 19:22:47] [SEVERE ] placing card 53 in slot 4
[2022-12-11 19:22:47] [SEVERE ] placing card 76 in slot 5
[2022-12-11 19:22:47] [SEVERE ] placing card 5 in slot 6
[2022-12-11 19:22:48] [SEVERE ] placing card 1 in slot 7
[2022-12-11 19:22:48] [SEVERE ] placing card 36 in slot 8
[2022-12-11 19:22:48] [SEVERE ] placing card 42 in slot 9
[2022-12-11 19:22:48] [SEVERE ] placing card 43 in slot 10
[2022-12-11 19:22:48] [SEVERE ] placing card 72 in slot 11
[2022-12-11 19:22:48] [INFO   ] Thread Thread-1starting.
[2022-12-11 19:22:48] [INFO   ] Thread Thread-0starting.
[2022-12-11 19:22:49] [SEVERE ] Key 81 was pressed by player 0
[2022-12-11 19:22:49] [SEVERE ] player 0 placing token on slot 0
[2022-12-11 19:22:50] [SEVERE ] Key 87 was pressed by player 0
[2022-12-11 19:22:50] [SEVERE ] player 0 placing token on slot 1
[2022-12-11 19:22:50] [SEVERE ] Key 69 was pressed by player 0
[2022-12-11 19:22:50] [SEVERE ] player 0 placing token on slot 2
[2022-12-11 19:22:50] [INFO   ] Thread Thread-0 terminated.
[2022-12-11 19:22:50] [SEVERE ] removing all tokens
[2022-12-11 19:22:50] [SEVERE ] removing tokens from slot 0
[2022-12-11 19:22:50] [SEVERE ] removing tokens from slot 1
[2022-12-11 19:22:50] [SEVERE ] removing tokens from slot 2
[2022-12-11 19:22:50] [SEVERE ] removing tokens from slot 3
[2022-12-11 19:22:50] [SEVERE ] removing tokens from slot 4
[2022-12-11 19:22:50] [SEVERE ] removing tokens from slot 5
[2022-12-11 19:22:50] [SEVERE ] removing tokens from slot 6
[2022-12-11 19:22:50] [SEVERE ] removing tokens from slot 7
[2022-12-11 19:22:50] [SEVERE ] removing tokens from slot 8
[2022-12-11 19:22:50] [SEVERE ] removing tokens from slot 9
[2022-12-11 19:22:50] [SEVERE ] removing tokens from slot 10
[2022-12-11 19:22:50] [SEVERE ] removing tokens from slot 11
[2022-12-11 19:22:50] [SEVERE ] removing card from slot 0
[2022-12-11 19:22:50] [SEVERE ] removing card from slot 1
[2022-12-11 19:22:50] [SEVERE ] removing card from slot 2
[2022-12-11 19:22:50] [SEVERE ] setting player 0 score to 1
[2022-12-11 19:22:50] [SEVERE ] placing card 55 in slot 0
[2022-12-11 19:22:50] [SEVERE ] placing card 44 in slot 1
[2022-12-11 19:22:50] [SEVERE ] placing card 37 in slot 2
[2022-12-11 19:22:51] [SEVERE ] Key 65 was pressed by player 0
[2022-12-11 19:22:51] [SEVERE ] player 0 placing token on slot 4
[2022-12-11 19:22:51] [SEVERE ] Key 83 was pressed by player 0
[2022-12-11 19:22:51] [SEVERE ] player 0 placing token on slot 5
[2022-12-11 19:22:51] [SEVERE ] Key 68 was pressed by player 0
[2022-12-11 19:22:51] [SEVERE ] player 0 placing token on slot 6
[2022-12-11 19:22:51] [SEVERE ] removing all tokens
[2022-12-11 19:22:51] [SEVERE ] removing tokens from slot 0
[2022-12-11 19:22:51] [SEVERE ] removing tokens from slot 1
[2022-12-11 19:22:51] [SEVERE ] removing tokens from slot 2
[2022-12-11 19:22:51] [SEVERE ] removing tokens from slot 3
[2022-12-11 19:22:51] [SEVERE ] removing tokens from slot 4
[2022-12-11 19:22:51] [SEVERE ] removing tokens from slot 5
[2022-12-11 19:22:51] [SEVERE ] removing tokens from slot 6
[2022-12-11 19:22:51] [SEVERE ] removing tokens from slot 7
[2022-12-11 19:22:51] [SEVERE ] removing tokens from slot 8
[2022-12-11 19:22:51] [SEVERE ] removing tokens from slot 9
[2022-12-11 19:22:51] [SEVERE ] removing tokens from slot 10
[2022-12-11 19:22:51] [SEVERE ] removing tokens from slot 11
[2022-12-11 19:22:51] [SEVERE ] removing card from slot 4
[2022-12-11 19:22:51] [SEVERE ] removing card from slot 5
[2022-12-11 19:22:52] [SEVERE ] removing card from slot 6
[2022-12-11 19:22:52] [SEVERE ] setting player 0 score to 2
[2022-12-11 19:22:52] [SEVERE ] placing card 32 in slot 4
[2022-12-11 19:22:52] [SEVERE ] placing card 61 in slot 5
[2022-12-11 19:22:52] [SEVERE ] placing card 57 in slot 6
